Log file open, 01/30/22 12:36:57
LogWindows: Failed to load 'aqProf.dll' (GetLastError=126)
LogWindows: File 'aqProf.dll' does not exist
LogWindows: Failed to load 'VtuneApi.dll' (GetLastError=126)
LogWindows: File 'VtuneApi.dll' does not exist
LogWindows: Failed to load 'VtuneApi32e.dll' (GetLastError=126)
LogWindows: File 'VtuneApi32e.dll' does not exist
LogConsoleResponse: Display: Failed to find resolution value strings in scalability ini. Falling back to default.
LogConsoleResponse: Display: Failed to find resolution value strings in scalability ini. Falling back to default.
LogInit: Display: Running engine for game: EndlessRunner
LogPlatformFile: Not using cached read wrapper
LogTaskGraph: Started task graph with 5 named threads and 47 total threads with 3 sets of task threads.
LogStats: Stats thread started at 0.333685
LogICUInternationalization: ICU TimeZone Detection - Raw Offset: +7:00, Platform Override: ''
LogInit: Display: Loading text-based GConfig....
LogPluginManager: Mounting plugin MeshPainting
LogPluginManager: Mounting plugin XGEController
LogPluginManager: Mounting plugin Paper2D
LogPluginManager: Mounting plugin AISupport
LogPluginManager: Mounting plugin EnvironmentQueryEditor
LogPluginManager: Mounting plugin GameplayCameras
LogPluginManager: Mounting plugin CameraShakePreviewer
LogPluginManager: Mounting plugin OodleData
LogPluginManager: Mounting plugin LightPropagationVolume
LogPluginManager: Mounting plugin OodleNetwork
LogPluginManager: Mounting plugin AssetManagerEditor
LogPluginManager: Mounting plugin CryptoKeys
LogPluginManager: Mounting plugin CurveEditorTools
LogPluginManager: Mounting plugin FacialAnimation
LogPluginManager: Mounting plugin GameplayTagsEditor
LogPluginManager: Mounting plugin GeometryMode
LogPluginManager: Mounting plugin MacGraphicsSwitching
LogPluginManager: Mounting plugin MobileLauncherProfileWizard
LogPluginManager: Mounting plugin SpeedTreeImporter
LogPluginManager: Mounting plugin PluginBrowser
LogPluginManager: Mounting plugin DataValidation
LogPluginManager: Mounting plugin DatasmithContent
LogPluginManager: Mounting plugin Niagara
LogPluginManager: Mounting plugin AlembicImporter
LogPluginManager: Mounting plugin BackChannel
LogPluginManager: Mounting plugin AutomationUtils
LogPluginManager: Mounting plugin ChaosClothEditor
LogPluginManager: Mounting plugin ChaosEditor
LogPluginManager: Mounting plugin ChaosNiagara
LogPluginManager: Mounting plugin MaterialAnalyzer
LogPluginManager: Mounting plugin ChaosSolverPlugin
LogPluginManager: Mounting plugin VariantManagerContent
LogPluginManager: Mounting plugin CharacterAI
LogPluginManager: Mounting plugin AndroidMedia
LogPluginManager: Mounting plugin AvfMedia
LogPluginManager: Mounting plugin GeometryCache
LogPluginManager: Mounting plugin GeometryCollectionPlugin
LogPluginManager: Mounting plugin ImgMedia
LogPluginManager: Mounting plugin MediaCompositing
LogPluginManager: Mounting plugin ChaosCloth
LogPluginManager: Mounting plugin MediaPlayerEditor
LogPluginManager: Mounting plugin WebMMedia
LogPluginManager: Mounting plugin WmfMedia
LogPluginManager: Mounting plugin GeometryProcessing
LogPluginManager: Mounting plugin MotoSynth
LogPluginManager: Mounting plugin OpenImageDenoise
LogPluginManager: Mounting plugin PlanarCut
LogPluginManager: Mounting plugin ProxyLODPlugin
LogPluginManager: Mounting plugin PlatformCrypto
LogPluginManager: Mounting plugin PythonScriptPlugin
LogPluginManager: Mounting plugin SkeletalReduction
LogPluginManager: Mounting plugin UdpMessaging
LogPluginManager: Mounting plugin TcpMessaging
LogPluginManager: Mounting plugin ActorSequence
LogPluginManager: Mounting plugin LevelSequenceEditor
LogPluginManager: Mounting plugin MatineeToLevelSequence
LogPluginManager: Mounting plugin TemplateSequence
LogPluginManager: Mounting plugin OnlineSubsystem
LogPluginManager: Mounting plugin OnlineSubsystemNull
LogPluginManager: Mounting plugin OnlineSubsystemUtils
LogPluginManager: Mounting plugin ActorLayerUtilities
LogPluginManager: Mounting plugin LauncherChunkInstaller
LogPluginManager: Mounting plugin AndroidMoviePlayer
LogPluginManager: Mounting plugin AndroidDeviceProfileSelector
LogPluginManager: Mounting plugin AndroidPermission
LogPluginManager: Mounting plugin AppleImageUtils
LogPluginManager: Mounting plugin AppleMoviePlayer
LogPluginManager: Mounting plugin ArchVisCharacter
LogPluginManager: Mounting plugin AssetTags
LogPluginManager: Mounting plugin AudioCapture
LogPluginManager: Mounting plugin CableComponent
LogPluginManager: Mounting plugin ChunkDownloader
LogPluginManager: Mounting plugin CustomMeshComponent
LogPluginManager: Mounting plugin AudioSynesthesia
LogPluginManager: Mounting plugin EditableMesh
LogPluginManager: Mounting plugin ExampleDeviceProfileSelector
LogPluginManager: Mounting plugin GoogleCloudMessaging
LogPluginManager: Mounting plugin GooglePAD
LogPluginManager: Mounting plugin IOSDeviceProfileSelector
LogPluginManager: Mounting plugin LinuxDeviceProfileSelector
LogPluginManager: Mounting plugin LocationServicesBPLibrary
LogPluginManager: Mounting plugin MobilePatchingUtils
LogPluginManager: Mounting plugin OpenXR
LogPluginManager: Mounting plugin OpenXRHandTracking
LogPluginManager: Mounting plugin OpenXREyeTracker
LogPluginManager: Mounting plugin PhysXVehicles
LogPluginManager: Mounting plugin PostSplashScreen
LogPluginManager: Mounting plugin ProceduralMeshComponent
LogPluginManager: Mounting plugin PropertyAccessEditor
LogPluginManager: Mounting plugin RuntimePhysXCooking
LogPluginManager: Mounting plugin SignificanceManager
LogPluginManager: Mounting plugin SoundFields
LogPluginManager: Mounting plugin WebMMoviePlayer
LogPluginManager: Mounting plugin WindowsMoviePlayer
LogPluginManager: Mounting plugin ScreenshotTools
LogPluginManager: Mounting plugin Takes
LogPluginManager: Mounting plugin AnimationSharing
LogPluginManager: Mounting plugin CLionSourceCodeAccess
LogPluginManager: Mounting plugin CodeLiteSourceCodeAccess
LogPluginManager: Mounting plugin NullSourceCodeAccess
LogPluginManager: Mounting plugin KDevelopSourceCodeAccess
LogPluginManager: Mounting plugin PixWinPlugin
LogPluginManager: Mounting plugin PerforceSourceControl
LogPluginManager: Mounting plugin PropertyAccessNode
LogPluginManager: Mounting plugin RiderSourceCodeAccess
LogPluginManager: Mounting plugin PluginUtils
LogPluginManager: Mounting plugin SubversionSourceControl
LogPluginManager: Mounting plugin TextureFormatOodle
LogPluginManager: Mounting plugin LiveLink
LogPluginManager: Mounting plugin UObjectPlugin
LogPluginManager: Mounting plugin VisualStudioSourceCodeAccess
LogPluginManager: Mounting plugin VisualStudioCodeSourceCodeAccess
LogPluginManager: Mounting plugin XCodeSourceCodeAccess
LogPluginManager: Mounting plugin LuminPlatformFeatures
LogPluginManager: Mounting plugin PlasticSourceControl
LogPluginManager: Mounting plugin MagicLeapLightEstimation
LogPluginManager: Mounting plugin MagicLeapMedia
LogPluginManager: Mounting plugin Synthesis
LogPluginManager: Mounting plugin MLSDK
LogPluginManager: Mounting plugin MagicLeapPassableWorld
LogPluginManager: Mounting plugin MagicLeap
LogPluginManager: Mounting plugin GitSourceControl
LogPluginManager: Mounting plugin ContentBrowserAssetDataSource
LogPluginManager: Mounting plugin ContentBrowserClassDataSource
LogPluginManager: Mounting plugin ContentBrowserFileDataSource
LogPluginManager: Mounting plugin OnlineSubsystemIOS
LogPluginManager: Mounting plugin OnlineSubsystemGooglePlay
LogPluginManager: Mounting plugin OculusVR
LogPluginManager: Mounting plugin SteamVR
LogInit: Using libcurl 7.55.1-DEV
LogInit:  - built for x86_64-pc-win32
LogInit:  - supports SSL with OpenSSL/1.1.1
LogInit:  - supports HTTP deflate (compression) using libz 1.2.8
LogInit:  - other features:
LogInit:      CURL_VERSION_SSL
LogInit:      CURL_VERSION_LIBZ
LogInit:      CURL_VERSION_IPV6
LogInit:      CURL_VERSION_ASYNCHDNS
LogInit:      CURL_VERSION_LARGEFILE
LogInit:      CURL_VERSION_IDN
LogInit:  CurlRequestOptions (configurable via config and command line):
LogInit:  - bVerifyPeer = true  - Libcurl will verify peer certificate
LogInit:  - bUseHttpProxy = false  - Libcurl will NOT use HTTP proxy
LogInit:  - bDontReuseConnections = false  - Libcurl will reuse connections
LogInit:  - MaxHostConnections = 16  - Libcurl will limit the number of connections to a host
LogInit:  - LocalHostAddr = Default
LogInit:  - BufferSize = 65536
LogOnline: OSS: Creating online subsystem instance for: NULL
LogInit: WinSock: version 1.1 (2.2), MaxSocks=32767, MaxUdp=65467
LogOnline: OSS: TryLoadSubsystemAndSetDefault: Loaded subsystem for module [NULL]
PixWinPlugin: PIX capture plugin failed to initialize! Check that the process is launched from PIX.
LogOculusPluginWrapper: OculusPlugin initialized successfully
LogHMD: Failed initializing OVRPlugin 1.59.0
LogInit: Build: ++UE4+Release-4.27-CL-17735300
LogInit: Engine Version: 4.27.1-17735300+++UE4+Release-4.27
LogInit: Compatible Engine Version: 4.27.0-17155196+++UE4+Release-4.27
LogInit: Net CL: 17155196
LogInit: OS: Windows 10 (Release 2009) (), CPU: AMD Ryzen 7 5800H with Radeon Graphics         , GPU: NVIDIA GeForce RTX 3060 Laptop GPU
LogInit: Compiled (64-bit): Oct  6 2021 14:42:51
LogInit: Compiled with Visual C++: 19.24.28315.00
LogInit: Build Configuration: Development
LogInit: Branch Name: ++UE4+Release-4.27
LogInit: Command Line:  -skipcompile
LogInit: Base Directory: D:/UE_4.27/Engine/Binaries/Win64/
LogInit: Allocator: TBB
LogInit: Installed Engine Build: 1
LogDevObjectVersion: Number of dev versions registered: 29
LogDevObjectVersion:   Dev-Blueprints (B0D832E4-1F89-4F0D-ACCF-7EB736FD4AA2): 10
LogDevObjectVersion:   Dev-Build (E1C64328-A22C-4D53-A36C-8E866417BD8C): 0
LogDevObjectVersion:   Dev-Core (375EC13C-06E4-48FB-B500-84F0262A717E): 4
LogDevObjectVersion:   Dev-Editor (E4B068ED-F494-42E9-A231-DA0B2E46BB41): 40
LogDevObjectVersion:   Dev-Framework (CFFC743F-43B0-4480-9391-14DF171D2073): 37
LogDevObjectVersion:   Dev-Mobile (B02B49B5-BB20-44E9-A304-32B752E40360): 3
LogDevObjectVersion:   Dev-Networking (A4E4105C-59A1-49B5-A7C5-40C4547EDFEE): 0
LogDevObjectVersion:   Dev-Online (39C831C9-5AE6-47DC-9A44-9C173E1C8E7C): 0
LogDevObjectVersion:   Dev-Physics (78F01B33-EBEA-4F98-B9B4-84EACCB95AA2): 14
LogDevObjectVersion:   Dev-Platform (6631380F-2D4D-43E0-8009-CF276956A95A): 0
LogDevObjectVersion:   Dev-Rendering (12F88B9F-8875-4AFC-A67C-D90C383ABD29): 45
LogDevObjectVersion:   Dev-Sequencer (7B5AE74C-D270-4C10-A958-57980B212A5A): 13
LogDevObjectVersion:   Dev-VR (D7296918-1DD6-4BDD-9DE2-64A83CC13884): 3
LogDevObjectVersion:   Dev-LoadTimes (C2A15278-BFE7-4AFE-6C17-90FF531DF755): 1
LogDevObjectVersion:   Private-Geometry (6EACA3D4-40EC-4CC1-B786-8BED09428FC5): 3
LogDevObjectVersion:   Dev-AnimPhys (29E575DD-E0A3-4627-9D10-D276232CDCEA): 17
LogDevObjectVersion:   Dev-Anim (AF43A65D-7FD3-4947-9873-3E8ED9C1BB05): 15
LogDevObjectVersion:   Dev-ReflectionCapture (6B266CEC-1EC7-4B8F-A30B-E4D90942FC07): 1
LogDevObjectVersion:   Dev-Automation (0DF73D61-A23F-47EA-B727-89E90C41499A): 1
LogDevObjectVersion:   FortniteMain (601D1886-AC64-4F84-AA16-D3DE0DEAC7D6): 47
LogDevObjectVersion:   FortniteRelease (E7086368-6B23-4C58-8439-1B7016265E91): 1
LogDevObjectVersion:   Dev-Enterprise (9DFFBCD6-494F-0158-E221-12823C92A888): 10
LogDevObjectVersion:   Dev-Niagara (F2AED0AC-9AFE-416F-8664-AA7FFA26D6FC): 1
LogDevObjectVersion:   Dev-Destruction (174F1F0B-B4C6-45A5-B13F-2EE8D0FB917D): 10
LogDevObjectVersion:   Dev-Physics-Ext (35F94A83-E258-406C-A318-09F59610247C): 41
LogDevObjectVersion:   Dev-PhysicsMaterial-Chaos (B68FC16E-8B1B-42E2-B453-215C058844FE): 1
LogDevObjectVersion:   Dev-CineCamera (B2E18506-4273-CFC2-A54E-F4BB758BBA07): 1
LogDevObjectVersion:   Dev-VirtualProduction (64F58936-FD1B-42BA-BA96-7289D5D0FA4E): 1
LogDevObjectVersion:   Dev-MediaFramework (6F0ED827-A609-4895-9C91-998D90180EA4): 2
LogInit: Presizing for max 25165824 objects, including 0 objects not considered by GC, pre-allocating 0 bytes for permanent pool.
LogConfig: Applying CVar settings from Section [/Script/Engine.StreamingSettings] File [D:/Unreal_c++/EndlessRun/EndlessRunner/Saved/Config/Windows/Engine.ini]
LogConfig: Setting CVar [[s.MinBulkDataSizeForAsyncLoading:131072]]
LogConfig: Setting CVar [[s.AsyncLoadingThreadEnabled:0]]
LogConfig: Setting CVar [[s.EventDrivenLoaderEnabled:1]]
LogConfig: Setting CVar [[s.WarnIfTimeLimitExceeded:0]]
LogConfig: Setting CVar [[s.TimeLimitExceededMultiplier:1.5]]
LogConfig: Setting CVar [[s.TimeLimitExceededMinTime:0.005]]
LogConfig: Setting CVar [[s.UseBackgroundLevelStreaming:1]]
LogConfig: Setting CVar [[s.PriorityAsyncLoadingExtraTime:15.0]]
LogConfig: Setting CVar [[s.LevelStreamingActorsUpdateTimeLimit:5.0]]
LogConfig: Setting CVar [[s.PriorityLevelStreamingActorsUpdateExtraTime:5.0]]
LogConfig: Setting CVar [[s.LevelStreamingComponentsRegistrationGranularity:10]]
LogConfig: Setting CVar [[s.UnregisterComponentsTimeLimit:1.0]]
LogConfig: Setting CVar [[s.LevelStreamingComponentsUnregistrationGranularity:5]]
LogConfig: Setting CVar [[s.FlushStreamingOnExit:1]]
LogInit: Object subsystem initialized
LogConfig: Setting CVar [[con.DebugEarlyDefault:1]]
LogConfig: Setting CVar [[r.setres:1280x720]]
[2022.01.30-05.36.58:205][  0]LogConfig: Setting CVar [[r.VSync:0]]
[2022.01.30-05.36.58:205][  0]LogConfig: Setting CVar [[r.RHICmdBypass:0]]
[2022.01.30-05.36.58:205][  0]LogConfig: Applying CVar settings from Section [/Script/Engine.RendererSettings] File [D:/Unreal_c++/EndlessRun/EndlessRunner/Saved/Config/Windows/Engine.ini]
[2022.01.30-05.36.58:205][  0]LogConfig: Setting CVar [[r.GPUCrashDebugging:0]]
[2022.01.30-05.36.58:205][  0]LogConfig: Applying CVar settings from Section [/Script/Engine.RendererOverrideSettings] File [D:/Unreal_c++/EndlessRun/EndlessRunner/Saved/Config/Windows/Engine.ini]
[2022.01.30-05.36.58:205][  0]LogConfig: Applying CVar settings from Section [/Script/Engine.StreamingSettings] File [D:/Unreal_c++/EndlessRun/EndlessRunner/Saved/Config/Windows/Engine.ini]
[2022.01.30-05.36.58:206][  0]LogConfig: Setting CVar [[s.MinBulkDataSizeForAsyncLoading:131072]]
[2022.01.30-05.36.58:206][  0]LogConfig: Setting CVar [[s.AsyncLoadingThreadEnabled:0]]
[2022.01.30-05.36.58:206][  0]LogConfig: Setting CVar [[s.EventDrivenLoaderEnabled:1]]
[2022.01.30-05.36.58:206][  0]LogConfig: Setting CVar [[s.WarnIfTimeLimitExceeded:0]]
[2022.01.30-05.36.58:206][  0]LogConfig: Setting CVar [[s.TimeLimitExceededMultiplier:1.5]]
[2022.01.30-05.36.58:206][  0]LogConfig: Setting CVar [[s.TimeLimitExceededMinTime:0.005]]
[2022.01.30-05.36.58:206][  0]LogConfig: Setting CVar [[s.UseBackgroundLevelStreaming:1]]
[2022.01.30-05.36.58:206][  0]LogConfig: Setting CVar [[s.PriorityAsyncLoadingExtraTime:15.0]]
[2022.01.30-05.36.58:206][  0]LogConfig: Setting CVar [[s.LevelStreamingActorsUpdateTimeLimit:5.0]]
[2022.01.30-05.36.58:206][  0]LogConfig: Setting CVar [[s.PriorityLevelStreamingActorsUpdateExtraTime:5.0]]
[2022.01.30-05.36.58:206][  0]LogConfig: Setting CVar [[s.LevelStreamingComponentsRegistrationGranularity:10]]
[2022.01.30-05.36.58:206][  0]LogConfig: Setting CVar [[s.UnregisterComponentsTimeLimit:1.0]]
[2022.01.30-05.36.58:206][  0]LogConfig: Setting CVar [[s.LevelStreamingComponentsUnregistrationGranularity:5]]
[2022.01.30-05.36.58:206][  0]LogConfig: Setting CVar [[s.FlushStreamingOnExit:1]]
[2022.01.30-05.36.58:206][  0]LogConfig: Applying CVar settings from Section [/Script/Engine.GarbageCollectionSettings] File [D:/Unreal_c++/EndlessRun/EndlessRunner/Saved/Config/Windows/Engine.ini]
[2022.01.30-05.36.58:206][  0]LogConfig: Setting CVar [[gc.MaxObjectsNotConsideredByGC:1]]
[2022.01.30-05.36.58:206][  0]LogConfig: Setting CVar [[gc.SizeOfPermanentObjectPool:0]]
[2022.01.30-05.36.58:206][  0]LogConfig: Setting CVar [[gc.FlushStreamingOnGC:0]]
[2022.01.30-05.36.58:207][  0]LogConfig: Setting CVar [[gc.NumRetriesBeforeForcingGC:10]]
[2022.01.30-05.36.58:207][  0]LogConfig: Setting CVar [[gc.AllowParallelGC:1]]
[2022.01.30-05.36.58:207][  0]LogConfig: Setting CVar [[gc.TimeBetweenPurgingPendingKillObjects:61.1]]
[2022.01.30-05.36.58:207][  0]LogConfig: Setting CVar [[gc.MaxObjectsInEditor:25165824]]
[2022.01.30-05.36.58:207][  0]LogConfig: Setting CVar [[gc.IncrementalBeginDestroyEnabled:1]]
[2022.01.30-05.36.58:207][  0]LogConfig: Setting CVar [[gc.CreateGCClusters:1]]
[2022.01.30-05.36.58:207][  0]LogConfig: Setting CVar [[gc.MinGCClusterSize:5]]
[2022.01.30-05.36.58:207][  0]LogConfig: Setting CVar [[gc.ActorClusteringEnabled:0]]
[2022.01.30-05.36.58:207][  0]LogConfig: Setting CVar [[gc.BlueprintClusteringEnabled:0]]
[2022.01.30-05.36.58:207][  0]LogConfig: Setting CVar [[gc.UseDisregardForGCOnDedicatedServers:0]]
[2022.01.30-05.36.58:207][  0]LogConfig: Setting CVar [[gc.MultithreadedDestructionEnabled:1]]
[2022.01.30-05.36.58:207][  0]LogConfig: Applying CVar settings from Section [/Script/Engine.NetworkSettings] File [D:/Unreal_c++/EndlessRun/EndlessRunner/Saved/Config/Windows/Engine.ini]
[2022.01.30-05.36.58:207][  0]LogConfig: Applying CVar settings from Section [/Script/UnrealEd.CookerSettings] File [D:/Unreal_c++/EndlessRun/EndlessRunner/Saved/Config/Windows/Engine.ini]
[2022.01.30-05.36.58:234][  0]LogConfig: Applying CVar settings from Section [ViewDistanceQuality@3] File [D:/Unreal_c++/EndlessRun/EndlessRunner/Saved/Config/Windows/Scalability.ini]
[2022.01.30-05.36.58:234][  0]LogConfig: Setting CVar [[r.SkeletalMeshLODBias:0]]
[2022.01.30-05.36.58:234][  0]LogConfig: Setting CVar [[r.ViewDistanceScale:1.0]]
[2022.01.30-05.36.58:234][  0]LogConfig: Applying CVar settings from Section [AntiAliasingQuality@3] File [D:/Unreal_c++/EndlessRun/EndlessRunner/Saved/Config/Windows/Scalability.ini]
[2022.01.30-05.36.58:234][  0]LogConfig: Setting CVar [[r.PostProcessAAQuality:4]]
[2022.01.30-05.36.58:234][  0]LogConfig: Applying CVar settings from Section [ShadowQuality@3] File [D:/Unreal_c++/EndlessRun/EndlessRunner/Saved/Config/Windows/Scalability.ini]
[2022.01.30-05.36.58:234][  0]LogConfig: Setting CVar [[r.LightFunctionQuality:1]]
[2022.01.30-05.36.58:234][  0]LogConfig: Setting CVar [[r.ShadowQuality:5]]
[2022.01.30-05.36.58:235][  0]LogConfig: Setting CVar [[r.Shadow.CSM.MaxCascades:10]]
[2022.01.30-05.36.58:235][  0]LogConfig: Setting CVar [[r.Shadow.MaxResolution:2048]]
[2022.01.30-05.36.58:235][  0]LogConfig: Setting CVar [[r.Shadow.MaxCSMResolution:2048]]
[2022.01.30-05.36.58:235][  0]LogConfig: Setting CVar [[r.Shadow.RadiusThreshold:0.01]]
[2022.01.30-05.36.58:235][  0]LogConfig: Setting CVar [[r.Shadow.DistanceScale:1.0]]
[2022.01.30-05.36.58:235][  0]LogConfig: Setting CVar [[r.Shadow.CSM.TransitionScale:1.0]]
[2022.01.30-05.36.58:235][  0]LogConfig: Setting CVar [[r.Shadow.PreShadowResolutionFactor:1.0]]
[2022.01.30-05.36.58:235][  0]LogConfig: Setting CVar [[r.DistanceFieldShadowing:1]]
[2022.01.30-05.36.58:235][  0]LogConfig: Setting CVar [[r.DistanceFieldAO:1]]
[2022.01.30-05.36.58:235][  0]LogConfig: Setting CVar [[r.AOQuality:2]]
[2022.01.30-05.36.58:235][  0]LogConfig: Setting CVar [[r.VolumetricFog:1]]
[2022.01.30-05.36.58:235][  0]LogConfig: Setting CVar [[r.VolumetricFog.GridPixelSize:8]]
[2022.01.30-05.36.58:235][  0]LogConfig: Setting CVar [[r.VolumetricFog.GridSizeZ:128]]
[2022.01.30-05.36.58:235][  0]LogConfig: Setting CVar [[r.VolumetricFog.HistoryMissSupersampleCount:4]]
[2022.01.30-05.36.58:235][  0]LogConfig: Setting CVar [[r.LightMaxDrawDistanceScale:1]]
[2022.01.30-05.36.58:235][  0]LogConfig: Setting CVar [[r.CapsuleShadows:1]]
[2022.01.30-05.36.58:235][  0]LogConfig: Applying CVar settings from Section [PostProcessQuality@3] File [D:/Unreal_c++/EndlessRun/EndlessRunner/Saved/Config/Windows/Scalability.ini]
[2022.01.30-05.36.58:236][  0]LogConfig: Setting CVar [[r.MotionBlurQuality:4]]
[2022.01.30-05.36.58:236][  0]LogConfig: Setting CVar [[r.AmbientOcclusionMipLevelFactor:0.4]]
[2022.01.30-05.36.58:236][  0]LogConfig: Setting CVar [[r.AmbientOcclusionMaxQuality:100]]
[2022.01.30-05.36.58:236][  0]LogConfig: Setting CVar [[r.AmbientOcclusionLevels:-1]]
[2022.01.30-05.36.58:236][  0]LogConfig: Setting CVar [[r.AmbientOcclusionRadiusScale:1.0]]
[2022.01.30-05.36.58:236][  0]LogConfig: Setting CVar [[r.DepthOfFieldQuality:2]]
[2022.01.30-05.36.58:236][  0]LogConfig: Setting CVar [[r.RenderTargetPoolMin:400]]
[2022.01.30-05.36.58:236][  0]LogConfig: Setting CVar [[r.LensFlareQuality:2]]
[2022.01.30-05.36.58:236][  0]LogConfig: Setting CVar [[r.SceneColorFringeQuality:1]]
[2022.01.30-05.36.58:236][  0]LogConfig: Setting CVar [[r.EyeAdaptationQuality:2]]
[2022.01.30-05.36.58:236][  0]LogConfig: Setting CVar [[r.BloomQuality:5]]
[2022.01.30-05.36.58:236][  0]LogConfig: Setting CVar [[r.FastBlurThreshold:100]]
[2022.01.30-05.36.58:236][  0]LogConfig: Setting CVar [[r.Upscale.Quality:3]]
[2022.01.30-05.36.58:236][  0]LogConfig: Setting CVar [[r.Tonemapper.GrainQuantization:1]]
[2022.01.30-05.36.58:236][  0]LogConfig: Setting CVar [[r.LightShaftQuality:1]]
[2022.01.30-05.36.58:237][  0]LogConfig: Setting CVar [[r.Filter.SizeScale:1]]
[2022.01.30-05.36.58:237][  0]LogConfig: Setting CVar [[r.Tonemapper.Quality:5]]
[2022.01.30-05.36.58:237][  0]LogConfig: Setting CVar [[r.DOF.Gather.AccumulatorQuality:1        ; higher gathering accumulator quality]]
[2022.01.30-05.36.58:237][  0]LogConfig: Setting CVar [[r.DOF.Gather.PostfilterMethod:1          ; Median3x3 postfilering method]]
[2022.01.30-05.36.58:237][  0]LogConfig: Setting CVar [[r.DOF.Gather.EnableBokehSettings:0       ; no bokeh simulation when gathering]]
[2022.01.30-05.36.58:237][  0]LogConfig: Setting CVar [[r.DOF.Gather.RingCount:4                 ; medium number of samples when gathering]]
[2022.01.30-05.36.58:237][  0]LogConfig: Setting CVar [[r.DOF.Scatter.ForegroundCompositing:1    ; additive foreground scattering]]
[2022.01.30-05.36.58:237][  0]LogConfig: Setting CVar [[r.DOF.Scatter.BackgroundCompositing:2    ; additive background scattering]]
[2022.01.30-05.36.58:237][  0]LogConfig: Setting CVar [[r.DOF.Scatter.EnableBokehSettings:1      ; bokeh simulation when scattering]]
[2022.01.30-05.36.58:237][  0]LogConfig: Setting CVar [[r.DOF.Scatter.MaxSpriteRatio:0.1         ; only a maximum of 10% of scattered bokeh]]
[2022.01.30-05.36.58:238][  0]LogConfig: Setting CVar [[r.DOF.Recombine.Quality:1                ; cheap slight out of focus]]
[2022.01.30-05.36.58:238][  0]LogConfig: Setting CVar [[r.DOF.Recombine.EnableBokehSettings:0    ; no bokeh simulation on slight out of focus]]
[2022.01.30-05.36.58:238][  0]LogConfig: Setting CVar [[r.DOF.TemporalAAQuality:1                ; more stable temporal accumulation]]
[2022.01.30-05.36.58:238][  0]LogConfig: Setting CVar [[r.DOF.Kernel.MaxForegroundRadius:0.025]]
[2022.01.30-05.36.58:238][  0]LogConfig: Setting CVar [[r.DOF.Kernel.MaxBackgroundRadius:0.025]]
[2022.01.30-05.36.58:238][  0]LogConfig: Applying CVar settings from Section [TextureQuality@3] File [D:/Unreal_c++/EndlessRun/EndlessRunner/Saved/Config/Windows/Scalability.ini]
[2022.01.30-05.36.58:238][  0]LogConfig: Setting CVar [[r.Streaming.MipBias:0]]
[2022.01.30-05.36.58:238][  0]LogConfig: Setting CVar [[r.Streaming.AmortizeCPUToGPUCopy:0]]
[2022.01.30-05.36.58:238][  0]LogConfig: Setting CVar [[r.Streaming.MaxNumTexturesToStreamPerFrame:0]]
[2022.01.30-05.36.58:238][  0]LogConfig: Setting CVar [[r.Streaming.Boost:1]]
[2022.01.30-05.36.58:238][  0]LogConfig: Setting CVar [[r.MaxAnisotropy:8]]
[2022.01.30-05.36.58:238][  0]LogConfig: Setting CVar [[r.VT.MaxAnisotropy:8]]
[2022.01.30-05.36.58:238][  0]LogConfig: Setting CVar [[r.Streaming.LimitPoolSizeToVRAM:0]]
[2022.01.30-05.36.58:238][  0]LogConfig: Setting CVar [[r.Streaming.PoolSize:1000]]
[2022.01.30-05.36.58:238][  0]LogConfig: Setting CVar [[r.Streaming.MaxEffectiveScreenSize:0]]
[2022.01.30-05.36.58:239][  0]LogConfig: Applying CVar settings from Section [EffectsQuality@3] File [D:/Unreal_c++/EndlessRun/EndlessRunner/Saved/Config/Windows/Scalability.ini]
[2022.01.30-05.36.58:239][  0]LogConfig: Setting CVar [[r.TranslucencyLightingVolumeDim:64]]
[2022.01.30-05.36.58:239][  0]LogConfig: Setting CVar [[r.RefractionQuality:2]]
[2022.01.30-05.36.58:239][  0]LogConfig: Setting CVar [[r.SSR.Quality:3]]
[2022.01.30-05.36.58:239][  0]LogConfig: Setting CVar [[r.SSR.HalfResSceneColor:0]]
[2022.01.30-05.36.58:239][  0]LogConfig: Setting CVar [[r.SceneColorFormat:4]]
[2022.01.30-05.36.58:239][  0]LogConfig: Setting CVar [[r.DetailMode:2]]
[2022.01.30-05.36.58:239][  0]LogConfig: Setting CVar [[r.TranslucencyVolumeBlur:1]]
[2022.01.30-05.36.58:239][  0]LogConfig: Setting CVar [[r.MaterialQualityLevel:1 ; High quality]]
[2022.01.30-05.36.58:239][  0]LogConfig: Setting CVar [[r.AnisotropicMaterials:1]]
[2022.01.30-05.36.58:240][  0]LogConfig: Setting CVar [[r.SSS.Scale:1]]
[2022.01.30-05.36.58:240][  0]LogConfig: Setting CVar [[r.SSS.SampleSet:2]]
[2022.01.30-05.36.58:240][  0]LogConfig: Setting CVar [[r.SSS.Quality:1]]
[2022.01.30-05.36.58:240][  0]LogConfig: Setting CVar [[r.SSS.HalfRes:0]]
[2022.01.30-05.36.58:240][  0]LogConfig: Setting CVar [[r.SSGI.Quality:3]]
[2022.01.30-05.36.58:240][  0]LogConfig: Setting CVar [[r.EmitterSpawnRateScale:1.0]]
[2022.01.30-05.36.58:240][  0]LogConfig: Setting CVar [[r.ParticleLightQuality:2]]
[2022.01.30-05.36.58:240][  0]LogConfig: Setting CVar [[r.SkyAtmosphere.AerialPerspectiveLUT.FastApplyOnOpaque:1 ; Always have FastSkyLUT 1 in this case to avoid wrong sky]]
[2022.01.30-05.36.58:240][  0]LogConfig: Setting CVar [[r.SkyAtmosphere.AerialPerspectiveLUT.SampleCountMaxPerSlice:4]]
[2022.01.30-05.36.58:240][  0]LogConfig: Setting CVar [[r.SkyAtmosphere.AerialPerspectiveLUT.DepthResolution:16.0]]
[2022.01.30-05.36.58:240][  0]LogConfig: Setting CVar [[r.SkyAtmosphere.FastSkyLUT:1]]
[2022.01.30-05.36.58:240][  0]LogConfig: Setting CVar [[r.SkyAtmosphere.FastSkyLUT.SampleCountMin:4.0]]
[2022.01.30-05.36.58:240][  0]LogConfig: Setting CVar [[r.SkyAtmosphere.FastSkyLUT.SampleCountMax:128.0]]
[2022.01.30-05.36.58:241][  0]LogConfig: Setting CVar [[r.SkyAtmosphere.SampleCountMin:4.0]]
[2022.01.30-05.36.58:241][  0]LogConfig: Setting CVar [[r.SkyAtmosphere.SampleCountMax:128.0]]
[2022.01.30-05.36.58:241][  0]LogConfig: Setting CVar [[r.SkyAtmosphere.TransmittanceLUT.UseSmallFormat:0]]
[2022.01.30-05.36.58:241][  0]LogConfig: Setting CVar [[r.SkyAtmosphere.TransmittanceLUT.SampleCount:10.0]]
[2022.01.30-05.36.58:241][  0]LogConfig: Setting CVar [[r.SkyAtmosphere.MultiScatteringLUT.SampleCount:15.0]]
[2022.01.30-05.36.58:241][  0]LogConfig: Setting CVar [[r.SkyLight.RealTimeReflectionCapture:1]]
[2022.01.30-05.36.58:241][  0]LogConfig: Applying CVar settings from Section [FoliageQuality@3] File [D:/Unreal_c++/EndlessRun/EndlessRunner/Saved/Config/Windows/Scalability.ini]
[2022.01.30-05.36.58:241][  0]LogConfig: Setting CVar [[foliage.DensityScale:1.0]]
[2022.01.30-05.36.58:241][  0]LogConfig: Setting CVar [[grass.DensityScale:1.0]]
[2022.01.30-05.36.58:241][  0]LogConfig: Applying CVar settings from Section [ShadingQuality@3] File [D:/Unreal_c++/EndlessRun/EndlessRunner/Saved/Config/Windows/Scalability.ini]
[2022.01.30-05.36.58:241][  0]LogConfig: Setting CVar [[r.HairStrands.SkyLighting.IntegrationType:2]]
[2022.01.30-05.36.58:241][  0]LogConfig: Setting CVar [[r.HairStrands.SkyAO.SampleCount:4]]
[2022.01.30-05.36.58:241][  0]LogConfig: Setting CVar [[r.HairStrands.Visibility.MSAA.SamplePerPixel:4]]
[2022.01.30-05.36.58:241][  0]LogInit: Selected Device Profile: [Windows]
[2022.01.30-05.36.58:242][  0]LogInit: Applying CVar settings loaded from the selected device profile: [Windows]
[2022.01.30-05.36.58:242][  0]LogHAL: Display: Platform has ~ 14 GB [14894297088 / 17179869184 / 14], which maps to Larger [LargestMinGB=32, LargerMinGB=12, DefaultMinGB=8, SmallerMinGB=6, SmallestMinGB=0)
[2022.01.30-05.36.58:242][  0]LogInit: Going up to parent DeviceProfile []
[2022.01.30-05.36.58:242][  0]LogConfig: Applying CVar settings from Section [ViewDistanceQuality@3] File [D:/Unreal_c++/EndlessRun/EndlessRunner/Saved/Config/Windows/Scalability.ini]
[2022.01.30-05.36.58:242][  0]LogConfig: Setting CVar [[r.SkeletalMeshLODBias:0]]
[2022.01.30-05.36.58:242][  0]LogConfig: Setting CVar [[r.ViewDistanceScale:1.0]]
[2022.01.30-05.36.58:242][  0]LogConfig: Applying CVar settings from Section [AntiAliasingQuality@3] File [D:/Unreal_c++/EndlessRun/EndlessRunner/Saved/Config/Windows/Scalability.ini]
[2022.01.30-05.36.58:242][  0]LogConfig: Setting CVar [[r.PostProcessAAQuality:4]]
[2022.01.30-05.36.58:242][  0]LogConfig: Applying CVar settings from Section [ShadowQuality@3] File [D:/Unreal_c++/EndlessRun/EndlessRunner/Saved/Config/Windows/Scalability.ini]
[2022.01.30-05.36.58:242][  0]LogConfig: Setting CVar [[r.LightFunctionQuality:1]]
[2022.01.30-05.36.58:242][  0]LogConfig: Setting CVar [[r.ShadowQuality:5]]
[2022.01.30-05.36.58:242][  0]LogConfig: Setting CVar [[r.Shadow.CSM.MaxCascades:10]]
[2022.01.30-05.36.58:242][  0]LogConfig: Setting CVar [[r.Shadow.MaxResolution:2048]]
[2022.01.30-05.36.58:243][  0]LogConfig: Setting CVar [[r.Shadow.MaxCSMResolution:2048]]
[2022.01.30-05.36.58:243][  0]LogConfig: Setting CVar [[r.Shadow.RadiusThreshold:0.01]]
[2022.01.30-05.36.58:243][  0]LogConfig: Setting CVar [[r.Shadow.DistanceScale:1.0]]
[2022.01.30-05.36.58:243][  0]LogConfig: Setting CVar [[r.Shadow.CSM.TransitionScale:1.0]]
[2022.01.30-05.36.58:243][  0]LogConfig: Setting CVar [[r.Shadow.PreShadowResolutionFactor:1.0]]
[2022.01.30-05.36.58:243][  0]LogConfig: Setting CVar [[r.DistanceFieldShadowing:1]]
[2022.01.30-05.36.58:243][  0]LogConfig: Setting CVar [[r.DistanceFieldAO:1]]
[2022.01.30-05.36.58:243][  0]LogConfig: Setting CVar [[r.AOQuality:2]]
[2022.01.30-05.36.58:243][  0]LogConfig: Setting CVar [[r.VolumetricFog:1]]
[2022.01.30-05.36.58:243][  0]LogConfig: Setting CVar [[r.VolumetricFog.GridPixelSize:8]]
[2022.01.30-05.36.58:243][  0]LogConfig: Setting CVar [[r.VolumetricFog.GridSizeZ:128]]
[2022.01.30-05.36.58:243][  0]LogConfig: Setting CVar [[r.VolumetricFog.HistoryMissSupersampleCount:4]]
[2022.01.30-05.36.58:243][  0]LogConfig: Setting CVar [[r.LightMaxDrawDistanceScale:1]]
[2022.01.30-05.36.58:243][  0]LogConfig: Setting CVar [[r.CapsuleShadows:1]]
[2022.01.30-05.36.58:243][  0]LogConfig: Applying CVar settings from Section [PostProcessQuality@3] File [D:/Unreal_c++/EndlessRun/EndlessRunner/Saved/Config/Windows/Scalability.ini]
[2022.01.30-05.36.58:243][  0]LogConfig: Setting CVar [[r.MotionBlurQuality:4]]
[2022.01.30-05.36.58:244][  0]LogConfig: Setting CVar [[r.AmbientOcclusionMipLevelFactor:0.4]]
[2022.01.30-05.36.58:244][  0]LogConfig: Setting CVar [[r.AmbientOcclusionMaxQuality:100]]
[2022.01.30-05.36.58:244][  0]LogConfig: Setting CVar [[r.AmbientOcclusionLevels:-1]]
[2022.01.30-05.36.58:244][  0]LogConfig: Setting CVar [[r.AmbientOcclusionRadiusScale:1.0]]
[2022.01.30-05.36.58:244][  0]LogConfig: Setting CVar [[r.DepthOfFieldQuality:2]]
[2022.01.30-05.36.58:244][  0]LogConfig: Setting CVar [[r.RenderTargetPoolMin:400]]
[2022.01.30-05.36.58:244][  0]LogConfig: Setting CVar [[r.LensFlareQuality:2]]
[2022.01.30-05.36.58:244][  0]LogConfig: Setting CVar [[r.SceneColorFringeQuality:1]]
[2022.01.30-05.36.58:244][  0]LogConfig: Setting CVar [[r.EyeAdaptationQuality:2]]
[2022.01.30-05.36.58:244][  0]LogConfig: Setting CVar [[r.BloomQuality:5]]
[2022.01.30-05.36.58:244][  0]LogConfig: Setting CVar [[r.FastBlurThreshold:100]]
[2022.01.30-05.36.58:244][  0]LogConfig: Setting CVar [[r.Upscale.Quality:3]]
[2022.01.30-05.36.58:244][  0]LogConfig: Setting CVar [[r.Tonemapper.GrainQuantization:1]]
[2022.01.30-05.36.58:244][  0]LogConfig: Setting CVar [[r.LightShaftQuality:1]]
[2022.01.30-05.36.58:244][  0]LogConfig: Setting CVar [[r.Filter.SizeScale:1]]
[2022.01.30-05.36.58:244][  0]LogConfig: Setting CVar [[r.Tonemapper.Quality:5]]
[2022.01.30-05.36.58:245][  0]LogConfig: Setting CVar [[r.DOF.Gather.AccumulatorQuality:1        ; higher gathering accumulator quality]]
[2022.01.30-05.36.58:245][  0]LogConfig: Setting CVar [[r.DOF.Gather.PostfilterMethod:1          ; Median3x3 postfilering method]]
[2022.01.30-05.36.58:245][  0]LogConfig: Setting CVar [[r.DOF.Gather.EnableBokehSettings:0       ; no bokeh simulation when gathering]]
[2022.01.30-05.36.58:245][  0]LogConfig: Setting CVar [[r.DOF.Gather.RingCount:4                 ; medium number of samples when gathering]]
[2022.01.30-05.36.58:245][  0]LogConfig: Setting CVar [[r.DOF.Scatter.ForegroundCompositing:1    ; additive foreground scattering]]
[2022.01.30-05.36.58:245][  0]LogConfig: Setting CVar [[r.DOF.Scatter.BackgroundCompositing:2    ; additive background scattering]]
[2022.01.30-05.36.58:245][  0]LogConfig: Setting CVar [[r.DOF.Scatter.EnableBokehSettings:1      ; bokeh simulation when scattering]]
[2022.01.30-05.36.58:245][  0]LogConfig: Setting CVar [[r.DOF.Scatter.MaxSpriteRatio:0.1         ; only a maximum of 10% of scattered bokeh]]
[2022.01.30-05.36.58:245][  0]LogConfig: Setting CVar [[r.DOF.Recombine.Quality:1                ; cheap slight out of focus]]
[2022.01.30-05.36.58:245][  0]LogConfig: Setting CVar [[r.DOF.Recombine.EnableBokehSettings:0    ; no bokeh simulation on slight out of focus]]
[2022.01.30-05.36.58:245][  0]LogConfig: Setting CVar [[r.DOF.TemporalAAQuality:1                ; more stable temporal accumulation]]
[2022.01.30-05.36.58:245][  0]LogConfig: Setting CVar [[r.DOF.Kernel.MaxForegroundRadius:0.025]]
[2022.01.30-05.36.58:245][  0]LogConfig: Setting CVar [[r.DOF.Kernel.MaxBackgroundRadius:0.025]]
[2022.01.30-05.36.58:245][  0]LogConfig: Applying CVar settings from Section [TextureQuality@3] File [D:/Unreal_c++/EndlessRun/EndlessRunner/Saved/Config/Windows/Scalability.ini]
[2022.01.30-05.36.58:245][  0]LogConfig: Setting CVar [[r.Streaming.MipBias:0]]
[2022.01.30-05.36.58:245][  0]LogConfig: Setting CVar [[r.Streaming.AmortizeCPUToGPUCopy:0]]
[2022.01.30-05.36.58:245][  0]LogConfig: Setting CVar [[r.Streaming.MaxNumTexturesToStreamPerFrame:0]]
[2022.01.30-05.36.58:246][  0]LogConfig: Setting CVar [[r.Streaming.Boost:1]]
[2022.01.30-05.36.58:246][  0]LogConfig: Setting CVar [[r.MaxAnisotropy:8]]
[2022.01.30-05.36.58:246][  0]LogConfig: Setting CVar [[r.VT.MaxAnisotropy:8]]
[2022.01.30-05.36.58:246][  0]LogConfig: Setting CVar [[r.Streaming.LimitPoolSizeToVRAM:0]]
[2022.01.30-05.36.58:246][  0]LogConfig: Setting CVar [[r.Streaming.PoolSize:1000]]
[2022.01.30-05.36.58:246][  0]LogConfig: Setting CVar [[r.Streaming.MaxEffectiveScreenSize:0]]
[2022.01.30-05.36.58:246][  0]LogConfig: Applying CVar settings from Section [EffectsQuality@3] File [D:/Unreal_c++/EndlessRun/EndlessRunner/Saved/Config/Windows/Scalability.ini]
[2022.01.30-05.36.58:246][  0]LogConfig: Setting CVar [[r.TranslucencyLightingVolumeDim:64]]
[2022.01.30-05.36.58:246][  0]LogConfig: Setting CVar [[r.RefractionQuality:2]]
[2022.01.30-05.36.58:246][  0]LogConfig: Setting CVar [[r.SSR.Quality:3]]
[2022.01.30-05.36.58:246][  0]LogConfig: Setting CVar [[r.SSR.HalfResSceneColor:0]]
[2022.01.30-05.36.58:246][  0]LogConfig: Setting CVar [[r.SceneColorFormat:4]]
[2022.01.30-05.36.58:246][  0]LogConfig: Setting CVar [[r.DetailMode:2]]
[2022.01.30-05.36.58:246][  0]LogConfig: Setting CVar [[r.TranslucencyVolumeBlur:1]]
[2022.01.30-05.36.58:246][  0]LogConfig: Setting CVar [[r.MaterialQualityLevel:1 ; High quality]]
[2022.01.30-05.36.58:246][  0]LogConfig: Setting CVar [[r.AnisotropicMaterials:1]]
[2022.01.30-05.36.58:247][  0]LogConfig: Setting CVar [[r.SSS.Scale:1]]
[2022.01.30-05.36.58:247][  0]LogConfig: Setting CVar [[r.SSS.SampleSet:2]]
[2022.01.30-05.36.58:247][  0]LogConfig: Setting CVar [[r.SSS.Quality:1]]
[2022.01.30-05.36.58:247][  0]LogConfig: Setting CVar [[r.SSS.HalfRes:0]]
[2022.01.30-05.36.58:247][  0]LogConfig: Setting CVar [[r.SSGI.Quality:3]]
[2022.01.30-05.36.58:247][  0]LogConfig: Setting CVar [[r.EmitterSpawnRateScale:1.0]]
[2022.01.30-05.36.58:247][  0]LogConfig: Setting CVar [[r.ParticleLightQuality:2]]
[2022.01.30-05.36.58:247][  0]LogConfig: Setting CVar [[r.SkyAtmosphere.AerialPerspectiveLUT.FastApplyOnOpaque:1 ; Always have FastSkyLUT 1 in this case to avoid wrong sky]]
[2022.01.30-05.36.58:247][  0]LogConfig: Setting CVar [[r.SkyAtmosphere.AerialPerspectiveLUT.SampleCountMaxPerSlice:4]]
[2022.01.30-05.36.58:247][  0]LogConfig: Setting CVar [[r.SkyAtmosphere.AerialPerspectiveLUT.DepthResolution:16.0]]
[2022.01.30-05.36.58:247][  0]LogConfig: Setting CVar [[r.SkyAtmosphere.FastSkyLUT:1]]
[2022.01.30-05.36.58:247][  0]LogConfig: Setting CVar [[r.SkyAtmosphere.FastSkyLUT.SampleCountMin:4.0]]
[2022.01.30-05.36.58:247][  0]LogConfig: Setting CVar [[r.SkyAtmosphere.FastSkyLUT.SampleCountMax:128.0]]
[2022.01.30-05.36.58:247][  0]LogConfig: Setting CVar [[r.SkyAtmosphere.SampleCountMin:4.0]]
[2022.01.30-05.36.58:247][  0]LogConfig: Setting CVar [[r.SkyAtmosphere.SampleCountMax:128.0]]
[2022.01.30-05.36.58:247][  0]LogConfig: Setting CVar [[r.SkyAtmosphere.TransmittanceLUT.UseSmallFormat:0]]
[2022.01.30-05.36.58:248][  0]LogConfig: Setting CVar [[r.SkyAtmosphere.TransmittanceLUT.SampleCount:10.0]]
[2022.01.30-05.36.58:248][  0]LogConfig: Setting CVar [[r.SkyAtmosphere.MultiScatteringLUT.SampleCount:15.0]]
[2022.01.30-05.36.58:248][  0]LogConfig: Setting CVar [[r.SkyLight.RealTimeReflectionCapture:1]]
[2022.01.30-05.36.58:248][  0]LogConfig: Applying CVar settings from Section [FoliageQuality@3] File [D:/Unreal_c++/EndlessRun/EndlessRunner/Saved/Config/Windows/Scalability.ini]
[2022.01.30-05.36.58:248][  0]LogConfig: Setting CVar [[foliage.DensityScale:1.0]]
[2022.01.30-05.36.58:248][  0]LogConfig: Setting CVar [[grass.DensityScale:1.0]]
[2022.01.30-05.36.58:248][  0]LogConfig: Applying CVar settings from Section [ShadingQuality@3] File [D:/Unreal_c++/EndlessRun/EndlessRunner/Saved/Config/Windows/Scalability.ini]
[2022.01.30-05.36.58:248][  0]LogConfig: Setting CVar [[r.HairStrands.SkyLighting.IntegrationType:2]]
[2022.01.30-05.36.58:248][  0]LogConfig: Setting CVar [[r.HairStrands.SkyAO.SampleCount:4]]
[2022.01.30-05.36.58:248][  0]LogConfig: Setting CVar [[r.HairStrands.Visibility.MSAA.SamplePerPixel:4]]
[2022.01.30-05.36.58:248][  0]LogConfig: Applying CVar settings from Section [Startup] File [../../../Engine/Config/ConsoleVariables.ini]
[2022.01.30-05.36.58:248][  0]LogConfig: Setting CVar [[net.UseAdaptiveNetUpdateFrequency:0]]
[2022.01.30-05.36.58:248][  0]LogConfig: Setting CVar [[p.chaos.AllowCreatePhysxBodies:1]]
[2022.01.30-05.36.58:248][  0]LogConfig: Setting CVar [[fx.SkipVectorVMBackendOptimizations:1]]
[2022.01.30-05.36.58:248][  0]LogConfig: Applying CVar settings from Section [ConsoleVariables] File [D:/Unreal_c++/EndlessRun/EndlessRunner/Saved/Config/Windows/Engine.ini]
[2022.01.30-05.36.58:248][  0]LogConfig: Applying CVar settings from Section [ConsoleVariables] File [D:/Unreal_c++/EndlessRun/EndlessRunner/Saved/Config/Windows/Editor.ini]
[2022.01.30-05.36.58:249][  0]LogInit: Computer: LAPTOP-FC3B43LI
[2022.01.30-05.36.58:249][  0]LogInit: User: ditde
[2022.01.30-05.36.58:249][  0]LogInit: CPU Page size=4096, Cores=8
[2022.01.30-05.36.58:249][  0]LogInit: High frequency timer resolution =10.000000 MHz
[2022.01.30-05.36.58:249][  0]LogMemory: Memory total: Physical=13.9GB (14GB approx)
[2022.01.30-05.36.58:249][  0]LogMemory: Platform Memory Stats for Windows
[2022.01.30-05.36.58:249][  0]LogMemory: Process Physical Memory: 147.70 MB used, 147.70 MB peak
[2022.01.30-05.36.58:249][  0]LogMemory: Process Virtual Memory: 129.16 MB used, 129.16 MB peak
[2022.01.30-05.36.58:249][  0]LogMemory: Physical Memory: 9899.31 MB used,  4305.00 MB free, 14204.31 MB total
[2022.01.30-05.36.58:249][  0]LogMemory: Virtual Memory: 134208752.00 MB used,  8979.27 MB free, 134217728.00 MB total
[2022.01.30-05.36.58:313][  0]LogWindows: WindowsPlatformFeatures enabled
[2022.01.30-05.36.58:448][  0]LogInit: Physics initialised using underlying interface: PhysX
[2022.01.30-05.36.58:449][  0]LogInit: Using OS detected language (en-US).
[2022.01.30-05.36.58:449][  0]LogInit: Using OS detected locale (en-US).
[2022.01.30-05.36.58:451][  0]LogTextLocalizationManager: No specific localization for 'en-US' exists, so the 'en' localization will be used.
[2022.01.30-05.36.58:635][  0]LogInit: Setting process to per monitor DPI aware
[2022.01.30-05.36.58:687][  0]LogWindowsTextInputMethodSystem: Display: IME system deactivated.
[2022.01.30-05.36.58:715][  0]LogSlate: New Slate User Created.  User Index 0, Is Virtual User: 0
[2022.01.30-05.36.58:716][  0]LogSlate: Slate User Registered.  User Index 0, Is Virtual User: 0
[2022.01.30-05.36.58:820][  0]LogD3D11RHI: Loaded GFSDK_Aftermath_Lib.x64.dll
[2022.01.30-05.36.58:824][  0]LogHMD: Failed to initialize OpenVR with code 110
[2022.01.30-05.36.58:824][  0]LogD3D11RHI: D3D11 min allowed feature level: 11_0
[2022.01.30-05.36.58:824][  0]LogD3D11RHI: D3D11 max allowed feature level: 11_0
[2022.01.30-05.36.58:824][  0]LogD3D11RHI: D3D11 adapters:
[2022.01.30-05.36.58:945][  0]LogD3D11RHI:    0. 'NVIDIA GeForce RTX 3060 Laptop GPU' (Feature Level 11_0)
[2022.01.30-05.36.58:945][  0]LogD3D11RHI:       6023/0/7102 MB DedicatedVideo/DedicatedSystem/SharedSystem, Outputs:2, VendorId:0x10de
[2022.01.30-05.36.58:986][  0]LogD3D11RHI:    1. 'AMD Radeon(TM) Graphics' (Feature Level 11_0)
[2022.01.30-05.36.58:986][  0]LogD3D11RHI:       2032/0/7102 MB DedicatedVideo/DedicatedSystem/SharedSystem, Outputs:0, VendorId:0x1002
[2022.01.30-05.36.58:990][  0]LogD3D11RHI:    2. 'Microsoft Basic Render Driver' (Feature Level 11_0)
[2022.01.30-05.36.58:990][  0]LogD3D11RHI:       0/0/7102 MB DedicatedVideo/DedicatedSystem/SharedSystem, Outputs:0, VendorId:0x1414
[2022.01.30-05.36.58:990][  0]LogD3D11RHI: Chosen D3D11 Adapter:
[2022.01.30-05.36.58:990][  0]LogD3D11RHI:     Description : NVIDIA GeForce RTX 3060 Laptop GPU
[2022.01.30-05.36.58:990][  0]LogD3D11RHI:     VendorId    : 10de
[2022.01.30-05.36.58:990][  0]LogD3D11RHI:     DeviceId    : 2560
[2022.01.30-05.36.58:991][  0]LogD3D11RHI:     SubSysId    : 3a8017aa
[2022.01.30-05.36.58:991][  0]LogD3D11RHI:     Revision    : 00a1
[2022.01.30-05.36.58:991][  0]LogD3D11RHI:     DedicatedVideoMemory : 6315573248 bytes
[2022.01.30-05.36.58:991][  0]LogD3D11RHI:     DedicatedSystemMemory : 0 bytes
[2022.01.30-05.36.58:991][  0]LogD3D11RHI:     SharedSystemMemory : 7447148544 bytes
[2022.01.30-05.36.58:991][  0]LogD3D11RHI:     AdapterLuid : 0 68801
[2022.01.30-05.36.59:001][  0]LogD3D11RHI: Creating new Direct3DDevice
[2022.01.30-05.36.59:001][  0]LogD3D11RHI:     GPU DeviceId: 0x2560 (for the marketing name, search the web for "GPU Device Id")
[2022.01.30-05.36.59:001][  0]LogWindows: EnumDisplayDevices:
[2022.01.30-05.36.59:002][  0]LogWindows:    0. 'AMD Radeon(TM) Graphics' (P:0 D:0)
[2022.01.30-05.36.59:002][  0]LogWindows:    1. 'AMD Radeon(TM) Graphics' (P:0 D:0)
[2022.01.30-05.36.59:002][  0]LogWindows:    2. 'AMD Radeon(TM) Graphics' (P:0 D:0)
[2022.01.30-05.36.59:003][  0]LogWindows:    3. 'NVIDIA GeForce RTX 3060 Laptop GPU' (P:1 D:1)
[2022.01.30-05.36.59:003][  0]LogWindows:    4. 'NVIDIA GeForce RTX 3060 Laptop GPU' (P:0 D:1)
[2022.01.30-05.36.59:003][  0]LogWindows:    5. 'NVIDIA GeForce RTX 3060 Laptop GPU' (P:0 D:0)
[2022.01.30-05.36.59:003][  0]LogWindows:    6. 'NVIDIA GeForce RTX 3060 Laptop GPU' (P:0 D:0)
[2022.01.30-05.36.59:003][  0]LogWindows: DebugString: PrimaryIsNotTheChoosenAdapter PrimaryIsNotTheChoosenAdapter PrimaryIsNotTheChoosenAdapter FoundDriverCount:4 
[2022.01.30-05.36.59:003][  0]LogD3D11RHI:     Adapter Name: NVIDIA GeForce RTX 3060 Laptop GPU
[2022.01.30-05.36.59:003][  0]LogD3D11RHI:   Driver Version: 472.56 (internal:30.0.14.7256, unified:472.56)
[2022.01.30-05.36.59:003][  0]LogD3D11RHI:      Driver Date: 11-3-2021
[2022.01.30-05.36.59:004][  0]LogRHI: Texture pool is 4216 MB (70% of 6023 MB)
[2022.01.30-05.36.59:004][  0]LogD3D11RHI: Creating D3DDevice using adapter:
[2022.01.30-05.36.59:004][  0]LogD3D11RHI:     Description : NVIDIA GeForce RTX 3060 Laptop GPU
[2022.01.30-05.36.59:004][  0]LogD3D11RHI:     VendorId    : 10de
[2022.01.30-05.36.59:004][  0]LogD3D11RHI:     DeviceId    : 2560
[2022.01.30-05.36.59:004][  0]LogD3D11RHI:     SubSysId    : 3a8017aa
[2022.01.30-05.36.59:004][  0]LogD3D11RHI:     Revision    : 00a1
[2022.01.30-05.36.59:004][  0]LogD3D11RHI:     DedicatedVideoMemory : 6315573248 bytes
[2022.01.30-05.36.59:004][  0]LogD3D11RHI:     DedicatedSystemMemory : 0 bytes
[2022.01.30-05.36.59:004][  0]LogD3D11RHI:     SharedSystemMemory : 7447148544 bytes
[2022.01.30-05.36.59:004][  0]LogD3D11RHI:     AdapterLuid : 0 68801
[2022.01.30-05.36.59:077][  0]LogD3D11RHI: RHI has support for 64 bit atomics
[2022.01.30-05.36.59:077][  0]LogD3D11RHI: Async texture creation enabled
[2022.01.30-05.36.59:077][  0]LogD3D11RHI: Array index from any shader is supported
[2022.01.30-05.36.59:097][  0]LogD3D11RHI: GPU Timing Frequency: 1000.000000 (Debug: 2 1)
[2022.01.30-05.36.59:123][  0]LogRHI: GeForceNow SDK initialized: 1
[2022.01.30-05.36.59:367][  0]LogTargetPlatformManager: Display: Loaded TargetPlatform 'AllDesktop'
[2022.01.30-05.36.59:386][  0]LogTargetPlatformManager: Display: Loaded TargetPlatform 'Android'
[2022.01.30-05.36.59:386][  0]LogTargetPlatformManager: Display: Loaded TargetPlatform 'Android_ASTC'
[2022.01.30-05.36.59:386][  0]LogTargetPlatformManager: Display: Loaded TargetPlatform 'Android_DXT'
[2022.01.30-05.36.59:386][  0]LogTargetPlatformManager: Display: Loaded TargetPlatform 'Android_ETC2'
[2022.01.30-05.36.59:386][  0]LogTargetPlatformManager: Display: Loaded TargetPlatform 'AndroidClient'
[2022.01.30-05.36.59:386][  0]LogTargetPlatformManager: Display: Loaded TargetPlatform 'Android_ASTCClient'
[2022.01.30-05.36.59:386][  0]LogTargetPlatformManager: Display: Loaded TargetPlatform 'Android_DXTClient'
[2022.01.30-05.36.59:386][  0]LogTargetPlatformManager: Display: Loaded TargetPlatform 'Android_ETC2Client'
[2022.01.30-05.36.59:386][  0]LogTargetPlatformManager: Display: Loaded TargetPlatform 'Android_Multi'
[2022.01.30-05.36.59:386][  0]LogTargetPlatformManager: Display: Loaded TargetPlatform 'Android_MultiClient'
[2022.01.30-05.36.59:406][  0]LogTargetPlatformManager: Display: Loaded TargetPlatform 'IOSClient'
[2022.01.30-05.36.59:406][  0]LogTargetPlatformManager: Display: Loaded TargetPlatform 'IOS'
[2022.01.30-05.36.59:414][  0]LogTargetPlatformManager: Display: Loaded TargetPlatform 'Linux'
[2022.01.30-05.36.59:419][  0]LogTargetPlatformManager: Display: Loaded TargetPlatform 'LinuxNoEditor'
[2022.01.30-05.36.59:424][  0]LogTargetPlatformManager: Display: Loaded TargetPlatform 'LinuxClient'
[2022.01.30-05.36.59:428][  0]LogTargetPlatformManager: Display: Loaded TargetPlatform 'LinuxServer'
[2022.01.30-05.36.59:437][  0]LogTargetPlatformManager: Display: Loaded TargetPlatform 'LinuxAArch64NoEditor'
[2022.01.30-05.36.59:442][  0]LogTargetPlatformManager: Display: Loaded TargetPlatform 'LinuxAArch64Client'
[2022.01.30-05.36.59:446][  0]LogTargetPlatformManager: Display: Loaded TargetPlatform 'LinuxAArch64Server'
[2022.01.30-05.36.59:465][  0]LogTargetPlatformManager: Display: Loaded TargetPlatform 'Lumin'
[2022.01.30-05.36.59:465][  0]LogTargetPlatformManager: Display: Loaded TargetPlatform 'LuminClient'
[2022.01.30-05.36.59:473][  0]LogTargetPlatformManager: Display: Loaded TargetPlatform 'MacNoEditor'
[2022.01.30-05.36.59:478][  0]LogTargetPlatformManager: Display: Loaded TargetPlatform 'Mac'
[2022.01.30-05.36.59:483][  0]LogTargetPlatformManager: Display: Loaded TargetPlatform 'MacClient'
[2022.01.30-05.36.59:488][  0]LogTargetPlatformManager: Display: Loaded TargetPlatform 'MacServer'
[2022.01.30-05.36.59:496][  0]LogTargetPlatformManager: Display: Loaded TargetPlatform 'TVOSClient'
[2022.01.30-05.36.59:497][  0]LogTargetPlatformManager: Display: Loaded TargetPlatform 'TVOS'
[2022.01.30-05.36.59:505][  0]LogTargetPlatformManager: Display: Loaded TargetPlatform 'WindowsNoEditor'
[2022.01.30-05.36.59:509][  0]LogTargetPlatformManager: Display: Loaded TargetPlatform 'Windows'
[2022.01.30-05.36.59:514][  0]LogTargetPlatformManager: Display: Loaded TargetPlatform 'WindowsClient'
[2022.01.30-05.36.59:519][  0]LogTargetPlatformManager: Display: Loaded TargetPlatform 'WindowsServer'
[2022.01.30-05.36.59:519][  0]LogTargetPlatformManager: Display: Building Assets For Windows
[2022.01.30-05.36.59:529][  0]LogAudioDebug: Display: Lib vorbis DLL was dynamically loaded.
[2022.01.30-05.36.59:570][  0]LogTextureFormatOodle: Display: Oodle Texture 2.9.0 init RDO Off
[2022.01.30-05.36.59:622][  0]LogRendererCore: Ray tracing is disabled. Reason: r.RayTracing=0.
[2022.01.30-05.36.59:622][  0]LogShaderCompilers: Guid format shader working directory is 0 characters bigger than the processId version (../../../../Unreal_c++/EndlessRun/EndlessRunner/Intermediate/Shaders/WorkingDirectory/356/).
[2022.01.30-05.36.59:623][  0]LogShaderCompilers: Cleaned the shader compiler working directory 'C:/Users/ditde/AppData/Local/Temp/UnrealShaderWorkingDir/9D0D2DE146998377C5E83C8CF3907B26/'.
[2022.01.30-05.36.59:623][  0]LogXGEController: Cannot use XGE Controller as Incredibuild is not installed on this machine.
[2022.01.30-05.36.59:623][  0]LogShaderCompilers: Cannot use XGE Shader Compiler as Incredibuild is not installed on this machine.
[2022.01.30-05.36.59:623][  0]LogShaderCompilers: Display: Using Local Shader Compiler.
[2022.01.30-05.37.00:211][  0]LogDerivedDataCache: Display: Max Cache Size: 512 MB
[2022.01.30-05.37.00:260][  0]LogDerivedDataCache: Loaded boot cache 0.05s 94MB C:/Users/ditde/AppData/Local/UnrealEngine/4.27/DerivedDataCache/Boot.ddc.
[2022.01.30-05.37.00:260][  0]LogDerivedDataCache: Display: Loaded Boot cache: C:/Users/ditde/AppData/Local/UnrealEngine/4.27/DerivedDataCache/Boot.ddc
[2022.01.30-05.37.00:260][  0]LogDerivedDataCache: FDerivedDataBackendGraph:  Pak pak cache file ../../../../Unreal_c++/EndlessRun/EndlessRunner/DerivedDataCache/DDC.ddp not found, will not use a pak cache.
[2022.01.30-05.37.00:261][  0]LogDerivedDataCache: Unable to find inner node Pak for hierarchical cache Hierarchy.
[2022.01.30-05.37.00:261][  0]LogDerivedDataCache: FDerivedDataBackendGraph:  CompressedPak pak cache file ../../../../Unreal_c++/EndlessRun/EndlessRunner/DerivedDataCache/Compressed.ddp not found, will not use a pak cache.
[2022.01.30-05.37.00:261][  0]LogDerivedDataCache: Unable to find inner node CompressedPak for hierarchical cache Hierarchy.
[2022.01.30-05.37.00:276][  0]LogDerivedDataCache: Display: Pak cache opened for reading ../../../Engine/DerivedDataCache/Compressed.ddp.
[2022.01.30-05.37.00:277][  0]LogDerivedDataCache: FDerivedDataBackendGraph:  EnterprisePak pak cache file ../../../Enterprise/DerivedDataCache/Compressed.ddp not found, will not use a pak cache.
[2022.01.30-05.37.00:277][  0]LogDerivedDataCache: Unable to find inner node EnterprisePak for hierarchical cache Hierarchy.
[2022.01.30-05.37.00:282][  0]LogDerivedDataCache: Speed tests for C:/Users/ditde/AppData/Local/UnrealEngine/Common/DerivedDataCache took 0.01 seconds
[2022.01.30-05.37.00:282][  0]LogDerivedDataCache: Display: Performance to C:/Users/ditde/AppData/Local/UnrealEngine/Common/DerivedDataCache: Latency=0.03ms. RandomReadSpeed=1469.16MBs, RandomWriteSpeed=211.32MBs. Assigned SpeedClass 'Local'
[2022.01.30-05.37.00:285][  0]LogDerivedDataCache: Using Local data cache path C:/Users/ditde/AppData/Local/UnrealEngine/Common/DerivedDataCache: Writable
[2022.01.30-05.37.00:285][  0]LogDerivedDataCache: Shared data cache path not found in *engine.ini, will not use an Shared cache.
[2022.01.30-05.37.00:285][  0]LogDerivedDataCache: Unable to find inner node Shared for hierarchical cache Hierarchy.
[2022.01.30-05.37.00:323][  0]LogSlate: Using FreeType 2.10.0
[2022.01.30-05.37.00:324][  0]LogSlate: SlateFontServices - WITH_FREETYPE: 1, WITH_HARFBUZZ: 1
[2022.01.30-05.37.00:346][  0]LogAssetRegistry: FAssetRegistry took 0.0046 seconds to start up
[2022.01.30-05.37.00:539][  0]LogInit: Selected Device Profile: [Windows]
[2022.01.30-05.37.00:540][  0]LogInit: Active device profile: [0000022B75470A00][0000022B6FCE7940 49] Windows
[2022.01.30-05.37.00:540][  0]LogInit: Profiles: [0000022B75470A00][0000022B6FCE7940 49] Windows, [0000022B7543E000][0000022B74D01AC0 49] WindowsNoEditor, [0000022B75473500][0000022B6D16A0C0 49] WindowsServer, [0000022B7543CE00][0000022B6D16E240 49] WindowsClient, [0000022B75473300][0000022B6D1723C0 49] IOS, [0000022B7543CC00][0000022B6D176540 49] iPadAir, [0000022B75472000][0000022B74CFC680 49] iPadAir2, [0000022B763B0C00][0000022B6FC0C8C0 49] IPadPro, [0000022B763B0D00][0000022B6D17A900 49] iPadAir3, [0000022B7543F900][0000022B6FC14A80 49] iPadAir4, [0000022B763B3200][0000022B6FC18C00 49] iPadMini2, [0000022B7543F000][0000022B6FC1CD80 49] iPadMini3, [0000022B763B1700][0000022B728E0F00 49] iPadMini4, [0000022B7543E900][0000022B728E5080 49] iPadMini5, [0000022B763B4500][0000022B728ED340 49] iPhone6, [0000022B763B4600][0000022B728E9380 49] iPodTouch6, [0000022B763B3800][0000022B7675F640 49] iPhone7, [0000022B763B1C00][0000022B728F1680 49] iPodTouch7, [0000022B763B4400][0000022B76763800 49] iPhone5S, [0000022B7543E700][0000022B76767980 49] iPhone6Plus, [0000022B763B6F00][0000022B76777B00 49] iPhone6S, [0000022B763B0A00][0000022B6DB68100 49] iPhone6SPlus, [0000022B763B6300][0000022B6DB6C280 49] iPhone7Plus, [0000022B763B0100][0000022B74FB2400 49] iPhoneSE, [0000022B763B4800][0000022B74E8C580 49] iPhone8, [0000022B763B1F00][0000022B74E5E700 49] iPhone8Plus, [0000022B763B4700][0000022B6FC10840 49] iPhoneX, [0000022B763B2200][0000022B6FC08980 49] iPhoneXS, [0000022B763B7800][0000022B74FB6AC0 49] iPhoneXSMax, [0000022B763B0900][0000022B6DB74C40 49] iPhoneXR, [0000022B763B5900][0000022B6DB78DC0 49] iPhone11, [0000022B763B2800][0000022B6DB7CF40 49] iPhone11Pro, [0000022B763B5000][0000022B6DB810C0 49] iPhone11ProMax, [0000022B763B1500][0000022B6DB85240 49] iPhoneSE2, [0000022B763B7500][0000022B6DB893C0 49] iPhone12Mini, [0000022B763B3D00][0000022B6D14B540 49] iPhone12, [0000022B763B5F00][0000022B6D14F6C0 49] iPhone12Pro, [0000022B763B3000][0000022B6D153840 49] iPhone12ProMax, [0000022B763B5400][0000022B6D1579C0 49] iPadPro105, [0000022B763B2700][0000022B6D15BB40 49] iPadPro129, [0000022B763B7400][0000022B6D15E140 49] iPadPro97, [0000022B763B2600][0000022B6D1622C0 49] iPadPro2_129, [0000022B763B5E00][0000022B6D166440 49] iPad5, [0000022B763B0200][0000022B753965C0 49] iPad6, [0000022B763B7B00][0000022B7539A740 49] iPad7, [0000022B763B3B00][0000022B7539E8C0 49] iPad8, [0000022B763B6400][0000022B6DB70A00 49] iPadPro11, [0000022B763B2D00][0000022B753A2B40 49] iPadPro2_11, [0000022B763B5C00][0000022B753A6C80 49] iPadPro3_129, [0000022B763B2F00][0000022B753AADC0 49] iPadPro4_129, [0000022B763B4100][0000022B753B2F40 49] AppleTV, [0000022B763B2400][0000022B753B70C0 49] AppleTV4K, [0000022B763B7D00][0000022B753BB240 49] TVOS, [0000022B763B0400][0000022B6D4C53C0 49] Mac, [0000022B763B4300][0000022B6D4C9540 49] MacClient, [0000022B763B3100][0000022B6D4CD6C0 49] MacNoEditor, [0000022B763B5700][0000022B6D4D1840 49] MacServer, [0000022B763B0600][0000022B6D4D59C0 49] Linux, [0000022B763B7000][0000022B6D4D9B40 49] LinuxAArch64, [0000022B763B2900][0000022B6D4DC140 49] LinuxNoEditor, [0000022B763B6E00][0000022B6D4E02C0 49] LinuxAArch64NoEditor, [0000022B763B2100][0000022B6D4E4440 49] LinuxClient, [0000022B763B4C00][0000022B6D4E85C0 49] LinuxAArch64Client, [0000022B763B2C00][0000022B6D4EC740 49] LinuxServer, [0000022B763B5D00][0000022B6D4F08C0 49] LinuxAArch64Server, [0000022B763B3700][0000022B6D4F4A40 49] Android, [0000022B763B4B00][0000022B753AEB80 49] Android_Low, [0000022B763B1E00][0000022B6D4F8CC0 49] Android_Mid, [0000022B763B6800][0000022B6FB94E00 49] Android_High, [0000022B7543FE00][0000022B6FB98F40 49] Android_Default, [0000022B75472100][0000022B6FBA10C0 49] Android_Adreno4xx, [0000022B7543CD00][0000022B6FBA5240 49] Android_Adreno5xx_Low, [0000022B75472B00][0000022B6FBA93C0 49] Android_Adreno5xx, [0000022B7543FC00][0000022B6FBAD540 49] Android_Adreno6xx, [0000022B75472800][0000022B6FBB16C0 49] Android_Adreno6xx_Vulkan, [0000022B7543DF00][0000022B6FBB5840 49] Android_Mali_T6xx, [0000022B75473B00][0000022B6FBB99C0 49] Android_Mali_T7xx, [0000022B7543CB00][0000022B6FBBDB40 49] Android_Mali_T8xx, [0000022B75473E00][0000022B6FBC0140 49] Android_Mali_G71, [0000022B7543D000][0000022B6FBC42C0 49] Android_Mali_G72, [0000022B75471800][0000022B6FBC8440 49] Android_Mali_G72_Vulkan, [0000022B7543F800][0000022B6FBCC5C0 49] Android_Mali_G76, [0000022B75471B00][0000022B728A4740 49] Android_Mali_G76_Vulkan, [0000022B7543E500][0000022B728A88C0 49] Android_Mali_G77, [0000022B75471000][0000022B728ACA40 49] Android_Mali_G77_Vulkan, [0000022B7543DD00][0000022B728B0BC0 49] Android_Mali_G78, [0000022B75472900][0000022B728B4D40 49] Android_Mali_G78_Vulkan, [0000022B7543EE00][0000022B6FB9CE80 49] Android_Mali_G710, [0000022B75470700][0000022B728B8FC0 49] Android_Mali_G710_Vulkan, [0000022B7543D700][0000022B728BD100 49] Android_Vulkan_SM5, [0000022B75471600][0000022B728C5280 49] Android_PowerVR_G6xxx, [0000022B7543DB00][0000022B728C9400 49] Android_PowerVR_GT7xxx, [0000022B75472F00][0000022B728CD580 49] Android_PowerVR_GE8xxx, [0000022B7543DA00][0000022B728D1700 49] Android_PowerVR_GM9xxx, [0000022B75470300][0000022B728D5880 49] Android_PowerVR_GM9xxx_Vulkan, [0000022B7543C400][0000022B728D9A00 49] Android_TegraK1, [0000022B75472C00][0000022B728DDB80 49] Android_Unknown_Vulkan, [0000022B7543C300][0000022B76790180 49] Lumin, [0000022B763B1900][0000022B76794300 49] Lumin_Desktop, [0000022B7543F400][0000022B76798480 49] HoloLens, 
[2022.01.30-05.37.00:659][  0]LogMeshReduction: Using QuadricMeshReduction for automatic static mesh reduction
[2022.01.30-05.37.00:659][  0]LogMeshReduction: Using SimplygonMeshReduction for automatic skeletal mesh reduction
[2022.01.30-05.37.00:659][  0]LogMeshReduction: Using ProxyLODMeshReduction for automatic mesh merging
[2022.01.30-05.37.00:659][  0]LogMeshReduction: No distributed automatic mesh merging module available
[2022.01.30-05.37.00:659][  0]LogMeshMerging: No distributed automatic mesh merging module available
[2022.01.30-05.37.00:678][  0]LogNetVersion: EndlessRunner 1.0.0, NetCL: 17155196, EngineNetVer: 17, GameNetVer: 0 (Checksum: 1331125288)
[2022.01.30-05.37.00:977][  0]LogTexture: Default maximum texture size for cubemaps generated from long-lat sources has been changed from 512 to unlimited. In order to preserve old behaiour for '/Engine/MapTemplates/Sky/DaylightAmbientCubemap.DaylightAmbientCubemap', its maximum texture size has been explicitly set to 512.
[2022.01.30-05.37.01:025][  0]LogHMD: PokeAHoleMaterial loaded successfully
[2022.01.30-05.37.01:030][  0]LogUObjectArray: 17178 objects as part of root set at end of initial load.
[2022.01.30-05.37.01:030][  0]LogUObjectAllocator: 4301856 out of 0 bytes used by permanent object pool.
[2022.01.30-05.37.01:030][  0]LogUObjectArray: CloseDisregardForGC: 0/0 objects in disregard for GC pool
[2022.01.30-05.37.01:365][  0]LogNiagaraDebuggerClient: Niagara Debugger Client Initialized | Session: 8132B8A9463B6C0E7646F981142347EC | Instance: 8696A5FA4704611718527DB62E9CA176 (LAPTOP-FC3B43LI-356).
[2022.01.30-05.37.01:402][  0]LogImageWrapper: Warning: PNG Warning: Duplicate iCCP chunk
[2022.01.30-05.37.01:402][  0]LogImageWrapper: Warning: PNG Warning: Duplicate iCCP chunk
[2022.01.30-05.37.01:402][  0]LogPython: Using Python 3.7.7
[2022.01.30-05.37.01:813][  0]LogUdpMessaging: Initializing bridge on interface 0.0.0.0:0 to multicast group 230.0.0.1:6666.
[2022.01.30-05.37.01:823][  0]LogTcpMessaging: Initializing TcpMessaging bridge
[2022.01.30-05.37.02:301][  0]LogOpenImageDenoise: OIDN starting up
[2022.01.30-05.37.02:317][  0]LogAndroidPermission: UAndroidPermissionCallbackProxy::GetInstance
[2022.01.30-05.37.02:342][  0]LogAudioCaptureCore: Display: No Audio Capture implementations found. Audio input will be silent.
[2022.01.30-05.37.02:342][  0]LogAudioCaptureCore: Display: No Audio Capture implementations found. Audio input will be silent.
[2022.01.30-05.37.02:449][  0]SourceControl: Source control is disabled
[2022.01.30-05.37.02:449][  0]SourceControl: Source control is disabled
[2022.01.30-05.37.02:457][  0]SourceControl: Source control is disabled
[2022.01.30-05.37.02:519][  0]LogUProjectInfo: Found projects:
[2022.01.30-05.37.02:531][  0]SourceControl: Source control is disabled
[2022.01.30-05.37.02:575][  0]SourceControl: Source control is disabled
[2022.01.30-05.37.02:584][  0]LogCollectionManager: Loaded 0 collections in 0.000536 seconds
[2022.01.30-05.37.02:616][  0]LogFileCache: Scanning file cache for directory 'D:/Unreal_c++/EndlessRun/EndlessRunner/Saved/Collections/' took 0.00s
[2022.01.30-05.37.02:617][  0]LogFileCache: Scanning file cache for directory 'D:/Unreal_c++/EndlessRun/EndlessRunner/Content/Developers/ditde/Collections/' took 0.00s
[2022.01.30-05.37.02:617][  0]LogFileCache: Scanning file cache for directory 'D:/Unreal_c++/EndlessRun/EndlessRunner/Content/Collections/' took 0.00s
[2022.01.30-05.37.02:617][  0]LogOcInput: OculusInput pre-init called
[2022.01.30-05.37.02:829][  0]LogImageWrapper: Warning: PNG Warning: Duplicate iCCP chunk
[2022.01.30-05.37.02:829][  0]LogImageWrapper: Warning: PNG Warning: Duplicate iCCP chunk
[2022.01.30-05.37.02:829][  0]LogEngine: Initializing Engine...
[2022.01.30-05.37.02:832][  0]LogHMD: Failed to enumerate extensions. Please check that you have a valid OpenXR runtime installed.
[2022.01.30-05.37.02:833][  0]LogHMD: Failed to initialize OpenVR with code 110
[2022.01.30-05.37.02:833][  0]LogMagicLeap: Warning: VR disabled because ZI is not enabled.  To enable, in the editor, Edit -> Project Settings -> Plugins -> Magic Leap Plugin -> Enable Zero Iteration
[2022.01.30-05.37.02:834][  0]LogStats: UGameplayTagsManager::InitializeManager -  0.000 s
[2022.01.30-05.37.02:929][  0]LogInit: Initializing FReadOnlyCVARCache
[2022.01.30-05.37.02:938][  0]LogAIModule: Creating AISystem for world Untitled
[2022.01.30-05.37.02:945][  0]LogAudio: Display: Initializing Audio Device Manager...
[2022.01.30-05.37.02:950][  0]LogAudio: Display: Loading Default Audio Settings Objects...
[2022.01.30-05.37.02:951][  0]LogAudio: Display: No default SoundConcurrencyObject specified (or failed to load).
[2022.01.30-05.37.02:952][  0]LogAudio: Display: Audio Device Manager Initialized
[2022.01.30-05.37.02:952][  0]LogAudio: Display: Creating Audio Device:                 Id: 1, Scope: Shared, Realtime: True
[2022.01.30-05.37.02:952][  0]LogAudioMixer: Display: Audio Mixer Platform Settings:
[2022.01.30-05.37.02:952][  0]LogAudioMixer: Display: 	Sample Rate:						  48000
[2022.01.30-05.37.02:952][  0]LogAudioMixer: Display: 	Callback Buffer Frame Size Requested: 1024
[2022.01.30-05.37.02:952][  0]LogAudioMixer: Display: 	Callback Buffer Frame Size To Use:	  1024
[2022.01.30-05.37.02:952][  0]LogAudioMixer: Display: 	Number of buffers to queue:			  2
[2022.01.30-05.37.02:952][  0]LogAudioMixer: Display: 	Max Channels (voices):				  32
[2022.01.30-05.37.02:952][  0]LogAudioMixer: Display: 	Number of Async Source Workers:		  0
[2022.01.30-05.37.02:952][  0]LogAudio: Display: AudioDevice MaxSources: 32
[2022.01.30-05.37.02:953][  0]LogAudio: Display: Audio Spatialization Plugin: None (built-in).
[2022.01.30-05.37.02:953][  0]LogAudio: Display: Audio Reverb Plugin: None (built-in).
[2022.01.30-05.37.02:953][  0]LogAudio: Display: Audio Occlusion Plugin: None (built-in).
[2022.01.30-05.37.02:953][  0]LogAudioMixer: Display: Initializing audio mixer.
[2022.01.30-05.37.03:021][  0]LogAudioMixer: Display: 0: FrontLeft
[2022.01.30-05.37.03:021][  0]LogAudioMixer: Display: 1: FrontRight
[2022.01.30-05.37.03:159][  0]LogAudioMixer: Display: Using Audio Device Headphones (SONATA USB Audio)
[2022.01.30-05.37.03:162][  0]LogAudioMixer: Display: Initializing Sound Submixes...
[2022.01.30-05.37.03:165][  0]LogAudioMixer: Display: Creating Master Submix 'MasterSubmixDefault'
[2022.01.30-05.37.03:165][  0]LogAudioMixer: Display: Creating Master Submix 'MasterReverbSubmixDefault'
[2022.01.30-05.37.03:166][  0]LogAudioMixer: Display: Creating Master Submix 'MasterEQSubmixDefault'
[2022.01.30-05.37.03:166][  0]LogAudioMixer: FMixerPlatformXAudio2::StartAudioStream() called
[2022.01.30-05.37.03:166][  0]LogAudioMixer: Display: Output buffers initialized: Frames=1024, Channels=2, Samples=2048
[2022.01.30-05.37.03:169][  0]LogAudioMixer: Display: Starting AudioMixerPlatformInterface::RunInternal()
[2022.01.30-05.37.03:169][  0]LogAudioMixer: Display: FMixerPlatformXAudio2::SubmitBuffer() called for the first time
[2022.01.30-05.37.03:169][  0]LogInit: FAudioDevice initialized.
[2022.01.30-05.37.03:169][  0]LogAudio: Display: Audio Device (ID: 1) registered with world 'Untitled'.
[2022.01.30-05.37.03:170][  0]LogNetVersion: Set ProjectVersion to 1.0.0.0. Version Checksum will be recalculated on next use.
[2022.01.30-05.37.03:220][  0]LogDerivedDataCache: Saved boot cache 0.05s 94MB C:/Users/ditde/AppData/Local/UnrealEngine/4.27/DerivedDataCache/Boot.ddc.
[2022.01.30-05.37.03:221][  0]LogInit: Texture streaming: Enabled
[2022.01.30-05.37.03:239][  0]LogAnalytics: Display: [UEEditor.Rocket.Release] APIServer = https://datarouter.ol.epicgames.com/. AppVersion = 4.27.1-17735300+++UE4+Release-4.27
[2022.01.30-05.37.03:244][  0]LogEngineSessionManager: EngineSessionManager initialized
[2022.01.30-05.37.03:244][  0]LogEditorSessionSummary: Verbose: Initializing EditorSessionSummaryWriter for editor session tracking
[2022.01.30-05.37.03:246][  0]LogEditorSessionSummary: EditorSessionSummaryWriter initialized
[2022.01.30-05.37.03:277][  0]LogInit: Transaction tracking system initialized
[2022.01.30-05.37.03:311][  0]BlueprintLog: New page: Editor Load
[2022.01.30-05.37.03:384][  0]LocalizationService: Localization service is disabled
[2022.01.30-05.37.03:412][  0]TimingProfiler: Initialize
[2022.01.30-05.37.03:413][  0]TimingProfiler: OnSessionChanged
[2022.01.30-05.37.03:413][  0]LoadingProfiler: Initialize
[2022.01.30-05.37.03:413][  0]LoadingProfiler: OnSessionChanged
[2022.01.30-05.37.03:413][  0]NetworkingProfiler: Initialize
[2022.01.30-05.37.03:413][  0]NetworkingProfiler: OnSessionChanged
[2022.01.30-05.37.03:413][  0]MemoryProfiler: Initialize
[2022.01.30-05.37.03:413][  0]MemoryProfiler: OnSessionChanged
[2022.01.30-05.37.03:561][  0]LogCook: Display: CookSettings for Memory: MemoryMaxUsedVirtual 0MiB, MemoryMaxUsedPhysical 16384MiB, MemoryMinFreeVirtual 0MiB, MemoryMinFreePhysical 1024MiB
[2022.01.30-05.37.03:561][  0]LogCook: Display: Mobile HDR setting 1
[2022.01.30-05.37.03:847][  0]LogFileCache: Scanning file cache for directory 'D:/Unreal_c++/EndlessRun/EndlessRunner/Content/' took 0.00s
[2022.01.30-05.37.04:008][  0]LogImageWrapper: Warning: PNG Warning: Duplicate iCCP chunk
[2022.01.30-05.37.04:009][  0]LogImageWrapper: Warning: PNG Warning: Duplicate iCCP chunk
[2022.01.30-05.37.04:009][  0]LogInit: Display: Engine is initialized. Leaving FEngineLoop::Init()
[2022.01.30-05.37.04:012][  0]SourceControl: Source control is disabled
[2022.01.30-05.37.04:012][  0]LogUnrealEdMisc: Loading editor; pre map load, took 7.009
[2022.01.30-05.37.04:012][  0]Cmd: MAP LOAD FILE="../../../../Unreal_c++/EndlessRun/EndlessRunner/Content/_Game/Maps/MainLevel.umap" TEMPLATE=0 SHOWPROGRESS=1 FEATURELEVEL=3
[2022.01.30-05.37.04:014][  0]LightingResults: New page: Lighting Build
[2022.01.30-05.37.04:015][  0]LogWorld: UWorld::CleanupWorld for Untitled, bSessionEnded=true, bCleanupResources=true
[2022.01.30-05.37.04:016][  0]LogSlate: InvalidateAllWidgets triggered.  All widgets were invalidated
[2022.01.30-05.37.04:016][  0]MapCheck: New page: Map Check
[2022.01.30-05.37.04:016][  0]LightingResults: New page: Lighting Build
[2022.01.30-05.37.04:020][  0]LogAudio: Display: Audio Device unregistered from world 'None'.
[2022.01.30-05.37.04:024][  0]LogUObjectHash: Compacting FUObjectHashTables data took   0.89ms
[2022.01.30-05.37.04:353][  0]LogAudio: Display: Audio Device (ID: 1) registered with world 'MainLevel'.
[2022.01.30-05.37.04:354][  0]LogAIModule: Creating AISystem for world MainLevel
[2022.01.30-05.37.04:375][  0]LogEditorServer: Finished looking for orphan Actors (0.000 secs)
[2022.01.30-05.37.04:382][  0]LogUObjectHash: Compacting FUObjectHashTables data took   0.88ms
[2022.01.30-05.37.04:384][  0]Cmd: MAP CHECKDEP NOCLEARLOG
[2022.01.30-05.37.04:384][  0]MapCheck: Map check complete: 0 Error(s), 0 Warning(s), took 0.129ms to complete.
[2022.01.30-05.37.04:384][  0]LogFileHelpers: Loading map 'MainLevel' took 0.372
[2022.01.30-05.37.04:386][  0]LogUnrealEdMisc: Total Editor Startup Time, took 7.384
[2022.01.30-05.37.04:490][  0]LogSlate: Updating window title bar state: overlay mode, drag disabled, window buttons hidden, title bar hidden
[2022.01.30-05.37.04:495][  0]LogSlate: Updating window title bar state: overlay mode, drag disabled, window buttons hidden, title bar hidden
[2022.01.30-05.37.04:501][  0]LogSlate: Updating window title bar state: overlay mode, drag disabled, window buttons hidden, title bar hidden
[2022.01.30-05.37.04:506][  0]LogSlate: Updating window title bar state: overlay mode, drag disabled, window buttons hidden, title bar hidden
[2022.01.30-05.37.04:519][  0]LogNativeClassHierarchy: Verbose: Native class hierarchy populated in 0.0088 seconds. Added 3829 classes and 930 folders.
[2022.01.30-05.37.04:523][  0]LogNativeClassHierarchy: Verbose: Native class hierarchy updated for 'WidgetCarousel' in 0.0003 seconds. Added 0 classes and 0 folders.
[2022.01.30-05.37.04:524][  0]LogPakFile: PakFile PrimaryIndexSize=187
[2022.01.30-05.37.04:524][  0]LogPakFile: PakFile PathHashIndexSize=101
[2022.01.30-05.37.04:525][  0]LogPakFile: PakFile FullDirectoryIndexSize=148
[2022.01.30-05.37.04:525][  0]LogShaderLibrary: Display: ShaderCodeLibraryPakFileMountedCallback: PakFile 'D:/UE_4.27/FeaturePacks/FP_FirstPerson.upack' (chunk index -1, root 'root:/') mounted
[2022.01.30-05.37.04:525][  0]LogShaderLibrary: Display: ShaderCodeLibraryPakFileMountedCallback: pending pak file info (ChunkID:-1 Root:root:/ File:D:/UE_4.27/FeaturePacks/FP_FirstPerson.upack)
[2022.01.30-05.37.04:525][  0]LogPakFile: OnPakFileMounted2Time == 0.000156
[2022.01.30-05.37.04:526][  0]LogPakFile: PakFile PrimaryIndexSize=189
[2022.01.30-05.37.04:526][  0]LogPakFile: PakFile PathHashIndexSize=101
[2022.01.30-05.37.04:526][  0]LogPakFile: PakFile FullDirectoryIndexSize=152
[2022.01.30-05.37.04:526][  0]LogShaderLibrary: Display: ShaderCodeLibraryPakFileMountedCallback: PakFile 'D:/UE_4.27/FeaturePacks/FP_FirstPersonBP.upack' (chunk index -1, root 'root:/') mounted
[2022.01.30-05.37.04:526][  0]LogShaderLibrary: Display: ShaderCodeLibraryPakFileMountedCallback: pending pak file info (ChunkID:-1 Root:root:/ File:D:/UE_4.27/FeaturePacks/FP_FirstPersonBP.upack)
[2022.01.30-05.37.04:527][  0]LogPakFile: OnPakFileMounted2Time == 0.000146
[2022.01.30-05.37.04:528][  0]LogPakFile: PakFile PrimaryIndexSize=191
[2022.01.30-05.37.04:528][  0]LogPakFile: PakFile PathHashIndexSize=101
[2022.01.30-05.37.04:528][  0]LogPakFile: PakFile FullDirectoryIndexSize=160
[2022.01.30-05.37.04:528][  0]LogShaderLibrary: Display: ShaderCodeLibraryPakFileMountedCallback: PakFile 'D:/UE_4.27/FeaturePacks/MobileStarterContent.upack' (chunk index -1, root 'root:/') mounted
[2022.01.30-05.37.04:528][  0]LogShaderLibrary: Display: ShaderCodeLibraryPakFileMountedCallback: pending pak file info (ChunkID:-1 Root:root:/ File:D:/UE_4.27/FeaturePacks/MobileStarterContent.upack)
[2022.01.30-05.37.04:528][  0]LogPakFile: OnPakFileMounted2Time == 0.000128
[2022.01.30-05.37.04:530][  0]LogPakFile: PakFile PrimaryIndexSize=185
[2022.01.30-05.37.04:530][  0]LogPakFile: PakFile PathHashIndexSize=101
[2022.01.30-05.37.04:530][  0]LogPakFile: PakFile FullDirectoryIndexSize=148
[2022.01.30-05.37.04:530][  0]LogShaderLibrary: Display: ShaderCodeLibraryPakFileMountedCallback: PakFile 'D:/UE_4.27/FeaturePacks/StarterContent.upack' (chunk index -1, root 'root:/') mounted
[2022.01.30-05.37.04:530][  0]LogShaderLibrary: Display: ShaderCodeLibraryPakFileMountedCallback: pending pak file info (ChunkID:-1 Root:root:/ File:D:/UE_4.27/FeaturePacks/StarterContent.upack)
[2022.01.30-05.37.04:530][  0]LogPakFile: OnPakFileMounted2Time == 0.000131
[2022.01.30-05.37.04:531][  0]LogPakFile: PakFile PrimaryIndexSize=190
[2022.01.30-05.37.04:531][  0]LogPakFile: PakFile PathHashIndexSize=101
[2022.01.30-05.37.04:531][  0]LogPakFile: PakFile FullDirectoryIndexSize=154
[2022.01.30-05.37.04:531][  0]LogShaderLibrary: Display: ShaderCodeLibraryPakFileMountedCallback: PakFile 'D:/UE_4.27/FeaturePacks/TP_2DSideScroller.upack' (chunk index -1, root 'root:/') mounted
[2022.01.30-05.37.04:531][  0]LogShaderLibrary: Display: ShaderCodeLibraryPakFileMountedCallback: pending pak file info (ChunkID:-1 Root:root:/ File:D:/UE_4.27/FeaturePacks/TP_2DSideScroller.upack)
[2022.01.30-05.37.04:531][  0]LogPakFile: OnPakFileMounted2Time == 0.000120
[2022.01.30-05.37.04:533][  0]LogPakFile: PakFile PrimaryIndexSize=192
[2022.01.30-05.37.04:533][  0]LogPakFile: PakFile PathHashIndexSize=101
[2022.01.30-05.37.04:533][  0]LogPakFile: PakFile FullDirectoryIndexSize=158
[2022.01.30-05.37.04:533][  0]LogShaderLibrary: Display: ShaderCodeLibraryPakFileMountedCallback: PakFile 'D:/UE_4.27/FeaturePacks/TP_2DSideScrollerBP.upack' (chunk index -1, root 'root:/') mounted
[2022.01.30-05.37.04:533][  0]LogShaderLibrary: Display: ShaderCodeLibraryPakFileMountedCallback: pending pak file info (ChunkID:-1 Root:root:/ File:D:/UE_4.27/FeaturePacks/TP_2DSideScrollerBP.upack)
[2022.01.30-05.37.04:533][  0]LogPakFile: OnPakFileMounted2Time == 0.000127
[2022.01.30-05.37.04:534][  0]LogPakFile: PakFile PrimaryIndexSize=182
[2022.01.30-05.37.04:535][  0]LogPakFile: PakFile PathHashIndexSize=101
[2022.01.30-05.37.04:535][  0]LogPakFile: PakFile FullDirectoryIndexSize=138
[2022.01.30-05.37.04:535][  0]LogShaderLibrary: Display: ShaderCodeLibraryPakFileMountedCallback: PakFile 'D:/UE_4.27/FeaturePacks/TP_Flying.upack' (chunk index -1, root 'root:/') mounted
[2022.01.30-05.37.04:535][  0]LogShaderLibrary: Display: ShaderCodeLibraryPakFileMountedCallback: pending pak file info (ChunkID:-1 Root:root:/ File:D:/UE_4.27/FeaturePacks/TP_Flying.upack)
[2022.01.30-05.37.04:535][  0]LogPakFile: OnPakFileMounted2Time == 0.000134
[2022.01.30-05.37.04:536][  0]LogPakFile: PakFile PrimaryIndexSize=184
[2022.01.30-05.37.04:536][  0]LogPakFile: PakFile PathHashIndexSize=101
[2022.01.30-05.37.04:537][  0]LogPakFile: PakFile FullDirectoryIndexSize=142
[2022.01.30-05.37.04:537][  0]LogShaderLibrary: Display: ShaderCodeLibraryPakFileMountedCallback: PakFile 'D:/UE_4.27/FeaturePacks/TP_FlyingBP.upack' (chunk index -1, root 'root:/') mounted
[2022.01.30-05.37.04:537][  0]LogShaderLibrary: Display: ShaderCodeLibraryPakFileMountedCallback: pending pak file info (ChunkID:-1 Root:root:/ File:D:/UE_4.27/FeaturePacks/TP_FlyingBP.upack)
[2022.01.30-05.37.04:537][  0]LogPakFile: OnPakFileMounted2Time == 0.000122
[2022.01.30-05.37.04:538][  0]LogPakFile: PakFile PrimaryIndexSize=188
[2022.01.30-05.37.04:538][  0]LogPakFile: PakFile PathHashIndexSize=101
[2022.01.30-05.37.04:538][  0]LogPakFile: PakFile FullDirectoryIndexSize=150
[2022.01.30-05.37.04:538][  0]LogShaderLibrary: Display: ShaderCodeLibraryPakFileMountedCallback: PakFile 'D:/UE_4.27/FeaturePacks/TP_HandheldARBP.upack' (chunk index -1, root 'root:/') mounted
[2022.01.30-05.37.04:538][  0]LogShaderLibrary: Display: ShaderCodeLibraryPakFileMountedCallback: pending pak file info (ChunkID:-1 Root:root:/ File:D:/UE_4.27/FeaturePacks/TP_HandheldARBP.upack)
[2022.01.30-05.37.04:538][  0]LogPakFile: OnPakFileMounted2Time == 0.000120
[2022.01.30-05.37.04:541][  0]LogPakFile: PakFile PrimaryIndexSize=182
[2022.01.30-05.37.04:541][  0]LogPakFile: PakFile PathHashIndexSize=101
[2022.01.30-05.37.04:541][  0]LogPakFile: PakFile FullDirectoryIndexSize=138
[2022.01.30-05.37.04:541][  0]LogShaderLibrary: Display: ShaderCodeLibraryPakFileMountedCallback: PakFile 'D:/UE_4.27/FeaturePacks/TP_Puzzle.upack' (chunk index -1, root 'root:/') mounted
[2022.01.30-05.37.04:541][  0]LogShaderLibrary: Display: ShaderCodeLibraryPakFileMountedCallback: pending pak file info (ChunkID:-1 Root:root:/ File:D:/UE_4.27/FeaturePacks/TP_Puzzle.upack)
[2022.01.30-05.37.04:541][  0]LogPakFile: OnPakFileMounted2Time == 0.000125
[2022.01.30-05.37.04:543][  0]LogPakFile: PakFile PrimaryIndexSize=184
[2022.01.30-05.37.04:543][  0]LogPakFile: PakFile PathHashIndexSize=101
[2022.01.30-05.37.04:543][  0]LogPakFile: PakFile FullDirectoryIndexSize=142
[2022.01.30-05.37.04:543][  0]LogShaderLibrary: Display: ShaderCodeLibraryPakFileMountedCallback: PakFile 'D:/UE_4.27/FeaturePacks/TP_PuzzleBP.upack' (chunk index -1, root 'root:/') mounted
[2022.01.30-05.37.04:543][  0]LogShaderLibrary: Display: ShaderCodeLibraryPakFileMountedCallback: pending pak file info (ChunkID:-1 Root:root:/ File:D:/UE_4.27/FeaturePacks/TP_PuzzleBP.upack)
[2022.01.30-05.37.04:543][  0]LogPakFile: OnPakFileMounted2Time == 0.000114
[2022.01.30-05.37.04:545][  0]LogPakFile: PakFile PrimaryIndexSize=183
[2022.01.30-05.37.04:545][  0]LogPakFile: PakFile PathHashIndexSize=101
[2022.01.30-05.37.04:545][  0]LogPakFile: PakFile FullDirectoryIndexSize=140
[2022.01.30-05.37.04:545][  0]LogShaderLibrary: Display: ShaderCodeLibraryPakFileMountedCallback: PakFile 'D:/UE_4.27/FeaturePacks/TP_Rolling.upack' (chunk index -1, root 'root:/') mounted
[2022.01.30-05.37.04:545][  0]LogShaderLibrary: Display: ShaderCodeLibraryPakFileMountedCallback: pending pak file info (ChunkID:-1 Root:root:/ File:D:/UE_4.27/FeaturePacks/TP_Rolling.upack)
[2022.01.30-05.37.04:545][  0]LogPakFile: OnPakFileMounted2Time == 0.000156
[2022.01.30-05.37.04:547][  0]LogPakFile: PakFile PrimaryIndexSize=185
[2022.01.30-05.37.04:547][  0]LogPakFile: PakFile PathHashIndexSize=101
[2022.01.30-05.37.04:547][  0]LogPakFile: PakFile FullDirectoryIndexSize=144
[2022.01.30-05.37.04:547][  0]LogShaderLibrary: Display: ShaderCodeLibraryPakFileMountedCallback: PakFile 'D:/UE_4.27/FeaturePacks/TP_RollingBP.upack' (chunk index -1, root 'root:/') mounted
[2022.01.30-05.37.04:547][  0]LogShaderLibrary: Display: ShaderCodeLibraryPakFileMountedCallback: pending pak file info (ChunkID:-1 Root:root:/ File:D:/UE_4.27/FeaturePacks/TP_RollingBP.upack)
[2022.01.30-05.37.04:547][  0]LogPakFile: OnPakFileMounted2Time == 0.000123
[2022.01.30-05.37.04:548][  0]LogPakFile: PakFile PrimaryIndexSize=188
[2022.01.30-05.37.04:548][  0]LogPakFile: PakFile PathHashIndexSize=101
[2022.01.30-05.37.04:548][  0]LogPakFile: PakFile FullDirectoryIndexSize=150
[2022.01.30-05.37.04:548][  0]LogShaderLibrary: Display: ShaderCodeLibraryPakFileMountedCallback: PakFile 'D:/UE_4.27/FeaturePacks/TP_SideScroller.upack' (chunk index -1, root 'root:/') mounted
[2022.01.30-05.37.04:549][  0]LogShaderLibrary: Display: ShaderCodeLibraryPakFileMountedCallback: pending pak file info (ChunkID:-1 Root:root:/ File:D:/UE_4.27/FeaturePacks/TP_SideScroller.upack)
[2022.01.30-05.37.04:549][  0]LogPakFile: OnPakFileMounted2Time == 0.000132
[2022.01.30-05.37.04:550][  0]LogPakFile: PakFile PrimaryIndexSize=190
[2022.01.30-05.37.04:550][  0]LogPakFile: PakFile PathHashIndexSize=101
[2022.01.30-05.37.04:550][  0]LogPakFile: PakFile FullDirectoryIndexSize=154
[2022.01.30-05.37.04:550][  0]LogShaderLibrary: Display: ShaderCodeLibraryPakFileMountedCallback: PakFile 'D:/UE_4.27/FeaturePacks/TP_SideScrollerBP.upack' (chunk index -1, root 'root:/') mounted
[2022.01.30-05.37.04:550][  0]LogShaderLibrary: Display: ShaderCodeLibraryPakFileMountedCallback: pending pak file info (ChunkID:-1 Root:root:/ File:D:/UE_4.27/FeaturePacks/TP_SideScrollerBP.upack)
[2022.01.30-05.37.04:550][  0]LogPakFile: OnPakFileMounted2Time == 0.000148
[2022.01.30-05.37.04:551][  0]LogPakFile: PakFile PrimaryIndexSize=187
[2022.01.30-05.37.04:552][  0]LogPakFile: PakFile PathHashIndexSize=101
[2022.01.30-05.37.04:552][  0]LogPakFile: PakFile FullDirectoryIndexSize=148
[2022.01.30-05.37.04:552][  0]LogShaderLibrary: Display: ShaderCodeLibraryPakFileMountedCallback: PakFile 'D:/UE_4.27/FeaturePacks/TP_ThirdPerson.upack' (chunk index -1, root 'root:/') mounted
[2022.01.30-05.37.04:552][  0]LogShaderLibrary: Display: ShaderCodeLibraryPakFileMountedCallback: pending pak file info (ChunkID:-1 Root:root:/ File:D:/UE_4.27/FeaturePacks/TP_ThirdPerson.upack)
[2022.01.30-05.37.04:552][  0]LogPakFile: OnPakFileMounted2Time == 0.000162
[2022.01.30-05.37.04:553][  0]LogPakFile: PakFile PrimaryIndexSize=189
[2022.01.30-05.37.04:553][  0]LogPakFile: PakFile PathHashIndexSize=101
[2022.01.30-05.37.04:553][  0]LogPakFile: PakFile FullDirectoryIndexSize=152
[2022.01.30-05.37.04:553][  0]LogShaderLibrary: Display: ShaderCodeLibraryPakFileMountedCallback: PakFile 'D:/UE_4.27/FeaturePacks/TP_ThirdPersonBP.upack' (chunk index -1, root 'root:/') mounted
[2022.01.30-05.37.04:554][  0]LogShaderLibrary: Display: ShaderCodeLibraryPakFileMountedCallback: pending pak file info (ChunkID:-1 Root:root:/ File:D:/UE_4.27/FeaturePacks/TP_ThirdPersonBP.upack)
[2022.01.30-05.37.04:554][  0]LogPakFile: OnPakFileMounted2Time == 0.000150
[2022.01.30-05.37.04:555][  0]LogPakFile: PakFile PrimaryIndexSize=183
[2022.01.30-05.37.04:555][  0]LogPakFile: PakFile PathHashIndexSize=101
[2022.01.30-05.37.04:555][  0]LogPakFile: PakFile FullDirectoryIndexSize=140
[2022.01.30-05.37.04:555][  0]LogShaderLibrary: Display: ShaderCodeLibraryPakFileMountedCallback: PakFile 'D:/UE_4.27/FeaturePacks/TP_TopDown.upack' (chunk index -1, root 'root:/') mounted
[2022.01.30-05.37.04:555][  0]LogShaderLibrary: Display: ShaderCodeLibraryPakFileMountedCallback: pending pak file info (ChunkID:-1 Root:root:/ File:D:/UE_4.27/FeaturePacks/TP_TopDown.upack)
[2022.01.30-05.37.04:555][  0]LogPakFile: OnPakFileMounted2Time == 0.000170
[2022.01.30-05.37.04:557][  0]LogPakFile: PakFile PrimaryIndexSize=185
[2022.01.30-05.37.04:557][  0]LogPakFile: PakFile PathHashIndexSize=101
[2022.01.30-05.37.04:557][  0]LogPakFile: PakFile FullDirectoryIndexSize=144
[2022.01.30-05.37.04:557][  0]LogShaderLibrary: Display: ShaderCodeLibraryPakFileMountedCallback: PakFile 'D:/UE_4.27/FeaturePacks/TP_TopDownBP.upack' (chunk index -1, root 'root:/') mounted
[2022.01.30-05.37.04:557][  0]LogShaderLibrary: Display: ShaderCodeLibraryPakFileMountedCallback: pending pak file info (ChunkID:-1 Root:root:/ File:D:/UE_4.27/FeaturePacks/TP_TopDownBP.upack)
[2022.01.30-05.37.04:557][  0]LogPakFile: OnPakFileMounted2Time == 0.000131
[2022.01.30-05.37.04:559][  0]LogPakFile: PakFile PrimaryIndexSize=185
[2022.01.30-05.37.04:559][  0]LogPakFile: PakFile PathHashIndexSize=101
[2022.01.30-05.37.04:559][  0]LogPakFile: PakFile FullDirectoryIndexSize=144
[2022.01.30-05.37.04:559][  0]LogShaderLibrary: Display: ShaderCodeLibraryPakFileMountedCallback: PakFile 'D:/UE_4.27/FeaturePacks/TP_TwinStick.upack' (chunk index -1, root 'root:/') mounted
[2022.01.30-05.37.04:559][  0]LogShaderLibrary: Display: ShaderCodeLibraryPakFileMountedCallback: pending pak file info (ChunkID:-1 Root:root:/ File:D:/UE_4.27/FeaturePacks/TP_TwinStick.upack)
[2022.01.30-05.37.04:559][  0]LogPakFile: OnPakFileMounted2Time == 0.000143
[2022.01.30-05.37.04:560][  0]LogPakFile: PakFile PrimaryIndexSize=187
[2022.01.30-05.37.04:561][  0]LogPakFile: PakFile PathHashIndexSize=101
[2022.01.30-05.37.04:561][  0]LogPakFile: PakFile FullDirectoryIndexSize=148
[2022.01.30-05.37.04:561][  0]LogShaderLibrary: Display: ShaderCodeLibraryPakFileMountedCallback: PakFile 'D:/UE_4.27/FeaturePacks/TP_TwinStickBP.upack' (chunk index -1, root 'root:/') mounted
[2022.01.30-05.37.04:561][  0]LogShaderLibrary: Display: ShaderCodeLibraryPakFileMountedCallback: pending pak file info (ChunkID:-1 Root:root:/ File:D:/UE_4.27/FeaturePacks/TP_TwinStickBP.upack)
[2022.01.30-05.37.04:561][  0]LogPakFile: OnPakFileMounted2Time == 0.000121
[2022.01.30-05.37.04:562][  0]LogPakFile: PakFile PrimaryIndexSize=183
[2022.01.30-05.37.04:562][  0]LogPakFile: PakFile PathHashIndexSize=101
[2022.01.30-05.37.04:562][  0]LogPakFile: PakFile FullDirectoryIndexSize=140
[2022.01.30-05.37.04:562][  0]LogShaderLibrary: Display: ShaderCodeLibraryPakFileMountedCallback: PakFile 'D:/UE_4.27/FeaturePacks/TP_Vehicle.upack' (chunk index -1, root 'root:/') mounted
[2022.01.30-05.37.04:562][  0]LogShaderLibrary: Display: ShaderCodeLibraryPakFileMountedCallback: pending pak file info (ChunkID:-1 Root:root:/ File:D:/UE_4.27/FeaturePacks/TP_Vehicle.upack)
[2022.01.30-05.37.04:562][  0]LogPakFile: OnPakFileMounted2Time == 0.000124
[2022.01.30-05.37.04:564][  0]LogPakFile: PakFile PrimaryIndexSize=186
[2022.01.30-05.37.04:564][  0]LogPakFile: PakFile PathHashIndexSize=101
[2022.01.30-05.37.04:564][  0]LogPakFile: PakFile FullDirectoryIndexSize=146
[2022.01.30-05.37.04:564][  0]LogShaderLibrary: Display: ShaderCodeLibraryPakFileMountedCallback: PakFile 'D:/UE_4.27/FeaturePacks/TP_VehicleAdv.upack' (chunk index -1, root 'root:/') mounted
[2022.01.30-05.37.04:564][  0]LogShaderLibrary: Display: ShaderCodeLibraryPakFileMountedCallback: pending pak file info (ChunkID:-1 Root:root:/ File:D:/UE_4.27/FeaturePacks/TP_VehicleAdv.upack)
[2022.01.30-05.37.04:564][  0]LogPakFile: OnPakFileMounted2Time == 0.000137
[2022.01.30-05.37.04:565][  0]LogPakFile: PakFile PrimaryIndexSize=188
[2022.01.30-05.37.04:566][  0]LogPakFile: PakFile PathHashIndexSize=101
[2022.01.30-05.37.04:566][  0]LogPakFile: PakFile FullDirectoryIndexSize=150
[2022.01.30-05.37.04:566][  0]LogShaderLibrary: Display: ShaderCodeLibraryPakFileMountedCallback: PakFile 'D:/UE_4.27/FeaturePacks/TP_VehicleAdvBP.upack' (chunk index -1, root 'root:/') mounted
[2022.01.30-05.37.04:566][  0]LogShaderLibrary: Display: ShaderCodeLibraryPakFileMountedCallback: pending pak file info (ChunkID:-1 Root:root:/ File:D:/UE_4.27/FeaturePacks/TP_VehicleAdvBP.upack)
[2022.01.30-05.37.04:566][  0]LogPakFile: OnPakFileMounted2Time == 0.000155
[2022.01.30-05.37.04:567][  0]LogPakFile: PakFile PrimaryIndexSize=185
[2022.01.30-05.37.04:567][  0]LogPakFile: PakFile PathHashIndexSize=101
[2022.01.30-05.37.04:568][  0]LogPakFile: PakFile FullDirectoryIndexSize=144
[2022.01.30-05.37.04:568][  0]LogShaderLibrary: Display: ShaderCodeLibraryPakFileMountedCallback: PakFile 'D:/UE_4.27/FeaturePacks/TP_VehicleBP.upack' (chunk index -1, root 'root:/') mounted
[2022.01.30-05.37.04:568][  0]LogShaderLibrary: Display: ShaderCodeLibraryPakFileMountedCallback: pending pak file info (ChunkID:-1 Root:root:/ File:D:/UE_4.27/FeaturePacks/TP_VehicleBP.upack)
[2022.01.30-05.37.04:568][  0]LogPakFile: OnPakFileMounted2Time == 0.000145
[2022.01.30-05.37.04:569][  0]LogPakFile: PakFile PrimaryIndexSize=192
[2022.01.30-05.37.04:569][  0]LogPakFile: PakFile PathHashIndexSize=101
[2022.01.30-05.37.04:569][  0]LogPakFile: PakFile FullDirectoryIndexSize=158
[2022.01.30-05.37.04:569][  0]LogShaderLibrary: Display: ShaderCodeLibraryPakFileMountedCallback: PakFile 'D:/UE_4.27/FeaturePacks/TP_VirtualRealityBP.upack' (chunk index -1, root 'root:/') mounted
[2022.01.30-05.37.04:570][  0]LogShaderLibrary: Display: ShaderCodeLibraryPakFileMountedCallback: pending pak file info (ChunkID:-1 Root:root:/ File:D:/UE_4.27/FeaturePacks/TP_VirtualRealityBP.upack)
[2022.01.30-05.37.04:570][  0]LogPakFile: OnPakFileMounted2Time == 0.000151
[2022.01.30-05.37.04:631][  0]LogNativeClassHierarchy: Verbose: Native class hierarchy updated for 'AddContentDialog' in 0.0003 seconds. Added 0 classes and 0 folders.
[2022.01.30-05.37.04:635][  0]LogNativeClassHierarchy: Verbose: Native class hierarchy updated for 'SceneOutliner' in 0.0003 seconds. Added 2 classes and 0 folders.
[2022.01.30-05.37.04:699][  0]LogSlate: Took 0.001052 seconds to synchronously load lazily loaded font '../../../Engine/Content/Slate/Fonts/Roboto-Regular.ttf' (155K)
[2022.01.30-05.37.04:700][  0]LogSlate: Took 0.000800 seconds to synchronously load lazily loaded font '../../../Engine/Content/Editor/Slate/Fonts/FontAwesome.ttf' (139K)
[2022.01.30-05.37.04:702][  0]LogSlate: Took 0.000781 seconds to synchronously load lazily loaded font '../../../Engine/Content/Slate/Fonts/Roboto-Bold.ttf' (160K)
[2022.01.30-05.37.04:776][  0]LogRenderer: Reallocating scene render targets to support 1208x532 Format 10 NumSamples 1 (Frame:1).
[2022.01.30-05.37.04:821][  0]LogSlate: Took 0.000115 seconds to synchronously load lazily loaded font '../../../Engine/Content/Slate/Fonts/Roboto-Light.ttf' (167K)
[2022.01.30-05.37.04:876][  0]LogNativeClassHierarchy: Verbose: Native class hierarchy updated for 'HierarchicalLODOutliner' in 0.0003 seconds. Added 0 classes and 0 folders.
[2022.01.30-05.37.04:876][  0]LogLoad: (Engine Initialization) Total time: 7.87 seconds
[2022.01.30-05.37.04:876][  0]LogLoad: (Engine Initialization) Total Blueprint compile time: 0.00 seconds
[2022.01.30-05.37.04:949][  0]LogAssetRegistry: Asset discovery search completed in 4.6058 seconds
[2022.01.30-05.37.04:955][  0]LogCollectionManager: Fixed up redirectors for 0 collections in 0.000001 seconds (updated 0 objects)
[2022.01.30-05.37.04:956][  0]LogContentStreaming: Texture pool size now 1000 MB
[2022.01.30-05.37.14:448][568]LogSlate: Took 0.000133 seconds to synchronously load lazily loaded font '../../../Engine/Content/Slate/Fonts/Roboto-Light.ttf' (167K)
[2022.01.30-05.37.14:464][568]LogAssetEditorSubsystem: Opening Asset editor for WidgetBlueprint /Game/_Game/UMG/W_GameHUD.W_GameHUD
[2022.01.30-05.37.14:550][568]LogNativeClassHierarchy: Verbose: Native class hierarchy updated for 'BlueprintGraph' in 0.0005 seconds. Added 126 classes and 0 folders.
[2022.01.30-05.37.15:558][568]LogSlate: Took 0.000131 seconds to synchronously load lazily loaded font '../../../Engine/Content/Slate/Fonts/Roboto-BoldCondensed.ttf' (158K)
[2022.01.30-05.37.17:960][706]LogSlate: Took 0.000829 seconds to synchronously load lazily loaded font '../../../Engine/Content/Slate/Fonts/Roboto-Italic.ttf' (157K)
[2022.01.30-05.37.23:715][ 48]LogEditorClassViewer: Warning: Class /Engine/Tutorial/InWorldBlueprintEditing/TutorialAssets/IWBE_Blutility.IWBE_Blutility_C has parent /Script/Blutility.PlacedEditorUtilityBase, but this parent is not found. The Class will not be shown in ClassViewer.
[2022.01.30-05.37.26:959][241]LogBlueprint: Warning: Reparenting blueprint WidgetBlueprint /Game/_Game/UMG/W_GameHUD.W_GameHUD from UserWidget to GameHud...
[2022.01.30-05.37.26:967][241]BlueprintLog: New page: Compile W_GameHUD
[2022.01.30-05.37.27:015][241]LogUObjectHash: Compacting FUObjectHashTables data took   3.24ms
[2022.01.30-05.37.39:408][904]Cmd: OBJ SAVEPACKAGE PACKAGE="/Game/_Game/UMG/W_GameHUD" FILE="../../../../Unreal_c++/EndlessRun/EndlessRunner/Content/_Game/UMG/W_GameHUD.uasset" SILENT=true
[2022.01.30-05.37.39:412][904]LogSavePackage: Moving '../../../../Unreal_c++/EndlessRun/EndlessRunner/Saved/W_GameHUD17F4856B478955741516E8B512BB0D38.tmp' to '../../../../Unreal_c++/EndlessRun/EndlessRunner/Content/_Game/UMG/W_GameHUD.uasset'
[2022.01.30-05.37.39:427][904]AssetCheck: New page: Asset Save: W_GameHUD
[2022.01.30-05.37.39:427][904]LogContentValidation: Display: Validating WidgetBlueprint /Game/_Game/UMG/W_GameHUD.W_GameHUD
