Log file open, 01/29/22 13:36:54
LogWindows: Failed to load 'aqProf.dll' (GetLastError=126)
LogWindows: File 'aqProf.dll' does not exist
LogWindows: Failed to load 'VtuneApi.dll' (GetLastError=126)
LogWindows: File 'VtuneApi.dll' does not exist
LogWindows: Failed to load 'VtuneApi32e.dll' (GetLastError=126)
LogWindows: File 'VtuneApi32e.dll' does not exist
LogConsoleResponse: Display: Failed to find resolution value strings in scalability ini. Falling back to default.
LogConsoleResponse: Display: Failed to find resolution value strings in scalability ini. Falling back to default.
LogInit: Display: Running engine for game: EndlessRunner
LogPlatformFile: Not using cached read wrapper
LogTaskGraph: Started task graph with 5 named threads and 47 total threads with 3 sets of task threads.
LogStats: Stats thread started at 0.343611
LogICUInternationalization: ICU TimeZone Detection - Raw Offset: +7:00, Platform Override: ''
LogInit: Display: Loading text-based GConfig....
LogPluginManager: Mounting plugin MeshPainting
LogPluginManager: Mounting plugin XGEController
LogPluginManager: Mounting plugin AISupport
LogPluginManager: Mounting plugin Paper2D
LogPluginManager: Mounting plugin EnvironmentQueryEditor
LogPluginManager: Mounting plugin LightPropagationVolume
LogPluginManager: Mounting plugin LiveLink
LogPluginManager: Mounting plugin GameplayCameras
LogPluginManager: Mounting plugin CameraShakePreviewer
LogPluginManager: Mounting plugin AnimationSharing
LogPluginManager: Mounting plugin CLionSourceCodeAccess
LogPluginManager: Mounting plugin CodeLiteSourceCodeAccess
LogPluginManager: Mounting plugin KDevelopSourceCodeAccess
LogPluginManager: Mounting plugin OodleData
LogPluginManager: Mounting plugin GitSourceControl
LogPluginManager: Mounting plugin OodleNetwork
LogPluginManager: Mounting plugin PixWinPlugin
LogPluginManager: Mounting plugin PerforceSourceControl
LogPluginManager: Mounting plugin PropertyAccessNode
LogPluginManager: Mounting plugin PluginUtils
LogPluginManager: Mounting plugin TextureFormatOodle
LogPluginManager: Mounting plugin PlasticSourceControl
LogPluginManager: Mounting plugin SubversionSourceControl
LogPluginManager: Mounting plugin NullSourceCodeAccess
LogPluginManager: Mounting plugin RiderSourceCodeAccess
LogPluginManager: Mounting plugin VisualStudioCodeSourceCodeAccess
LogPluginManager: Mounting plugin Niagara
LogPluginManager: Mounting plugin UObjectPlugin
LogPluginManager: Mounting plugin XCodeSourceCodeAccess
LogPluginManager: Mounting plugin VisualStudioSourceCodeAccess
LogPluginManager: Mounting plugin VariantManagerContent
LogPluginManager: Mounting plugin DatasmithContent
LogPluginManager: Mounting plugin AlembicImporter
LogPluginManager: Mounting plugin AutomationUtils
LogPluginManager: Mounting plugin ChaosEditor
LogPluginManager: Mounting plugin ChaosNiagara
LogPluginManager: Mounting plugin ChaosSolverPlugin
LogPluginManager: Mounting plugin ChaosClothEditor
LogPluginManager: Mounting plugin MagicLeap
LogPluginManager: Mounting plugin BackChannel
LogPluginManager: Mounting plugin ChaosCloth
LogPluginManager: Mounting plugin LuminPlatformFeatures
LogPluginManager: Mounting plugin MagicLeapLightEstimation
LogPluginManager: Mounting plugin MLSDK
LogPluginManager: Mounting plugin MagicLeapPassableWorld
LogPluginManager: Mounting plugin AssetManagerEditor
LogPluginManager: Mounting plugin MagicLeapMedia
LogPluginManager: Mounting plugin AndroidMedia
LogPluginManager: Mounting plugin AvfMedia
LogPluginManager: Mounting plugin MediaCompositing
LogPluginManager: Mounting plugin WebMMedia
LogPluginManager: Mounting plugin WmfMedia
LogPluginManager: Mounting plugin MediaPlayerEditor
LogPluginManager: Mounting plugin CryptoKeys
LogPluginManager: Mounting plugin CurveEditorTools
LogPluginManager: Mounting plugin DataValidation
LogPluginManager: Mounting plugin MacGraphicsSwitching
LogPluginManager: Mounting plugin GeometryMode
LogPluginManager: Mounting plugin ImgMedia
LogPluginManager: Mounting plugin MaterialAnalyzer
LogPluginManager: Mounting plugin GameplayTagsEditor
LogPluginManager: Mounting plugin FacialAnimation
LogPluginManager: Mounting plugin MobileLauncherProfileWizard
LogPluginManager: Mounting plugin PluginBrowser
LogPluginManager: Mounting plugin TcpMessaging
LogPluginManager: Mounting plugin UdpMessaging
LogPluginManager: Mounting plugin OnlineSubsystem
LogPluginManager: Mounting plugin SpeedTreeImporter
LogPluginManager: Mounting plugin OnlineSubsystemNull
LogPluginManager: Mounting plugin OnlineSubsystemUtils
LogPluginManager: Mounting plugin LauncherChunkInstaller
LogPluginManager: Mounting plugin ActorSequence
LogPluginManager: Mounting plugin MatineeToLevelSequence
LogPluginManager: Mounting plugin LevelSequenceEditor
LogPluginManager: Mounting plugin AndroidDeviceProfileSelector
LogPluginManager: Mounting plugin AndroidMoviePlayer
LogPluginManager: Mounting plugin AndroidPermission
LogPluginManager: Mounting plugin ActorLayerUtilities
LogPluginManager: Mounting plugin AppleImageUtils
LogPluginManager: Mounting plugin AppleMoviePlayer
LogPluginManager: Mounting plugin ScreenshotTools
LogPluginManager: Mounting plugin ArchVisCharacter
LogPluginManager: Mounting plugin AssetTags
LogPluginManager: Mounting plugin CableComponent
LogPluginManager: Mounting plugin TemplateSequence
LogPluginManager: Mounting plugin ChunkDownloader
LogPluginManager: Mounting plugin CustomMeshComponent
LogPluginManager: Mounting plugin AudioSynesthesia
LogPluginManager: Mounting plugin ExampleDeviceProfileSelector
LogPluginManager: Mounting plugin EditableMesh
LogPluginManager: Mounting plugin AudioCapture
LogPluginManager: Mounting plugin GoogleCloudMessaging
LogPluginManager: Mounting plugin GooglePAD
LogPluginManager: Mounting plugin Takes
LogPluginManager: Mounting plugin LinuxDeviceProfileSelector
LogPluginManager: Mounting plugin IOSDeviceProfileSelector
LogPluginManager: Mounting plugin LocationServicesBPLibrary
LogPluginManager: Mounting plugin MobilePatchingUtils
LogPluginManager: Mounting plugin OpenXR
LogPluginManager: Mounting plugin OpenXREyeTracker
LogPluginManager: Mounting plugin PostSplashScreen
LogPluginManager: Mounting plugin PropertyAccessEditor
LogPluginManager: Mounting plugin PhysXVehicles
LogPluginManager: Mounting plugin ProceduralMeshComponent
LogPluginManager: Mounting plugin RuntimePhysXCooking
LogPluginManager: Mounting plugin SignificanceManager
LogPluginManager: Mounting plugin OpenXRHandTracking
LogPluginManager: Mounting plugin SoundFields
LogPluginManager: Mounting plugin Synthesis
LogPluginManager: Mounting plugin WebMMoviePlayer
LogPluginManager: Mounting plugin WindowsMoviePlayer
LogPluginManager: Mounting plugin CharacterAI
LogPluginManager: Mounting plugin GeometryCache
LogPluginManager: Mounting plugin GeometryCollectionPlugin
LogPluginManager: Mounting plugin GeometryProcessing
LogPluginManager: Mounting plugin OpenImageDenoise
LogPluginManager: Mounting plugin MotoSynth
LogPluginManager: Mounting plugin ProxyLODPlugin
LogPluginManager: Mounting plugin PlatformCrypto
LogPluginManager: Mounting plugin PlanarCut
LogPluginManager: Mounting plugin SkeletalReduction
LogPluginManager: Mounting plugin PythonScriptPlugin
LogPluginManager: Mounting plugin ContentBrowserAssetDataSource
LogPluginManager: Mounting plugin ContentBrowserClassDataSource
LogPluginManager: Mounting plugin ContentBrowserFileDataSource
LogPluginManager: Mounting plugin OnlineSubsystemIOS
LogPluginManager: Mounting plugin OnlineSubsystemGooglePlay
LogPluginManager: Mounting plugin OculusVR
LogPluginManager: Mounting plugin SteamVR
PixWinPlugin: PIX capture plugin failed to initialize! Check that the process is launched from PIX.
LogInit: Using libcurl 7.55.1-DEV
LogInit:  - built for x86_64-pc-win32
LogInit:  - supports SSL with OpenSSL/1.1.1
LogInit:  - supports HTTP deflate (compression) using libz 1.2.8
LogInit:  - other features:
LogInit:      CURL_VERSION_SSL
LogInit:      CURL_VERSION_LIBZ
LogInit:      CURL_VERSION_IPV6
LogInit:      CURL_VERSION_ASYNCHDNS
LogInit:      CURL_VERSION_LARGEFILE
LogInit:      CURL_VERSION_IDN
LogInit:  CurlRequestOptions (configurable via config and command line):
LogInit:  - bVerifyPeer = true  - Libcurl will verify peer certificate
LogInit:  - bUseHttpProxy = false  - Libcurl will NOT use HTTP proxy
LogInit:  - bDontReuseConnections = false  - Libcurl will reuse connections
LogInit:  - MaxHostConnections = 16  - Libcurl will limit the number of connections to a host
LogInit:  - LocalHostAddr = Default
LogInit:  - BufferSize = 65536
LogOnline: OSS: Creating online subsystem instance for: NULL
LogInit: WinSock: version 1.1 (2.2), MaxSocks=32767, MaxUdp=65467
LogOnline: OSS: TryLoadSubsystemAndSetDefault: Loaded subsystem for module [NULL]
LogOculusPluginWrapper: OculusPlugin initialized successfully
LogHMD: Failed initializing OVRPlugin 1.59.0
LogInit: Build: ++UE4+Release-4.27-CL-17735300
LogInit: Engine Version: 4.27.1-17735300+++UE4+Release-4.27
LogInit: Compatible Engine Version: 4.27.0-17155196+++UE4+Release-4.27
LogInit: Net CL: 17155196
LogInit: OS: Windows 10 (Release 2009) (), CPU: AMD Ryzen 7 5800H with Radeon Graphics         , GPU: NVIDIA GeForce RTX 3060 Laptop GPU
LogInit: Compiled (64-bit): Oct  6 2021 14:42:51
LogInit: Compiled with Visual C++: 19.24.28315.00
LogInit: Build Configuration: Development
LogInit: Branch Name: ++UE4+Release-4.27
LogInit: Command Line:  -skipcompile
LogInit: Base Directory: D:/UE_4.27/Engine/Binaries/Win64/
LogInit: Allocator: TBB
LogInit: Installed Engine Build: 1
LogDevObjectVersion: Number of dev versions registered: 29
LogDevObjectVersion:   Dev-Blueprints (B0D832E4-1F89-4F0D-ACCF-7EB736FD4AA2): 10
LogDevObjectVersion:   Dev-Build (E1C64328-A22C-4D53-A36C-8E866417BD8C): 0
LogDevObjectVersion:   Dev-Core (375EC13C-06E4-48FB-B500-84F0262A717E): 4
LogDevObjectVersion:   Dev-Editor (E4B068ED-F494-42E9-A231-DA0B2E46BB41): 40
LogDevObjectVersion:   Dev-Framework (CFFC743F-43B0-4480-9391-14DF171D2073): 37
LogDevObjectVersion:   Dev-Mobile (B02B49B5-BB20-44E9-A304-32B752E40360): 3
LogDevObjectVersion:   Dev-Networking (A4E4105C-59A1-49B5-A7C5-40C4547EDFEE): 0
LogDevObjectVersion:   Dev-Online (39C831C9-5AE6-47DC-9A44-9C173E1C8E7C): 0
LogDevObjectVersion:   Dev-Physics (78F01B33-EBEA-4F98-B9B4-84EACCB95AA2): 14
LogDevObjectVersion:   Dev-Platform (6631380F-2D4D-43E0-8009-CF276956A95A): 0
LogDevObjectVersion:   Dev-Rendering (12F88B9F-8875-4AFC-A67C-D90C383ABD29): 45
LogDevObjectVersion:   Dev-Sequencer (7B5AE74C-D270-4C10-A958-57980B212A5A): 13
LogDevObjectVersion:   Dev-VR (D7296918-1DD6-4BDD-9DE2-64A83CC13884): 3
LogDevObjectVersion:   Dev-LoadTimes (C2A15278-BFE7-4AFE-6C17-90FF531DF755): 1
LogDevObjectVersion:   Private-Geometry (6EACA3D4-40EC-4CC1-B786-8BED09428FC5): 3
LogDevObjectVersion:   Dev-AnimPhys (29E575DD-E0A3-4627-9D10-D276232CDCEA): 17
LogDevObjectVersion:   Dev-Anim (AF43A65D-7FD3-4947-9873-3E8ED9C1BB05): 15
LogDevObjectVersion:   Dev-ReflectionCapture (6B266CEC-1EC7-4B8F-A30B-E4D90942FC07): 1
LogDevObjectVersion:   Dev-Automation (0DF73D61-A23F-47EA-B727-89E90C41499A): 1
LogDevObjectVersion:   FortniteMain (601D1886-AC64-4F84-AA16-D3DE0DEAC7D6): 47
LogDevObjectVersion:   FortniteRelease (E7086368-6B23-4C58-8439-1B7016265E91): 1
LogDevObjectVersion:   Dev-Enterprise (9DFFBCD6-494F-0158-E221-12823C92A888): 10
LogDevObjectVersion:   Dev-Niagara (F2AED0AC-9AFE-416F-8664-AA7FFA26D6FC): 1
LogDevObjectVersion:   Dev-Destruction (174F1F0B-B4C6-45A5-B13F-2EE8D0FB917D): 10
LogDevObjectVersion:   Dev-Physics-Ext (35F94A83-E258-406C-A318-09F59610247C): 41
LogDevObjectVersion:   Dev-PhysicsMaterial-Chaos (B68FC16E-8B1B-42E2-B453-215C058844FE): 1
LogDevObjectVersion:   Dev-CineCamera (B2E18506-4273-CFC2-A54E-F4BB758BBA07): 1
LogDevObjectVersion:   Dev-VirtualProduction (64F58936-FD1B-42BA-BA96-7289D5D0FA4E): 1
LogDevObjectVersion:   Dev-MediaFramework (6F0ED827-A609-4895-9C91-998D90180EA4): 2
LogInit: Presizing for max 25165824 objects, including 0 objects not considered by GC, pre-allocating 0 bytes for permanent pool.
LogConfig: Applying CVar settings from Section [/Script/Engine.StreamingSettings] File [D:/Unreal_c++/EndlessRun/EndlessRunner/Saved/Config/Windows/Engine.ini]
LogConfig: Setting CVar [[s.MinBulkDataSizeForAsyncLoading:131072]]
LogConfig: Setting CVar [[s.AsyncLoadingThreadEnabled:0]]
LogConfig: Setting CVar [[s.EventDrivenLoaderEnabled:1]]
LogConfig: Setting CVar [[s.WarnIfTimeLimitExceeded:0]]
LogConfig: Setting CVar [[s.TimeLimitExceededMultiplier:1.5]]
LogConfig: Setting CVar [[s.TimeLimitExceededMinTime:0.005]]
LogConfig: Setting CVar [[s.UseBackgroundLevelStreaming:1]]
LogConfig: Setting CVar [[s.PriorityAsyncLoadingExtraTime:15.0]]
LogConfig: Setting CVar [[s.LevelStreamingActorsUpdateTimeLimit:5.0]]
LogConfig: Setting CVar [[s.PriorityLevelStreamingActorsUpdateExtraTime:5.0]]
LogConfig: Setting CVar [[s.LevelStreamingComponentsRegistrationGranularity:10]]
LogConfig: Setting CVar [[s.UnregisterComponentsTimeLimit:1.0]]
LogConfig: Setting CVar [[s.LevelStreamingComponentsUnregistrationGranularity:5]]
LogConfig: Setting CVar [[s.FlushStreamingOnExit:1]]
LogInit: Object subsystem initialized
LogConfig: Setting CVar [[con.DebugEarlyDefault:1]]
LogConfig: Setting CVar [[r.setres:1280x720]]
[2022.01.29-06.36.54:853][  0]LogConfig: Setting CVar [[r.VSync:0]]
[2022.01.29-06.36.54:853][  0]LogConfig: Setting CVar [[r.RHICmdBypass:0]]
[2022.01.29-06.36.54:853][  0]LogConfig: Applying CVar settings from Section [/Script/Engine.RendererSettings] File [D:/Unreal_c++/EndlessRun/EndlessRunner/Saved/Config/Windows/Engine.ini]
[2022.01.29-06.36.54:853][  0]LogConfig: Setting CVar [[r.GPUCrashDebugging:0]]
[2022.01.29-06.36.54:853][  0]LogConfig: Applying CVar settings from Section [/Script/Engine.RendererOverrideSettings] File [D:/Unreal_c++/EndlessRun/EndlessRunner/Saved/Config/Windows/Engine.ini]
[2022.01.29-06.36.54:853][  0]LogConfig: Applying CVar settings from Section [/Script/Engine.StreamingSettings] File [D:/Unreal_c++/EndlessRun/EndlessRunner/Saved/Config/Windows/Engine.ini]
[2022.01.29-06.36.54:853][  0]LogConfig: Setting CVar [[s.MinBulkDataSizeForAsyncLoading:131072]]
[2022.01.29-06.36.54:853][  0]LogConfig: Setting CVar [[s.AsyncLoadingThreadEnabled:0]]
[2022.01.29-06.36.54:853][  0]LogConfig: Setting CVar [[s.EventDrivenLoaderEnabled:1]]
[2022.01.29-06.36.54:853][  0]LogConfig: Setting CVar [[s.WarnIfTimeLimitExceeded:0]]
[2022.01.29-06.36.54:853][  0]LogConfig: Setting CVar [[s.TimeLimitExceededMultiplier:1.5]]
[2022.01.29-06.36.54:853][  0]LogConfig: Setting CVar [[s.TimeLimitExceededMinTime:0.005]]
[2022.01.29-06.36.54:853][  0]LogConfig: Setting CVar [[s.UseBackgroundLevelStreaming:1]]
[2022.01.29-06.36.54:853][  0]LogConfig: Setting CVar [[s.PriorityAsyncLoadingExtraTime:15.0]]
[2022.01.29-06.36.54:853][  0]LogConfig: Setting CVar [[s.LevelStreamingActorsUpdateTimeLimit:5.0]]
[2022.01.29-06.36.54:853][  0]LogConfig: Setting CVar [[s.PriorityLevelStreamingActorsUpdateExtraTime:5.0]]
[2022.01.29-06.36.54:853][  0]LogConfig: Setting CVar [[s.LevelStreamingComponentsRegistrationGranularity:10]]
[2022.01.29-06.36.54:853][  0]LogConfig: Setting CVar [[s.UnregisterComponentsTimeLimit:1.0]]
[2022.01.29-06.36.54:853][  0]LogConfig: Setting CVar [[s.LevelStreamingComponentsUnregistrationGranularity:5]]
[2022.01.29-06.36.54:853][  0]LogConfig: Setting CVar [[s.FlushStreamingOnExit:1]]
[2022.01.29-06.36.54:854][  0]LogConfig: Applying CVar settings from Section [/Script/Engine.GarbageCollectionSettings] File [D:/Unreal_c++/EndlessRun/EndlessRunner/Saved/Config/Windows/Engine.ini]
[2022.01.29-06.36.54:854][  0]LogConfig: Setting CVar [[gc.MaxObjectsNotConsideredByGC:1]]
[2022.01.29-06.36.54:854][  0]LogConfig: Setting CVar [[gc.SizeOfPermanentObjectPool:0]]
[2022.01.29-06.36.54:854][  0]LogConfig: Setting CVar [[gc.FlushStreamingOnGC:0]]
[2022.01.29-06.36.54:854][  0]LogConfig: Setting CVar [[gc.NumRetriesBeforeForcingGC:10]]
[2022.01.29-06.36.54:854][  0]LogConfig: Setting CVar [[gc.AllowParallelGC:1]]
[2022.01.29-06.36.54:854][  0]LogConfig: Setting CVar [[gc.TimeBetweenPurgingPendingKillObjects:61.1]]
[2022.01.29-06.36.54:854][  0]LogConfig: Setting CVar [[gc.MaxObjectsInEditor:25165824]]
[2022.01.29-06.36.54:854][  0]LogConfig: Setting CVar [[gc.IncrementalBeginDestroyEnabled:1]]
[2022.01.29-06.36.54:854][  0]LogConfig: Setting CVar [[gc.CreateGCClusters:1]]
[2022.01.29-06.36.54:854][  0]LogConfig: Setting CVar [[gc.MinGCClusterSize:5]]
[2022.01.29-06.36.54:854][  0]LogConfig: Setting CVar [[gc.ActorClusteringEnabled:0]]
[2022.01.29-06.36.54:854][  0]LogConfig: Setting CVar [[gc.BlueprintClusteringEnabled:0]]
[2022.01.29-06.36.54:854][  0]LogConfig: Setting CVar [[gc.UseDisregardForGCOnDedicatedServers:0]]
[2022.01.29-06.36.54:854][  0]LogConfig: Setting CVar [[gc.MultithreadedDestructionEnabled:1]]
[2022.01.29-06.36.54:854][  0]LogConfig: Applying CVar settings from Section [/Script/Engine.NetworkSettings] File [D:/Unreal_c++/EndlessRun/EndlessRunner/Saved/Config/Windows/Engine.ini]
[2022.01.29-06.36.54:854][  0]LogConfig: Applying CVar settings from Section [/Script/UnrealEd.CookerSettings] File [D:/Unreal_c++/EndlessRun/EndlessRunner/Saved/Config/Windows/Engine.ini]
[2022.01.29-06.36.54:889][  0]LogConfig: Applying CVar settings from Section [ViewDistanceQuality@3] File [D:/Unreal_c++/EndlessRun/EndlessRunner/Saved/Config/Windows/Scalability.ini]
[2022.01.29-06.36.54:889][  0]LogConfig: Setting CVar [[r.SkeletalMeshLODBias:0]]
[2022.01.29-06.36.54:889][  0]LogConfig: Setting CVar [[r.ViewDistanceScale:1.0]]
[2022.01.29-06.36.54:889][  0]LogConfig: Applying CVar settings from Section [AntiAliasingQuality@3] File [D:/Unreal_c++/EndlessRun/EndlessRunner/Saved/Config/Windows/Scalability.ini]
[2022.01.29-06.36.54:889][  0]LogConfig: Setting CVar [[r.PostProcessAAQuality:4]]
[2022.01.29-06.36.54:889][  0]LogConfig: Applying CVar settings from Section [ShadowQuality@3] File [D:/Unreal_c++/EndlessRun/EndlessRunner/Saved/Config/Windows/Scalability.ini]
[2022.01.29-06.36.54:889][  0]LogConfig: Setting CVar [[r.LightFunctionQuality:1]]
[2022.01.29-06.36.54:889][  0]LogConfig: Setting CVar [[r.ShadowQuality:5]]
[2022.01.29-06.36.54:889][  0]LogConfig: Setting CVar [[r.Shadow.CSM.MaxCascades:10]]
[2022.01.29-06.36.54:889][  0]LogConfig: Setting CVar [[r.Shadow.MaxResolution:2048]]
[2022.01.29-06.36.54:889][  0]LogConfig: Setting CVar [[r.Shadow.MaxCSMResolution:2048]]
[2022.01.29-06.36.54:889][  0]LogConfig: Setting CVar [[r.Shadow.RadiusThreshold:0.01]]
[2022.01.29-06.36.54:889][  0]LogConfig: Setting CVar [[r.Shadow.DistanceScale:1.0]]
[2022.01.29-06.36.54:889][  0]LogConfig: Setting CVar [[r.Shadow.CSM.TransitionScale:1.0]]
[2022.01.29-06.36.54:889][  0]LogConfig: Setting CVar [[r.Shadow.PreShadowResolutionFactor:1.0]]
[2022.01.29-06.36.54:890][  0]LogConfig: Setting CVar [[r.DistanceFieldShadowing:1]]
[2022.01.29-06.36.54:890][  0]LogConfig: Setting CVar [[r.DistanceFieldAO:1]]
[2022.01.29-06.36.54:890][  0]LogConfig: Setting CVar [[r.AOQuality:2]]
[2022.01.29-06.36.54:890][  0]LogConfig: Setting CVar [[r.VolumetricFog:1]]
[2022.01.29-06.36.54:890][  0]LogConfig: Setting CVar [[r.VolumetricFog.GridPixelSize:8]]
[2022.01.29-06.36.54:890][  0]LogConfig: Setting CVar [[r.VolumetricFog.GridSizeZ:128]]
[2022.01.29-06.36.54:890][  0]LogConfig: Setting CVar [[r.VolumetricFog.HistoryMissSupersampleCount:4]]
[2022.01.29-06.36.54:890][  0]LogConfig: Setting CVar [[r.LightMaxDrawDistanceScale:1]]
[2022.01.29-06.36.54:890][  0]LogConfig: Setting CVar [[r.CapsuleShadows:1]]
[2022.01.29-06.36.54:890][  0]LogConfig: Applying CVar settings from Section [PostProcessQuality@3] File [D:/Unreal_c++/EndlessRun/EndlessRunner/Saved/Config/Windows/Scalability.ini]
[2022.01.29-06.36.54:890][  0]LogConfig: Setting CVar [[r.MotionBlurQuality:4]]
[2022.01.29-06.36.54:890][  0]LogConfig: Setting CVar [[r.AmbientOcclusionMipLevelFactor:0.4]]
[2022.01.29-06.36.54:890][  0]LogConfig: Setting CVar [[r.AmbientOcclusionMaxQuality:100]]
[2022.01.29-06.36.54:890][  0]LogConfig: Setting CVar [[r.AmbientOcclusionLevels:-1]]
[2022.01.29-06.36.54:890][  0]LogConfig: Setting CVar [[r.AmbientOcclusionRadiusScale:1.0]]
[2022.01.29-06.36.54:890][  0]LogConfig: Setting CVar [[r.DepthOfFieldQuality:2]]
[2022.01.29-06.36.54:890][  0]LogConfig: Setting CVar [[r.RenderTargetPoolMin:400]]
[2022.01.29-06.36.54:890][  0]LogConfig: Setting CVar [[r.LensFlareQuality:2]]
[2022.01.29-06.36.54:890][  0]LogConfig: Setting CVar [[r.SceneColorFringeQuality:1]]
[2022.01.29-06.36.54:890][  0]LogConfig: Setting CVar [[r.EyeAdaptationQuality:2]]
[2022.01.29-06.36.54:890][  0]LogConfig: Setting CVar [[r.BloomQuality:5]]
[2022.01.29-06.36.54:890][  0]LogConfig: Setting CVar [[r.FastBlurThreshold:100]]
[2022.01.29-06.36.54:891][  0]LogConfig: Setting CVar [[r.Upscale.Quality:3]]
[2022.01.29-06.36.54:891][  0]LogConfig: Setting CVar [[r.Tonemapper.GrainQuantization:1]]
[2022.01.29-06.36.54:891][  0]LogConfig: Setting CVar [[r.LightShaftQuality:1]]
[2022.01.29-06.36.54:891][  0]LogConfig: Setting CVar [[r.Filter.SizeScale:1]]
[2022.01.29-06.36.54:891][  0]LogConfig: Setting CVar [[r.Tonemapper.Quality:5]]
[2022.01.29-06.36.54:891][  0]LogConfig: Setting CVar [[r.DOF.Gather.AccumulatorQuality:1        ; higher gathering accumulator quality]]
[2022.01.29-06.36.54:891][  0]LogConfig: Setting CVar [[r.DOF.Gather.PostfilterMethod:1          ; Median3x3 postfilering method]]
[2022.01.29-06.36.54:891][  0]LogConfig: Setting CVar [[r.DOF.Gather.EnableBokehSettings:0       ; no bokeh simulation when gathering]]
[2022.01.29-06.36.54:891][  0]LogConfig: Setting CVar [[r.DOF.Gather.RingCount:4                 ; medium number of samples when gathering]]
[2022.01.29-06.36.54:891][  0]LogConfig: Setting CVar [[r.DOF.Scatter.ForegroundCompositing:1    ; additive foreground scattering]]
[2022.01.29-06.36.54:891][  0]LogConfig: Setting CVar [[r.DOF.Scatter.BackgroundCompositing:2    ; additive background scattering]]
[2022.01.29-06.36.54:891][  0]LogConfig: Setting CVar [[r.DOF.Scatter.EnableBokehSettings:1      ; bokeh simulation when scattering]]
[2022.01.29-06.36.54:891][  0]LogConfig: Setting CVar [[r.DOF.Scatter.MaxSpriteRatio:0.1         ; only a maximum of 10% of scattered bokeh]]
[2022.01.29-06.36.54:891][  0]LogConfig: Setting CVar [[r.DOF.Recombine.Quality:1                ; cheap slight out of focus]]
[2022.01.29-06.36.54:891][  0]LogConfig: Setting CVar [[r.DOF.Recombine.EnableBokehSettings:0    ; no bokeh simulation on slight out of focus]]
[2022.01.29-06.36.54:891][  0]LogConfig: Setting CVar [[r.DOF.TemporalAAQuality:1                ; more stable temporal accumulation]]
[2022.01.29-06.36.54:891][  0]LogConfig: Setting CVar [[r.DOF.Kernel.MaxForegroundRadius:0.025]]
[2022.01.29-06.36.54:891][  0]LogConfig: Setting CVar [[r.DOF.Kernel.MaxBackgroundRadius:0.025]]
[2022.01.29-06.36.54:891][  0]LogConfig: Applying CVar settings from Section [TextureQuality@3] File [D:/Unreal_c++/EndlessRun/EndlessRunner/Saved/Config/Windows/Scalability.ini]
[2022.01.29-06.36.54:891][  0]LogConfig: Setting CVar [[r.Streaming.MipBias:0]]
[2022.01.29-06.36.54:891][  0]LogConfig: Setting CVar [[r.Streaming.AmortizeCPUToGPUCopy:0]]
[2022.01.29-06.36.54:892][  0]LogConfig: Setting CVar [[r.Streaming.MaxNumTexturesToStreamPerFrame:0]]
[2022.01.29-06.36.54:892][  0]LogConfig: Setting CVar [[r.Streaming.Boost:1]]
[2022.01.29-06.36.54:892][  0]LogConfig: Setting CVar [[r.MaxAnisotropy:8]]
[2022.01.29-06.36.54:892][  0]LogConfig: Setting CVar [[r.VT.MaxAnisotropy:8]]
[2022.01.29-06.36.54:892][  0]LogConfig: Setting CVar [[r.Streaming.LimitPoolSizeToVRAM:0]]
[2022.01.29-06.36.54:892][  0]LogConfig: Setting CVar [[r.Streaming.PoolSize:1000]]
[2022.01.29-06.36.54:892][  0]LogConfig: Setting CVar [[r.Streaming.MaxEffectiveScreenSize:0]]
[2022.01.29-06.36.54:892][  0]LogConfig: Applying CVar settings from Section [EffectsQuality@3] File [D:/Unreal_c++/EndlessRun/EndlessRunner/Saved/Config/Windows/Scalability.ini]
[2022.01.29-06.36.54:892][  0]LogConfig: Setting CVar [[r.TranslucencyLightingVolumeDim:64]]
[2022.01.29-06.36.54:892][  0]LogConfig: Setting CVar [[r.RefractionQuality:2]]
[2022.01.29-06.36.54:892][  0]LogConfig: Setting CVar [[r.SSR.Quality:3]]
[2022.01.29-06.36.54:892][  0]LogConfig: Setting CVar [[r.SSR.HalfResSceneColor:0]]
[2022.01.29-06.36.54:892][  0]LogConfig: Setting CVar [[r.SceneColorFormat:4]]
[2022.01.29-06.36.54:892][  0]LogConfig: Setting CVar [[r.DetailMode:2]]
[2022.01.29-06.36.54:892][  0]LogConfig: Setting CVar [[r.TranslucencyVolumeBlur:1]]
[2022.01.29-06.36.54:892][  0]LogConfig: Setting CVar [[r.MaterialQualityLevel:1 ; High quality]]
[2022.01.29-06.36.54:892][  0]LogConfig: Setting CVar [[r.AnisotropicMaterials:1]]
[2022.01.29-06.36.54:892][  0]LogConfig: Setting CVar [[r.SSS.Scale:1]]
[2022.01.29-06.36.54:892][  0]LogConfig: Setting CVar [[r.SSS.SampleSet:2]]
[2022.01.29-06.36.54:892][  0]LogConfig: Setting CVar [[r.SSS.Quality:1]]
[2022.01.29-06.36.54:892][  0]LogConfig: Setting CVar [[r.SSS.HalfRes:0]]
[2022.01.29-06.36.54:893][  0]LogConfig: Setting CVar [[r.SSGI.Quality:3]]
[2022.01.29-06.36.54:893][  0]LogConfig: Setting CVar [[r.EmitterSpawnRateScale:1.0]]
[2022.01.29-06.36.54:893][  0]LogConfig: Setting CVar [[r.ParticleLightQuality:2]]
[2022.01.29-06.36.54:893][  0]LogConfig: Setting CVar [[r.SkyAtmosphere.AerialPerspectiveLUT.FastApplyOnOpaque:1 ; Always have FastSkyLUT 1 in this case to avoid wrong sky]]
[2022.01.29-06.36.54:893][  0]LogConfig: Setting CVar [[r.SkyAtmosphere.AerialPerspectiveLUT.SampleCountMaxPerSlice:4]]
[2022.01.29-06.36.54:893][  0]LogConfig: Setting CVar [[r.SkyAtmosphere.AerialPerspectiveLUT.DepthResolution:16.0]]
[2022.01.29-06.36.54:893][  0]LogConfig: Setting CVar [[r.SkyAtmosphere.FastSkyLUT:1]]
[2022.01.29-06.36.54:893][  0]LogConfig: Setting CVar [[r.SkyAtmosphere.FastSkyLUT.SampleCountMin:4.0]]
[2022.01.29-06.36.54:893][  0]LogConfig: Setting CVar [[r.SkyAtmosphere.FastSkyLUT.SampleCountMax:128.0]]
[2022.01.29-06.36.54:893][  0]LogConfig: Setting CVar [[r.SkyAtmosphere.SampleCountMin:4.0]]
[2022.01.29-06.36.54:893][  0]LogConfig: Setting CVar [[r.SkyAtmosphere.SampleCountMax:128.0]]
[2022.01.29-06.36.54:893][  0]LogConfig: Setting CVar [[r.SkyAtmosphere.TransmittanceLUT.UseSmallFormat:0]]
[2022.01.29-06.36.54:893][  0]LogConfig: Setting CVar [[r.SkyAtmosphere.TransmittanceLUT.SampleCount:10.0]]
[2022.01.29-06.36.54:893][  0]LogConfig: Setting CVar [[r.SkyAtmosphere.MultiScatteringLUT.SampleCount:15.0]]
[2022.01.29-06.36.54:893][  0]LogConfig: Setting CVar [[r.SkyLight.RealTimeReflectionCapture:1]]
[2022.01.29-06.36.54:893][  0]LogConfig: Applying CVar settings from Section [FoliageQuality@3] File [D:/Unreal_c++/EndlessRun/EndlessRunner/Saved/Config/Windows/Scalability.ini]
[2022.01.29-06.36.54:893][  0]LogConfig: Setting CVar [[foliage.DensityScale:1.0]]
[2022.01.29-06.36.54:893][  0]LogConfig: Setting CVar [[grass.DensityScale:1.0]]
[2022.01.29-06.36.54:893][  0]LogConfig: Applying CVar settings from Section [ShadingQuality@3] File [D:/Unreal_c++/EndlessRun/EndlessRunner/Saved/Config/Windows/Scalability.ini]
[2022.01.29-06.36.54:893][  0]LogConfig: Setting CVar [[r.HairStrands.SkyLighting.IntegrationType:2]]
[2022.01.29-06.36.54:893][  0]LogConfig: Setting CVar [[r.HairStrands.SkyAO.SampleCount:4]]
[2022.01.29-06.36.54:894][  0]LogConfig: Setting CVar [[r.HairStrands.Visibility.MSAA.SamplePerPixel:4]]
[2022.01.29-06.36.54:894][  0]LogInit: Selected Device Profile: [Windows]
[2022.01.29-06.36.54:894][  0]LogInit: Applying CVar settings loaded from the selected device profile: [Windows]
[2022.01.29-06.36.54:894][  0]LogHAL: Display: Platform has ~ 14 GB [14894297088 / 17179869184 / 14], which maps to Larger [LargestMinGB=32, LargerMinGB=12, DefaultMinGB=8, SmallerMinGB=6, SmallestMinGB=0)
[2022.01.29-06.36.54:894][  0]LogInit: Going up to parent DeviceProfile []
[2022.01.29-06.36.54:894][  0]LogConfig: Applying CVar settings from Section [ViewDistanceQuality@3] File [D:/Unreal_c++/EndlessRun/EndlessRunner/Saved/Config/Windows/Scalability.ini]
[2022.01.29-06.36.54:894][  0]LogConfig: Setting CVar [[r.SkeletalMeshLODBias:0]]
[2022.01.29-06.36.54:894][  0]LogConfig: Setting CVar [[r.ViewDistanceScale:1.0]]
[2022.01.29-06.36.54:894][  0]LogConfig: Applying CVar settings from Section [AntiAliasingQuality@3] File [D:/Unreal_c++/EndlessRun/EndlessRunner/Saved/Config/Windows/Scalability.ini]
[2022.01.29-06.36.54:894][  0]LogConfig: Setting CVar [[r.PostProcessAAQuality:4]]
[2022.01.29-06.36.54:894][  0]LogConfig: Applying CVar settings from Section [ShadowQuality@3] File [D:/Unreal_c++/EndlessRun/EndlessRunner/Saved/Config/Windows/Scalability.ini]
[2022.01.29-06.36.54:894][  0]LogConfig: Setting CVar [[r.LightFunctionQuality:1]]
[2022.01.29-06.36.54:894][  0]LogConfig: Setting CVar [[r.ShadowQuality:5]]
[2022.01.29-06.36.54:894][  0]LogConfig: Setting CVar [[r.Shadow.CSM.MaxCascades:10]]
[2022.01.29-06.36.54:894][  0]LogConfig: Setting CVar [[r.Shadow.MaxResolution:2048]]
[2022.01.29-06.36.54:894][  0]LogConfig: Setting CVar [[r.Shadow.MaxCSMResolution:2048]]
[2022.01.29-06.36.54:894][  0]LogConfig: Setting CVar [[r.Shadow.RadiusThreshold:0.01]]
[2022.01.29-06.36.54:895][  0]LogConfig: Setting CVar [[r.Shadow.DistanceScale:1.0]]
[2022.01.29-06.36.54:895][  0]LogConfig: Setting CVar [[r.Shadow.CSM.TransitionScale:1.0]]
[2022.01.29-06.36.54:895][  0]LogConfig: Setting CVar [[r.Shadow.PreShadowResolutionFactor:1.0]]
[2022.01.29-06.36.54:895][  0]LogConfig: Setting CVar [[r.DistanceFieldShadowing:1]]
[2022.01.29-06.36.54:895][  0]LogConfig: Setting CVar [[r.DistanceFieldAO:1]]
[2022.01.29-06.36.54:895][  0]LogConfig: Setting CVar [[r.AOQuality:2]]
[2022.01.29-06.36.54:895][  0]LogConfig: Setting CVar [[r.VolumetricFog:1]]
[2022.01.29-06.36.54:895][  0]LogConfig: Setting CVar [[r.VolumetricFog.GridPixelSize:8]]
[2022.01.29-06.36.54:895][  0]LogConfig: Setting CVar [[r.VolumetricFog.GridSizeZ:128]]
[2022.01.29-06.36.54:895][  0]LogConfig: Setting CVar [[r.VolumetricFog.HistoryMissSupersampleCount:4]]
[2022.01.29-06.36.54:895][  0]LogConfig: Setting CVar [[r.LightMaxDrawDistanceScale:1]]
[2022.01.29-06.36.54:895][  0]LogConfig: Setting CVar [[r.CapsuleShadows:1]]
[2022.01.29-06.36.54:895][  0]LogConfig: Applying CVar settings from Section [PostProcessQuality@3] File [D:/Unreal_c++/EndlessRun/EndlessRunner/Saved/Config/Windows/Scalability.ini]
[2022.01.29-06.36.54:895][  0]LogConfig: Setting CVar [[r.MotionBlurQuality:4]]
[2022.01.29-06.36.54:895][  0]LogConfig: Setting CVar [[r.AmbientOcclusionMipLevelFactor:0.4]]
[2022.01.29-06.36.54:895][  0]LogConfig: Setting CVar [[r.AmbientOcclusionMaxQuality:100]]
[2022.01.29-06.36.54:895][  0]LogConfig: Setting CVar [[r.AmbientOcclusionLevels:-1]]
[2022.01.29-06.36.54:895][  0]LogConfig: Setting CVar [[r.AmbientOcclusionRadiusScale:1.0]]
[2022.01.29-06.36.54:895][  0]LogConfig: Setting CVar [[r.DepthOfFieldQuality:2]]
[2022.01.29-06.36.54:896][  0]LogConfig: Setting CVar [[r.RenderTargetPoolMin:400]]
[2022.01.29-06.36.54:896][  0]LogConfig: Setting CVar [[r.LensFlareQuality:2]]
[2022.01.29-06.36.54:896][  0]LogConfig: Setting CVar [[r.SceneColorFringeQuality:1]]
[2022.01.29-06.36.54:896][  0]LogConfig: Setting CVar [[r.EyeAdaptationQuality:2]]
[2022.01.29-06.36.54:896][  0]LogConfig: Setting CVar [[r.BloomQuality:5]]
[2022.01.29-06.36.54:896][  0]LogConfig: Setting CVar [[r.FastBlurThreshold:100]]
[2022.01.29-06.36.54:896][  0]LogConfig: Setting CVar [[r.Upscale.Quality:3]]
[2022.01.29-06.36.54:896][  0]LogConfig: Setting CVar [[r.Tonemapper.GrainQuantization:1]]
[2022.01.29-06.36.54:896][  0]LogConfig: Setting CVar [[r.LightShaftQuality:1]]
[2022.01.29-06.36.54:896][  0]LogConfig: Setting CVar [[r.Filter.SizeScale:1]]
[2022.01.29-06.36.54:896][  0]LogConfig: Setting CVar [[r.Tonemapper.Quality:5]]
[2022.01.29-06.36.54:896][  0]LogConfig: Setting CVar [[r.DOF.Gather.AccumulatorQuality:1        ; higher gathering accumulator quality]]
[2022.01.29-06.36.54:896][  0]LogConfig: Setting CVar [[r.DOF.Gather.PostfilterMethod:1          ; Median3x3 postfilering method]]
[2022.01.29-06.36.54:896][  0]LogConfig: Setting CVar [[r.DOF.Gather.EnableBokehSettings:0       ; no bokeh simulation when gathering]]
[2022.01.29-06.36.54:896][  0]LogConfig: Setting CVar [[r.DOF.Gather.RingCount:4                 ; medium number of samples when gathering]]
[2022.01.29-06.36.54:896][  0]LogConfig: Setting CVar [[r.DOF.Scatter.ForegroundCompositing:1    ; additive foreground scattering]]
[2022.01.29-06.36.54:896][  0]LogConfig: Setting CVar [[r.DOF.Scatter.BackgroundCompositing:2    ; additive background scattering]]
[2022.01.29-06.36.54:896][  0]LogConfig: Setting CVar [[r.DOF.Scatter.EnableBokehSettings:1      ; bokeh simulation when scattering]]
[2022.01.29-06.36.54:896][  0]LogConfig: Setting CVar [[r.DOF.Scatter.MaxSpriteRatio:0.1         ; only a maximum of 10% of scattered bokeh]]
[2022.01.29-06.36.54:897][  0]LogConfig: Setting CVar [[r.DOF.Recombine.Quality:1                ; cheap slight out of focus]]
[2022.01.29-06.36.54:897][  0]LogConfig: Setting CVar [[r.DOF.Recombine.EnableBokehSettings:0    ; no bokeh simulation on slight out of focus]]
[2022.01.29-06.36.54:897][  0]LogConfig: Setting CVar [[r.DOF.TemporalAAQuality:1                ; more stable temporal accumulation]]
[2022.01.29-06.36.54:897][  0]LogConfig: Setting CVar [[r.DOF.Kernel.MaxForegroundRadius:0.025]]
[2022.01.29-06.36.54:897][  0]LogConfig: Setting CVar [[r.DOF.Kernel.MaxBackgroundRadius:0.025]]
[2022.01.29-06.36.54:897][  0]LogConfig: Applying CVar settings from Section [TextureQuality@3] File [D:/Unreal_c++/EndlessRun/EndlessRunner/Saved/Config/Windows/Scalability.ini]
[2022.01.29-06.36.54:897][  0]LogConfig: Setting CVar [[r.Streaming.MipBias:0]]
[2022.01.29-06.36.54:897][  0]LogConfig: Setting CVar [[r.Streaming.AmortizeCPUToGPUCopy:0]]
[2022.01.29-06.36.54:897][  0]LogConfig: Setting CVar [[r.Streaming.MaxNumTexturesToStreamPerFrame:0]]
[2022.01.29-06.36.54:897][  0]LogConfig: Setting CVar [[r.Streaming.Boost:1]]
[2022.01.29-06.36.54:897][  0]LogConfig: Setting CVar [[r.MaxAnisotropy:8]]
[2022.01.29-06.36.54:897][  0]LogConfig: Setting CVar [[r.VT.MaxAnisotropy:8]]
[2022.01.29-06.36.54:897][  0]LogConfig: Setting CVar [[r.Streaming.LimitPoolSizeToVRAM:0]]
[2022.01.29-06.36.54:897][  0]LogConfig: Setting CVar [[r.Streaming.PoolSize:1000]]
[2022.01.29-06.36.54:897][  0]LogConfig: Setting CVar [[r.Streaming.MaxEffectiveScreenSize:0]]
[2022.01.29-06.36.54:897][  0]LogConfig: Applying CVar settings from Section [EffectsQuality@3] File [D:/Unreal_c++/EndlessRun/EndlessRunner/Saved/Config/Windows/Scalability.ini]
[2022.01.29-06.36.54:897][  0]LogConfig: Setting CVar [[r.TranslucencyLightingVolumeDim:64]]
[2022.01.29-06.36.54:897][  0]LogConfig: Setting CVar [[r.RefractionQuality:2]]
[2022.01.29-06.36.54:897][  0]LogConfig: Setting CVar [[r.SSR.Quality:3]]
[2022.01.29-06.36.54:897][  0]LogConfig: Setting CVar [[r.SSR.HalfResSceneColor:0]]
[2022.01.29-06.36.54:898][  0]LogConfig: Setting CVar [[r.SceneColorFormat:4]]
[2022.01.29-06.36.54:898][  0]LogConfig: Setting CVar [[r.DetailMode:2]]
[2022.01.29-06.36.54:898][  0]LogConfig: Setting CVar [[r.TranslucencyVolumeBlur:1]]
[2022.01.29-06.36.54:898][  0]LogConfig: Setting CVar [[r.MaterialQualityLevel:1 ; High quality]]
[2022.01.29-06.36.54:898][  0]LogConfig: Setting CVar [[r.AnisotropicMaterials:1]]
[2022.01.29-06.36.54:898][  0]LogConfig: Setting CVar [[r.SSS.Scale:1]]
[2022.01.29-06.36.54:898][  0]LogConfig: Setting CVar [[r.SSS.SampleSet:2]]
[2022.01.29-06.36.54:898][  0]LogConfig: Setting CVar [[r.SSS.Quality:1]]
[2022.01.29-06.36.54:898][  0]LogConfig: Setting CVar [[r.SSS.HalfRes:0]]
[2022.01.29-06.36.54:898][  0]LogConfig: Setting CVar [[r.SSGI.Quality:3]]
[2022.01.29-06.36.54:898][  0]LogConfig: Setting CVar [[r.EmitterSpawnRateScale:1.0]]
[2022.01.29-06.36.54:898][  0]LogConfig: Setting CVar [[r.ParticleLightQuality:2]]
[2022.01.29-06.36.54:898][  0]LogConfig: Setting CVar [[r.SkyAtmosphere.AerialPerspectiveLUT.FastApplyOnOpaque:1 ; Always have FastSkyLUT 1 in this case to avoid wrong sky]]
[2022.01.29-06.36.54:898][  0]LogConfig: Setting CVar [[r.SkyAtmosphere.AerialPerspectiveLUT.SampleCountMaxPerSlice:4]]
[2022.01.29-06.36.54:898][  0]LogConfig: Setting CVar [[r.SkyAtmosphere.AerialPerspectiveLUT.DepthResolution:16.0]]
[2022.01.29-06.36.54:898][  0]LogConfig: Setting CVar [[r.SkyAtmosphere.FastSkyLUT:1]]
[2022.01.29-06.36.54:898][  0]LogConfig: Setting CVar [[r.SkyAtmosphere.FastSkyLUT.SampleCountMin:4.0]]
[2022.01.29-06.36.54:898][  0]LogConfig: Setting CVar [[r.SkyAtmosphere.FastSkyLUT.SampleCountMax:128.0]]
[2022.01.29-06.36.54:898][  0]LogConfig: Setting CVar [[r.SkyAtmosphere.SampleCountMin:4.0]]
[2022.01.29-06.36.54:898][  0]LogConfig: Setting CVar [[r.SkyAtmosphere.SampleCountMax:128.0]]
[2022.01.29-06.36.54:899][  0]LogConfig: Setting CVar [[r.SkyAtmosphere.TransmittanceLUT.UseSmallFormat:0]]
[2022.01.29-06.36.54:899][  0]LogConfig: Setting CVar [[r.SkyAtmosphere.TransmittanceLUT.SampleCount:10.0]]
[2022.01.29-06.36.54:899][  0]LogConfig: Setting CVar [[r.SkyAtmosphere.MultiScatteringLUT.SampleCount:15.0]]
[2022.01.29-06.36.54:899][  0]LogConfig: Setting CVar [[r.SkyLight.RealTimeReflectionCapture:1]]
[2022.01.29-06.36.54:899][  0]LogConfig: Applying CVar settings from Section [FoliageQuality@3] File [D:/Unreal_c++/EndlessRun/EndlessRunner/Saved/Config/Windows/Scalability.ini]
[2022.01.29-06.36.54:899][  0]LogConfig: Setting CVar [[foliage.DensityScale:1.0]]
[2022.01.29-06.36.54:899][  0]LogConfig: Setting CVar [[grass.DensityScale:1.0]]
[2022.01.29-06.36.54:899][  0]LogConfig: Applying CVar settings from Section [ShadingQuality@3] File [D:/Unreal_c++/EndlessRun/EndlessRunner/Saved/Config/Windows/Scalability.ini]
[2022.01.29-06.36.54:899][  0]LogConfig: Setting CVar [[r.HairStrands.SkyLighting.IntegrationType:2]]
[2022.01.29-06.36.54:899][  0]LogConfig: Setting CVar [[r.HairStrands.SkyAO.SampleCount:4]]
[2022.01.29-06.36.54:899][  0]LogConfig: Setting CVar [[r.HairStrands.Visibility.MSAA.SamplePerPixel:4]]
[2022.01.29-06.36.54:899][  0]LogConfig: Applying CVar settings from Section [Startup] File [../../../Engine/Config/ConsoleVariables.ini]
[2022.01.29-06.36.54:899][  0]LogConfig: Setting CVar [[net.UseAdaptiveNetUpdateFrequency:0]]
[2022.01.29-06.36.54:899][  0]LogConfig: Setting CVar [[p.chaos.AllowCreatePhysxBodies:1]]
[2022.01.29-06.36.54:900][  0]LogConfig: Setting CVar [[fx.SkipVectorVMBackendOptimizations:1]]
[2022.01.29-06.36.54:900][  0]LogConfig: Applying CVar settings from Section [ConsoleVariables] File [D:/Unreal_c++/EndlessRun/EndlessRunner/Saved/Config/Windows/Engine.ini]
[2022.01.29-06.36.54:900][  0]LogConfig: Applying CVar settings from Section [ConsoleVariables] File [D:/Unreal_c++/EndlessRun/EndlessRunner/Saved/Config/Windows/Editor.ini]
[2022.01.29-06.36.54:900][  0]LogInit: Computer: LAPTOP-FC3B43LI
[2022.01.29-06.36.54:900][  0]LogInit: User: ditde
[2022.01.29-06.36.54:900][  0]LogInit: CPU Page size=4096, Cores=8
[2022.01.29-06.36.54:900][  0]LogInit: High frequency timer resolution =10.000000 MHz
[2022.01.29-06.36.54:900][  0]LogMemory: Memory total: Physical=13.9GB (14GB approx)
[2022.01.29-06.36.54:900][  0]LogMemory: Platform Memory Stats for Windows
[2022.01.29-06.36.54:900][  0]LogMemory: Process Physical Memory: 148.00 MB used, 148.01 MB peak
[2022.01.29-06.36.54:900][  0]LogMemory: Process Virtual Memory: 129.38 MB used, 129.38 MB peak
[2022.01.29-06.36.54:900][  0]LogMemory: Physical Memory: 10877.46 MB used,  3326.85 MB free, 14204.31 MB total
[2022.01.29-06.36.54:900][  0]LogMemory: Virtual Memory: 134211232.00 MB used,  6492.20 MB free, 134217728.00 MB total
[2022.01.29-06.36.54:973][  0]LogWindows: WindowsPlatformFeatures enabled
[2022.01.29-06.36.55:098][  0]LogInit: Physics initialised using underlying interface: PhysX
[2022.01.29-06.36.55:099][  0]LogInit: Using OS detected language (en-US).
[2022.01.29-06.36.55:099][  0]LogInit: Using OS detected locale (en-US).
[2022.01.29-06.36.55:107][  0]LogTextLocalizationManager: No specific localization for 'en-US' exists, so the 'en' localization will be used.
[2022.01.29-06.36.55:516][  0]LogInit: Setting process to per monitor DPI aware
[2022.01.29-06.36.55:552][  0]LogWindowsTextInputMethodSystem: Display: IME system deactivated.
[2022.01.29-06.36.55:573][  0]LogSlate: New Slate User Created.  User Index 0, Is Virtual User: 0
[2022.01.29-06.36.55:573][  0]LogSlate: Slate User Registered.  User Index 0, Is Virtual User: 0
[2022.01.29-06.36.55:765][  0]LogD3D11RHI: Loaded GFSDK_Aftermath_Lib.x64.dll
[2022.01.29-06.36.55:771][  0]LogHMD: Failed to initialize OpenVR with code 110
[2022.01.29-06.36.55:771][  0]LogD3D11RHI: D3D11 min allowed feature level: 11_0
[2022.01.29-06.36.55:771][  0]LogD3D11RHI: D3D11 max allowed feature level: 11_0
[2022.01.29-06.36.55:771][  0]LogD3D11RHI: D3D11 adapters:
[2022.01.29-06.36.55:906][  0]LogD3D11RHI:    0. 'NVIDIA GeForce RTX 3060 Laptop GPU' (Feature Level 11_0)
[2022.01.29-06.36.55:906][  0]LogD3D11RHI:       6023/0/7102 MB DedicatedVideo/DedicatedSystem/SharedSystem, Outputs:2, VendorId:0x10de
[2022.01.29-06.36.56:030][  0]LogD3D11RHI:    1. 'AMD Radeon(TM) Graphics' (Feature Level 11_0)
[2022.01.29-06.36.56:030][  0]LogD3D11RHI:       2032/0/7102 MB DedicatedVideo/DedicatedSystem/SharedSystem, Outputs:0, VendorId:0x1002
[2022.01.29-06.36.56:035][  0]LogD3D11RHI:    2. 'Microsoft Basic Render Driver' (Feature Level 11_0)
[2022.01.29-06.36.56:035][  0]LogD3D11RHI:       0/0/7102 MB DedicatedVideo/DedicatedSystem/SharedSystem, Outputs:0, VendorId:0x1414
[2022.01.29-06.36.56:035][  0]LogD3D11RHI: Chosen D3D11 Adapter:
[2022.01.29-06.36.56:035][  0]LogD3D11RHI:     Description : NVIDIA GeForce RTX 3060 Laptop GPU
[2022.01.29-06.36.56:035][  0]LogD3D11RHI:     VendorId    : 10de
[2022.01.29-06.36.56:035][  0]LogD3D11RHI:     DeviceId    : 2560
[2022.01.29-06.36.56:035][  0]LogD3D11RHI:     SubSysId    : 3a8017aa
[2022.01.29-06.36.56:035][  0]LogD3D11RHI:     Revision    : 00a1
[2022.01.29-06.36.56:035][  0]LogD3D11RHI:     DedicatedVideoMemory : 6315573248 bytes
[2022.01.29-06.36.56:036][  0]LogD3D11RHI:     DedicatedSystemMemory : 0 bytes
[2022.01.29-06.36.56:036][  0]LogD3D11RHI:     SharedSystemMemory : 7447148544 bytes
[2022.01.29-06.36.56:036][  0]LogD3D11RHI:     AdapterLuid : 0 68801
[2022.01.29-06.36.56:046][  0]LogD3D11RHI: Creating new Direct3DDevice
[2022.01.29-06.36.56:047][  0]LogD3D11RHI:     GPU DeviceId: 0x2560 (for the marketing name, search the web for "GPU Device Id")
[2022.01.29-06.36.56:047][  0]LogWindows: EnumDisplayDevices:
[2022.01.29-06.36.56:047][  0]LogWindows:    0. 'AMD Radeon(TM) Graphics' (P:0 D:0)
[2022.01.29-06.36.56:047][  0]LogWindows:    1. 'AMD Radeon(TM) Graphics' (P:0 D:0)
[2022.01.29-06.36.56:047][  0]LogWindows:    2. 'AMD Radeon(TM) Graphics' (P:0 D:0)
[2022.01.29-06.36.56:048][  0]LogWindows:    3. 'NVIDIA GeForce RTX 3060 Laptop GPU' (P:1 D:1)
[2022.01.29-06.36.56:048][  0]LogWindows:    4. 'NVIDIA GeForce RTX 3060 Laptop GPU' (P:0 D:1)
[2022.01.29-06.36.56:048][  0]LogWindows:    5. 'NVIDIA GeForce RTX 3060 Laptop GPU' (P:0 D:0)
[2022.01.29-06.36.56:048][  0]LogWindows:    6. 'NVIDIA GeForce RTX 3060 Laptop GPU' (P:0 D:0)
[2022.01.29-06.36.56:048][  0]LogWindows: DebugString: PrimaryIsNotTheChoosenAdapter PrimaryIsNotTheChoosenAdapter PrimaryIsNotTheChoosenAdapter FoundDriverCount:4 
[2022.01.29-06.36.56:048][  0]LogD3D11RHI:     Adapter Name: NVIDIA GeForce RTX 3060 Laptop GPU
[2022.01.29-06.36.56:049][  0]LogD3D11RHI:   Driver Version: 472.56 (internal:30.0.14.7256, unified:472.56)
[2022.01.29-06.36.56:049][  0]LogD3D11RHI:      Driver Date: 11-3-2021
[2022.01.29-06.36.56:049][  0]LogRHI: Texture pool is 4216 MB (70% of 6023 MB)
[2022.01.29-06.36.56:049][  0]LogD3D11RHI: Creating D3DDevice using adapter:
[2022.01.29-06.36.56:049][  0]LogD3D11RHI:     Description : NVIDIA GeForce RTX 3060 Laptop GPU
[2022.01.29-06.36.56:049][  0]LogD3D11RHI:     VendorId    : 10de
[2022.01.29-06.36.56:049][  0]LogD3D11RHI:     DeviceId    : 2560
[2022.01.29-06.36.56:049][  0]LogD3D11RHI:     SubSysId    : 3a8017aa
[2022.01.29-06.36.56:049][  0]LogD3D11RHI:     Revision    : 00a1
[2022.01.29-06.36.56:049][  0]LogD3D11RHI:     DedicatedVideoMemory : 6315573248 bytes
[2022.01.29-06.36.56:049][  0]LogD3D11RHI:     DedicatedSystemMemory : 0 bytes
[2022.01.29-06.36.56:049][  0]LogD3D11RHI:     SharedSystemMemory : 7447148544 bytes
[2022.01.29-06.36.56:049][  0]LogD3D11RHI:     AdapterLuid : 0 68801
[2022.01.29-06.36.56:128][  0]LogD3D11RHI: RHI has support for 64 bit atomics
[2022.01.29-06.36.56:128][  0]LogD3D11RHI: Async texture creation enabled
[2022.01.29-06.36.56:128][  0]LogD3D11RHI: Array index from any shader is supported
[2022.01.29-06.36.56:156][  0]LogD3D11RHI: GPU Timing Frequency: 1000.000000 (Debug: 2 1)
[2022.01.29-06.36.56:205][  0]LogRHI: GeForceNow SDK initialized: 1
[2022.01.29-06.36.56:474][  0]LogTargetPlatformManager: Display: Loaded TargetPlatform 'AllDesktop'
[2022.01.29-06.36.56:505][  0]LogTargetPlatformManager: Display: Loaded TargetPlatform 'Android'
[2022.01.29-06.36.56:505][  0]LogTargetPlatformManager: Display: Loaded TargetPlatform 'Android_ASTC'
[2022.01.29-06.36.56:505][  0]LogTargetPlatformManager: Display: Loaded TargetPlatform 'Android_DXT'
[2022.01.29-06.36.56:505][  0]LogTargetPlatformManager: Display: Loaded TargetPlatform 'Android_ETC2'
[2022.01.29-06.36.56:506][  0]LogTargetPlatformManager: Display: Loaded TargetPlatform 'AndroidClient'
[2022.01.29-06.36.56:506][  0]LogTargetPlatformManager: Display: Loaded TargetPlatform 'Android_ASTCClient'
[2022.01.29-06.36.56:506][  0]LogTargetPlatformManager: Display: Loaded TargetPlatform 'Android_DXTClient'
[2022.01.29-06.36.56:506][  0]LogTargetPlatformManager: Display: Loaded TargetPlatform 'Android_ETC2Client'
[2022.01.29-06.36.56:506][  0]LogTargetPlatformManager: Display: Loaded TargetPlatform 'Android_Multi'
[2022.01.29-06.36.56:506][  0]LogTargetPlatformManager: Display: Loaded TargetPlatform 'Android_MultiClient'
[2022.01.29-06.36.56:543][  0]LogTargetPlatformManager: Display: Loaded TargetPlatform 'IOSClient'
[2022.01.29-06.36.56:544][  0]LogTargetPlatformManager: Display: Loaded TargetPlatform 'IOS'
[2022.01.29-06.36.56:556][  0]LogTargetPlatformManager: Display: Loaded TargetPlatform 'Linux'
[2022.01.29-06.36.56:569][  0]LogTargetPlatformManager: Display: Loaded TargetPlatform 'LinuxNoEditor'
[2022.01.29-06.36.56:579][  0]LogTargetPlatformManager: Display: Loaded TargetPlatform 'LinuxClient'
[2022.01.29-06.36.56:586][  0]LogTargetPlatformManager: Display: Loaded TargetPlatform 'LinuxServer'
[2022.01.29-06.36.56:599][  0]LogTargetPlatformManager: Display: Loaded TargetPlatform 'LinuxAArch64NoEditor'
[2022.01.29-06.36.56:606][  0]LogTargetPlatformManager: Display: Loaded TargetPlatform 'LinuxAArch64Client'
[2022.01.29-06.36.56:613][  0]LogTargetPlatformManager: Display: Loaded TargetPlatform 'LinuxAArch64Server'
[2022.01.29-06.36.56:641][  0]LogTargetPlatformManager: Display: Loaded TargetPlatform 'Lumin'
[2022.01.29-06.36.56:641][  0]LogTargetPlatformManager: Display: Loaded TargetPlatform 'LuminClient'
[2022.01.29-06.36.56:652][  0]LogTargetPlatformManager: Display: Loaded TargetPlatform 'MacNoEditor'
[2022.01.29-06.36.56:660][  0]LogTargetPlatformManager: Display: Loaded TargetPlatform 'Mac'
[2022.01.29-06.36.56:667][  0]LogTargetPlatformManager: Display: Loaded TargetPlatform 'MacClient'
[2022.01.29-06.36.56:673][  0]LogTargetPlatformManager: Display: Loaded TargetPlatform 'MacServer'
[2022.01.29-06.36.56:685][  0]LogTargetPlatformManager: Display: Loaded TargetPlatform 'TVOSClient'
[2022.01.29-06.36.56:685][  0]LogTargetPlatformManager: Display: Loaded TargetPlatform 'TVOS'
[2022.01.29-06.36.56:695][  0]LogTargetPlatformManager: Display: Loaded TargetPlatform 'WindowsNoEditor'
[2022.01.29-06.36.56:702][  0]LogTargetPlatformManager: Display: Loaded TargetPlatform 'Windows'
[2022.01.29-06.36.56:709][  0]LogTargetPlatformManager: Display: Loaded TargetPlatform 'WindowsClient'
[2022.01.29-06.36.56:714][  0]LogTargetPlatformManager: Display: Loaded TargetPlatform 'WindowsServer'
[2022.01.29-06.36.56:715][  0]LogTargetPlatformManager: Display: Building Assets For Windows
[2022.01.29-06.36.56:731][  0]LogAudioDebug: Display: Lib vorbis DLL was dynamically loaded.
[2022.01.29-06.36.56:788][  0]LogTextureFormatOodle: Display: Oodle Texture 2.9.0 init RDO Off
[2022.01.29-06.36.56:867][  0]LogRendererCore: Ray tracing is disabled. Reason: r.RayTracing=0.
[2022.01.29-06.36.56:868][  0]LogShaderCompilers: Guid format shader working directory is -2 characters bigger than the processId version (../../../../Unreal_c++/EndlessRun/EndlessRunner/Intermediate/Shaders/WorkingDirectory/36796/).
[2022.01.29-06.36.56:868][  0]LogShaderCompilers: Cleaned the shader compiler working directory 'C:/Users/ditde/AppData/Local/Temp/UnrealShaderWorkingDir/DD570F9C4473FD093CF3D6B2904CF377/'.
[2022.01.29-06.36.56:868][  0]LogXGEController: Cannot use XGE Controller as Incredibuild is not installed on this machine.
[2022.01.29-06.36.56:868][  0]LogShaderCompilers: Cannot use XGE Shader Compiler as Incredibuild is not installed on this machine.
[2022.01.29-06.36.56:868][  0]LogShaderCompilers: Display: Using Local Shader Compiler.
[2022.01.29-06.36.57:625][  0]LogDerivedDataCache: Display: Max Cache Size: 512 MB
[2022.01.29-06.36.57:715][  0]LogDerivedDataCache: Loaded boot cache 0.09s 94MB C:/Users/ditde/AppData/Local/UnrealEngine/4.27/DerivedDataCache/Boot.ddc.
[2022.01.29-06.36.57:716][  0]LogDerivedDataCache: Display: Loaded Boot cache: C:/Users/ditde/AppData/Local/UnrealEngine/4.27/DerivedDataCache/Boot.ddc
[2022.01.29-06.36.57:716][  0]LogDerivedDataCache: FDerivedDataBackendGraph:  Pak pak cache file ../../../../Unreal_c++/EndlessRun/EndlessRunner/DerivedDataCache/DDC.ddp not found, will not use a pak cache.
[2022.01.29-06.36.57:716][  0]LogDerivedDataCache: Unable to find inner node Pak for hierarchical cache Hierarchy.
[2022.01.29-06.36.57:716][  0]LogDerivedDataCache: FDerivedDataBackendGraph:  CompressedPak pak cache file ../../../../Unreal_c++/EndlessRun/EndlessRunner/DerivedDataCache/Compressed.ddp not found, will not use a pak cache.
[2022.01.29-06.36.57:716][  0]LogDerivedDataCache: Unable to find inner node CompressedPak for hierarchical cache Hierarchy.
[2022.01.29-06.36.57:736][  0]LogDerivedDataCache: Display: Pak cache opened for reading ../../../Engine/DerivedDataCache/Compressed.ddp.
[2022.01.29-06.36.57:736][  0]LogDerivedDataCache: FDerivedDataBackendGraph:  EnterprisePak pak cache file ../../../Enterprise/DerivedDataCache/Compressed.ddp not found, will not use a pak cache.
[2022.01.29-06.36.57:736][  0]LogDerivedDataCache: Unable to find inner node EnterprisePak for hierarchical cache Hierarchy.
[2022.01.29-06.36.57:748][  0]LogDerivedDataCache: Speed tests for C:/Users/ditde/AppData/Local/UnrealEngine/Common/DerivedDataCache took 0.01 seconds
[2022.01.29-06.36.57:749][  0]LogDerivedDataCache: Display: Performance to C:/Users/ditde/AppData/Local/UnrealEngine/Common/DerivedDataCache: Latency=0.02ms. RandomReadSpeed=267.91MBs, RandomWriteSpeed=114.67MBs. Assigned SpeedClass 'Local'
[2022.01.29-06.36.57:754][  0]LogDerivedDataCache: Using Local data cache path C:/Users/ditde/AppData/Local/UnrealEngine/Common/DerivedDataCache: Writable
[2022.01.29-06.36.57:754][  0]LogDerivedDataCache: Shared data cache path not found in *engine.ini, will not use an Shared cache.
[2022.01.29-06.36.57:754][  0]LogDerivedDataCache: Unable to find inner node Shared for hierarchical cache Hierarchy.
[2022.01.29-06.36.57:797][  0]LogSlate: Using FreeType 2.10.0
[2022.01.29-06.36.57:799][  0]LogSlate: SlateFontServices - WITH_FREETYPE: 1, WITH_HARFBUZZ: 1
[2022.01.29-06.36.57:963][  0]LogAssetRegistry: FAssetRegistry took 0.0070 seconds to start up
[2022.01.29-06.36.58:192][  0]LogInit: Selected Device Profile: [Windows]
[2022.01.29-06.36.58:193][  0]LogInit: Active device profile: [0000020F7D7D4A00][0000020F71365A40 49] Windows
[2022.01.29-06.36.58:193][  0]LogInit: Profiles: [0000020F7D7D4A00][0000020F71365A40 49] Windows, [0000020F7EBAE000][0000020F76D1BBC0 49] WindowsNoEditor, [0000020F7D7D7500][0000020F76D1E1C0 49] WindowsServer, [0000020F7EBACE00][0000020F76D22340 49] WindowsClient, [0000020F7D7D7300][0000020F76D264C0 49] IOS, [0000020F7EBACC00][0000020F71368600 49] iPadAir, [0000020F7D7D6000][0000020F76D2A740 49] iPadAir2, [0000020F7EB5CC00][0000020F76D32980 49] IPadPro, [0000020F7EB5CD00][0000020F76D2E9C0 49] iPadAir3, [0000020F7EBAF900][0000020F76D3AB40 49] iPadAir4, [0000020F7EB5F200][0000020F7C360CC0 49] iPadMini2, [0000020F7EBAF000][0000020F7C364E40 49] iPadMini3, [0000020F7EB5D700][0000020F7C368FC0 49] iPadMini4, [0000020F7EBAE900][0000020F7C36D140 49] iPadMini5, [0000020F7EB68500][0000020F7C375400 49] iPhone6, [0000020F7EB68600][0000020F7C371440 49] iPodTouch6, [0000020F7EB5F800][0000020F7C37D700 49] iPhone7, [0000020F7EB5DC00][0000020F7C379740 49] iPodTouch7, [0000020F7EB68400][0000020F7C3818C0 49] iPhone5S, [0000020F7EBAE700][0000020F7C385A40 49] iPhone6Plus, [0000020F7EB6AF00][0000020F7C389BC0 49] iPhone6S, [0000020F7EB5CA00][0000020F7C38C1C0 49] iPhone6SPlus, [0000020F7EB6A300][0000020F7C390340 49] iPhone7Plus, [0000020F7EB5C100][0000020F7C3944C0 49] iPhoneSE, [0000020F7EB68800][0000020F7C398640 49] iPhone8, [0000020F7EB5DF00][0000020F76D36780 49] iPhone8Plus, [0000020F7EB68700][0000020F7C39C8C0 49] iPhoneX, [0000020F7EB5E200][0000020F7C3A0A00 49] iPhoneXS, [0000020F7EB6B800][0000020F7C3A4B40 49] iPhoneXSMax, [0000020F7EB5C900][0000020F7C3ACCC0 49] iPhoneXR, [0000020F7EB69900][0000020F7E6F4E40 49] iPhone11, [0000020F7EB5E800][0000020F7E6F8FC0 49] iPhone11Pro, [0000020F7EB69000][0000020F7E6FD140 49] iPhone11ProMax, [0000020F7EB5D500][0000020F7E7012C0 49] iPhoneSE2, [0000020F7EB6B500][0000020F7E705440 49] iPhone12Mini, [0000020F7EB5FD00][0000020F7E7095C0 49] iPhone12, [0000020F7EB69F00][0000020F7E70D740 49] iPhone12Pro, [0000020F7EB5F000][0000020F7E7118C0 49] iPhone12ProMax, [0000020F7EB69400][0000020F7E715A40 49] iPadPro105, [0000020F7EB5E700][0000020F7E719BC0 49] iPadPro129, [0000020F7EB6B400][0000020F7E71C1C0 49] iPadPro97, [0000020F7EB5E600][0000020F7E720340 49] iPadPro2_129, [0000020F7EB69E00][0000020F7E7244C0 49] iPad5, [0000020F7EB5C200][0000020F7E728640 49] iPad6, [0000020F7EB6BB00][0000020F7E72C7C0 49] iPad7, [0000020F7EB5FB00][0000020F7E730940 49] iPad8, [0000020F7EB6A400][0000020F7C3A8A80 49] iPadPro11, [0000020F7EB5ED00][0000020F7E734BC0 49] iPadPro2_11, [0000020F7EB69C00][0000020F7E738D00 49] iPadPro3_129, [0000020F7EB5EF00][0000020F7E740E80 49] iPadPro4_129, [0000020F7EB68100][0000020F7E745000 49] AppleTV, [0000020F7EB5E400][0000020F7E749180 49] AppleTV4K, [0000020F7EB6BD00][0000020F7E74D300 49] TVOS, [0000020F7EB5C400][0000020F7E751480 49] Mac, [0000020F7EB68300][0000020F7E755600 49] MacClient, [0000020F7EB5F100][0000020F7E759780 49] MacNoEditor, [0000020F7EB69700][0000020F7E75D900 49] MacServer, [0000020F7EB5C600][0000020F7E761A80 49] Linux, [0000020F7EB6B000][0000020F7E765C00 49] LinuxAArch64, [0000020F7EB5E900][0000020F7E768200 49] LinuxNoEditor, [0000020F7EB6AE00][0000020F7E76C380 49] LinuxAArch64NoEditor, [0000020F7EB5E100][0000020F7E770500 49] LinuxClient, [0000020F7EB68C00][0000020F7E774680 49] LinuxAArch64Client, [0000020F7EB5EC00][0000020F7E778800 49] LinuxServer, [0000020F7EB69D00][0000020F7E77C980 49] LinuxAArch64Server, [0000020F7EB5F700][0000020F7E780B00 49] Android, [0000020F7EB68B00][0000020F7E73CC40 49] Android_Low, [0000020F7EB5DE00][0000020F7E784D80 49] Android_Mid, [0000020F7EB6A800][0000020F7E788EC0 49] Android_High, [0000020F7EBAFE00][0000020F7E791040 49] Android_Default, [0000020F7D7D6100][0000020F7E7951C0 49] Android_Adreno4xx, [0000020F7EBACD00][0000020F7E799340 49] Android_Adreno5xx_Low, [0000020F7D7D6B00][0000020F7E79D4C0 49] Android_Adreno5xx, [0000020F7EBAFC00][0000020F7E7A1640 49] Android_Adreno6xx, [0000020F7D7D6800][0000020F7E7A57C0 49] Android_Adreno6xx_Vulkan, [0000020F7EBADF00][0000020F7E7A9940 49] Android_Mali_T6xx, [0000020F7D7D7B00][0000020F7E7ADAC0 49] Android_Mali_T7xx, [0000020F7EBACB00][0000020F7E7B00C0 49] Android_Mali_T8xx, [0000020F7D7D7E00][0000020F7E7B4240 49] Android_Mali_G71, [0000020F7EBAD000][0000020F7E7B83C0 49] Android_Mali_G72, [0000020F7D7D5800][0000020F7E7BC540 49] Android_Mali_G72_Vulkan, [0000020F7EBAF800][0000020F7F7D06C0 49] Android_Mali_G76, [0000020F7D7D5B00][0000020F7F7D4840 49] Android_Mali_G76_Vulkan, [0000020F7EBAE500][0000020F7F7D89C0 49] Android_Mali_G77, [0000020F7D7D5000][0000020F7F7DCB40 49] Android_Mali_G77_Vulkan, [0000020F7EBADD00][0000020F7F7E0CC0 49] Android_Mali_G78, [0000020F7D7D6900][0000020F7E78CE00 49] Android_Mali_G78_Vulkan, [0000020F7EBAEE00][0000020F7F7E4F40 49] Android_Mali_G710, [0000020F7D7D4700][0000020F7F7E9080 49] Android_Mali_G710_Vulkan, [0000020F7EBAD700][0000020F7F7ED1C0 49] Android_Vulkan_SM5, [0000020F7D7D5600][0000020F7F7F5340 49] Android_PowerVR_G6xxx, [0000020F7EBADB00][0000020F7F7F94C0 49] Android_PowerVR_GT7xxx, [0000020F7D7D6F00][0000020F7F7FD640 49] Android_PowerVR_GE8xxx, [0000020F7EBADA00][0000020F7F8017C0 49] Android_PowerVR_GM9xxx, [0000020F7D7D4300][0000020F7F805940 49] Android_PowerVR_GM9xxx_Vulkan, [0000020F7EBAC400][0000020F7F809AC0 49] Android_TegraK1, [0000020F7D7D6C00][0000020F7F80C0C0 49] Android_Unknown_Vulkan, [0000020F7EBAC300][0000020F7F810240 49] Lumin, [0000020F7EB5D900][0000020F7F8143C0 49] Lumin_Desktop, [0000020F7EBAF400][0000020F7F818540 49] HoloLens, 
[2022.01.29-06.36.58:349][  0]LogMeshReduction: Using QuadricMeshReduction for automatic static mesh reduction
[2022.01.29-06.36.58:349][  0]LogMeshReduction: Using SimplygonMeshReduction for automatic skeletal mesh reduction
[2022.01.29-06.36.58:350][  0]LogMeshReduction: Using ProxyLODMeshReduction for automatic mesh merging
[2022.01.29-06.36.58:350][  0]LogMeshReduction: No distributed automatic mesh merging module available
[2022.01.29-06.36.58:350][  0]LogMeshMerging: No distributed automatic mesh merging module available
[2022.01.29-06.36.58:372][  0]LogNetVersion: EndlessRunner 1.0.0, NetCL: 17155196, EngineNetVer: 17, GameNetVer: 0 (Checksum: 1331125288)
[2022.01.29-06.36.59:419][  0]LogTexture: Default maximum texture size for cubemaps generated from long-lat sources has been changed from 512 to unlimited. In order to preserve old behaiour for '/Engine/MapTemplates/Sky/DaylightAmbientCubemap.DaylightAmbientCubemap', its maximum texture size has been explicitly set to 512.
[2022.01.29-06.36.59:481][  0]LogHMD: PokeAHoleMaterial loaded successfully
[2022.01.29-06.36.59:487][  0]LogUObjectArray: 17178 objects as part of root set at end of initial load.
[2022.01.29-06.36.59:487][  0]LogUObjectAllocator: 4301856 out of 0 bytes used by permanent object pool.
[2022.01.29-06.36.59:487][  0]LogUObjectArray: CloseDisregardForGC: 0/0 objects in disregard for GC pool
[2022.01.29-06.36.59:749][  0]LogNiagaraDebuggerClient: Niagara Debugger Client Initialized | Session: A4BFE26741DCB8DE1B45BDACCBBF5E43 | Instance: FCC2476F4A5F67A07E19C6A20571ED2E (LAPTOP-FC3B43LI-36796).
[2022.01.29-06.37.00:042][  0]LogImageWrapper: Warning: PNG Warning: Duplicate iCCP chunk
[2022.01.29-06.37.00:042][  0]LogImageWrapper: Warning: PNG Warning: Duplicate iCCP chunk
[2022.01.29-06.37.00:042][  0]LogTcpMessaging: Initializing TcpMessaging bridge
[2022.01.29-06.37.00:049][  0]LogUdpMessaging: Initializing bridge on interface 0.0.0.0:0 to multicast group 230.0.0.1:6666.
[2022.01.29-06.37.00:120][  0]LogPython: Using Python 3.7.7
[2022.01.29-06.37.00:757][  0]SourceControl: Source control is disabled
[2022.01.29-06.37.00:757][  0]SourceControl: Source control is disabled
[2022.01.29-06.37.00:768][  0]SourceControl: Source control is disabled
[2022.01.29-06.37.00:777][  0]SourceControl: Source control is disabled
[2022.01.29-06.37.00:782][  0]SourceControl: Source control is disabled
[2022.01.29-06.37.00:793][  0]LogUProjectInfo: Found projects:
[2022.01.29-06.37.01:106][  0]LogAndroidPermission: UAndroidPermissionCallbackProxy::GetInstance
[2022.01.29-06.37.01:186][  0]LogAudioCaptureCore: Display: No Audio Capture implementations found. Audio input will be silent.
[2022.01.29-06.37.01:186][  0]LogAudioCaptureCore: Display: No Audio Capture implementations found. Audio input will be silent.
[2022.01.29-06.37.01:356][  0]LogOpenImageDenoise: OIDN starting up
[2022.01.29-06.37.01:393][  0]LogCollectionManager: Loaded 0 collections in 0.000594 seconds
[2022.01.29-06.37.01:445][  0]LogFileCache: Scanning file cache for directory 'D:/Unreal_c++/EndlessRun/EndlessRunner/Saved/Collections/' took 0.00s
[2022.01.29-06.37.01:445][  0]LogFileCache: Scanning file cache for directory 'D:/Unreal_c++/EndlessRun/EndlessRunner/Content/Developers/ditde/Collections/' took 0.00s
[2022.01.29-06.37.01:445][  0]LogFileCache: Scanning file cache for directory 'D:/Unreal_c++/EndlessRun/EndlessRunner/Content/Collections/' took 0.00s
[2022.01.29-06.37.01:445][  0]LogOcInput: OculusInput pre-init called
[2022.01.29-06.37.01:609][  0]LogImageWrapper: Warning: PNG Warning: Duplicate iCCP chunk
[2022.01.29-06.37.01:609][  0]LogImageWrapper: Warning: PNG Warning: Duplicate iCCP chunk
[2022.01.29-06.37.01:691][  0]LogEngine: Initializing Engine...
[2022.01.29-06.37.01:695][  0]LogHMD: Failed to enumerate extensions. Please check that you have a valid OpenXR runtime installed.
[2022.01.29-06.37.01:695][  0]LogHMD: Failed to initialize OpenVR with code 110
[2022.01.29-06.37.01:695][  0]LogMagicLeap: Warning: VR disabled because ZI is not enabled.  To enable, in the editor, Edit -> Project Settings -> Plugins -> Magic Leap Plugin -> Enable Zero Iteration
[2022.01.29-06.37.01:696][  0]LogStats: UGameplayTagsManager::InitializeManager -  0.000 s
[2022.01.29-06.37.01:825][  0]LogInit: Initializing FReadOnlyCVARCache
[2022.01.29-06.37.01:836][  0]LogAIModule: Creating AISystem for world Untitled
[2022.01.29-06.37.01:837][  0]LogAudio: Display: Initializing Audio Device Manager...
[2022.01.29-06.37.01:843][  0]LogAudio: Display: Loading Default Audio Settings Objects...
[2022.01.29-06.37.01:844][  0]LogAudio: Display: No default SoundConcurrencyObject specified (or failed to load).
[2022.01.29-06.37.01:845][  0]LogAudio: Display: Audio Device Manager Initialized
[2022.01.29-06.37.01:845][  0]LogAudio: Display: Creating Audio Device:                 Id: 1, Scope: Shared, Realtime: True
[2022.01.29-06.37.01:845][  0]LogAudioMixer: Display: Audio Mixer Platform Settings:
[2022.01.29-06.37.01:845][  0]LogAudioMixer: Display: 	Sample Rate:						  48000
[2022.01.29-06.37.01:845][  0]LogAudioMixer: Display: 	Callback Buffer Frame Size Requested: 1024
[2022.01.29-06.37.01:845][  0]LogAudioMixer: Display: 	Callback Buffer Frame Size To Use:	  1024
[2022.01.29-06.37.01:845][  0]LogAudioMixer: Display: 	Number of buffers to queue:			  2
[2022.01.29-06.37.01:845][  0]LogAudioMixer: Display: 	Max Channels (voices):				  32
[2022.01.29-06.37.01:845][  0]LogAudioMixer: Display: 	Number of Async Source Workers:		  0
[2022.01.29-06.37.01:845][  0]LogAudio: Display: AudioDevice MaxSources: 32
[2022.01.29-06.37.01:846][  0]LogAudio: Display: Audio Spatialization Plugin: None (built-in).
[2022.01.29-06.37.01:846][  0]LogAudio: Display: Audio Reverb Plugin: None (built-in).
[2022.01.29-06.37.01:846][  0]LogAudio: Display: Audio Occlusion Plugin: None (built-in).
[2022.01.29-06.37.01:846][  0]LogAudioMixer: Display: Initializing audio mixer.
[2022.01.29-06.37.01:914][  0]LogAudioMixer: Display: 0: FrontLeft
[2022.01.29-06.37.01:914][  0]LogAudioMixer: Display: 1: FrontRight
[2022.01.29-06.37.02:044][  0]LogAudioMixer: Display: Using Audio Device Headphones (SONATA USB Audio)
[2022.01.29-06.37.02:050][  0]LogAudioMixer: Display: Initializing Sound Submixes...
[2022.01.29-06.37.02:053][  0]LogAudioMixer: Display: Creating Master Submix 'MasterSubmixDefault'
[2022.01.29-06.37.02:053][  0]LogAudioMixer: Display: Creating Master Submix 'MasterReverbSubmixDefault'
[2022.01.29-06.37.02:054][  0]LogAudioMixer: Display: Creating Master Submix 'MasterEQSubmixDefault'
[2022.01.29-06.37.02:054][  0]LogAudioMixer: FMixerPlatformXAudio2::StartAudioStream() called
[2022.01.29-06.37.02:054][  0]LogAudioMixer: Display: Output buffers initialized: Frames=1024, Channels=2, Samples=2048
[2022.01.29-06.37.02:057][  0]LogAudioMixer: Display: Starting AudioMixerPlatformInterface::RunInternal()
[2022.01.29-06.37.02:057][  0]LogAudioMixer: Display: FMixerPlatformXAudio2::SubmitBuffer() called for the first time
[2022.01.29-06.37.02:057][  0]LogInit: FAudioDevice initialized.
[2022.01.29-06.37.02:057][  0]LogAudio: Display: Audio Device (ID: 1) registered with world 'Untitled'.
[2022.01.29-06.37.02:057][  0]LogNetVersion: Set ProjectVersion to 1.0.0.0. Version Checksum will be recalculated on next use.
[2022.01.29-06.37.02:115][  0]LogDerivedDataCache: Saved boot cache 0.06s 94MB C:/Users/ditde/AppData/Local/UnrealEngine/4.27/DerivedDataCache/Boot.ddc.
[2022.01.29-06.37.02:116][  0]LogInit: Texture streaming: Enabled
[2022.01.29-06.37.02:135][  0]LogAnalytics: Display: [UEEditor.Rocket.Release] APIServer = https://datarouter.ol.epicgames.com/. AppVersion = 4.27.1-17735300+++UE4+Release-4.27
[2022.01.29-06.37.02:140][  0]LogEngineSessionManager: EngineSessionManager initialized
[2022.01.29-06.37.02:141][  0]LogEngineSessionManager: EngineSessionManager sent abnormal shutdown report. Type=Debugger, SessionId={32DCD1F4-4EE7-8642-6BA7-A18226A60E89}
[2022.01.29-06.37.02:141][  0]LogEditorSessionSummary: Verbose: Initializing EditorSessionSummaryWriter for editor session tracking
[2022.01.29-06.37.02:142][  0]LogEditorSessionSummary: EditorSessionSummaryWriter initialized
[2022.01.29-06.37.02:168][  0]LogInit: Transaction tracking system initialized
[2022.01.29-06.37.02:207][  0]BlueprintLog: New page: Editor Load
[2022.01.29-06.37.02:318][  0]LocalizationService: Localization service is disabled
[2022.01.29-06.37.02:365][  0]TimingProfiler: Initialize
[2022.01.29-06.37.02:365][  0]TimingProfiler: OnSessionChanged
[2022.01.29-06.37.02:365][  0]LoadingProfiler: Initialize
[2022.01.29-06.37.02:366][  0]LoadingProfiler: OnSessionChanged
[2022.01.29-06.37.02:366][  0]NetworkingProfiler: Initialize
[2022.01.29-06.37.02:366][  0]NetworkingProfiler: OnSessionChanged
[2022.01.29-06.37.02:366][  0]MemoryProfiler: Initialize
[2022.01.29-06.37.02:366][  0]MemoryProfiler: OnSessionChanged
[2022.01.29-06.37.02:554][  0]LogCook: Display: CookSettings for Memory: MemoryMaxUsedVirtual 0MiB, MemoryMaxUsedPhysical 16384MiB, MemoryMinFreeVirtual 0MiB, MemoryMinFreePhysical 1024MiB
[2022.01.29-06.37.02:554][  0]LogCook: Display: Mobile HDR setting 1
[2022.01.29-06.37.02:654][  0]LogFileCache: Scanning file cache for directory 'D:/Unreal_c++/EndlessRun/EndlessRunner/Content/' took 0.00s
[2022.01.29-06.37.02:988][  0]LogImageWrapper: Warning: PNG Warning: Duplicate iCCP chunk
[2022.01.29-06.37.02:988][  0]LogImageWrapper: Warning: PNG Warning: Duplicate iCCP chunk
[2022.01.29-06.37.02:988][  0]LogInit: Display: Engine is initialized. Leaving FEngineLoop::Init()
[2022.01.29-06.37.02:992][  0]SourceControl: Source control is disabled
[2022.01.29-06.37.02:992][  0]LogUnrealEdMisc: Loading editor; pre map load, took 9.328
[2022.01.29-06.37.02:993][  0]Cmd: MAP LOAD FILE="../../../../Unreal_c++/EndlessRun/EndlessRunner/Content/_Game/Maps/MainLevel.umap" TEMPLATE=0 SHOWPROGRESS=1 FEATURELEVEL=3
[2022.01.29-06.37.02:993][  0]LightingResults: New page: Lighting Build
[2022.01.29-06.37.02:995][  0]LogWorld: UWorld::CleanupWorld for Untitled, bSessionEnded=true, bCleanupResources=true
[2022.01.29-06.37.02:996][  0]LogSlate: InvalidateAllWidgets triggered.  All widgets were invalidated
[2022.01.29-06.37.02:996][  0]MapCheck: New page: Map Check
[2022.01.29-06.37.02:996][  0]LightingResults: New page: Lighting Build
[2022.01.29-06.37.03:002][  0]LogAudio: Display: Audio Device unregistered from world 'None'.
[2022.01.29-06.37.03:007][  0]LogUObjectHash: Compacting FUObjectHashTables data took   0.93ms
[2022.01.29-06.37.03:257][  0]LogAudio: Display: Audio Device (ID: 1) registered with world 'MainLevel'.
[2022.01.29-06.37.03:258][  0]LogAIModule: Creating AISystem for world MainLevel
[2022.01.29-06.37.03:263][  0]LogEditorServer: Finished looking for orphan Actors (0.002 secs)
[2022.01.29-06.37.03:278][  0]LogUObjectHash: Compacting FUObjectHashTables data took   1.17ms
[2022.01.29-06.37.03:278][  0]Cmd: MAP CHECKDEP NOCLEARLOG
[2022.01.29-06.37.03:278][  0]MapCheck: Map check complete: 0 Error(s), 0 Warning(s), took 0.122ms to complete.
[2022.01.29-06.37.03:279][  0]LogFileHelpers: Loading map 'MainLevel' took 0.286
[2022.01.29-06.37.03:281][  0]LogUnrealEdMisc: Total Editor Startup Time, took 9.617
[2022.01.29-06.37.03:393][  0]LogSlate: Updating window title bar state: overlay mode, drag disabled, window buttons hidden, title bar hidden
[2022.01.29-06.37.03:399][  0]LogSlate: Updating window title bar state: overlay mode, drag disabled, window buttons hidden, title bar hidden
[2022.01.29-06.37.03:404][  0]LogSlate: Updating window title bar state: overlay mode, drag disabled, window buttons hidden, title bar hidden
[2022.01.29-06.37.03:409][  0]LogSlate: Updating window title bar state: overlay mode, drag disabled, window buttons hidden, title bar hidden
[2022.01.29-06.37.03:422][  0]LogNativeClassHierarchy: Verbose: Native class hierarchy populated in 0.0088 seconds. Added 3826 classes and 930 folders.
[2022.01.29-06.37.03:426][  0]LogNativeClassHierarchy: Verbose: Native class hierarchy updated for 'WidgetCarousel' in 0.0003 seconds. Added 0 classes and 0 folders.
[2022.01.29-06.37.03:428][  0]LogPakFile: PakFile PrimaryIndexSize=187
[2022.01.29-06.37.03:428][  0]LogPakFile: PakFile PathHashIndexSize=101
[2022.01.29-06.37.03:428][  0]LogPakFile: PakFile FullDirectoryIndexSize=148
[2022.01.29-06.37.03:428][  0]LogShaderLibrary: Display: ShaderCodeLibraryPakFileMountedCallback: PakFile 'D:/UE_4.27/FeaturePacks/FP_FirstPerson.upack' (chunk index -1, root 'root:/') mounted
[2022.01.29-06.37.03:428][  0]LogShaderLibrary: Display: ShaderCodeLibraryPakFileMountedCallback: pending pak file info (ChunkID:-1 Root:root:/ File:D:/UE_4.27/FeaturePacks/FP_FirstPerson.upack)
[2022.01.29-06.37.03:428][  0]LogPakFile: OnPakFileMounted2Time == 0.000172
[2022.01.29-06.37.03:430][  0]LogPakFile: PakFile PrimaryIndexSize=189
[2022.01.29-06.37.03:430][  0]LogPakFile: PakFile PathHashIndexSize=101
[2022.01.29-06.37.03:430][  0]LogPakFile: PakFile FullDirectoryIndexSize=152
[2022.01.29-06.37.03:430][  0]LogShaderLibrary: Display: ShaderCodeLibraryPakFileMountedCallback: PakFile 'D:/UE_4.27/FeaturePacks/FP_FirstPersonBP.upack' (chunk index -1, root 'root:/') mounted
[2022.01.29-06.37.03:430][  0]LogShaderLibrary: Display: ShaderCodeLibraryPakFileMountedCallback: pending pak file info (ChunkID:-1 Root:root:/ File:D:/UE_4.27/FeaturePacks/FP_FirstPersonBP.upack)
[2022.01.29-06.37.03:430][  0]LogPakFile: OnPakFileMounted2Time == 0.000131
[2022.01.29-06.37.03:432][  0]LogPakFile: PakFile PrimaryIndexSize=191
[2022.01.29-06.37.03:432][  0]LogPakFile: PakFile PathHashIndexSize=101
[2022.01.29-06.37.03:432][  0]LogPakFile: PakFile FullDirectoryIndexSize=160
[2022.01.29-06.37.03:432][  0]LogShaderLibrary: Display: ShaderCodeLibraryPakFileMountedCallback: PakFile 'D:/UE_4.27/FeaturePacks/MobileStarterContent.upack' (chunk index -1, root 'root:/') mounted
[2022.01.29-06.37.03:432][  0]LogShaderLibrary: Display: ShaderCodeLibraryPakFileMountedCallback: pending pak file info (ChunkID:-1 Root:root:/ File:D:/UE_4.27/FeaturePacks/MobileStarterContent.upack)
[2022.01.29-06.37.03:432][  0]LogPakFile: OnPakFileMounted2Time == 0.000124
[2022.01.29-06.37.03:433][  0]LogPakFile: PakFile PrimaryIndexSize=185
[2022.01.29-06.37.03:433][  0]LogPakFile: PakFile PathHashIndexSize=101
[2022.01.29-06.37.03:433][  0]LogPakFile: PakFile FullDirectoryIndexSize=148
[2022.01.29-06.37.03:433][  0]LogShaderLibrary: Display: ShaderCodeLibraryPakFileMountedCallback: PakFile 'D:/UE_4.27/FeaturePacks/StarterContent.upack' (chunk index -1, root 'root:/') mounted
[2022.01.29-06.37.03:433][  0]LogShaderLibrary: Display: ShaderCodeLibraryPakFileMountedCallback: pending pak file info (ChunkID:-1 Root:root:/ File:D:/UE_4.27/FeaturePacks/StarterContent.upack)
[2022.01.29-06.37.03:434][  0]LogPakFile: OnPakFileMounted2Time == 0.000181
[2022.01.29-06.37.03:435][  0]LogPakFile: PakFile PrimaryIndexSize=190
[2022.01.29-06.37.03:435][  0]LogPakFile: PakFile PathHashIndexSize=101
[2022.01.29-06.37.03:435][  0]LogPakFile: PakFile FullDirectoryIndexSize=154
[2022.01.29-06.37.03:435][  0]LogShaderLibrary: Display: ShaderCodeLibraryPakFileMountedCallback: PakFile 'D:/UE_4.27/FeaturePacks/TP_2DSideScroller.upack' (chunk index -1, root 'root:/') mounted
[2022.01.29-06.37.03:435][  0]LogShaderLibrary: Display: ShaderCodeLibraryPakFileMountedCallback: pending pak file info (ChunkID:-1 Root:root:/ File:D:/UE_4.27/FeaturePacks/TP_2DSideScroller.upack)
[2022.01.29-06.37.03:435][  0]LogPakFile: OnPakFileMounted2Time == 0.000130
[2022.01.29-06.37.03:437][  0]LogPakFile: PakFile PrimaryIndexSize=192
[2022.01.29-06.37.03:437][  0]LogPakFile: PakFile PathHashIndexSize=101
[2022.01.29-06.37.03:437][  0]LogPakFile: PakFile FullDirectoryIndexSize=158
[2022.01.29-06.37.03:437][  0]LogShaderLibrary: Display: ShaderCodeLibraryPakFileMountedCallback: PakFile 'D:/UE_4.27/FeaturePacks/TP_2DSideScrollerBP.upack' (chunk index -1, root 'root:/') mounted
[2022.01.29-06.37.03:437][  0]LogShaderLibrary: Display: ShaderCodeLibraryPakFileMountedCallback: pending pak file info (ChunkID:-1 Root:root:/ File:D:/UE_4.27/FeaturePacks/TP_2DSideScrollerBP.upack)
[2022.01.29-06.37.03:437][  0]LogPakFile: OnPakFileMounted2Time == 0.000138
[2022.01.29-06.37.03:438][  0]LogPakFile: PakFile PrimaryIndexSize=182
[2022.01.29-06.37.03:438][  0]LogPakFile: PakFile PathHashIndexSize=101
[2022.01.29-06.37.03:438][  0]LogPakFile: PakFile FullDirectoryIndexSize=138
[2022.01.29-06.37.03:438][  0]LogShaderLibrary: Display: ShaderCodeLibraryPakFileMountedCallback: PakFile 'D:/UE_4.27/FeaturePacks/TP_Flying.upack' (chunk index -1, root 'root:/') mounted
[2022.01.29-06.37.03:439][  0]LogShaderLibrary: Display: ShaderCodeLibraryPakFileMountedCallback: pending pak file info (ChunkID:-1 Root:root:/ File:D:/UE_4.27/FeaturePacks/TP_Flying.upack)
[2022.01.29-06.37.03:439][  0]LogPakFile: OnPakFileMounted2Time == 0.000117
[2022.01.29-06.37.03:440][  0]LogPakFile: PakFile PrimaryIndexSize=184
[2022.01.29-06.37.03:440][  0]LogPakFile: PakFile PathHashIndexSize=101
[2022.01.29-06.37.03:440][  0]LogPakFile: PakFile FullDirectoryIndexSize=142
[2022.01.29-06.37.03:440][  0]LogShaderLibrary: Display: ShaderCodeLibraryPakFileMountedCallback: PakFile 'D:/UE_4.27/FeaturePacks/TP_FlyingBP.upack' (chunk index -1, root 'root:/') mounted
[2022.01.29-06.37.03:440][  0]LogShaderLibrary: Display: ShaderCodeLibraryPakFileMountedCallback: pending pak file info (ChunkID:-1 Root:root:/ File:D:/UE_4.27/FeaturePacks/TP_FlyingBP.upack)
[2022.01.29-06.37.03:440][  0]LogPakFile: OnPakFileMounted2Time == 0.000136
[2022.01.29-06.37.03:442][  0]LogPakFile: PakFile PrimaryIndexSize=188
[2022.01.29-06.37.03:442][  0]LogPakFile: PakFile PathHashIndexSize=101
[2022.01.29-06.37.03:442][  0]LogPakFile: PakFile FullDirectoryIndexSize=150
[2022.01.29-06.37.03:442][  0]LogShaderLibrary: Display: ShaderCodeLibraryPakFileMountedCallback: PakFile 'D:/UE_4.27/FeaturePacks/TP_HandheldARBP.upack' (chunk index -1, root 'root:/') mounted
[2022.01.29-06.37.03:442][  0]LogShaderLibrary: Display: ShaderCodeLibraryPakFileMountedCallback: pending pak file info (ChunkID:-1 Root:root:/ File:D:/UE_4.27/FeaturePacks/TP_HandheldARBP.upack)
[2022.01.29-06.37.03:442][  0]LogPakFile: OnPakFileMounted2Time == 0.000148
[2022.01.29-06.37.03:447][  0]LogPakFile: PakFile PrimaryIndexSize=182
[2022.01.29-06.37.03:447][  0]LogPakFile: PakFile PathHashIndexSize=101
[2022.01.29-06.37.03:447][  0]LogPakFile: PakFile FullDirectoryIndexSize=138
[2022.01.29-06.37.03:447][  0]LogShaderLibrary: Display: ShaderCodeLibraryPakFileMountedCallback: PakFile 'D:/UE_4.27/FeaturePacks/TP_Puzzle.upack' (chunk index -1, root 'root:/') mounted
[2022.01.29-06.37.03:447][  0]LogShaderLibrary: Display: ShaderCodeLibraryPakFileMountedCallback: pending pak file info (ChunkID:-1 Root:root:/ File:D:/UE_4.27/FeaturePacks/TP_Puzzle.upack)
[2022.01.29-06.37.03:447][  0]LogPakFile: OnPakFileMounted2Time == 0.000200
[2022.01.29-06.37.03:449][  0]LogPakFile: PakFile PrimaryIndexSize=184
[2022.01.29-06.37.03:449][  0]LogPakFile: PakFile PathHashIndexSize=101
[2022.01.29-06.37.03:449][  0]LogPakFile: PakFile FullDirectoryIndexSize=142
[2022.01.29-06.37.03:449][  0]LogShaderLibrary: Display: ShaderCodeLibraryPakFileMountedCallback: PakFile 'D:/UE_4.27/FeaturePacks/TP_PuzzleBP.upack' (chunk index -1, root 'root:/') mounted
[2022.01.29-06.37.03:449][  0]LogShaderLibrary: Display: ShaderCodeLibraryPakFileMountedCallback: pending pak file info (ChunkID:-1 Root:root:/ File:D:/UE_4.27/FeaturePacks/TP_PuzzleBP.upack)
[2022.01.29-06.37.03:449][  0]LogPakFile: OnPakFileMounted2Time == 0.000166
[2022.01.29-06.37.03:451][  0]LogPakFile: PakFile PrimaryIndexSize=183
[2022.01.29-06.37.03:451][  0]LogPakFile: PakFile PathHashIndexSize=101
[2022.01.29-06.37.03:451][  0]LogPakFile: PakFile FullDirectoryIndexSize=140
[2022.01.29-06.37.03:451][  0]LogShaderLibrary: Display: ShaderCodeLibraryPakFileMountedCallback: PakFile 'D:/UE_4.27/FeaturePacks/TP_Rolling.upack' (chunk index -1, root 'root:/') mounted
[2022.01.29-06.37.03:451][  0]LogShaderLibrary: Display: ShaderCodeLibraryPakFileMountedCallback: pending pak file info (ChunkID:-1 Root:root:/ File:D:/UE_4.27/FeaturePacks/TP_Rolling.upack)
[2022.01.29-06.37.03:451][  0]LogPakFile: OnPakFileMounted2Time == 0.000132
[2022.01.29-06.37.03:453][  0]LogPakFile: PakFile PrimaryIndexSize=185
[2022.01.29-06.37.03:453][  0]LogPakFile: PakFile PathHashIndexSize=101
[2022.01.29-06.37.03:453][  0]LogPakFile: PakFile FullDirectoryIndexSize=144
[2022.01.29-06.37.03:453][  0]LogShaderLibrary: Display: ShaderCodeLibraryPakFileMountedCallback: PakFile 'D:/UE_4.27/FeaturePacks/TP_RollingBP.upack' (chunk index -1, root 'root:/') mounted
[2022.01.29-06.37.03:453][  0]LogShaderLibrary: Display: ShaderCodeLibraryPakFileMountedCallback: pending pak file info (ChunkID:-1 Root:root:/ File:D:/UE_4.27/FeaturePacks/TP_RollingBP.upack)
[2022.01.29-06.37.03:453][  0]LogPakFile: OnPakFileMounted2Time == 0.000194
[2022.01.29-06.37.03:454][  0]LogPakFile: PakFile PrimaryIndexSize=188
[2022.01.29-06.37.03:455][  0]LogPakFile: PakFile PathHashIndexSize=101
[2022.01.29-06.37.03:455][  0]LogPakFile: PakFile FullDirectoryIndexSize=150
[2022.01.29-06.37.03:455][  0]LogShaderLibrary: Display: ShaderCodeLibraryPakFileMountedCallback: PakFile 'D:/UE_4.27/FeaturePacks/TP_SideScroller.upack' (chunk index -1, root 'root:/') mounted
[2022.01.29-06.37.03:455][  0]LogShaderLibrary: Display: ShaderCodeLibraryPakFileMountedCallback: pending pak file info (ChunkID:-1 Root:root:/ File:D:/UE_4.27/FeaturePacks/TP_SideScroller.upack)
[2022.01.29-06.37.03:455][  0]LogPakFile: OnPakFileMounted2Time == 0.000144
[2022.01.29-06.37.03:456][  0]LogPakFile: PakFile PrimaryIndexSize=190
[2022.01.29-06.37.03:456][  0]LogPakFile: PakFile PathHashIndexSize=101
[2022.01.29-06.37.03:456][  0]LogPakFile: PakFile FullDirectoryIndexSize=154
[2022.01.29-06.37.03:457][  0]LogShaderLibrary: Display: ShaderCodeLibraryPakFileMountedCallback: PakFile 'D:/UE_4.27/FeaturePacks/TP_SideScrollerBP.upack' (chunk index -1, root 'root:/') mounted
[2022.01.29-06.37.03:457][  0]LogShaderLibrary: Display: ShaderCodeLibraryPakFileMountedCallback: pending pak file info (ChunkID:-1 Root:root:/ File:D:/UE_4.27/FeaturePacks/TP_SideScrollerBP.upack)
[2022.01.29-06.37.03:457][  0]LogPakFile: OnPakFileMounted2Time == 0.000177
[2022.01.29-06.37.03:458][  0]LogPakFile: PakFile PrimaryIndexSize=187
[2022.01.29-06.37.03:459][  0]LogPakFile: PakFile PathHashIndexSize=101
[2022.01.29-06.37.03:459][  0]LogPakFile: PakFile FullDirectoryIndexSize=148
[2022.01.29-06.37.03:459][  0]LogShaderLibrary: Display: ShaderCodeLibraryPakFileMountedCallback: PakFile 'D:/UE_4.27/FeaturePacks/TP_ThirdPerson.upack' (chunk index -1, root 'root:/') mounted
[2022.01.29-06.37.03:459][  0]LogShaderLibrary: Display: ShaderCodeLibraryPakFileMountedCallback: pending pak file info (ChunkID:-1 Root:root:/ File:D:/UE_4.27/FeaturePacks/TP_ThirdPerson.upack)
[2022.01.29-06.37.03:459][  0]LogPakFile: OnPakFileMounted2Time == 0.000182
[2022.01.29-06.37.03:460][  0]LogPakFile: PakFile PrimaryIndexSize=189
[2022.01.29-06.37.03:461][  0]LogPakFile: PakFile PathHashIndexSize=101
[2022.01.29-06.37.03:461][  0]LogPakFile: PakFile FullDirectoryIndexSize=152
[2022.01.29-06.37.03:461][  0]LogShaderLibrary: Display: ShaderCodeLibraryPakFileMountedCallback: PakFile 'D:/UE_4.27/FeaturePacks/TP_ThirdPersonBP.upack' (chunk index -1, root 'root:/') mounted
[2022.01.29-06.37.03:461][  0]LogShaderLibrary: Display: ShaderCodeLibraryPakFileMountedCallback: pending pak file info (ChunkID:-1 Root:root:/ File:D:/UE_4.27/FeaturePacks/TP_ThirdPersonBP.upack)
[2022.01.29-06.37.03:461][  0]LogPakFile: OnPakFileMounted2Time == 0.000143
[2022.01.29-06.37.03:463][  0]LogPakFile: PakFile PrimaryIndexSize=183
[2022.01.29-06.37.03:463][  0]LogPakFile: PakFile PathHashIndexSize=101
[2022.01.29-06.37.03:463][  0]LogPakFile: PakFile FullDirectoryIndexSize=140
[2022.01.29-06.37.03:463][  0]LogShaderLibrary: Display: ShaderCodeLibraryPakFileMountedCallback: PakFile 'D:/UE_4.27/FeaturePacks/TP_TopDown.upack' (chunk index -1, root 'root:/') mounted
[2022.01.29-06.37.03:463][  0]LogShaderLibrary: Display: ShaderCodeLibraryPakFileMountedCallback: pending pak file info (ChunkID:-1 Root:root:/ File:D:/UE_4.27/FeaturePacks/TP_TopDown.upack)
[2022.01.29-06.37.03:463][  0]LogPakFile: OnPakFileMounted2Time == 0.000180
[2022.01.29-06.37.03:464][  0]LogPakFile: PakFile PrimaryIndexSize=185
[2022.01.29-06.37.03:465][  0]LogPakFile: PakFile PathHashIndexSize=101
[2022.01.29-06.37.03:465][  0]LogPakFile: PakFile FullDirectoryIndexSize=144
[2022.01.29-06.37.03:465][  0]LogShaderLibrary: Display: ShaderCodeLibraryPakFileMountedCallback: PakFile 'D:/UE_4.27/FeaturePacks/TP_TopDownBP.upack' (chunk index -1, root 'root:/') mounted
[2022.01.29-06.37.03:465][  0]LogShaderLibrary: Display: ShaderCodeLibraryPakFileMountedCallback: pending pak file info (ChunkID:-1 Root:root:/ File:D:/UE_4.27/FeaturePacks/TP_TopDownBP.upack)
[2022.01.29-06.37.03:465][  0]LogPakFile: OnPakFileMounted2Time == 0.000138
[2022.01.29-06.37.03:466][  0]LogPakFile: PakFile PrimaryIndexSize=185
[2022.01.29-06.37.03:466][  0]LogPakFile: PakFile PathHashIndexSize=101
[2022.01.29-06.37.03:466][  0]LogPakFile: PakFile FullDirectoryIndexSize=144
[2022.01.29-06.37.03:466][  0]LogShaderLibrary: Display: ShaderCodeLibraryPakFileMountedCallback: PakFile 'D:/UE_4.27/FeaturePacks/TP_TwinStick.upack' (chunk index -1, root 'root:/') mounted
[2022.01.29-06.37.03:467][  0]LogShaderLibrary: Display: ShaderCodeLibraryPakFileMountedCallback: pending pak file info (ChunkID:-1 Root:root:/ File:D:/UE_4.27/FeaturePacks/TP_TwinStick.upack)
[2022.01.29-06.37.03:467][  0]LogPakFile: OnPakFileMounted2Time == 0.000140
[2022.01.29-06.37.03:468][  0]LogPakFile: PakFile PrimaryIndexSize=187
[2022.01.29-06.37.03:468][  0]LogPakFile: PakFile PathHashIndexSize=101
[2022.01.29-06.37.03:468][  0]LogPakFile: PakFile FullDirectoryIndexSize=148
[2022.01.29-06.37.03:469][  0]LogShaderLibrary: Display: ShaderCodeLibraryPakFileMountedCallback: PakFile 'D:/UE_4.27/FeaturePacks/TP_TwinStickBP.upack' (chunk index -1, root 'root:/') mounted
[2022.01.29-06.37.03:469][  0]LogShaderLibrary: Display: ShaderCodeLibraryPakFileMountedCallback: pending pak file info (ChunkID:-1 Root:root:/ File:D:/UE_4.27/FeaturePacks/TP_TwinStickBP.upack)
[2022.01.29-06.37.03:469][  0]LogPakFile: OnPakFileMounted2Time == 0.000193
[2022.01.29-06.37.03:470][  0]LogPakFile: PakFile PrimaryIndexSize=183
[2022.01.29-06.37.03:471][  0]LogPakFile: PakFile PathHashIndexSize=101
[2022.01.29-06.37.03:471][  0]LogPakFile: PakFile FullDirectoryIndexSize=140
[2022.01.29-06.37.03:471][  0]LogShaderLibrary: Display: ShaderCodeLibraryPakFileMountedCallback: PakFile 'D:/UE_4.27/FeaturePacks/TP_Vehicle.upack' (chunk index -1, root 'root:/') mounted
[2022.01.29-06.37.03:471][  0]LogShaderLibrary: Display: ShaderCodeLibraryPakFileMountedCallback: pending pak file info (ChunkID:-1 Root:root:/ File:D:/UE_4.27/FeaturePacks/TP_Vehicle.upack)
[2022.01.29-06.37.03:471][  0]LogPakFile: OnPakFileMounted2Time == 0.000145
[2022.01.29-06.37.03:472][  0]LogPakFile: PakFile PrimaryIndexSize=186
[2022.01.29-06.37.03:472][  0]LogPakFile: PakFile PathHashIndexSize=101
[2022.01.29-06.37.03:472][  0]LogPakFile: PakFile FullDirectoryIndexSize=146
[2022.01.29-06.37.03:472][  0]LogShaderLibrary: Display: ShaderCodeLibraryPakFileMountedCallback: PakFile 'D:/UE_4.27/FeaturePacks/TP_VehicleAdv.upack' (chunk index -1, root 'root:/') mounted
[2022.01.29-06.37.03:472][  0]LogShaderLibrary: Display: ShaderCodeLibraryPakFileMountedCallback: pending pak file info (ChunkID:-1 Root:root:/ File:D:/UE_4.27/FeaturePacks/TP_VehicleAdv.upack)
[2022.01.29-06.37.03:473][  0]LogPakFile: OnPakFileMounted2Time == 0.000147
[2022.01.29-06.37.03:474][  0]LogPakFile: PakFile PrimaryIndexSize=188
[2022.01.29-06.37.03:474][  0]LogPakFile: PakFile PathHashIndexSize=101
[2022.01.29-06.37.03:474][  0]LogPakFile: PakFile FullDirectoryIndexSize=150
[2022.01.29-06.37.03:474][  0]LogShaderLibrary: Display: ShaderCodeLibraryPakFileMountedCallback: PakFile 'D:/UE_4.27/FeaturePacks/TP_VehicleAdvBP.upack' (chunk index -1, root 'root:/') mounted
[2022.01.29-06.37.03:474][  0]LogShaderLibrary: Display: ShaderCodeLibraryPakFileMountedCallback: pending pak file info (ChunkID:-1 Root:root:/ File:D:/UE_4.27/FeaturePacks/TP_VehicleAdvBP.upack)
[2022.01.29-06.37.03:475][  0]LogPakFile: OnPakFileMounted2Time == 0.000173
[2022.01.29-06.37.03:476][  0]LogPakFile: PakFile PrimaryIndexSize=185
[2022.01.29-06.37.03:476][  0]LogPakFile: PakFile PathHashIndexSize=101
[2022.01.29-06.37.03:477][  0]LogPakFile: PakFile FullDirectoryIndexSize=144
[2022.01.29-06.37.03:477][  0]LogShaderLibrary: Display: ShaderCodeLibraryPakFileMountedCallback: PakFile 'D:/UE_4.27/FeaturePacks/TP_VehicleBP.upack' (chunk index -1, root 'root:/') mounted
[2022.01.29-06.37.03:477][  0]LogShaderLibrary: Display: ShaderCodeLibraryPakFileMountedCallback: pending pak file info (ChunkID:-1 Root:root:/ File:D:/UE_4.27/FeaturePacks/TP_VehicleBP.upack)
[2022.01.29-06.37.03:477][  0]LogPakFile: OnPakFileMounted2Time == 0.000151
[2022.01.29-06.37.03:478][  0]LogPakFile: PakFile PrimaryIndexSize=192
[2022.01.29-06.37.03:479][  0]LogPakFile: PakFile PathHashIndexSize=101
[2022.01.29-06.37.03:479][  0]LogPakFile: PakFile FullDirectoryIndexSize=158
[2022.01.29-06.37.03:479][  0]LogShaderLibrary: Display: ShaderCodeLibraryPakFileMountedCallback: PakFile 'D:/UE_4.27/FeaturePacks/TP_VirtualRealityBP.upack' (chunk index -1, root 'root:/') mounted
[2022.01.29-06.37.03:479][  0]LogShaderLibrary: Display: ShaderCodeLibraryPakFileMountedCallback: pending pak file info (ChunkID:-1 Root:root:/ File:D:/UE_4.27/FeaturePacks/TP_VirtualRealityBP.upack)
[2022.01.29-06.37.03:479][  0]LogPakFile: OnPakFileMounted2Time == 0.000154
[2022.01.29-06.37.03:549][  0]LogNativeClassHierarchy: Verbose: Native class hierarchy updated for 'AddContentDialog' in 0.0003 seconds. Added 0 classes and 0 folders.
[2022.01.29-06.37.03:554][  0]LogNativeClassHierarchy: Verbose: Native class hierarchy updated for 'SceneOutliner' in 0.0003 seconds. Added 2 classes and 0 folders.
[2022.01.29-06.37.03:623][  0]LogSlate: Took 0.001081 seconds to synchronously load lazily loaded font '../../../Engine/Content/Slate/Fonts/Roboto-Regular.ttf' (155K)
[2022.01.29-06.37.03:625][  0]LogSlate: Took 0.000886 seconds to synchronously load lazily loaded font '../../../Engine/Content/Editor/Slate/Fonts/FontAwesome.ttf' (139K)
[2022.01.29-06.37.03:627][  0]LogSlate: Took 0.000947 seconds to synchronously load lazily loaded font '../../../Engine/Content/Slate/Fonts/Roboto-Bold.ttf' (160K)
[2022.01.29-06.37.03:701][  0]LogRenderer: Reallocating scene render targets to support 1208x532 Format 10 NumSamples 1 (Frame:1).
[2022.01.29-06.37.03:751][  0]LogSlate: Took 0.001033 seconds to synchronously load lazily loaded font '../../../Engine/Content/Slate/Fonts/Roboto-Light.ttf' (167K)
[2022.01.29-06.37.03:884][  0]LogNativeClassHierarchy: Verbose: Native class hierarchy updated for 'HierarchicalLODOutliner' in 0.0003 seconds. Added 0 classes and 0 folders.
[2022.01.29-06.37.03:885][  0]LogLoad: (Engine Initialization) Total time: 10.22 seconds
[2022.01.29-06.37.03:885][  0]LogLoad: (Engine Initialization) Total Blueprint compile time: 0.00 seconds
[2022.01.29-06.37.03:933][  0]LogAssetRegistry: Asset discovery search completed in 5.9744 seconds
[2022.01.29-06.37.03:940][  0]LogCollectionManager: Fixed up redirectors for 0 collections in 0.000003 seconds (updated 0 objects)
[2022.01.29-06.37.03:941][  0]LogContentStreaming: Texture pool size now 1000 MB
[2022.01.29-06.37.19:119][787]Cmd: DELETE
[2022.01.29-06.37.19:119][787]Cmd: ACTOR DELETE
[2022.01.29-06.37.19:120][787]LogEditorActor: Deleted Actor: BP_FloorTile_C
[2022.01.29-06.37.19:125][787]LogUObjectHash: Compacting FUObjectHashTables data took   0.61ms
[2022.01.29-06.37.19:126][787]LogEditorActor: Deleted 1 Actors (0.006 secs)
[2022.01.29-06.37.20:942][839]LogTemp: Repeating last play command: New Editor Window (PIE)
[2022.01.29-06.37.20:950][839]LogPlayLevel: PlayLevel: No blueprints needed recompiling
[2022.01.29-06.37.20:958][839]PIE: New page: PIE session: MainLevel (Jan 29, 2022, 8:37:20 PM)
[2022.01.29-06.37.20:964][839]LogOnline: OSS: Creating online subsystem instance for: NULL
[2022.01.29-06.37.20:967][839]LogOnline: OSS: TryLoadSubsystemAndSetDefault: Loaded subsystem for module [NULL]
[2022.01.29-06.37.20:969][839]LogPlayLevel: Creating play world package: /Game/_Game/Maps/UEDPIE_0_MainLevel
[2022.01.29-06.37.20:973][839]LogPlayLevel: PIE: StaticDuplicateObject took: (0.003340s)
[2022.01.29-06.37.20:975][839]LogAIModule: Creating AISystem for world MainLevel
[2022.01.29-06.37.20:976][839]LogPlayLevel: PIE: World Init took: (0.002673s)
[2022.01.29-06.37.20:976][839]LogPlayLevel: PIE: Created PIE world by copying editor world from /Game/_Game/Maps/MainLevel.MainLevel to /Game/_Game/Maps/UEDPIE_0_MainLevel.MainLevel (0.006857s)
[2022.01.29-06.37.20:980][839]LogUObjectHash: Compacting FUObjectHashTables data took   0.58ms
[2022.01.29-06.37.20:982][839]LogAudio: Display: Creating Audio Device:                 Id: 2, Scope: Unique, Realtime: True
[2022.01.29-06.37.20:982][839]LogAudioMixer: Display: Audio Mixer Platform Settings:
[2022.01.29-06.37.20:982][839]LogAudioMixer: Display: 	Sample Rate:						  48000
[2022.01.29-06.37.20:982][839]LogAudioMixer: Display: 	Callback Buffer Frame Size Requested: 1024
[2022.01.29-06.37.20:983][839]LogAudioMixer: Display: 	Callback Buffer Frame Size To Use:	  1024
[2022.01.29-06.37.20:983][839]LogAudioMixer: Display: 	Number of buffers to queue:			  2
[2022.01.29-06.37.20:983][839]LogAudioMixer: Display: 	Max Channels (voices):				  32
[2022.01.29-06.37.20:983][839]LogAudioMixer: Display: 	Number of Async Source Workers:		  0
[2022.01.29-06.37.20:983][839]LogAudio: Display: AudioDevice MaxSources: 32
[2022.01.29-06.37.20:983][839]LogAudio: Display: Audio Spatialization Plugin: None (built-in).
[2022.01.29-06.37.20:983][839]LogAudio: Display: Audio Reverb Plugin: None (built-in).
[2022.01.29-06.37.20:983][839]LogAudio: Display: Audio Occlusion Plugin: None (built-in).
[2022.01.29-06.37.20:983][839]LogAudioMixer: Display: Initializing audio mixer.
[2022.01.29-06.37.20:986][839]LogAudioMixer: Display: 0: FrontLeft
[2022.01.29-06.37.20:986][839]LogAudioMixer: Display: 1: FrontRight
[2022.01.29-06.37.21:014][839]LogAudioMixer: Display: Using Audio Device Headphones (SONATA USB Audio)
[2022.01.29-06.37.21:014][839]LogAudioMixer: Display: Initializing Sound Submixes...
[2022.01.29-06.37.21:014][839]LogAudioMixer: Display: Creating Master Submix 'MasterSubmixDefault'
[2022.01.29-06.37.21:015][839]LogAudioMixer: Display: Creating Master Submix 'MasterReverbSubmixDefault'
[2022.01.29-06.37.21:015][839]LogAudioMixer: Display: Creating Master Submix 'MasterEQSubmixDefault'
[2022.01.29-06.37.21:015][839]LogAudioMixer: FMixerPlatformXAudio2::StartAudioStream() called
[2022.01.29-06.37.21:015][839]LogAudioMixer: Display: Output buffers initialized: Frames=1024, Channels=2, Samples=2048
[2022.01.29-06.37.21:017][839]LogAudioMixer: Display: Starting AudioMixerPlatformInterface::RunInternal()
[2022.01.29-06.37.21:017][839]LogAudioMixer: Display: FMixerPlatformXAudio2::SubmitBuffer() called for the first time
[2022.01.29-06.37.21:017][839]LogInit: FAudioDevice initialized.
[2022.01.29-06.37.21:018][839]LogAudio: Display: Audio Device (ID: 2) registered with world 'MainLevel'.
[2022.01.29-06.37.21:044][839]LogSlate: Updating window title bar state: overlay mode, drag disabled, window buttons hidden, title bar hidden
[2022.01.29-06.37.21:045][839]LogLoad: Game class is 'BP_MainLevel_GM_C'
[2022.01.29-06.37.21:053][839]LogWorld: Bringing World /Game/_Game/Maps/UEDPIE_0_MainLevel.MainLevel up for play (max tick rate 60) at 2022.01.29-13.37.21
[2022.01.29-06.37.21:055][839]LogWorld: Bringing up level for play took: 0.001800
[2022.01.29-06.37.21:056][839]LogOnline: OSS: Creating online subsystem instance for: :Context_3
[2022.01.29-06.37.21:071][839]LogNativeClassHierarchy: Verbose: Native class hierarchy updated for 'MovieSceneCapture' in 0.0004 seconds. Added 20 classes and 0 folders.
[2022.01.29-06.37.21:087][839]PIE: Server logged in
[2022.01.29-06.37.21:088][839]PIE: Play in editor total start time 0.142 seconds.
[2022.01.29-06.37.21:148][840]LogRenderer: Reallocating scene render targets to support 1280x720 Format 10 NumSamples 1 (Frame:1).
[2022.01.29-06.37.28:918][302]LogSlate: Updating window title bar state: overlay mode, drag disabled, window buttons hidden, title bar hidden
[2022.01.29-06.37.28:918][302]LogWorld: BeginTearingDown for /Game/_Game/Maps/UEDPIE_0_MainLevel
[2022.01.29-06.37.28:919][302]LogSlate: Window 'EndlessRunner Preview [NetMode: Standalone]  (64-bit/Windows) ' being destroyed
[2022.01.29-06.37.28:926][302]LogWorld: UWorld::CleanupWorld for MainLevel, bSessionEnded=true, bCleanupResources=true
[2022.01.29-06.37.28:926][302]LogSlate: InvalidateAllWidgets triggered.  All widgets were invalidated
[2022.01.29-06.37.28:944][302]LogPlayLevel: Display: Shutting down PIE online subsystems
[2022.01.29-06.37.28:946][302]LogSlate: InvalidateAllWidgets triggered.  All widgets were invalidated
[2022.01.29-06.37.28:953][302]LogAudioMixer: FMixerPlatformXAudio2::StopAudioStream() called
[2022.01.29-06.37.28:956][302]LogAudioMixer: FMixerPlatformXAudio2::StopAudioStream() called
[2022.01.29-06.37.28:979][302]LogUObjectHash: Compacting FUObjectHashTables data took   0.65ms
[2022.01.29-06.37.28:993][303]LogPlayLevel: Display: Destroying online subsystem :Context_3
[2022.01.29-06.37.35:157][596]LogSlate: Took 0.000149 seconds to synchronously load lazily loaded font '../../../Engine/Content/Slate/Fonts/Roboto-Light.ttf' (167K)
[2022.01.29-06.37.35:174][596]Cmd: OBJ SAVEPACKAGE PACKAGE="/Game/_Game/Maps/MainLevel" FILE="../../../../Unreal_c++/EndlessRun/EndlessRunner/Content/_Game/Maps/MainLevel.umap" SILENT=true AUTOSAVING=false KEEPDIRTY=false
[2022.01.29-06.37.35:180][596]LogUObjectHash: Compacting FUObjectHashTables data took   0.59ms
[2022.01.29-06.37.35:186][596]LogSavePackage: Moving '../../../../Unreal_c++/EndlessRun/EndlessRunner/Saved/MainLevel36CC873B405752B53AFCDEBBE76FF672.tmp' to '../../../../Unreal_c++/EndlessRun/EndlessRunner/Content/_Game/Maps/MainLevel.umap'
[2022.01.29-06.37.35:197][596]Cmd: OBJ SAVEPACKAGE PACKAGE="/Game/_Game/Maps/MainLevel_BuiltData" FILE="../../../../Unreal_c++/EndlessRun/EndlessRunner/Content/_Game/Maps/MainLevel_BuiltData.uasset" SILENT=true
[2022.01.29-06.37.35:210][596]LogSavePackage: Moving '../../../../Unreal_c++/EndlessRun/EndlessRunner/Saved/MainLevel_BuiltData261275BE4E54CE46F3FF1196204F2A63.tmp' to '../../../../Unreal_c++/EndlessRun/EndlessRunner/Content/_Game/Maps/MainLevel_BuiltData.uasset'
[2022.01.29-06.37.35:221][596]AssetCheck: New page: Asset Save: multiple assets
[2022.01.29-06.37.35:221][596]LogContentValidation: Display: Validating MapBuildDataRegistry /Game/_Game/Maps/MainLevel_BuiltData.MainLevel_BuiltData
[2022.01.29-06.37.35:222][596]LogContentValidation: Display: Validating World /Game/_Game/Maps/MainLevel.MainLevel
[2022.01.29-06.57.37:224][375]LogUObjectHash: Compacting FUObjectHashTables data took   0.85ms
[2022.01.29-06.57.38:191][433]LogUObjectHash: Compacting FUObjectHashTables data took   0.61ms
[2022.01.29-06.57.38:220][433]LogSlate: Window 'EndlessRunner - Unreal Editor' being destroyed
[2022.01.29-06.57.38:348][434]Cmd: QUIT_EDITOR
[2022.01.29-06.57.38:348][434]LogCore: Engine exit requested (reason: UUnrealEdEngine::CloseEditor())
[2022.01.29-06.57.38:355][434]LogCore: Engine exit requested (reason: EngineExit() was called; note: exit was already requested)
[2022.01.29-06.57.38:547][434]LogAudio: Display: Beginning Audio Device Manager Shutdown (Module: AudioMixerXAudio2)...
[2022.01.29-06.57.38:547][434]LogAudio: Display: Destroying 1 Remaining Audio Device(s)...
[2022.01.29-06.57.38:547][434]LogAudio: Display: Audio Device unregistered from world 'MainLevel'.
[2022.01.29-06.57.38:547][434]LogAudioMixer: FMixerPlatformXAudio2::StopAudioStream() called
[2022.01.29-06.57.38:549][434]LogAudioMixer: FMixerPlatformXAudio2::StopAudioStream() called
[2022.01.29-06.57.38:557][434]LogAudio: Display: Audio Device Manager Shutdown
[2022.01.29-06.57.38:558][434]LogWindowsTextInputMethodSystem: Display: IME system deactivated.
[2022.01.29-06.57.38:565][434]LogExit: Preparing to exit.
[2022.01.29-06.57.38:575][434]LogUObjectHash: Compacting FUObjectHashTables data took   0.71ms
[2022.01.29-06.57.39:042][434]LogWorld: UWorld::CleanupWorld for World_0, bSessionEnded=true, bCleanupResources=true
[2022.01.29-06.57.39:042][434]LogWorld: UWorld::CleanupWorld for World_1, bSessionEnded=true, bCleanupResources=true
[2022.01.29-06.57.39:078][434]LogDemo: Cleaned up 0 splitscreen connections with owner deletion
[2022.01.29-06.57.39:094][434]LogWorld: UWorld::CleanupWorld for None, bSessionEnded=true, bCleanupResources=true
[2022.01.29-06.57.39:094][434]LogExit: Editor shut down
[2022.01.29-06.57.39:095][434]LogExit: Transaction tracking system shut down
