Log file open, 01/30/22 14:31:28
LogWindows: Failed to load 'aqProf.dll' (GetLastError=126)
LogWindows: File 'aqProf.dll' does not exist
LogWindows: Failed to load 'VtuneApi.dll' (GetLastError=126)
LogWindows: File 'VtuneApi.dll' does not exist
LogWindows: Failed to load 'VtuneApi32e.dll' (GetLastError=126)
LogWindows: File 'VtuneApi32e.dll' does not exist
LogConsoleResponse: Display: Failed to find resolution value strings in scalability ini. Falling back to default.
LogConsoleResponse: Display: Failed to find resolution value strings in scalability ini. Falling back to default.
LogInit: Display: Running engine for game: EndlessRunner
LogPlatformFile: Not using cached read wrapper
LogTaskGraph: Started task graph with 5 named threads and 47 total threads with 3 sets of task threads.
LogStats: Stats thread started at 0.901689
LogICUInternationalization: ICU TimeZone Detection - Raw Offset: +7:00, Platform Override: ''
LogInit: Display: Loading text-based GConfig....
LogPluginManager: Mounting plugin MeshPainting
LogPluginManager: Mounting plugin XGEController
LogPluginManager: Mounting plugin Paper2D
LogPluginManager: Mounting plugin LiveLink
LogPluginManager: Mounting plugin AISupport
LogPluginManager: Mounting plugin EnvironmentQueryEditor
LogPluginManager: Mounting plugin LightPropagationVolume
LogPluginManager: Mounting plugin GameplayCameras
LogPluginManager: Mounting plugin CameraShakePreviewer
LogPluginManager: Mounting plugin AssetManagerEditor
LogPluginManager: Mounting plugin OodleNetwork
LogPluginManager: Mounting plugin CryptoKeys
LogPluginManager: Mounting plugin OodleData
LogPluginManager: Mounting plugin CurveEditorTools
LogPluginManager: Mounting plugin DataValidation
LogPluginManager: Mounting plugin DatasmithContent
LogPluginManager: Mounting plugin FacialAnimation
LogPluginManager: Mounting plugin GameplayTagsEditor
LogPluginManager: Mounting plugin GeometryMode
LogPluginManager: Mounting plugin MaterialAnalyzer
LogPluginManager: Mounting plugin MobileLauncherProfileWizard
LogPluginManager: Mounting plugin VariantManagerContent
LogPluginManager: Mounting plugin SpeedTreeImporter
LogPluginManager: Mounting plugin AlembicImporter
LogPluginManager: Mounting plugin PluginBrowser
LogPluginManager: Mounting plugin MacGraphicsSwitching
LogPluginManager: Mounting plugin BackChannel
LogPluginManager: Mounting plugin AutomationUtils
LogPluginManager: Mounting plugin ChaosCloth
LogPluginManager: Mounting plugin ChaosEditor
LogPluginManager: Mounting plugin ChaosClothEditor
LogPluginManager: Mounting plugin ChaosSolverPlugin
LogPluginManager: Mounting plugin ChaosNiagara
LogPluginManager: Mounting plugin CharacterAI
LogPluginManager: Mounting plugin GeometryCache
LogPluginManager: Mounting plugin AnimationSharing
LogPluginManager: Mounting plugin CLionSourceCodeAccess
LogPluginManager: Mounting plugin GeometryProcessing
LogPluginManager: Mounting plugin GeometryCollectionPlugin
LogPluginManager: Mounting plugin PlanarCut
LogPluginManager: Mounting plugin OpenImageDenoise
LogPluginManager: Mounting plugin MotoSynth
LogPluginManager: Mounting plugin PlatformCrypto
LogPluginManager: Mounting plugin LuminPlatformFeatures
LogPluginManager: Mounting plugin ProxyLODPlugin
LogPluginManager: Mounting plugin AndroidMedia
LogPluginManager: Mounting plugin MagicLeap
LogPluginManager: Mounting plugin AvfMedia
LogPluginManager: Mounting plugin MagicLeapLightEstimation
LogPluginManager: Mounting plugin MagicLeapMedia
LogPluginManager: Mounting plugin MagicLeapPassableWorld
LogPluginManager: Mounting plugin PythonScriptPlugin
LogPluginManager: Mounting plugin MLSDK
LogPluginManager: Mounting plugin ImgMedia
LogPluginManager: Mounting plugin MediaCompositing
LogPluginManager: Mounting plugin MediaPlayerEditor
LogPluginManager: Mounting plugin WebMMedia
LogPluginManager: Mounting plugin WmfMedia
LogPluginManager: Mounting plugin SkeletalReduction
LogPluginManager: Mounting plugin CodeLiteSourceCodeAccess
LogPluginManager: Mounting plugin KDevelopSourceCodeAccess
LogPluginManager: Mounting plugin GitSourceControl
LogPluginManager: Mounting plugin PerforceSourceControl
LogPluginManager: Mounting plugin NullSourceCodeAccess
LogPluginManager: Mounting plugin PixWinPlugin
LogPluginManager: Mounting plugin PluginUtils
LogPluginManager: Mounting plugin PlasticSourceControl
LogPluginManager: Mounting plugin PropertyAccessNode
LogPluginManager: Mounting plugin RiderSourceCodeAccess
LogPluginManager: Mounting plugin TextureFormatOodle
LogPluginManager: Mounting plugin UObjectPlugin
LogPluginManager: Mounting plugin XCodeSourceCodeAccess
LogPluginManager: Mounting plugin VisualStudioSourceCodeAccess
LogPluginManager: Mounting plugin VisualStudioCodeSourceCodeAccess
LogPluginManager: Mounting plugin TcpMessaging
LogPluginManager: Mounting plugin UdpMessaging
LogPluginManager: Mounting plugin OnlineSubsystem
LogPluginManager: Mounting plugin SubversionSourceControl
LogPluginManager: Mounting plugin OnlineSubsystemUtils
LogPluginManager: Mounting plugin OnlineSubsystemNull
LogPluginManager: Mounting plugin ActorSequence
LogPluginManager: Mounting plugin LauncherChunkInstaller
LogPluginManager: Mounting plugin MatineeToLevelSequence
LogPluginManager: Mounting plugin LevelSequenceEditor
LogPluginManager: Mounting plugin TemplateSequence
LogPluginManager: Mounting plugin ActorLayerUtilities
LogPluginManager: Mounting plugin AndroidDeviceProfileSelector
LogPluginManager: Mounting plugin AndroidMoviePlayer
LogPluginManager: Mounting plugin AppleImageUtils
LogPluginManager: Mounting plugin AppleMoviePlayer
LogPluginManager: Mounting plugin AssetTags
LogPluginManager: Mounting plugin ArchVisCharacter
LogPluginManager: Mounting plugin CustomMeshComponent
LogPluginManager: Mounting plugin ChunkDownloader
LogPluginManager: Mounting plugin AudioSynesthesia
LogPluginManager: Mounting plugin EditableMesh
LogPluginManager: Mounting plugin CableComponent
LogPluginManager: Mounting plugin GooglePAD
LogPluginManager: Mounting plugin AudioCapture
LogPluginManager: Mounting plugin GoogleCloudMessaging
LogPluginManager: Mounting plugin ScreenshotTools
LogPluginManager: Mounting plugin IOSDeviceProfileSelector
LogPluginManager: Mounting plugin LocationServicesBPLibrary
LogPluginManager: Mounting plugin LinuxDeviceProfileSelector
LogPluginManager: Mounting plugin MobilePatchingUtils
LogPluginManager: Mounting plugin OpenXR
LogPluginManager: Mounting plugin OpenXREyeTracker
LogPluginManager: Mounting plugin OpenXRHandTracking
LogPluginManager: Mounting plugin PostSplashScreen
LogPluginManager: Mounting plugin AndroidPermission
LogPluginManager: Mounting plugin PropertyAccessEditor
LogPluginManager: Mounting plugin ProceduralMeshComponent
LogPluginManager: Mounting plugin ExampleDeviceProfileSelector
LogPluginManager: Mounting plugin SoundFields
LogPluginManager: Mounting plugin PhysXVehicles
LogPluginManager: Mounting plugin RuntimePhysXCooking
LogPluginManager: Mounting plugin Synthesis
LogPluginManager: Mounting plugin WebMMoviePlayer
LogPluginManager: Mounting plugin Takes
LogPluginManager: Mounting plugin WindowsMoviePlayer
LogPluginManager: Mounting plugin Niagara
LogPluginManager: Mounting plugin SignificanceManager
LogPluginManager: Mounting plugin ContentBrowserFileDataSource
LogPluginManager: Mounting plugin ContentBrowserAssetDataSource
LogPluginManager: Mounting plugin ContentBrowserClassDataSource
LogPluginManager: Mounting plugin OnlineSubsystemGooglePlay
LogPluginManager: Mounting plugin OnlineSubsystemIOS
LogPluginManager: Mounting plugin OculusVR
LogPluginManager: Mounting plugin SteamVR
PixWinPlugin: PIX capture plugin failed to initialize! Check that the process is launched from PIX.
LogInit: Using libcurl 7.55.1-DEV
LogInit:  - built for x86_64-pc-win32
LogInit:  - supports SSL with OpenSSL/1.1.1
LogInit:  - supports HTTP deflate (compression) using libz 1.2.8
LogInit:  - other features:
LogInit:      CURL_VERSION_SSL
LogInit:      CURL_VERSION_LIBZ
LogInit:      CURL_VERSION_IPV6
LogInit:      CURL_VERSION_ASYNCHDNS
LogInit:      CURL_VERSION_LARGEFILE
LogInit:      CURL_VERSION_IDN
LogInit:  CurlRequestOptions (configurable via config and command line):
LogInit:  - bVerifyPeer = true  - Libcurl will verify peer certificate
LogInit:  - bUseHttpProxy = false  - Libcurl will NOT use HTTP proxy
LogInit:  - bDontReuseConnections = false  - Libcurl will reuse connections
LogInit:  - MaxHostConnections = 16  - Libcurl will limit the number of connections to a host
LogInit:  - LocalHostAddr = Default
LogInit:  - BufferSize = 65536
LogOnline: OSS: Creating online subsystem instance for: NULL
LogInit: WinSock: version 1.1 (2.2), MaxSocks=32767, MaxUdp=65467
LogOnline: OSS: TryLoadSubsystemAndSetDefault: Loaded subsystem for module [NULL]
LogOculusPluginWrapper: OculusPlugin initialized successfully
LogHMD: Failed initializing OVRPlugin 1.59.0
LogInit: Build: ++UE4+Release-4.27-CL-17735300
LogInit: Engine Version: 4.27.1-17735300+++UE4+Release-4.27
LogInit: Compatible Engine Version: 4.27.0-17155196+++UE4+Release-4.27
LogInit: Net CL: 17155196
LogInit: OS: Windows 10 (Release 2009) (), CPU: AMD Ryzen 7 5800H with Radeon Graphics         , GPU: NVIDIA GeForce RTX 3060 Laptop GPU
LogInit: Compiled (64-bit): Oct  6 2021 14:42:51
LogInit: Compiled with Visual C++: 19.24.28315.00
LogInit: Build Configuration: Development
LogInit: Branch Name: ++UE4+Release-4.27
LogInit: Command Line:  -skipcompile
LogInit: Base Directory: D:/UE_4.27/Engine/Binaries/Win64/
LogInit: Allocator: TBB
LogInit: Installed Engine Build: 1
LogDevObjectVersion: Number of dev versions registered: 29
LogDevObjectVersion:   Dev-Blueprints (B0D832E4-1F89-4F0D-ACCF-7EB736FD4AA2): 10
LogDevObjectVersion:   Dev-Build (E1C64328-A22C-4D53-A36C-8E866417BD8C): 0
LogDevObjectVersion:   Dev-Core (375EC13C-06E4-48FB-B500-84F0262A717E): 4
LogDevObjectVersion:   Dev-Editor (E4B068ED-F494-42E9-A231-DA0B2E46BB41): 40
LogDevObjectVersion:   Dev-Framework (CFFC743F-43B0-4480-9391-14DF171D2073): 37
LogDevObjectVersion:   Dev-Mobile (B02B49B5-BB20-44E9-A304-32B752E40360): 3
LogDevObjectVersion:   Dev-Networking (A4E4105C-59A1-49B5-A7C5-40C4547EDFEE): 0
LogDevObjectVersion:   Dev-Online (39C831C9-5AE6-47DC-9A44-9C173E1C8E7C): 0
LogDevObjectVersion:   Dev-Physics (78F01B33-EBEA-4F98-B9B4-84EACCB95AA2): 14
LogDevObjectVersion:   Dev-Platform (6631380F-2D4D-43E0-8009-CF276956A95A): 0
LogDevObjectVersion:   Dev-Rendering (12F88B9F-8875-4AFC-A67C-D90C383ABD29): 45
LogDevObjectVersion:   Dev-Sequencer (7B5AE74C-D270-4C10-A958-57980B212A5A): 13
LogDevObjectVersion:   Dev-VR (D7296918-1DD6-4BDD-9DE2-64A83CC13884): 3
LogDevObjectVersion:   Dev-LoadTimes (C2A15278-BFE7-4AFE-6C17-90FF531DF755): 1
LogDevObjectVersion:   Private-Geometry (6EACA3D4-40EC-4CC1-B786-8BED09428FC5): 3
LogDevObjectVersion:   Dev-AnimPhys (29E575DD-E0A3-4627-9D10-D276232CDCEA): 17
LogDevObjectVersion:   Dev-Anim (AF43A65D-7FD3-4947-9873-3E8ED9C1BB05): 15
LogDevObjectVersion:   Dev-ReflectionCapture (6B266CEC-1EC7-4B8F-A30B-E4D90942FC07): 1
LogDevObjectVersion:   Dev-Automation (0DF73D61-A23F-47EA-B727-89E90C41499A): 1
LogDevObjectVersion:   FortniteMain (601D1886-AC64-4F84-AA16-D3DE0DEAC7D6): 47
LogDevObjectVersion:   FortniteRelease (E7086368-6B23-4C58-8439-1B7016265E91): 1
LogDevObjectVersion:   Dev-Enterprise (9DFFBCD6-494F-0158-E221-12823C92A888): 10
LogDevObjectVersion:   Dev-Niagara (F2AED0AC-9AFE-416F-8664-AA7FFA26D6FC): 1
LogDevObjectVersion:   Dev-Destruction (174F1F0B-B4C6-45A5-B13F-2EE8D0FB917D): 10
LogDevObjectVersion:   Dev-Physics-Ext (35F94A83-E258-406C-A318-09F59610247C): 41
LogDevObjectVersion:   Dev-PhysicsMaterial-Chaos (B68FC16E-8B1B-42E2-B453-215C058844FE): 1
LogDevObjectVersion:   Dev-CineCamera (B2E18506-4273-CFC2-A54E-F4BB758BBA07): 1
LogDevObjectVersion:   Dev-VirtualProduction (64F58936-FD1B-42BA-BA96-7289D5D0FA4E): 1
LogDevObjectVersion:   Dev-MediaFramework (6F0ED827-A609-4895-9C91-998D90180EA4): 2
LogInit: Presizing for max 25165824 objects, including 0 objects not considered by GC, pre-allocating 0 bytes for permanent pool.
LogConfig: Applying CVar settings from Section [/Script/Engine.StreamingSettings] File [D:/Unreal_c++/EndlessRun/EndlessRunner/Saved/Config/Windows/Engine.ini]
LogConfig: Setting CVar [[s.MinBulkDataSizeForAsyncLoading:131072]]
LogConfig: Setting CVar [[s.AsyncLoadingThreadEnabled:0]]
LogConfig: Setting CVar [[s.EventDrivenLoaderEnabled:1]]
LogConfig: Setting CVar [[s.WarnIfTimeLimitExceeded:0]]
LogConfig: Setting CVar [[s.TimeLimitExceededMultiplier:1.5]]
LogConfig: Setting CVar [[s.TimeLimitExceededMinTime:0.005]]
LogConfig: Setting CVar [[s.UseBackgroundLevelStreaming:1]]
LogConfig: Setting CVar [[s.PriorityAsyncLoadingExtraTime:15.0]]
LogConfig: Setting CVar [[s.LevelStreamingActorsUpdateTimeLimit:5.0]]
LogConfig: Setting CVar [[s.PriorityLevelStreamingActorsUpdateExtraTime:5.0]]
LogConfig: Setting CVar [[s.LevelStreamingComponentsRegistrationGranularity:10]]
LogConfig: Setting CVar [[s.UnregisterComponentsTimeLimit:1.0]]
LogConfig: Setting CVar [[s.LevelStreamingComponentsUnregistrationGranularity:5]]
LogConfig: Setting CVar [[s.FlushStreamingOnExit:1]]
LogInit: Object subsystem initialized
LogConfig: Setting CVar [[con.DebugEarlyDefault:1]]
LogConfig: Setting CVar [[r.setres:1280x720]]
[2022.01.30-07.31.30:028][  0]LogConfig: Setting CVar [[r.VSync:0]]
[2022.01.30-07.31.30:028][  0]LogConfig: Setting CVar [[r.RHICmdBypass:0]]
[2022.01.30-07.31.30:028][  0]LogConfig: Applying CVar settings from Section [/Script/Engine.RendererSettings] File [D:/Unreal_c++/EndlessRun/EndlessRunner/Saved/Config/Windows/Engine.ini]
[2022.01.30-07.31.30:028][  0]LogConfig: Setting CVar [[r.GPUCrashDebugging:0]]
[2022.01.30-07.31.30:029][  0]LogConfig: Applying CVar settings from Section [/Script/Engine.RendererOverrideSettings] File [D:/Unreal_c++/EndlessRun/EndlessRunner/Saved/Config/Windows/Engine.ini]
[2022.01.30-07.31.30:029][  0]LogConfig: Applying CVar settings from Section [/Script/Engine.StreamingSettings] File [D:/Unreal_c++/EndlessRun/EndlessRunner/Saved/Config/Windows/Engine.ini]
[2022.01.30-07.31.30:029][  0]LogConfig: Setting CVar [[s.MinBulkDataSizeForAsyncLoading:131072]]
[2022.01.30-07.31.30:029][  0]LogConfig: Setting CVar [[s.AsyncLoadingThreadEnabled:0]]
[2022.01.30-07.31.30:029][  0]LogConfig: Setting CVar [[s.EventDrivenLoaderEnabled:1]]
[2022.01.30-07.31.30:029][  0]LogConfig: Setting CVar [[s.WarnIfTimeLimitExceeded:0]]
[2022.01.30-07.31.30:029][  0]LogConfig: Setting CVar [[s.TimeLimitExceededMultiplier:1.5]]
[2022.01.30-07.31.30:029][  0]LogConfig: Setting CVar [[s.TimeLimitExceededMinTime:0.005]]
[2022.01.30-07.31.30:029][  0]LogConfig: Setting CVar [[s.UseBackgroundLevelStreaming:1]]
[2022.01.30-07.31.30:029][  0]LogConfig: Setting CVar [[s.PriorityAsyncLoadingExtraTime:15.0]]
[2022.01.30-07.31.30:029][  0]LogConfig: Setting CVar [[s.LevelStreamingActorsUpdateTimeLimit:5.0]]
[2022.01.30-07.31.30:029][  0]LogConfig: Setting CVar [[s.PriorityLevelStreamingActorsUpdateExtraTime:5.0]]
[2022.01.30-07.31.30:029][  0]LogConfig: Setting CVar [[s.LevelStreamingComponentsRegistrationGranularity:10]]
[2022.01.30-07.31.30:029][  0]LogConfig: Setting CVar [[s.UnregisterComponentsTimeLimit:1.0]]
[2022.01.30-07.31.30:029][  0]LogConfig: Setting CVar [[s.LevelStreamingComponentsUnregistrationGranularity:5]]
[2022.01.30-07.31.30:029][  0]LogConfig: Setting CVar [[s.FlushStreamingOnExit:1]]
[2022.01.30-07.31.30:029][  0]LogConfig: Applying CVar settings from Section [/Script/Engine.GarbageCollectionSettings] File [D:/Unreal_c++/EndlessRun/EndlessRunner/Saved/Config/Windows/Engine.ini]
[2022.01.30-07.31.30:029][  0]LogConfig: Setting CVar [[gc.MaxObjectsNotConsideredByGC:1]]
[2022.01.30-07.31.30:029][  0]LogConfig: Setting CVar [[gc.SizeOfPermanentObjectPool:0]]
[2022.01.30-07.31.30:029][  0]LogConfig: Setting CVar [[gc.FlushStreamingOnGC:0]]
[2022.01.30-07.31.30:030][  0]LogConfig: Setting CVar [[gc.NumRetriesBeforeForcingGC:10]]
[2022.01.30-07.31.30:030][  0]LogConfig: Setting CVar [[gc.AllowParallelGC:1]]
[2022.01.30-07.31.30:030][  0]LogConfig: Setting CVar [[gc.TimeBetweenPurgingPendingKillObjects:61.1]]
[2022.01.30-07.31.30:030][  0]LogConfig: Setting CVar [[gc.MaxObjectsInEditor:25165824]]
[2022.01.30-07.31.30:030][  0]LogConfig: Setting CVar [[gc.IncrementalBeginDestroyEnabled:1]]
[2022.01.30-07.31.30:030][  0]LogConfig: Setting CVar [[gc.CreateGCClusters:1]]
[2022.01.30-07.31.30:030][  0]LogConfig: Setting CVar [[gc.MinGCClusterSize:5]]
[2022.01.30-07.31.30:030][  0]LogConfig: Setting CVar [[gc.ActorClusteringEnabled:0]]
[2022.01.30-07.31.30:030][  0]LogConfig: Setting CVar [[gc.BlueprintClusteringEnabled:0]]
[2022.01.30-07.31.30:030][  0]LogConfig: Setting CVar [[gc.UseDisregardForGCOnDedicatedServers:0]]
[2022.01.30-07.31.30:030][  0]LogConfig: Setting CVar [[gc.MultithreadedDestructionEnabled:1]]
[2022.01.30-07.31.30:030][  0]LogConfig: Applying CVar settings from Section [/Script/Engine.NetworkSettings] File [D:/Unreal_c++/EndlessRun/EndlessRunner/Saved/Config/Windows/Engine.ini]
[2022.01.30-07.31.30:030][  0]LogConfig: Applying CVar settings from Section [/Script/UnrealEd.CookerSettings] File [D:/Unreal_c++/EndlessRun/EndlessRunner/Saved/Config/Windows/Engine.ini]
[2022.01.30-07.31.30:054][  0]LogConfig: Applying CVar settings from Section [ViewDistanceQuality@3] File [D:/Unreal_c++/EndlessRun/EndlessRunner/Saved/Config/Windows/Scalability.ini]
[2022.01.30-07.31.30:054][  0]LogConfig: Setting CVar [[r.SkeletalMeshLODBias:0]]
[2022.01.30-07.31.30:054][  0]LogConfig: Setting CVar [[r.ViewDistanceScale:1.0]]
[2022.01.30-07.31.30:055][  0]LogConfig: Applying CVar settings from Section [AntiAliasingQuality@3] File [D:/Unreal_c++/EndlessRun/EndlessRunner/Saved/Config/Windows/Scalability.ini]
[2022.01.30-07.31.30:055][  0]LogConfig: Setting CVar [[r.PostProcessAAQuality:4]]
[2022.01.30-07.31.30:055][  0]LogConfig: Applying CVar settings from Section [ShadowQuality@3] File [D:/Unreal_c++/EndlessRun/EndlessRunner/Saved/Config/Windows/Scalability.ini]
[2022.01.30-07.31.30:055][  0]LogConfig: Setting CVar [[r.LightFunctionQuality:1]]
[2022.01.30-07.31.30:055][  0]LogConfig: Setting CVar [[r.ShadowQuality:5]]
[2022.01.30-07.31.30:055][  0]LogConfig: Setting CVar [[r.Shadow.CSM.MaxCascades:10]]
[2022.01.30-07.31.30:055][  0]LogConfig: Setting CVar [[r.Shadow.MaxResolution:2048]]
[2022.01.30-07.31.30:055][  0]LogConfig: Setting CVar [[r.Shadow.MaxCSMResolution:2048]]
[2022.01.30-07.31.30:055][  0]LogConfig: Setting CVar [[r.Shadow.RadiusThreshold:0.01]]
[2022.01.30-07.31.30:055][  0]LogConfig: Setting CVar [[r.Shadow.DistanceScale:1.0]]
[2022.01.30-07.31.30:055][  0]LogConfig: Setting CVar [[r.Shadow.CSM.TransitionScale:1.0]]
[2022.01.30-07.31.30:055][  0]LogConfig: Setting CVar [[r.Shadow.PreShadowResolutionFactor:1.0]]
[2022.01.30-07.31.30:055][  0]LogConfig: Setting CVar [[r.DistanceFieldShadowing:1]]
[2022.01.30-07.31.30:055][  0]LogConfig: Setting CVar [[r.DistanceFieldAO:1]]
[2022.01.30-07.31.30:055][  0]LogConfig: Setting CVar [[r.AOQuality:2]]
[2022.01.30-07.31.30:055][  0]LogConfig: Setting CVar [[r.VolumetricFog:1]]
[2022.01.30-07.31.30:055][  0]LogConfig: Setting CVar [[r.VolumetricFog.GridPixelSize:8]]
[2022.01.30-07.31.30:055][  0]LogConfig: Setting CVar [[r.VolumetricFog.GridSizeZ:128]]
[2022.01.30-07.31.30:055][  0]LogConfig: Setting CVar [[r.VolumetricFog.HistoryMissSupersampleCount:4]]
[2022.01.30-07.31.30:055][  0]LogConfig: Setting CVar [[r.LightMaxDrawDistanceScale:1]]
[2022.01.30-07.31.30:056][  0]LogConfig: Setting CVar [[r.CapsuleShadows:1]]
[2022.01.30-07.31.30:056][  0]LogConfig: Applying CVar settings from Section [PostProcessQuality@3] File [D:/Unreal_c++/EndlessRun/EndlessRunner/Saved/Config/Windows/Scalability.ini]
[2022.01.30-07.31.30:056][  0]LogConfig: Setting CVar [[r.MotionBlurQuality:4]]
[2022.01.30-07.31.30:056][  0]LogConfig: Setting CVar [[r.AmbientOcclusionMipLevelFactor:0.4]]
[2022.01.30-07.31.30:056][  0]LogConfig: Setting CVar [[r.AmbientOcclusionMaxQuality:100]]
[2022.01.30-07.31.30:056][  0]LogConfig: Setting CVar [[r.AmbientOcclusionLevels:-1]]
[2022.01.30-07.31.30:056][  0]LogConfig: Setting CVar [[r.AmbientOcclusionRadiusScale:1.0]]
[2022.01.30-07.31.30:056][  0]LogConfig: Setting CVar [[r.DepthOfFieldQuality:2]]
[2022.01.30-07.31.30:056][  0]LogConfig: Setting CVar [[r.RenderTargetPoolMin:400]]
[2022.01.30-07.31.30:056][  0]LogConfig: Setting CVar [[r.LensFlareQuality:2]]
[2022.01.30-07.31.30:056][  0]LogConfig: Setting CVar [[r.SceneColorFringeQuality:1]]
[2022.01.30-07.31.30:056][  0]LogConfig: Setting CVar [[r.EyeAdaptationQuality:2]]
[2022.01.30-07.31.30:056][  0]LogConfig: Setting CVar [[r.BloomQuality:5]]
[2022.01.30-07.31.30:056][  0]LogConfig: Setting CVar [[r.FastBlurThreshold:100]]
[2022.01.30-07.31.30:056][  0]LogConfig: Setting CVar [[r.Upscale.Quality:3]]
[2022.01.30-07.31.30:056][  0]LogConfig: Setting CVar [[r.Tonemapper.GrainQuantization:1]]
[2022.01.30-07.31.30:056][  0]LogConfig: Setting CVar [[r.LightShaftQuality:1]]
[2022.01.30-07.31.30:056][  0]LogConfig: Setting CVar [[r.Filter.SizeScale:1]]
[2022.01.30-07.31.30:056][  0]LogConfig: Setting CVar [[r.Tonemapper.Quality:5]]
[2022.01.30-07.31.30:056][  0]LogConfig: Setting CVar [[r.DOF.Gather.AccumulatorQuality:1        ; higher gathering accumulator quality]]
[2022.01.30-07.31.30:056][  0]LogConfig: Setting CVar [[r.DOF.Gather.PostfilterMethod:1          ; Median3x3 postfilering method]]
[2022.01.30-07.31.30:057][  0]LogConfig: Setting CVar [[r.DOF.Gather.EnableBokehSettings:0       ; no bokeh simulation when gathering]]
[2022.01.30-07.31.30:057][  0]LogConfig: Setting CVar [[r.DOF.Gather.RingCount:4                 ; medium number of samples when gathering]]
[2022.01.30-07.31.30:057][  0]LogConfig: Setting CVar [[r.DOF.Scatter.ForegroundCompositing:1    ; additive foreground scattering]]
[2022.01.30-07.31.30:057][  0]LogConfig: Setting CVar [[r.DOF.Scatter.BackgroundCompositing:2    ; additive background scattering]]
[2022.01.30-07.31.30:057][  0]LogConfig: Setting CVar [[r.DOF.Scatter.EnableBokehSettings:1      ; bokeh simulation when scattering]]
[2022.01.30-07.31.30:057][  0]LogConfig: Setting CVar [[r.DOF.Scatter.MaxSpriteRatio:0.1         ; only a maximum of 10% of scattered bokeh]]
[2022.01.30-07.31.30:057][  0]LogConfig: Setting CVar [[r.DOF.Recombine.Quality:1                ; cheap slight out of focus]]
[2022.01.30-07.31.30:057][  0]LogConfig: Setting CVar [[r.DOF.Recombine.EnableBokehSettings:0    ; no bokeh simulation on slight out of focus]]
[2022.01.30-07.31.30:057][  0]LogConfig: Setting CVar [[r.DOF.TemporalAAQuality:1                ; more stable temporal accumulation]]
[2022.01.30-07.31.30:057][  0]LogConfig: Setting CVar [[r.DOF.Kernel.MaxForegroundRadius:0.025]]
[2022.01.30-07.31.30:057][  0]LogConfig: Setting CVar [[r.DOF.Kernel.MaxBackgroundRadius:0.025]]
[2022.01.30-07.31.30:057][  0]LogConfig: Applying CVar settings from Section [TextureQuality@3] File [D:/Unreal_c++/EndlessRun/EndlessRunner/Saved/Config/Windows/Scalability.ini]
[2022.01.30-07.31.30:057][  0]LogConfig: Setting CVar [[r.Streaming.MipBias:0]]
[2022.01.30-07.31.30:057][  0]LogConfig: Setting CVar [[r.Streaming.AmortizeCPUToGPUCopy:0]]
[2022.01.30-07.31.30:057][  0]LogConfig: Setting CVar [[r.Streaming.MaxNumTexturesToStreamPerFrame:0]]
[2022.01.30-07.31.30:057][  0]LogConfig: Setting CVar [[r.Streaming.Boost:1]]
[2022.01.30-07.31.30:057][  0]LogConfig: Setting CVar [[r.MaxAnisotropy:8]]
[2022.01.30-07.31.30:057][  0]LogConfig: Setting CVar [[r.VT.MaxAnisotropy:8]]
[2022.01.30-07.31.30:057][  0]LogConfig: Setting CVar [[r.Streaming.LimitPoolSizeToVRAM:0]]
[2022.01.30-07.31.30:057][  0]LogConfig: Setting CVar [[r.Streaming.PoolSize:1000]]
[2022.01.30-07.31.30:057][  0]LogConfig: Setting CVar [[r.Streaming.MaxEffectiveScreenSize:0]]
[2022.01.30-07.31.30:058][  0]LogConfig: Applying CVar settings from Section [EffectsQuality@3] File [D:/Unreal_c++/EndlessRun/EndlessRunner/Saved/Config/Windows/Scalability.ini]
[2022.01.30-07.31.30:058][  0]LogConfig: Setting CVar [[r.TranslucencyLightingVolumeDim:64]]
[2022.01.30-07.31.30:058][  0]LogConfig: Setting CVar [[r.RefractionQuality:2]]
[2022.01.30-07.31.30:058][  0]LogConfig: Setting CVar [[r.SSR.Quality:3]]
[2022.01.30-07.31.30:058][  0]LogConfig: Setting CVar [[r.SSR.HalfResSceneColor:0]]
[2022.01.30-07.31.30:058][  0]LogConfig: Setting CVar [[r.SceneColorFormat:4]]
[2022.01.30-07.31.30:058][  0]LogConfig: Setting CVar [[r.DetailMode:2]]
[2022.01.30-07.31.30:058][  0]LogConfig: Setting CVar [[r.TranslucencyVolumeBlur:1]]
[2022.01.30-07.31.30:058][  0]LogConfig: Setting CVar [[r.MaterialQualityLevel:1 ; High quality]]
[2022.01.30-07.31.30:058][  0]LogConfig: Setting CVar [[r.AnisotropicMaterials:1]]
[2022.01.30-07.31.30:058][  0]LogConfig: Setting CVar [[r.SSS.Scale:1]]
[2022.01.30-07.31.30:058][  0]LogConfig: Setting CVar [[r.SSS.SampleSet:2]]
[2022.01.30-07.31.30:058][  0]LogConfig: Setting CVar [[r.SSS.Quality:1]]
[2022.01.30-07.31.30:058][  0]LogConfig: Setting CVar [[r.SSS.HalfRes:0]]
[2022.01.30-07.31.30:058][  0]LogConfig: Setting CVar [[r.SSGI.Quality:3]]
[2022.01.30-07.31.30:058][  0]LogConfig: Setting CVar [[r.EmitterSpawnRateScale:1.0]]
[2022.01.30-07.31.30:058][  0]LogConfig: Setting CVar [[r.ParticleLightQuality:2]]
[2022.01.30-07.31.30:058][  0]LogConfig: Setting CVar [[r.SkyAtmosphere.AerialPerspectiveLUT.FastApplyOnOpaque:1 ; Always have FastSkyLUT 1 in this case to avoid wrong sky]]
[2022.01.30-07.31.30:058][  0]LogConfig: Setting CVar [[r.SkyAtmosphere.AerialPerspectiveLUT.SampleCountMaxPerSlice:4]]
[2022.01.30-07.31.30:058][  0]LogConfig: Setting CVar [[r.SkyAtmosphere.AerialPerspectiveLUT.DepthResolution:16.0]]
[2022.01.30-07.31.30:058][  0]LogConfig: Setting CVar [[r.SkyAtmosphere.FastSkyLUT:1]]
[2022.01.30-07.31.30:059][  0]LogConfig: Setting CVar [[r.SkyAtmosphere.FastSkyLUT.SampleCountMin:4.0]]
[2022.01.30-07.31.30:059][  0]LogConfig: Setting CVar [[r.SkyAtmosphere.FastSkyLUT.SampleCountMax:128.0]]
[2022.01.30-07.31.30:059][  0]LogConfig: Setting CVar [[r.SkyAtmosphere.SampleCountMin:4.0]]
[2022.01.30-07.31.30:059][  0]LogConfig: Setting CVar [[r.SkyAtmosphere.SampleCountMax:128.0]]
[2022.01.30-07.31.30:059][  0]LogConfig: Setting CVar [[r.SkyAtmosphere.TransmittanceLUT.UseSmallFormat:0]]
[2022.01.30-07.31.30:059][  0]LogConfig: Setting CVar [[r.SkyAtmosphere.TransmittanceLUT.SampleCount:10.0]]
[2022.01.30-07.31.30:059][  0]LogConfig: Setting CVar [[r.SkyAtmosphere.MultiScatteringLUT.SampleCount:15.0]]
[2022.01.30-07.31.30:059][  0]LogConfig: Setting CVar [[r.SkyLight.RealTimeReflectionCapture:1]]
[2022.01.30-07.31.30:059][  0]LogConfig: Applying CVar settings from Section [FoliageQuality@3] File [D:/Unreal_c++/EndlessRun/EndlessRunner/Saved/Config/Windows/Scalability.ini]
[2022.01.30-07.31.30:059][  0]LogConfig: Setting CVar [[foliage.DensityScale:1.0]]
[2022.01.30-07.31.30:059][  0]LogConfig: Setting CVar [[grass.DensityScale:1.0]]
[2022.01.30-07.31.30:059][  0]LogConfig: Applying CVar settings from Section [ShadingQuality@3] File [D:/Unreal_c++/EndlessRun/EndlessRunner/Saved/Config/Windows/Scalability.ini]
[2022.01.30-07.31.30:059][  0]LogConfig: Setting CVar [[r.HairStrands.SkyLighting.IntegrationType:2]]
[2022.01.30-07.31.30:059][  0]LogConfig: Setting CVar [[r.HairStrands.SkyAO.SampleCount:4]]
[2022.01.30-07.31.30:059][  0]LogConfig: Setting CVar [[r.HairStrands.Visibility.MSAA.SamplePerPixel:4]]
[2022.01.30-07.31.30:060][  0]LogInit: Selected Device Profile: [Windows]
[2022.01.30-07.31.30:060][  0]LogInit: Applying CVar settings loaded from the selected device profile: [Windows]
[2022.01.30-07.31.30:061][  0]LogHAL: Display: Platform has ~ 14 GB [14894297088 / 17179869184 / 14], which maps to Larger [LargestMinGB=32, LargerMinGB=12, DefaultMinGB=8, SmallerMinGB=6, SmallestMinGB=0)
[2022.01.30-07.31.30:061][  0]LogInit: Going up to parent DeviceProfile []
[2022.01.30-07.31.30:062][  0]LogConfig: Applying CVar settings from Section [ViewDistanceQuality@3] File [D:/Unreal_c++/EndlessRun/EndlessRunner/Saved/Config/Windows/Scalability.ini]
[2022.01.30-07.31.30:062][  0]LogConfig: Setting CVar [[r.SkeletalMeshLODBias:0]]
[2022.01.30-07.31.30:062][  0]LogConfig: Setting CVar [[r.ViewDistanceScale:1.0]]
[2022.01.30-07.31.30:062][  0]LogConfig: Applying CVar settings from Section [AntiAliasingQuality@3] File [D:/Unreal_c++/EndlessRun/EndlessRunner/Saved/Config/Windows/Scalability.ini]
[2022.01.30-07.31.30:062][  0]LogConfig: Setting CVar [[r.PostProcessAAQuality:4]]
[2022.01.30-07.31.30:062][  0]LogConfig: Applying CVar settings from Section [ShadowQuality@3] File [D:/Unreal_c++/EndlessRun/EndlessRunner/Saved/Config/Windows/Scalability.ini]
[2022.01.30-07.31.30:062][  0]LogConfig: Setting CVar [[r.LightFunctionQuality:1]]
[2022.01.30-07.31.30:062][  0]LogConfig: Setting CVar [[r.ShadowQuality:5]]
[2022.01.30-07.31.30:062][  0]LogConfig: Setting CVar [[r.Shadow.CSM.MaxCascades:10]]
[2022.01.30-07.31.30:063][  0]LogConfig: Setting CVar [[r.Shadow.MaxResolution:2048]]
[2022.01.30-07.31.30:063][  0]LogConfig: Setting CVar [[r.Shadow.MaxCSMResolution:2048]]
[2022.01.30-07.31.30:063][  0]LogConfig: Setting CVar [[r.Shadow.RadiusThreshold:0.01]]
[2022.01.30-07.31.30:063][  0]LogConfig: Setting CVar [[r.Shadow.DistanceScale:1.0]]
[2022.01.30-07.31.30:063][  0]LogConfig: Setting CVar [[r.Shadow.CSM.TransitionScale:1.0]]
[2022.01.30-07.31.30:063][  0]LogConfig: Setting CVar [[r.Shadow.PreShadowResolutionFactor:1.0]]
[2022.01.30-07.31.30:063][  0]LogConfig: Setting CVar [[r.DistanceFieldShadowing:1]]
[2022.01.30-07.31.30:063][  0]LogConfig: Setting CVar [[r.DistanceFieldAO:1]]
[2022.01.30-07.31.30:063][  0]LogConfig: Setting CVar [[r.AOQuality:2]]
[2022.01.30-07.31.30:063][  0]LogConfig: Setting CVar [[r.VolumetricFog:1]]
[2022.01.30-07.31.30:063][  0]LogConfig: Setting CVar [[r.VolumetricFog.GridPixelSize:8]]
[2022.01.30-07.31.30:063][  0]LogConfig: Setting CVar [[r.VolumetricFog.GridSizeZ:128]]
[2022.01.30-07.31.30:063][  0]LogConfig: Setting CVar [[r.VolumetricFog.HistoryMissSupersampleCount:4]]
[2022.01.30-07.31.30:063][  0]LogConfig: Setting CVar [[r.LightMaxDrawDistanceScale:1]]
[2022.01.30-07.31.30:063][  0]LogConfig: Setting CVar [[r.CapsuleShadows:1]]
[2022.01.30-07.31.30:063][  0]LogConfig: Applying CVar settings from Section [PostProcessQuality@3] File [D:/Unreal_c++/EndlessRun/EndlessRunner/Saved/Config/Windows/Scalability.ini]
[2022.01.30-07.31.30:063][  0]LogConfig: Setting CVar [[r.MotionBlurQuality:4]]
[2022.01.30-07.31.30:063][  0]LogConfig: Setting CVar [[r.AmbientOcclusionMipLevelFactor:0.4]]
[2022.01.30-07.31.30:063][  0]LogConfig: Setting CVar [[r.AmbientOcclusionMaxQuality:100]]
[2022.01.30-07.31.30:063][  0]LogConfig: Setting CVar [[r.AmbientOcclusionLevels:-1]]
[2022.01.30-07.31.30:063][  0]LogConfig: Setting CVar [[r.AmbientOcclusionRadiusScale:1.0]]
[2022.01.30-07.31.30:064][  0]LogConfig: Setting CVar [[r.DepthOfFieldQuality:2]]
[2022.01.30-07.31.30:064][  0]LogConfig: Setting CVar [[r.RenderTargetPoolMin:400]]
[2022.01.30-07.31.30:064][  0]LogConfig: Setting CVar [[r.LensFlareQuality:2]]
[2022.01.30-07.31.30:064][  0]LogConfig: Setting CVar [[r.SceneColorFringeQuality:1]]
[2022.01.30-07.31.30:064][  0]LogConfig: Setting CVar [[r.EyeAdaptationQuality:2]]
[2022.01.30-07.31.30:064][  0]LogConfig: Setting CVar [[r.BloomQuality:5]]
[2022.01.30-07.31.30:064][  0]LogConfig: Setting CVar [[r.FastBlurThreshold:100]]
[2022.01.30-07.31.30:064][  0]LogConfig: Setting CVar [[r.Upscale.Quality:3]]
[2022.01.30-07.31.30:064][  0]LogConfig: Setting CVar [[r.Tonemapper.GrainQuantization:1]]
[2022.01.30-07.31.30:064][  0]LogConfig: Setting CVar [[r.LightShaftQuality:1]]
[2022.01.30-07.31.30:064][  0]LogConfig: Setting CVar [[r.Filter.SizeScale:1]]
[2022.01.30-07.31.30:064][  0]LogConfig: Setting CVar [[r.Tonemapper.Quality:5]]
[2022.01.30-07.31.30:064][  0]LogConfig: Setting CVar [[r.DOF.Gather.AccumulatorQuality:1        ; higher gathering accumulator quality]]
[2022.01.30-07.31.30:064][  0]LogConfig: Setting CVar [[r.DOF.Gather.PostfilterMethod:1          ; Median3x3 postfilering method]]
[2022.01.30-07.31.30:064][  0]LogConfig: Setting CVar [[r.DOF.Gather.EnableBokehSettings:0       ; no bokeh simulation when gathering]]
[2022.01.30-07.31.30:064][  0]LogConfig: Setting CVar [[r.DOF.Gather.RingCount:4                 ; medium number of samples when gathering]]
[2022.01.30-07.31.30:064][  0]LogConfig: Setting CVar [[r.DOF.Scatter.ForegroundCompositing:1    ; additive foreground scattering]]
[2022.01.30-07.31.30:064][  0]LogConfig: Setting CVar [[r.DOF.Scatter.BackgroundCompositing:2    ; additive background scattering]]
[2022.01.30-07.31.30:064][  0]LogConfig: Setting CVar [[r.DOF.Scatter.EnableBokehSettings:1      ; bokeh simulation when scattering]]
[2022.01.30-07.31.30:065][  0]LogConfig: Setting CVar [[r.DOF.Scatter.MaxSpriteRatio:0.1         ; only a maximum of 10% of scattered bokeh]]
[2022.01.30-07.31.30:065][  0]LogConfig: Setting CVar [[r.DOF.Recombine.Quality:1                ; cheap slight out of focus]]
[2022.01.30-07.31.30:065][  0]LogConfig: Setting CVar [[r.DOF.Recombine.EnableBokehSettings:0    ; no bokeh simulation on slight out of focus]]
[2022.01.30-07.31.30:065][  0]LogConfig: Setting CVar [[r.DOF.TemporalAAQuality:1                ; more stable temporal accumulation]]
[2022.01.30-07.31.30:065][  0]LogConfig: Setting CVar [[r.DOF.Kernel.MaxForegroundRadius:0.025]]
[2022.01.30-07.31.30:065][  0]LogConfig: Setting CVar [[r.DOF.Kernel.MaxBackgroundRadius:0.025]]
[2022.01.30-07.31.30:065][  0]LogConfig: Applying CVar settings from Section [TextureQuality@3] File [D:/Unreal_c++/EndlessRun/EndlessRunner/Saved/Config/Windows/Scalability.ini]
[2022.01.30-07.31.30:065][  0]LogConfig: Setting CVar [[r.Streaming.MipBias:0]]
[2022.01.30-07.31.30:065][  0]LogConfig: Setting CVar [[r.Streaming.AmortizeCPUToGPUCopy:0]]
[2022.01.30-07.31.30:065][  0]LogConfig: Setting CVar [[r.Streaming.MaxNumTexturesToStreamPerFrame:0]]
[2022.01.30-07.31.30:065][  0]LogConfig: Setting CVar [[r.Streaming.Boost:1]]
[2022.01.30-07.31.30:065][  0]LogConfig: Setting CVar [[r.MaxAnisotropy:8]]
[2022.01.30-07.31.30:065][  0]LogConfig: Setting CVar [[r.VT.MaxAnisotropy:8]]
[2022.01.30-07.31.30:065][  0]LogConfig: Setting CVar [[r.Streaming.LimitPoolSizeToVRAM:0]]
[2022.01.30-07.31.30:065][  0]LogConfig: Setting CVar [[r.Streaming.PoolSize:1000]]
[2022.01.30-07.31.30:065][  0]LogConfig: Setting CVar [[r.Streaming.MaxEffectiveScreenSize:0]]
[2022.01.30-07.31.30:065][  0]LogConfig: Applying CVar settings from Section [EffectsQuality@3] File [D:/Unreal_c++/EndlessRun/EndlessRunner/Saved/Config/Windows/Scalability.ini]
[2022.01.30-07.31.30:065][  0]LogConfig: Setting CVar [[r.TranslucencyLightingVolumeDim:64]]
[2022.01.30-07.31.30:065][  0]LogConfig: Setting CVar [[r.RefractionQuality:2]]
[2022.01.30-07.31.30:065][  0]LogConfig: Setting CVar [[r.SSR.Quality:3]]
[2022.01.30-07.31.30:066][  0]LogConfig: Setting CVar [[r.SSR.HalfResSceneColor:0]]
[2022.01.30-07.31.30:066][  0]LogConfig: Setting CVar [[r.SceneColorFormat:4]]
[2022.01.30-07.31.30:066][  0]LogConfig: Setting CVar [[r.DetailMode:2]]
[2022.01.30-07.31.30:066][  0]LogConfig: Setting CVar [[r.TranslucencyVolumeBlur:1]]
[2022.01.30-07.31.30:066][  0]LogConfig: Setting CVar [[r.MaterialQualityLevel:1 ; High quality]]
[2022.01.30-07.31.30:066][  0]LogConfig: Setting CVar [[r.AnisotropicMaterials:1]]
[2022.01.30-07.31.30:066][  0]LogConfig: Setting CVar [[r.SSS.Scale:1]]
[2022.01.30-07.31.30:066][  0]LogConfig: Setting CVar [[r.SSS.SampleSet:2]]
[2022.01.30-07.31.30:066][  0]LogConfig: Setting CVar [[r.SSS.Quality:1]]
[2022.01.30-07.31.30:066][  0]LogConfig: Setting CVar [[r.SSS.HalfRes:0]]
[2022.01.30-07.31.30:066][  0]LogConfig: Setting CVar [[r.SSGI.Quality:3]]
[2022.01.30-07.31.30:066][  0]LogConfig: Setting CVar [[r.EmitterSpawnRateScale:1.0]]
[2022.01.30-07.31.30:066][  0]LogConfig: Setting CVar [[r.ParticleLightQuality:2]]
[2022.01.30-07.31.30:066][  0]LogConfig: Setting CVar [[r.SkyAtmosphere.AerialPerspectiveLUT.FastApplyOnOpaque:1 ; Always have FastSkyLUT 1 in this case to avoid wrong sky]]
[2022.01.30-07.31.30:066][  0]LogConfig: Setting CVar [[r.SkyAtmosphere.AerialPerspectiveLUT.SampleCountMaxPerSlice:4]]
[2022.01.30-07.31.30:066][  0]LogConfig: Setting CVar [[r.SkyAtmosphere.AerialPerspectiveLUT.DepthResolution:16.0]]
[2022.01.30-07.31.30:066][  0]LogConfig: Setting CVar [[r.SkyAtmosphere.FastSkyLUT:1]]
[2022.01.30-07.31.30:066][  0]LogConfig: Setting CVar [[r.SkyAtmosphere.FastSkyLUT.SampleCountMin:4.0]]
[2022.01.30-07.31.30:066][  0]LogConfig: Setting CVar [[r.SkyAtmosphere.FastSkyLUT.SampleCountMax:128.0]]
[2022.01.30-07.31.30:066][  0]LogConfig: Setting CVar [[r.SkyAtmosphere.SampleCountMin:4.0]]
[2022.01.30-07.31.30:066][  0]LogConfig: Setting CVar [[r.SkyAtmosphere.SampleCountMax:128.0]]
[2022.01.30-07.31.30:067][  0]LogConfig: Setting CVar [[r.SkyAtmosphere.TransmittanceLUT.UseSmallFormat:0]]
[2022.01.30-07.31.30:067][  0]LogConfig: Setting CVar [[r.SkyAtmosphere.TransmittanceLUT.SampleCount:10.0]]
[2022.01.30-07.31.30:067][  0]LogConfig: Setting CVar [[r.SkyAtmosphere.MultiScatteringLUT.SampleCount:15.0]]
[2022.01.30-07.31.30:067][  0]LogConfig: Setting CVar [[r.SkyLight.RealTimeReflectionCapture:1]]
[2022.01.30-07.31.30:067][  0]LogConfig: Applying CVar settings from Section [FoliageQuality@3] File [D:/Unreal_c++/EndlessRun/EndlessRunner/Saved/Config/Windows/Scalability.ini]
[2022.01.30-07.31.30:067][  0]LogConfig: Setting CVar [[foliage.DensityScale:1.0]]
[2022.01.30-07.31.30:067][  0]LogConfig: Setting CVar [[grass.DensityScale:1.0]]
[2022.01.30-07.31.30:067][  0]LogConfig: Applying CVar settings from Section [ShadingQuality@3] File [D:/Unreal_c++/EndlessRun/EndlessRunner/Saved/Config/Windows/Scalability.ini]
[2022.01.30-07.31.30:067][  0]LogConfig: Setting CVar [[r.HairStrands.SkyLighting.IntegrationType:2]]
[2022.01.30-07.31.30:067][  0]LogConfig: Setting CVar [[r.HairStrands.SkyAO.SampleCount:4]]
[2022.01.30-07.31.30:067][  0]LogConfig: Setting CVar [[r.HairStrands.Visibility.MSAA.SamplePerPixel:4]]
[2022.01.30-07.31.30:067][  0]LogConfig: Applying CVar settings from Section [Startup] File [../../../Engine/Config/ConsoleVariables.ini]
[2022.01.30-07.31.30:067][  0]LogConfig: Setting CVar [[net.UseAdaptiveNetUpdateFrequency:0]]
[2022.01.30-07.31.30:067][  0]LogConfig: Setting CVar [[p.chaos.AllowCreatePhysxBodies:1]]
[2022.01.30-07.31.30:067][  0]LogConfig: Setting CVar [[fx.SkipVectorVMBackendOptimizations:1]]
[2022.01.30-07.31.30:067][  0]LogConfig: Applying CVar settings from Section [ConsoleVariables] File [D:/Unreal_c++/EndlessRun/EndlessRunner/Saved/Config/Windows/Engine.ini]
[2022.01.30-07.31.30:067][  0]LogConfig: Applying CVar settings from Section [ConsoleVariables] File [D:/Unreal_c++/EndlessRun/EndlessRunner/Saved/Config/Windows/Editor.ini]
[2022.01.30-07.31.30:070][  0]LogInit: Computer: LAPTOP-FC3B43LI
[2022.01.30-07.31.30:070][  0]LogInit: User: ditde
[2022.01.30-07.31.30:070][  0]LogInit: CPU Page size=4096, Cores=8
[2022.01.30-07.31.30:070][  0]LogInit: High frequency timer resolution =10.000000 MHz
[2022.01.30-07.31.30:071][  0]LogMemory: Memory total: Physical=13.9GB (14GB approx)
[2022.01.30-07.31.30:071][  0]LogMemory: Platform Memory Stats for Windows
[2022.01.30-07.31.30:071][  0]LogMemory: Process Physical Memory: 146.55 MB used, 146.55 MB peak
[2022.01.30-07.31.30:071][  0]LogMemory: Process Virtual Memory: 129.15 MB used, 129.15 MB peak
[2022.01.30-07.31.30:071][  0]LogMemory: Physical Memory: 9675.78 MB used,  4528.53 MB free, 14204.31 MB total
[2022.01.30-07.31.30:071][  0]LogMemory: Virtual Memory: 134210504.00 MB used,  7226.31 MB free, 134217728.00 MB total
[2022.01.30-07.31.30:120][  0]LogWindows: WindowsPlatformFeatures enabled
[2022.01.30-07.31.30:510][  0]LogInit: Physics initialised using underlying interface: PhysX
[2022.01.30-07.31.30:512][  0]LogInit: Using OS detected language (en-US).
[2022.01.30-07.31.30:512][  0]LogInit: Using OS detected locale (en-US).
[2022.01.30-07.31.30:523][  0]LogTextLocalizationManager: No specific localization for 'en-US' exists, so the 'en' localization will be used.
[2022.01.30-07.31.30:969][  0]LogInit: Setting process to per monitor DPI aware
[2022.01.30-07.31.31:017][  0]LogWindowsTextInputMethodSystem: Display: IME system deactivated.
[2022.01.30-07.31.31:091][  0]LogSlate: New Slate User Created.  User Index 0, Is Virtual User: 0
[2022.01.30-07.31.31:092][  0]LogSlate: Slate User Registered.  User Index 0, Is Virtual User: 0
[2022.01.30-07.31.33:258][  0]LogD3D11RHI: Loaded GFSDK_Aftermath_Lib.x64.dll
[2022.01.30-07.31.33:264][  0]LogHMD: Failed to initialize OpenVR with code 110
[2022.01.30-07.31.33:264][  0]LogD3D11RHI: D3D11 min allowed feature level: 11_0
[2022.01.30-07.31.33:264][  0]LogD3D11RHI: D3D11 max allowed feature level: 11_0
[2022.01.30-07.31.33:264][  0]LogD3D11RHI: D3D11 adapters:
[2022.01.30-07.31.33:731][  0]LogD3D11RHI:    0. 'NVIDIA GeForce RTX 3060 Laptop GPU' (Feature Level 11_0)
[2022.01.30-07.31.33:731][  0]LogD3D11RHI:       6023/0/7102 MB DedicatedVideo/DedicatedSystem/SharedSystem, Outputs:2, VendorId:0x10de
[2022.01.30-07.31.33:831][  0]LogD3D11RHI:    1. 'AMD Radeon(TM) Graphics' (Feature Level 11_0)
[2022.01.30-07.31.33:831][  0]LogD3D11RHI:       2032/0/7102 MB DedicatedVideo/DedicatedSystem/SharedSystem, Outputs:0, VendorId:0x1002
[2022.01.30-07.31.33:837][  0]LogD3D11RHI:    2. 'Microsoft Basic Render Driver' (Feature Level 11_0)
[2022.01.30-07.31.33:837][  0]LogD3D11RHI:       0/0/7102 MB DedicatedVideo/DedicatedSystem/SharedSystem, Outputs:0, VendorId:0x1414
[2022.01.30-07.31.33:837][  0]LogD3D11RHI: Chosen D3D11 Adapter:
[2022.01.30-07.31.33:837][  0]LogD3D11RHI:     Description : NVIDIA GeForce RTX 3060 Laptop GPU
[2022.01.30-07.31.33:837][  0]LogD3D11RHI:     VendorId    : 10de
[2022.01.30-07.31.33:838][  0]LogD3D11RHI:     DeviceId    : 2560
[2022.01.30-07.31.33:838][  0]LogD3D11RHI:     SubSysId    : 3a8017aa
[2022.01.30-07.31.33:838][  0]LogD3D11RHI:     Revision    : 00a1
[2022.01.30-07.31.33:838][  0]LogD3D11RHI:     DedicatedVideoMemory : 6315573248 bytes
[2022.01.30-07.31.33:838][  0]LogD3D11RHI:     DedicatedSystemMemory : 0 bytes
[2022.01.30-07.31.33:838][  0]LogD3D11RHI:     SharedSystemMemory : 7447148544 bytes
[2022.01.30-07.31.33:838][  0]LogD3D11RHI:     AdapterLuid : 0 68801
[2022.01.30-07.31.33:849][  0]LogD3D11RHI: Creating new Direct3DDevice
[2022.01.30-07.31.33:849][  0]LogD3D11RHI:     GPU DeviceId: 0x2560 (for the marketing name, search the web for "GPU Device Id")
[2022.01.30-07.31.33:849][  0]LogWindows: EnumDisplayDevices:
[2022.01.30-07.31.33:849][  0]LogWindows:    0. 'AMD Radeon(TM) Graphics' (P:0 D:0)
[2022.01.30-07.31.33:849][  0]LogWindows:    1. 'AMD Radeon(TM) Graphics' (P:0 D:0)
[2022.01.30-07.31.33:850][  0]LogWindows:    2. 'AMD Radeon(TM) Graphics' (P:0 D:0)
[2022.01.30-07.31.33:850][  0]LogWindows:    3. 'NVIDIA GeForce RTX 3060 Laptop GPU' (P:1 D:1)
[2022.01.30-07.31.33:850][  0]LogWindows:    4. 'NVIDIA GeForce RTX 3060 Laptop GPU' (P:0 D:1)
[2022.01.30-07.31.33:850][  0]LogWindows:    5. 'NVIDIA GeForce RTX 3060 Laptop GPU' (P:0 D:0)
[2022.01.30-07.31.33:851][  0]LogWindows:    6. 'NVIDIA GeForce RTX 3060 Laptop GPU' (P:0 D:0)
[2022.01.30-07.31.33:851][  0]LogWindows: DebugString: PrimaryIsNotTheChoosenAdapter PrimaryIsNotTheChoosenAdapter PrimaryIsNotTheChoosenAdapter FoundDriverCount:4 
[2022.01.30-07.31.33:851][  0]LogD3D11RHI:     Adapter Name: NVIDIA GeForce RTX 3060 Laptop GPU
[2022.01.30-07.31.33:851][  0]LogD3D11RHI:   Driver Version: 472.56 (internal:30.0.14.7256, unified:472.56)
[2022.01.30-07.31.33:851][  0]LogD3D11RHI:      Driver Date: 11-3-2021
[2022.01.30-07.31.33:851][  0]LogRHI: Texture pool is 4216 MB (70% of 6023 MB)
[2022.01.30-07.31.33:851][  0]LogD3D11RHI: Creating D3DDevice using adapter:
[2022.01.30-07.31.33:851][  0]LogD3D11RHI:     Description : NVIDIA GeForce RTX 3060 Laptop GPU
[2022.01.30-07.31.33:851][  0]LogD3D11RHI:     VendorId    : 10de
[2022.01.30-07.31.33:852][  0]LogD3D11RHI:     DeviceId    : 2560
[2022.01.30-07.31.33:852][  0]LogD3D11RHI:     SubSysId    : 3a8017aa
[2022.01.30-07.31.33:852][  0]LogD3D11RHI:     Revision    : 00a1
[2022.01.30-07.31.33:852][  0]LogD3D11RHI:     DedicatedVideoMemory : 6315573248 bytes
[2022.01.30-07.31.33:852][  0]LogD3D11RHI:     DedicatedSystemMemory : 0 bytes
[2022.01.30-07.31.33:852][  0]LogD3D11RHI:     SharedSystemMemory : 7447148544 bytes
[2022.01.30-07.31.33:852][  0]LogD3D11RHI:     AdapterLuid : 0 68801
[2022.01.30-07.31.33:929][  0]LogD3D11RHI: RHI has support for 64 bit atomics
[2022.01.30-07.31.33:929][  0]LogD3D11RHI: Async texture creation enabled
[2022.01.30-07.31.33:929][  0]LogD3D11RHI: Array index from any shader is supported
[2022.01.30-07.31.33:991][  0]LogD3D11RHI: GPU Timing Frequency: 1000.000000 (Debug: 2 1)
[2022.01.30-07.31.34:090][  0]LogRHI: GeForceNow SDK initialized: 1
[2022.01.30-07.31.34:330][  0]LogTargetPlatformManager: Display: Loaded TargetPlatform 'AllDesktop'
[2022.01.30-07.31.34:366][  0]LogTargetPlatformManager: Display: Loaded TargetPlatform 'Android'
[2022.01.30-07.31.34:366][  0]LogTargetPlatformManager: Display: Loaded TargetPlatform 'Android_ASTC'
[2022.01.30-07.31.34:366][  0]LogTargetPlatformManager: Display: Loaded TargetPlatform 'Android_DXT'
[2022.01.30-07.31.34:366][  0]LogTargetPlatformManager: Display: Loaded TargetPlatform 'Android_ETC2'
[2022.01.30-07.31.34:366][  0]LogTargetPlatformManager: Display: Loaded TargetPlatform 'AndroidClient'
[2022.01.30-07.31.34:366][  0]LogTargetPlatformManager: Display: Loaded TargetPlatform 'Android_ASTCClient'
[2022.01.30-07.31.34:367][  0]LogTargetPlatformManager: Display: Loaded TargetPlatform 'Android_DXTClient'
[2022.01.30-07.31.34:367][  0]LogTargetPlatformManager: Display: Loaded TargetPlatform 'Android_ETC2Client'
[2022.01.30-07.31.34:367][  0]LogTargetPlatformManager: Display: Loaded TargetPlatform 'Android_Multi'
[2022.01.30-07.31.34:367][  0]LogTargetPlatformManager: Display: Loaded TargetPlatform 'Android_MultiClient'
[2022.01.30-07.31.34:430][  0]LogTargetPlatformManager: Display: Loaded TargetPlatform 'IOSClient'
[2022.01.30-07.31.34:431][  0]LogTargetPlatformManager: Display: Loaded TargetPlatform 'IOS'
[2022.01.30-07.31.34:464][  0]LogTargetPlatformManager: Display: Loaded TargetPlatform 'Linux'
[2022.01.30-07.31.34:483][  0]LogTargetPlatformManager: Display: Loaded TargetPlatform 'LinuxNoEditor'
[2022.01.30-07.31.34:503][  0]LogTargetPlatformManager: Display: Loaded TargetPlatform 'LinuxClient'
[2022.01.30-07.31.34:523][  0]LogTargetPlatformManager: Display: Loaded TargetPlatform 'LinuxServer'
[2022.01.30-07.31.34:551][  0]LogTargetPlatformManager: Display: Loaded TargetPlatform 'LinuxAArch64NoEditor'
[2022.01.30-07.31.34:570][  0]LogTargetPlatformManager: Display: Loaded TargetPlatform 'LinuxAArch64Client'
[2022.01.30-07.31.34:590][  0]LogTargetPlatformManager: Display: Loaded TargetPlatform 'LinuxAArch64Server'
[2022.01.30-07.31.34:632][  0]LogTargetPlatformManager: Display: Loaded TargetPlatform 'Lumin'
[2022.01.30-07.31.34:632][  0]LogTargetPlatformManager: Display: Loaded TargetPlatform 'LuminClient'
[2022.01.30-07.31.34:667][  0]LogTargetPlatformManager: Display: Loaded TargetPlatform 'MacNoEditor'
[2022.01.30-07.31.34:690][  0]LogTargetPlatformManager: Display: Loaded TargetPlatform 'Mac'
[2022.01.30-07.31.34:710][  0]LogTargetPlatformManager: Display: Loaded TargetPlatform 'MacClient'
[2022.01.30-07.31.34:729][  0]LogTargetPlatformManager: Display: Loaded TargetPlatform 'MacServer'
[2022.01.30-07.31.34:752][  0]LogTargetPlatformManager: Display: Loaded TargetPlatform 'TVOSClient'
[2022.01.30-07.31.34:752][  0]LogTargetPlatformManager: Display: Loaded TargetPlatform 'TVOS'
[2022.01.30-07.31.34:776][  0]LogTargetPlatformManager: Display: Loaded TargetPlatform 'WindowsNoEditor'
[2022.01.30-07.31.34:797][  0]LogTargetPlatformManager: Display: Loaded TargetPlatform 'Windows'
[2022.01.30-07.31.34:816][  0]LogTargetPlatformManager: Display: Loaded TargetPlatform 'WindowsClient'
[2022.01.30-07.31.34:837][  0]LogTargetPlatformManager: Display: Loaded TargetPlatform 'WindowsServer'
[2022.01.30-07.31.34:837][  0]LogTargetPlatformManager: Display: Building Assets For Windows
[2022.01.30-07.31.34:915][  0]LogAudioDebug: Display: Lib vorbis DLL was dynamically loaded.
[2022.01.30-07.31.35:134][  0]LogTextureFormatOodle: Display: Oodle Texture 2.9.0 init RDO Off
[2022.01.30-07.31.35:452][  0]LogRendererCore: Ray tracing is disabled. Reason: r.RayTracing=0.
[2022.01.30-07.31.35:454][  0]LogShaderCompilers: Guid format shader working directory is -2 characters bigger than the processId version (../../../../Unreal_c++/EndlessRun/EndlessRunner/Intermediate/Shaders/WorkingDirectory/38544/).
[2022.01.30-07.31.35:454][  0]LogShaderCompilers: Cleaned the shader compiler working directory 'C:/Users/ditde/AppData/Local/Temp/UnrealShaderWorkingDir/829DF35D4900B55FC88ED294FE70698F/'.
[2022.01.30-07.31.35:456][  0]LogXGEController: Cannot use XGE Controller as Incredibuild is not installed on this machine.
[2022.01.30-07.31.35:456][  0]LogShaderCompilers: Cannot use XGE Shader Compiler as Incredibuild is not installed on this machine.
[2022.01.30-07.31.35:456][  0]LogShaderCompilers: Display: Using Local Shader Compiler.
[2022.01.30-07.31.38:047][  0]LogDerivedDataCache: Display: Max Cache Size: 512 MB
[2022.01.30-07.31.38:127][  0]LogDerivedDataCache: Loaded boot cache 0.08s 94MB C:/Users/ditde/AppData/Local/UnrealEngine/4.27/DerivedDataCache/Boot.ddc.
[2022.01.30-07.31.38:127][  0]LogDerivedDataCache: Display: Loaded Boot cache: C:/Users/ditde/AppData/Local/UnrealEngine/4.27/DerivedDataCache/Boot.ddc
[2022.01.30-07.31.38:127][  0]LogDerivedDataCache: FDerivedDataBackendGraph:  Pak pak cache file ../../../../Unreal_c++/EndlessRun/EndlessRunner/DerivedDataCache/DDC.ddp not found, will not use a pak cache.
[2022.01.30-07.31.38:127][  0]LogDerivedDataCache: Unable to find inner node Pak for hierarchical cache Hierarchy.
[2022.01.30-07.31.38:128][  0]LogDerivedDataCache: FDerivedDataBackendGraph:  CompressedPak pak cache file ../../../../Unreal_c++/EndlessRun/EndlessRunner/DerivedDataCache/Compressed.ddp not found, will not use a pak cache.
[2022.01.30-07.31.38:128][  0]LogDerivedDataCache: Unable to find inner node CompressedPak for hierarchical cache Hierarchy.
[2022.01.30-07.31.38:153][  0]LogDerivedDataCache: Display: Pak cache opened for reading ../../../Engine/DerivedDataCache/Compressed.ddp.
[2022.01.30-07.31.38:153][  0]LogDerivedDataCache: FDerivedDataBackendGraph:  EnterprisePak pak cache file ../../../Enterprise/DerivedDataCache/Compressed.ddp not found, will not use a pak cache.
[2022.01.30-07.31.38:153][  0]LogDerivedDataCache: Unable to find inner node EnterprisePak for hierarchical cache Hierarchy.
[2022.01.30-07.31.38:198][  0]LogDerivedDataCache: Speed tests for C:/Users/ditde/AppData/Local/UnrealEngine/Common/DerivedDataCache took 0.05 seconds
[2022.01.30-07.31.38:199][  0]LogDerivedDataCache: Display: Performance to C:/Users/ditde/AppData/Local/UnrealEngine/Common/DerivedDataCache: Latency=0.03ms. RandomReadSpeed=23.45MBs, RandomWriteSpeed=184.49MBs. Assigned SpeedClass 'Local'
[2022.01.30-07.31.38:201][  0]LogDerivedDataCache: Using Local data cache path C:/Users/ditde/AppData/Local/UnrealEngine/Common/DerivedDataCache: Writable
[2022.01.30-07.31.38:201][  0]LogDerivedDataCache: Shared data cache path not found in *engine.ini, will not use an Shared cache.
[2022.01.30-07.31.38:201][  0]LogDerivedDataCache: Unable to find inner node Shared for hierarchical cache Hierarchy.
[2022.01.30-07.31.38:248][  0]LogSlate: Using FreeType 2.10.0
[2022.01.30-07.31.38:264][  0]LogSlate: SlateFontServices - WITH_FREETYPE: 1, WITH_HARFBUZZ: 1
[2022.01.30-07.31.38:420][  0]LogAssetRegistry: FAssetRegistry took 0.0084 seconds to start up
[2022.01.30-07.31.38:737][  0]LogInit: Selected Device Profile: [Windows]
[2022.01.30-07.31.38:737][  0]LogInit: Active device profile: [0000025B5BAE8A00][0000025B5650E1C0 49] Windows
[2022.01.30-07.31.38:737][  0]LogInit: Profiles: [0000025B5BAE8A00][0000025B5650E1C0 49] Windows, [0000025B5BAAE000][0000025B5CE88340 49] WindowsNoEditor, [0000025B5BAEB500][0000025B5CE8C4C0 49] WindowsServer, [0000025B5BAACE00][0000025B5CBFA600 49] WindowsClient, [0000025B5BAEB300][0000025B594FC740 49] IOS, [0000025B5BAACC00][0000025B59500880 49] iPadAir, [0000025B5BAEA000][0000025B595049C0 49] iPadAir2, [0000025B5CA24C00][0000025B5670CC80 49] IPadPro, [0000025B5CA24D00][0000025B56708CC0 49] iPadAir3, [0000025B5BAAF900][0000025B56710E40 49] iPadAir4, [0000025B5CA27200][0000025B56714FC0 49] iPadMini2, [0000025B5BAAF000][0000025B56719140 49] iPadMini3, [0000025B5CA25700][0000025B5671D2C0 49] iPadMini4, [0000025B5BAAE900][0000025B56721440 49] iPadMini5, [0000025B5BAA8500][0000025B566FD700 49] iPhone6, [0000025B5BAA8600][0000025B5CE5F740 49] iPodTouch6, [0000025B5CA27800][0000025B5CE6FA00 49] iPhone7, [0000025B5CA25C00][0000025B56701A40 49] iPodTouch7, [0000025B5BAA8400][0000025B5D29DBC0 49] iPhone5S, [0000025B5BAAE700][0000025B595081C0 49] iPhone6Plus, [0000025B5BAAAF00][0000025B5CE72340 49] iPhone6S, [0000025B5CA24A00][0000025B5CE764C0 49] iPhone6SPlus, [0000025B5BAAA300][0000025B594F8640 49] iPhone7Plus, [0000025B5CA24100][0000025B56704780 49] iPhoneSE, [0000025B5BAA8800][0000025B5CE7A8C0 49] iPhone8, [0000025B5CA25F00][0000025B565DCA00 49] iPhone8Plus, [0000025B5BAA8700][0000025B565E0B40 49] iPhoneX, [0000025B5CA26200][0000025B565E8CC0 49] iPhoneXS, [0000025B5BAAB800][0000025B565ECE40 49] iPhoneXSMax, [0000025B5CA24900][0000025B565F0FC0 49] iPhoneXR, [0000025B5BAA9900][0000025B565F5140 49] iPhone11, [0000025B5CA26800][0000025B565F92C0 49] iPhone11Pro, [0000025B5BAA9000][0000025B565FD440 49] iPhone11ProMax, [0000025B5CA25500][0000025B566015C0 49] iPhoneSE2, [0000025B5BAAB500][0000025B5649D740 49] iPhone12Mini, [0000025B5CA27D00][0000025B564A18C0 49] iPhone12, [0000025B5BAA9F00][0000025B564A5A40 49] iPhone12Pro, [0000025B5CA27000][0000025B564A9BC0 49] iPhone12ProMax, [0000025B5BAA9400][0000025B564AC1C0 49] iPadPro105, [0000025B5CA26700][0000025B564B0340 49] iPadPro129, [0000025B5BAAB400][0000025B564B44C0 49] iPadPro97, [0000025B5CA26600][0000025B564B8640 49] iPadPro2_129, [0000025B5BAA9E00][0000025B564BC7C0 49] iPad5, [0000025B5CA24200][0000025B564C0940 49] iPad6, [0000025B5BAABB00][0000025B565E4A80 49] iPad7, [0000025B5CA27B00][0000025B564C4BC0 49] iPad8, [0000025B5BAAA400][0000025B564C8D00 49] iPadPro11, [0000025B5CA26D00][0000025B564D0E80 49] iPadPro2_11, [0000025B5BAA9C00][0000025B56697000 49] iPadPro3_129, [0000025B5CA26F00][0000025B5669B180 49] iPadPro4_129, [0000025B5BAA8100][0000025B5669F300 49] AppleTV, [0000025B5CA26400][0000025B566A3480 49] AppleTV4K, [0000025B5BAABD00][0000025B566A7600 49] TVOS, [0000025B5CA24400][0000025B566AB780 49] Mac, [0000025B5BAA8300][0000025B566AF900 49] MacClient, [0000025B5CA27100][0000025B566B3A80 49] MacNoEditor, [0000025B5BAA9700][0000025B566B7C00 49] MacServer, [0000025B5CA24600][0000025B566BA200 49] Linux, [0000025B5BAAB000][0000025B566BE380 49] LinuxAArch64, [0000025B5CA26900][0000025B566C2500 49] LinuxNoEditor, [0000025B5BAAAE00][0000025B566C6680 49] LinuxAArch64NoEditor, [0000025B5CA26100][0000025B566CA800 49] LinuxClient, [0000025B5BAA8C00][0000025B566CE980 49] LinuxAArch64Client, [0000025B5CA26C00][0000025B566D2B00 49] LinuxServer, [0000025B5BAA9D00][0000025B564CCC40 49] LinuxAArch64Server, [0000025B5CA27700][0000025B566D6D80 49] Android, [0000025B5BAA8B00][0000025B566DAEC0 49] Android_Low, [0000025B5CA25E00][0000025B566E3040 49] Android_Mid, [0000025B5BAAA800][0000025B566E71C0 49] Android_High, [0000025B5BAAFE00][0000025B566EB340 49] Android_Default, [0000025B5BAEA100][0000025B566EF4C0 49] Android_Adreno4xx, [0000025B5BAACD00][0000025B566F3640 49] Android_Adreno5xx_Low, [0000025B5BAEAB00][0000025B566F77C0 49] Android_Adreno5xx, [0000025B5BAAFC00][0000025B5B9B5940 49] Android_Adreno6xx, [0000025B5BAEA800][0000025B5B9B9AC0 49] Android_Adreno6xx_Vulkan, [0000025B5BAADF00][0000025B5B9BC0C0 49] Android_Mali_T6xx, [0000025B5BAEBB00][0000025B5B9C0240 49] Android_Mali_T7xx, [0000025B5BAACB00][0000025B5B9C43C0 49] Android_Mali_T8xx, [0000025B5BAEBE00][0000025B5B9C8540 49] Android_Mali_G71, [0000025B5BAAD000][0000025B5B9CC6C0 49] Android_Mali_G72, [0000025B5BAE9800][0000025B5B9D0840 49] Android_Mali_G72_Vulkan, [0000025B5BAAF800][0000025B5B9D49C0 49] Android_Mali_G76, [0000025B5BAE9B00][0000025B5B9D8B40 49] Android_Mali_G76_Vulkan, [0000025B5BAAE500][0000025B5B9DCCC0 49] Android_Mali_G77, [0000025B5BAE9000][0000025B566DEE00 49] Android_Mali_G77_Vulkan, [0000025B5BAADD00][0000025B5B9E0F40 49] Android_Mali_G78, [0000025B5BAEA900][0000025B5B9E5080 49] Android_Mali_G78_Vulkan, [0000025B5BAAEE00][0000025B5B9E91C0 49] Android_Mali_G710, [0000025B5BAE8700][0000025B5B9F1340 49] Android_Mali_G710_Vulkan, [0000025B5BAAD700][0000025B5B9F54C0 49] Android_Vulkan_SM5, [0000025B5BAE9600][0000025B5B9F9640 49] Android_PowerVR_G6xxx, [0000025B5BAADB00][0000025B5B9FD7C0 49] Android_PowerVR_GT7xxx, [0000025B5BAEAF00][0000025B5BA01940 49] Android_PowerVR_GE8xxx, [0000025B5BAADA00][0000025B5BA05AC0 49] Android_PowerVR_GM9xxx, [0000025B5BAE8300][0000025B5BA080C0 49] Android_PowerVR_GM9xxx_Vulkan, [0000025B5BAAC400][0000025B5BA0C240 49] Android_TegraK1, [0000025B5BAEAC00][0000025B5BA103C0 49] Android_Unknown_Vulkan, [0000025B5BAAC300][0000025B5BA14540 49] Lumin, [0000025B5CA25900][0000025B5BA186C0 49] Lumin_Desktop, [0000025B5BAAF400][0000025B5BA1C840 49] HoloLens, 
[2022.01.30-07.31.39:174][  0]LogMeshReduction: Using QuadricMeshReduction for automatic static mesh reduction
[2022.01.30-07.31.39:174][  0]LogMeshReduction: Using SimplygonMeshReduction for automatic skeletal mesh reduction
[2022.01.30-07.31.39:174][  0]LogMeshReduction: Using ProxyLODMeshReduction for automatic mesh merging
[2022.01.30-07.31.39:174][  0]LogMeshReduction: No distributed automatic mesh merging module available
[2022.01.30-07.31.39:175][  0]LogMeshMerging: No distributed automatic mesh merging module available
[2022.01.30-07.31.39:254][  0]LogNetVersion: EndlessRunner 1.0.0, NetCL: 17155196, EngineNetVer: 17, GameNetVer: 0 (Checksum: 1331125288)
[2022.01.30-07.31.41:426][  0]LogTexture: Default maximum texture size for cubemaps generated from long-lat sources has been changed from 512 to unlimited. In order to preserve old behaiour for '/Engine/MapTemplates/Sky/DaylightAmbientCubemap.DaylightAmbientCubemap', its maximum texture size has been explicitly set to 512.
[2022.01.30-07.31.41:563][  0]LogHMD: PokeAHoleMaterial loaded successfully
[2022.01.30-07.31.41:571][  0]LogUObjectArray: 17178 objects as part of root set at end of initial load.
[2022.01.30-07.31.41:571][  0]LogUObjectAllocator: 4301856 out of 0 bytes used by permanent object pool.
[2022.01.30-07.31.41:571][  0]LogUObjectArray: CloseDisregardForGC: 0/0 objects in disregard for GC pool
[2022.01.30-07.31.43:475][  0]LogPython: Using Python 3.7.7
[2022.01.30-07.31.44:172][  0]LogTcpMessaging: Initializing TcpMessaging bridge
[2022.01.30-07.31.44:199][  0]LogUdpMessaging: Initializing bridge on interface 0.0.0.0:0 to multicast group 230.0.0.1:6666.
[2022.01.30-07.31.44:529][  0]LogNiagaraDebuggerClient: Niagara Debugger Client Initialized | Session: 0AD2388B4EC4E209EC1B11B588906213 | Instance: 7D05A6E5426067ECA5AE4996F2CCEE48 (LAPTOP-FC3B43LI-38544).
[2022.01.30-07.31.44:656][  0]LogImageWrapper: Warning: PNG Warning: Duplicate iCCP chunk
[2022.01.30-07.31.44:656][  0]LogImageWrapper: Warning: PNG Warning: Duplicate iCCP chunk
[2022.01.30-07.31.46:446][  0]LogOpenImageDenoise: OIDN starting up
[2022.01.30-07.31.46:680][  0]SourceControl: Source control is disabled
[2022.01.30-07.31.46:680][  0]SourceControl: Source control is disabled
[2022.01.30-07.31.46:714][  0]SourceControl: Source control is disabled
[2022.01.30-07.31.46:739][  0]SourceControl: Source control is disabled
[2022.01.30-07.31.46:811][  0]LogUProjectInfo: Found projects:
[2022.01.30-07.31.46:860][  0]SourceControl: Source control is disabled
[2022.01.30-07.31.47:157][  0]LogAudioCaptureCore: Display: No Audio Capture implementations found. Audio input will be silent.
[2022.01.30-07.31.47:158][  0]LogAudioCaptureCore: Display: No Audio Capture implementations found. Audio input will be silent.
[2022.01.30-07.31.47:543][  0]LogAndroidPermission: UAndroidPermissionCallbackProxy::GetInstance
[2022.01.30-07.31.47:760][  0]LogCollectionManager: Loaded 0 collections in 0.001142 seconds
[2022.01.30-07.31.47:768][  0]LogFileCache: Scanning file cache for directory 'D:/Unreal_c++/EndlessRun/EndlessRunner/Saved/Collections/' took 0.00s
[2022.01.30-07.31.47:768][  0]LogFileCache: Scanning file cache for directory 'D:/Unreal_c++/EndlessRun/EndlessRunner/Content/Developers/ditde/Collections/' took 0.00s
[2022.01.30-07.31.47:768][  0]LogFileCache: Scanning file cache for directory 'D:/Unreal_c++/EndlessRun/EndlessRunner/Content/Collections/' took 0.00s
[2022.01.30-07.31.47:871][  0]LogOcInput: OculusInput pre-init called
[2022.01.30-07.31.48:379][  0]LogImageWrapper: Warning: PNG Warning: Duplicate iCCP chunk
[2022.01.30-07.31.48:379][  0]LogImageWrapper: Warning: PNG Warning: Duplicate iCCP chunk
[2022.01.30-07.31.48:379][  0]LogEngine: Initializing Engine...
[2022.01.30-07.31.48:422][  0]LogHMD: Failed to enumerate extensions. Please check that you have a valid OpenXR runtime installed.
[2022.01.30-07.31.48:423][  0]LogHMD: Failed to initialize OpenVR with code 110
[2022.01.30-07.31.48:423][  0]LogMagicLeap: Warning: VR disabled because ZI is not enabled.  To enable, in the editor, Edit -> Project Settings -> Plugins -> Magic Leap Plugin -> Enable Zero Iteration
[2022.01.30-07.31.48:430][  0]LogStats: UGameplayTagsManager::InitializeManager -  0.002 s
[2022.01.30-07.31.48:712][  0]LogInit: Initializing FReadOnlyCVARCache
[2022.01.30-07.31.48:797][  0]LogAIModule: Creating AISystem for world Untitled
[2022.01.30-07.31.48:814][  0]LogAudio: Display: Initializing Audio Device Manager...
[2022.01.30-07.31.48:837][  0]LogAudio: Display: Loading Default Audio Settings Objects...
[2022.01.30-07.31.48:843][  0]LogAudio: Display: No default SoundConcurrencyObject specified (or failed to load).
[2022.01.30-07.31.48:845][  0]LogAudio: Display: Audio Device Manager Initialized
[2022.01.30-07.31.48:846][  0]LogAudio: Display: Creating Audio Device:                 Id: 1, Scope: Shared, Realtime: True
[2022.01.30-07.31.48:848][  0]LogAudioMixer: Display: Audio Mixer Platform Settings:
[2022.01.30-07.31.48:848][  0]LogAudioMixer: Display: 	Sample Rate:						  48000
[2022.01.30-07.31.48:848][  0]LogAudioMixer: Display: 	Callback Buffer Frame Size Requested: 1024
[2022.01.30-07.31.48:848][  0]LogAudioMixer: Display: 	Callback Buffer Frame Size To Use:	  1024
[2022.01.30-07.31.48:848][  0]LogAudioMixer: Display: 	Number of buffers to queue:			  2
[2022.01.30-07.31.48:848][  0]LogAudioMixer: Display: 	Max Channels (voices):				  32
[2022.01.30-07.31.48:848][  0]LogAudioMixer: Display: 	Number of Async Source Workers:		  0
[2022.01.30-07.31.48:848][  0]LogAudio: Display: AudioDevice MaxSources: 32
[2022.01.30-07.31.48:851][  0]LogAudio: Display: Audio Spatialization Plugin: None (built-in).
[2022.01.30-07.31.48:851][  0]LogAudio: Display: Audio Reverb Plugin: None (built-in).
[2022.01.30-07.31.48:851][  0]LogAudio: Display: Audio Occlusion Plugin: None (built-in).
[2022.01.30-07.31.48:852][  0]LogAudioMixer: Display: Initializing audio mixer.
[2022.01.30-07.31.48:975][  0]LogAudioMixer: Display: 0: FrontLeft
[2022.01.30-07.31.48:975][  0]LogAudioMixer: Display: 1: FrontRight
[2022.01.30-07.31.49:092][  0]LogAudioMixer: Display: Using Audio Device Headphones (SONATA USB Audio)
[2022.01.30-07.31.49:096][  0]LogAudioMixer: Display: Initializing Sound Submixes...
[2022.01.30-07.31.49:119][  0]LogAudioMixer: Display: Creating Master Submix 'MasterSubmixDefault'
[2022.01.30-07.31.49:119][  0]LogAudioMixer: Display: Creating Master Submix 'MasterReverbSubmixDefault'
[2022.01.30-07.31.49:122][  0]LogAudioMixer: Display: Creating Master Submix 'MasterEQSubmixDefault'
[2022.01.30-07.31.49:123][  0]LogAudioMixer: FMixerPlatformXAudio2::StartAudioStream() called
[2022.01.30-07.31.49:123][  0]LogAudioMixer: Display: Output buffers initialized: Frames=1024, Channels=2, Samples=2048
[2022.01.30-07.31.49:125][  0]LogAudioMixer: Display: Starting AudioMixerPlatformInterface::RunInternal()
[2022.01.30-07.31.49:125][  0]LogAudioMixer: Display: FMixerPlatformXAudio2::SubmitBuffer() called for the first time
[2022.01.30-07.31.49:126][  0]LogInit: FAudioDevice initialized.
[2022.01.30-07.31.49:127][  0]LogAudio: Display: Audio Device (ID: 1) registered with world 'Untitled'.
[2022.01.30-07.31.49:128][  0]LogNetVersion: Set ProjectVersion to 1.0.0.0. Version Checksum will be recalculated on next use.
[2022.01.30-07.31.49:175][  0]LogDerivedDataCache: Saved boot cache 0.05s 94MB C:/Users/ditde/AppData/Local/UnrealEngine/4.27/DerivedDataCache/Boot.ddc.
[2022.01.30-07.31.49:175][  0]LogInit: Texture streaming: Enabled
[2022.01.30-07.31.49:241][  0]LogAnalytics: Display: [UEEditor.Rocket.Release] APIServer = https://datarouter.ol.epicgames.com/. AppVersion = 4.27.1-17735300+++UE4+Release-4.27
[2022.01.30-07.31.49:261][  0]LogEngineSessionManager: EngineSessionManager initialized
[2022.01.30-07.31.49:261][  0]LogEngineSessionManager: EngineSessionManager sent abnormal shutdown report. Type=Debugger, SessionId={912CB80D-4F0E-6EFD-A533-A4ACA60CDC21}
[2022.01.30-07.31.49:262][  0]LogEditorSessionSummary: Verbose: Initializing EditorSessionSummaryWriter for editor session tracking
[2022.01.30-07.31.49:264][  0]LogEditorSessionSummary: EditorSessionSummaryWriter initialized
[2022.01.30-07.31.49:340][  0]LogInit: Transaction tracking system initialized
[2022.01.30-07.31.49:496][  0]BlueprintLog: New page: Editor Load
[2022.01.30-07.31.49:907][  0]LocalizationService: Localization service is disabled
[2022.01.30-07.31.50:083][  0]TimingProfiler: Initialize
[2022.01.30-07.31.50:085][  0]TimingProfiler: OnSessionChanged
[2022.01.30-07.31.50:086][  0]LoadingProfiler: Initialize
[2022.01.30-07.31.50:086][  0]LoadingProfiler: OnSessionChanged
[2022.01.30-07.31.50:087][  0]NetworkingProfiler: Initialize
[2022.01.30-07.31.50:087][  0]NetworkingProfiler: OnSessionChanged
[2022.01.30-07.31.50:087][  0]MemoryProfiler: Initialize
[2022.01.30-07.31.50:087][  0]MemoryProfiler: OnSessionChanged
[2022.01.30-07.31.50:721][  0]LogFileCache: Scanning file cache for directory 'D:/Unreal_c++/EndlessRun/EndlessRunner/Content/' took 0.01s
[2022.01.30-07.31.50:721][  0]LogCook: Display: CookSettings for Memory: MemoryMaxUsedVirtual 0MiB, MemoryMaxUsedPhysical 16384MiB, MemoryMinFreeVirtual 0MiB, MemoryMinFreePhysical 1024MiB
[2022.01.30-07.31.50:721][  0]LogCook: Display: Mobile HDR setting 1
[2022.01.30-07.31.51:931][  0]LogImageWrapper: Warning: PNG Warning: Duplicate iCCP chunk
[2022.01.30-07.31.51:931][  0]LogImageWrapper: Warning: PNG Warning: Duplicate iCCP chunk
[2022.01.30-07.31.51:931][  0]LogInit: Display: Engine is initialized. Leaving FEngineLoop::Init()
[2022.01.30-07.31.51:942][  0]SourceControl: Source control is disabled
[2022.01.30-07.31.51:943][  0]LogUnrealEdMisc: Loading editor; pre map load, took 25.142
[2022.01.30-07.31.51:946][  0]Cmd: MAP LOAD FILE="../../../../Unreal_c++/EndlessRun/EndlessRunner/Content/_Game/Maps/MainLevel.umap" TEMPLATE=0 SHOWPROGRESS=1 FEATURELEVEL=3
[2022.01.30-07.31.51:954][  0]LightingResults: New page: Lighting Build
[2022.01.30-07.31.51:968][  0]LogWorld: UWorld::CleanupWorld for Untitled, bSessionEnded=true, bCleanupResources=true
[2022.01.30-07.31.51:972][  0]LogSlate: InvalidateAllWidgets triggered.  All widgets were invalidated
[2022.01.30-07.31.51:978][  0]MapCheck: New page: Map Check
[2022.01.30-07.31.51:978][  0]LightingResults: New page: Lighting Build
[2022.01.30-07.31.52:000][  0]LogAudio: Display: Audio Device unregistered from world 'None'.
[2022.01.30-07.31.52:030][  0]LogUObjectHash: Compacting FUObjectHashTables data took   1.28ms
[2022.01.30-07.31.52:885][  0]LogAudio: Display: Audio Device (ID: 1) registered with world 'MainLevel'.
[2022.01.30-07.31.52:887][  0]LogAIModule: Creating AISystem for world MainLevel
[2022.01.30-07.31.52:945][  0]LogEditorServer: Finished looking for orphan Actors (0.000 secs)
[2022.01.30-07.31.52:971][  0]LogUObjectHash: Compacting FUObjectHashTables data took   0.80ms
[2022.01.30-07.31.52:973][  0]Cmd: MAP CHECKDEP NOCLEARLOG
[2022.01.30-07.31.52:974][  0]MapCheck: Map check complete: 0 Error(s), 0 Warning(s), took 0.594ms to complete.
[2022.01.30-07.31.52:974][  0]LogFileHelpers: Loading map 'MainLevel' took 1.031
[2022.01.30-07.31.53:032][  0]LogUnrealEdMisc: Total Editor Startup Time, took 26.232
[2022.01.30-07.31.53:247][  0]LogSlate: Updating window title bar state: overlay mode, drag disabled, window buttons hidden, title bar hidden
[2022.01.30-07.31.53:255][  0]LogSlate: Updating window title bar state: overlay mode, drag disabled, window buttons hidden, title bar hidden
[2022.01.30-07.31.53:260][  0]LogSlate: Updating window title bar state: overlay mode, drag disabled, window buttons hidden, title bar hidden
[2022.01.30-07.31.53:266][  0]LogSlate: Updating window title bar state: overlay mode, drag disabled, window buttons hidden, title bar hidden
[2022.01.30-07.31.53:330][  0]LogNativeClassHierarchy: Verbose: Native class hierarchy populated in 0.0094 seconds. Added 3830 classes and 930 folders.
[2022.01.30-07.31.53:348][  0]LogNativeClassHierarchy: Verbose: Native class hierarchy updated for 'WidgetCarousel' in 0.0003 seconds. Added 0 classes and 0 folders.
[2022.01.30-07.31.53:366][  0]LogPakFile: PakFile PrimaryIndexSize=187
[2022.01.30-07.31.53:367][  0]LogPakFile: PakFile PathHashIndexSize=101
[2022.01.30-07.31.53:367][  0]LogPakFile: PakFile FullDirectoryIndexSize=148
[2022.01.30-07.31.53:368][  0]LogShaderLibrary: Display: ShaderCodeLibraryPakFileMountedCallback: PakFile 'D:/UE_4.27/FeaturePacks/FP_FirstPerson.upack' (chunk index -1, root 'root:/') mounted
[2022.01.30-07.31.53:368][  0]LogShaderLibrary: Display: ShaderCodeLibraryPakFileMountedCallback: pending pak file info (ChunkID:-1 Root:root:/ File:D:/UE_4.27/FeaturePacks/FP_FirstPerson.upack)
[2022.01.30-07.31.53:369][  0]LogPakFile: OnPakFileMounted2Time == 0.001948
[2022.01.30-07.31.53:380][  0]LogPakFile: PakFile PrimaryIndexSize=189
[2022.01.30-07.31.53:380][  0]LogPakFile: PakFile PathHashIndexSize=101
[2022.01.30-07.31.53:380][  0]LogPakFile: PakFile FullDirectoryIndexSize=152
[2022.01.30-07.31.53:380][  0]LogShaderLibrary: Display: ShaderCodeLibraryPakFileMountedCallback: PakFile 'D:/UE_4.27/FeaturePacks/FP_FirstPersonBP.upack' (chunk index -1, root 'root:/') mounted
[2022.01.30-07.31.53:380][  0]LogShaderLibrary: Display: ShaderCodeLibraryPakFileMountedCallback: pending pak file info (ChunkID:-1 Root:root:/ File:D:/UE_4.27/FeaturePacks/FP_FirstPersonBP.upack)
[2022.01.30-07.31.53:380][  0]LogPakFile: OnPakFileMounted2Time == 0.000161
[2022.01.30-07.31.53:386][  0]LogPakFile: PakFile PrimaryIndexSize=191
[2022.01.30-07.31.53:386][  0]LogPakFile: PakFile PathHashIndexSize=101
[2022.01.30-07.31.53:386][  0]LogPakFile: PakFile FullDirectoryIndexSize=160
[2022.01.30-07.31.53:386][  0]LogShaderLibrary: Display: ShaderCodeLibraryPakFileMountedCallback: PakFile 'D:/UE_4.27/FeaturePacks/MobileStarterContent.upack' (chunk index -1, root 'root:/') mounted
[2022.01.30-07.31.53:386][  0]LogShaderLibrary: Display: ShaderCodeLibraryPakFileMountedCallback: pending pak file info (ChunkID:-1 Root:root:/ File:D:/UE_4.27/FeaturePacks/MobileStarterContent.upack)
[2022.01.30-07.31.53:386][  0]LogPakFile: OnPakFileMounted2Time == 0.000152
[2022.01.30-07.31.53:392][  0]LogPakFile: PakFile PrimaryIndexSize=185
[2022.01.30-07.31.53:392][  0]LogPakFile: PakFile PathHashIndexSize=101
[2022.01.30-07.31.53:392][  0]LogPakFile: PakFile FullDirectoryIndexSize=148
[2022.01.30-07.31.53:392][  0]LogShaderLibrary: Display: ShaderCodeLibraryPakFileMountedCallback: PakFile 'D:/UE_4.27/FeaturePacks/StarterContent.upack' (chunk index -1, root 'root:/') mounted
[2022.01.30-07.31.53:392][  0]LogShaderLibrary: Display: ShaderCodeLibraryPakFileMountedCallback: pending pak file info (ChunkID:-1 Root:root:/ File:D:/UE_4.27/FeaturePacks/StarterContent.upack)
[2022.01.30-07.31.53:393][  0]LogPakFile: OnPakFileMounted2Time == 0.000147
[2022.01.30-07.31.53:398][  0]LogPakFile: PakFile PrimaryIndexSize=190
[2022.01.30-07.31.53:398][  0]LogPakFile: PakFile PathHashIndexSize=101
[2022.01.30-07.31.53:398][  0]LogPakFile: PakFile FullDirectoryIndexSize=154
[2022.01.30-07.31.53:398][  0]LogShaderLibrary: Display: ShaderCodeLibraryPakFileMountedCallback: PakFile 'D:/UE_4.27/FeaturePacks/TP_2DSideScroller.upack' (chunk index -1, root 'root:/') mounted
[2022.01.30-07.31.53:398][  0]LogShaderLibrary: Display: ShaderCodeLibraryPakFileMountedCallback: pending pak file info (ChunkID:-1 Root:root:/ File:D:/UE_4.27/FeaturePacks/TP_2DSideScroller.upack)
[2022.01.30-07.31.53:398][  0]LogPakFile: OnPakFileMounted2Time == 0.000156
[2022.01.30-07.31.53:403][  0]LogPakFile: PakFile PrimaryIndexSize=192
[2022.01.30-07.31.53:403][  0]LogPakFile: PakFile PathHashIndexSize=101
[2022.01.30-07.31.53:403][  0]LogPakFile: PakFile FullDirectoryIndexSize=158
[2022.01.30-07.31.53:404][  0]LogShaderLibrary: Display: ShaderCodeLibraryPakFileMountedCallback: PakFile 'D:/UE_4.27/FeaturePacks/TP_2DSideScrollerBP.upack' (chunk index -1, root 'root:/') mounted
[2022.01.30-07.31.53:404][  0]LogShaderLibrary: Display: ShaderCodeLibraryPakFileMountedCallback: pending pak file info (ChunkID:-1 Root:root:/ File:D:/UE_4.27/FeaturePacks/TP_2DSideScrollerBP.upack)
[2022.01.30-07.31.53:404][  0]LogPakFile: OnPakFileMounted2Time == 0.000160
[2022.01.30-07.31.53:408][  0]LogPakFile: PakFile PrimaryIndexSize=182
[2022.01.30-07.31.53:408][  0]LogPakFile: PakFile PathHashIndexSize=101
[2022.01.30-07.31.53:409][  0]LogPakFile: PakFile FullDirectoryIndexSize=138
[2022.01.30-07.31.53:409][  0]LogShaderLibrary: Display: ShaderCodeLibraryPakFileMountedCallback: PakFile 'D:/UE_4.27/FeaturePacks/TP_Flying.upack' (chunk index -1, root 'root:/') mounted
[2022.01.30-07.31.53:409][  0]LogShaderLibrary: Display: ShaderCodeLibraryPakFileMountedCallback: pending pak file info (ChunkID:-1 Root:root:/ File:D:/UE_4.27/FeaturePacks/TP_Flying.upack)
[2022.01.30-07.31.53:409][  0]LogPakFile: OnPakFileMounted2Time == 0.000142
[2022.01.30-07.31.53:415][  0]LogPakFile: PakFile PrimaryIndexSize=184
[2022.01.30-07.31.53:415][  0]LogPakFile: PakFile PathHashIndexSize=101
[2022.01.30-07.31.53:415][  0]LogPakFile: PakFile FullDirectoryIndexSize=142
[2022.01.30-07.31.53:415][  0]LogShaderLibrary: Display: ShaderCodeLibraryPakFileMountedCallback: PakFile 'D:/UE_4.27/FeaturePacks/TP_FlyingBP.upack' (chunk index -1, root 'root:/') mounted
[2022.01.30-07.31.53:415][  0]LogShaderLibrary: Display: ShaderCodeLibraryPakFileMountedCallback: pending pak file info (ChunkID:-1 Root:root:/ File:D:/UE_4.27/FeaturePacks/TP_FlyingBP.upack)
[2022.01.30-07.31.53:415][  0]LogPakFile: OnPakFileMounted2Time == 0.000160
[2022.01.30-07.31.53:421][  0]LogPakFile: PakFile PrimaryIndexSize=188
[2022.01.30-07.31.53:421][  0]LogPakFile: PakFile PathHashIndexSize=101
[2022.01.30-07.31.53:421][  0]LogPakFile: PakFile FullDirectoryIndexSize=150
[2022.01.30-07.31.53:421][  0]LogShaderLibrary: Display: ShaderCodeLibraryPakFileMountedCallback: PakFile 'D:/UE_4.27/FeaturePacks/TP_HandheldARBP.upack' (chunk index -1, root 'root:/') mounted
[2022.01.30-07.31.53:421][  0]LogShaderLibrary: Display: ShaderCodeLibraryPakFileMountedCallback: pending pak file info (ChunkID:-1 Root:root:/ File:D:/UE_4.27/FeaturePacks/TP_HandheldARBP.upack)
[2022.01.30-07.31.53:421][  0]LogPakFile: OnPakFileMounted2Time == 0.000146
[2022.01.30-07.31.53:430][  0]LogPakFile: PakFile PrimaryIndexSize=182
[2022.01.30-07.31.53:430][  0]LogPakFile: PakFile PathHashIndexSize=101
[2022.01.30-07.31.53:430][  0]LogPakFile: PakFile FullDirectoryIndexSize=138
[2022.01.30-07.31.53:430][  0]LogShaderLibrary: Display: ShaderCodeLibraryPakFileMountedCallback: PakFile 'D:/UE_4.27/FeaturePacks/TP_Puzzle.upack' (chunk index -1, root 'root:/') mounted
[2022.01.30-07.31.53:430][  0]LogShaderLibrary: Display: ShaderCodeLibraryPakFileMountedCallback: pending pak file info (ChunkID:-1 Root:root:/ File:D:/UE_4.27/FeaturePacks/TP_Puzzle.upack)
[2022.01.30-07.31.53:430][  0]LogPakFile: OnPakFileMounted2Time == 0.000135
[2022.01.30-07.31.53:435][  0]LogPakFile: PakFile PrimaryIndexSize=184
[2022.01.30-07.31.53:435][  0]LogPakFile: PakFile PathHashIndexSize=101
[2022.01.30-07.31.53:435][  0]LogPakFile: PakFile FullDirectoryIndexSize=142
[2022.01.30-07.31.53:435][  0]LogShaderLibrary: Display: ShaderCodeLibraryPakFileMountedCallback: PakFile 'D:/UE_4.27/FeaturePacks/TP_PuzzleBP.upack' (chunk index -1, root 'root:/') mounted
[2022.01.30-07.31.53:435][  0]LogShaderLibrary: Display: ShaderCodeLibraryPakFileMountedCallback: pending pak file info (ChunkID:-1 Root:root:/ File:D:/UE_4.27/FeaturePacks/TP_PuzzleBP.upack)
[2022.01.30-07.31.53:435][  0]LogPakFile: OnPakFileMounted2Time == 0.000171
[2022.01.30-07.31.53:441][  0]LogPakFile: PakFile PrimaryIndexSize=183
[2022.01.30-07.31.53:441][  0]LogPakFile: PakFile PathHashIndexSize=101
[2022.01.30-07.31.53:441][  0]LogPakFile: PakFile FullDirectoryIndexSize=140
[2022.01.30-07.31.53:441][  0]LogShaderLibrary: Display: ShaderCodeLibraryPakFileMountedCallback: PakFile 'D:/UE_4.27/FeaturePacks/TP_Rolling.upack' (chunk index -1, root 'root:/') mounted
[2022.01.30-07.31.53:441][  0]LogShaderLibrary: Display: ShaderCodeLibraryPakFileMountedCallback: pending pak file info (ChunkID:-1 Root:root:/ File:D:/UE_4.27/FeaturePacks/TP_Rolling.upack)
[2022.01.30-07.31.53:441][  0]LogPakFile: OnPakFileMounted2Time == 0.000189
[2022.01.30-07.31.53:446][  0]LogPakFile: PakFile PrimaryIndexSize=185
[2022.01.30-07.31.53:446][  0]LogPakFile: PakFile PathHashIndexSize=101
[2022.01.30-07.31.53:446][  0]LogPakFile: PakFile FullDirectoryIndexSize=144
[2022.01.30-07.31.53:446][  0]LogShaderLibrary: Display: ShaderCodeLibraryPakFileMountedCallback: PakFile 'D:/UE_4.27/FeaturePacks/TP_RollingBP.upack' (chunk index -1, root 'root:/') mounted
[2022.01.30-07.31.53:446][  0]LogShaderLibrary: Display: ShaderCodeLibraryPakFileMountedCallback: pending pak file info (ChunkID:-1 Root:root:/ File:D:/UE_4.27/FeaturePacks/TP_RollingBP.upack)
[2022.01.30-07.31.53:446][  0]LogPakFile: OnPakFileMounted2Time == 0.000172
[2022.01.30-07.31.53:452][  0]LogPakFile: PakFile PrimaryIndexSize=188
[2022.01.30-07.31.53:452][  0]LogPakFile: PakFile PathHashIndexSize=101
[2022.01.30-07.31.53:452][  0]LogPakFile: PakFile FullDirectoryIndexSize=150
[2022.01.30-07.31.53:452][  0]LogShaderLibrary: Display: ShaderCodeLibraryPakFileMountedCallback: PakFile 'D:/UE_4.27/FeaturePacks/TP_SideScroller.upack' (chunk index -1, root 'root:/') mounted
[2022.01.30-07.31.53:452][  0]LogShaderLibrary: Display: ShaderCodeLibraryPakFileMountedCallback: pending pak file info (ChunkID:-1 Root:root:/ File:D:/UE_4.27/FeaturePacks/TP_SideScroller.upack)
[2022.01.30-07.31.53:452][  0]LogPakFile: OnPakFileMounted2Time == 0.000167
[2022.01.30-07.31.53:457][  0]LogPakFile: PakFile PrimaryIndexSize=190
[2022.01.30-07.31.53:457][  0]LogPakFile: PakFile PathHashIndexSize=101
[2022.01.30-07.31.53:457][  0]LogPakFile: PakFile FullDirectoryIndexSize=154
[2022.01.30-07.31.53:457][  0]LogShaderLibrary: Display: ShaderCodeLibraryPakFileMountedCallback: PakFile 'D:/UE_4.27/FeaturePacks/TP_SideScrollerBP.upack' (chunk index -1, root 'root:/') mounted
[2022.01.30-07.31.53:457][  0]LogShaderLibrary: Display: ShaderCodeLibraryPakFileMountedCallback: pending pak file info (ChunkID:-1 Root:root:/ File:D:/UE_4.27/FeaturePacks/TP_SideScrollerBP.upack)
[2022.01.30-07.31.53:457][  0]LogPakFile: OnPakFileMounted2Time == 0.000161
[2022.01.30-07.31.53:464][  0]LogPakFile: PakFile PrimaryIndexSize=187
[2022.01.30-07.31.53:464][  0]LogPakFile: PakFile PathHashIndexSize=101
[2022.01.30-07.31.53:464][  0]LogPakFile: PakFile FullDirectoryIndexSize=148
[2022.01.30-07.31.53:464][  0]LogShaderLibrary: Display: ShaderCodeLibraryPakFileMountedCallback: PakFile 'D:/UE_4.27/FeaturePacks/TP_ThirdPerson.upack' (chunk index -1, root 'root:/') mounted
[2022.01.30-07.31.53:464][  0]LogShaderLibrary: Display: ShaderCodeLibraryPakFileMountedCallback: pending pak file info (ChunkID:-1 Root:root:/ File:D:/UE_4.27/FeaturePacks/TP_ThirdPerson.upack)
[2022.01.30-07.31.53:464][  0]LogPakFile: OnPakFileMounted2Time == 0.000164
[2022.01.30-07.31.53:470][  0]LogPakFile: PakFile PrimaryIndexSize=189
[2022.01.30-07.31.53:470][  0]LogPakFile: PakFile PathHashIndexSize=101
[2022.01.30-07.31.53:470][  0]LogPakFile: PakFile FullDirectoryIndexSize=152
[2022.01.30-07.31.53:470][  0]LogShaderLibrary: Display: ShaderCodeLibraryPakFileMountedCallback: PakFile 'D:/UE_4.27/FeaturePacks/TP_ThirdPersonBP.upack' (chunk index -1, root 'root:/') mounted
[2022.01.30-07.31.53:470][  0]LogShaderLibrary: Display: ShaderCodeLibraryPakFileMountedCallback: pending pak file info (ChunkID:-1 Root:root:/ File:D:/UE_4.27/FeaturePacks/TP_ThirdPersonBP.upack)
[2022.01.30-07.31.53:470][  0]LogPakFile: OnPakFileMounted2Time == 0.000173
[2022.01.30-07.31.53:476][  0]LogPakFile: PakFile PrimaryIndexSize=183
[2022.01.30-07.31.53:477][  0]LogPakFile: PakFile PathHashIndexSize=101
[2022.01.30-07.31.53:477][  0]LogPakFile: PakFile FullDirectoryIndexSize=140
[2022.01.30-07.31.53:477][  0]LogShaderLibrary: Display: ShaderCodeLibraryPakFileMountedCallback: PakFile 'D:/UE_4.27/FeaturePacks/TP_TopDown.upack' (chunk index -1, root 'root:/') mounted
[2022.01.30-07.31.53:477][  0]LogShaderLibrary: Display: ShaderCodeLibraryPakFileMountedCallback: pending pak file info (ChunkID:-1 Root:root:/ File:D:/UE_4.27/FeaturePacks/TP_TopDown.upack)
[2022.01.30-07.31.53:477][  0]LogPakFile: OnPakFileMounted2Time == 0.000177
[2022.01.30-07.31.53:484][  0]LogPakFile: PakFile PrimaryIndexSize=185
[2022.01.30-07.31.53:484][  0]LogPakFile: PakFile PathHashIndexSize=101
[2022.01.30-07.31.53:484][  0]LogPakFile: PakFile FullDirectoryIndexSize=144
[2022.01.30-07.31.53:484][  0]LogShaderLibrary: Display: ShaderCodeLibraryPakFileMountedCallback: PakFile 'D:/UE_4.27/FeaturePacks/TP_TopDownBP.upack' (chunk index -1, root 'root:/') mounted
[2022.01.30-07.31.53:484][  0]LogShaderLibrary: Display: ShaderCodeLibraryPakFileMountedCallback: pending pak file info (ChunkID:-1 Root:root:/ File:D:/UE_4.27/FeaturePacks/TP_TopDownBP.upack)
[2022.01.30-07.31.53:484][  0]LogPakFile: OnPakFileMounted2Time == 0.000156
[2022.01.30-07.31.53:493][  0]LogPakFile: PakFile PrimaryIndexSize=185
[2022.01.30-07.31.53:493][  0]LogPakFile: PakFile PathHashIndexSize=101
[2022.01.30-07.31.53:493][  0]LogPakFile: PakFile FullDirectoryIndexSize=144
[2022.01.30-07.31.53:493][  0]LogShaderLibrary: Display: ShaderCodeLibraryPakFileMountedCallback: PakFile 'D:/UE_4.27/FeaturePacks/TP_TwinStick.upack' (chunk index -1, root 'root:/') mounted
[2022.01.30-07.31.53:493][  0]LogShaderLibrary: Display: ShaderCodeLibraryPakFileMountedCallback: pending pak file info (ChunkID:-1 Root:root:/ File:D:/UE_4.27/FeaturePacks/TP_TwinStick.upack)
[2022.01.30-07.31.53:493][  0]LogPakFile: OnPakFileMounted2Time == 0.000166
[2022.01.30-07.31.53:499][  0]LogPakFile: PakFile PrimaryIndexSize=187
[2022.01.30-07.31.53:499][  0]LogPakFile: PakFile PathHashIndexSize=101
[2022.01.30-07.31.53:499][  0]LogPakFile: PakFile FullDirectoryIndexSize=148
[2022.01.30-07.31.53:499][  0]LogShaderLibrary: Display: ShaderCodeLibraryPakFileMountedCallback: PakFile 'D:/UE_4.27/FeaturePacks/TP_TwinStickBP.upack' (chunk index -1, root 'root:/') mounted
[2022.01.30-07.31.53:499][  0]LogShaderLibrary: Display: ShaderCodeLibraryPakFileMountedCallback: pending pak file info (ChunkID:-1 Root:root:/ File:D:/UE_4.27/FeaturePacks/TP_TwinStickBP.upack)
[2022.01.30-07.31.53:499][  0]LogPakFile: OnPakFileMounted2Time == 0.000145
[2022.01.30-07.31.53:505][  0]LogPakFile: PakFile PrimaryIndexSize=183
[2022.01.30-07.31.53:505][  0]LogPakFile: PakFile PathHashIndexSize=101
[2022.01.30-07.31.53:505][  0]LogPakFile: PakFile FullDirectoryIndexSize=140
[2022.01.30-07.31.53:505][  0]LogShaderLibrary: Display: ShaderCodeLibraryPakFileMountedCallback: PakFile 'D:/UE_4.27/FeaturePacks/TP_Vehicle.upack' (chunk index -1, root 'root:/') mounted
[2022.01.30-07.31.53:506][  0]LogShaderLibrary: Display: ShaderCodeLibraryPakFileMountedCallback: pending pak file info (ChunkID:-1 Root:root:/ File:D:/UE_4.27/FeaturePacks/TP_Vehicle.upack)
[2022.01.30-07.31.53:506][  0]LogPakFile: OnPakFileMounted2Time == 0.000155
[2022.01.30-07.31.53:511][  0]LogPakFile: PakFile PrimaryIndexSize=186
[2022.01.30-07.31.53:511][  0]LogPakFile: PakFile PathHashIndexSize=101
[2022.01.30-07.31.53:512][  0]LogPakFile: PakFile FullDirectoryIndexSize=146
[2022.01.30-07.31.53:512][  0]LogShaderLibrary: Display: ShaderCodeLibraryPakFileMountedCallback: PakFile 'D:/UE_4.27/FeaturePacks/TP_VehicleAdv.upack' (chunk index -1, root 'root:/') mounted
[2022.01.30-07.31.53:512][  0]LogShaderLibrary: Display: ShaderCodeLibraryPakFileMountedCallback: pending pak file info (ChunkID:-1 Root:root:/ File:D:/UE_4.27/FeaturePacks/TP_VehicleAdv.upack)
[2022.01.30-07.31.53:512][  0]LogPakFile: OnPakFileMounted2Time == 0.000175
[2022.01.30-07.31.53:518][  0]LogPakFile: PakFile PrimaryIndexSize=188
[2022.01.30-07.31.53:518][  0]LogPakFile: PakFile PathHashIndexSize=101
[2022.01.30-07.31.53:518][  0]LogPakFile: PakFile FullDirectoryIndexSize=150
[2022.01.30-07.31.53:518][  0]LogShaderLibrary: Display: ShaderCodeLibraryPakFileMountedCallback: PakFile 'D:/UE_4.27/FeaturePacks/TP_VehicleAdvBP.upack' (chunk index -1, root 'root:/') mounted
[2022.01.30-07.31.53:518][  0]LogShaderLibrary: Display: ShaderCodeLibraryPakFileMountedCallback: pending pak file info (ChunkID:-1 Root:root:/ File:D:/UE_4.27/FeaturePacks/TP_VehicleAdvBP.upack)
[2022.01.30-07.31.53:518][  0]LogPakFile: OnPakFileMounted2Time == 0.000159
[2022.01.30-07.31.53:524][  0]LogPakFile: PakFile PrimaryIndexSize=185
[2022.01.30-07.31.53:524][  0]LogPakFile: PakFile PathHashIndexSize=101
[2022.01.30-07.31.53:524][  0]LogPakFile: PakFile FullDirectoryIndexSize=144
[2022.01.30-07.31.53:524][  0]LogShaderLibrary: Display: ShaderCodeLibraryPakFileMountedCallback: PakFile 'D:/UE_4.27/FeaturePacks/TP_VehicleBP.upack' (chunk index -1, root 'root:/') mounted
[2022.01.30-07.31.53:525][  0]LogShaderLibrary: Display: ShaderCodeLibraryPakFileMountedCallback: pending pak file info (ChunkID:-1 Root:root:/ File:D:/UE_4.27/FeaturePacks/TP_VehicleBP.upack)
[2022.01.30-07.31.53:525][  0]LogPakFile: OnPakFileMounted2Time == 0.000137
[2022.01.30-07.31.53:531][  0]LogPakFile: PakFile PrimaryIndexSize=192
[2022.01.30-07.31.53:531][  0]LogPakFile: PakFile PathHashIndexSize=101
[2022.01.30-07.31.53:531][  0]LogPakFile: PakFile FullDirectoryIndexSize=158
[2022.01.30-07.31.53:531][  0]LogShaderLibrary: Display: ShaderCodeLibraryPakFileMountedCallback: PakFile 'D:/UE_4.27/FeaturePacks/TP_VirtualRealityBP.upack' (chunk index -1, root 'root:/') mounted
[2022.01.30-07.31.53:531][  0]LogShaderLibrary: Display: ShaderCodeLibraryPakFileMountedCallback: pending pak file info (ChunkID:-1 Root:root:/ File:D:/UE_4.27/FeaturePacks/TP_VirtualRealityBP.upack)
[2022.01.30-07.31.53:531][  0]LogPakFile: OnPakFileMounted2Time == 0.000142
[2022.01.30-07.31.53:831][  0]LogNativeClassHierarchy: Verbose: Native class hierarchy updated for 'AddContentDialog' in 0.0003 seconds. Added 0 classes and 0 folders.
[2022.01.30-07.31.53:846][  0]LogNativeClassHierarchy: Verbose: Native class hierarchy updated for 'SceneOutliner' in 0.0003 seconds. Added 2 classes and 0 folders.
[2022.01.30-07.31.54:068][  0]LogSlate: Took 0.005378 seconds to synchronously load lazily loaded font '../../../Engine/Content/Slate/Fonts/Roboto-Regular.ttf' (155K)
[2022.01.30-07.31.54:077][  0]LogSlate: Took 0.005296 seconds to synchronously load lazily loaded font '../../../Engine/Content/Editor/Slate/Fonts/FontAwesome.ttf' (139K)
[2022.01.30-07.31.54:084][  0]LogSlate: Took 0.004805 seconds to synchronously load lazily loaded font '../../../Engine/Content/Slate/Fonts/Roboto-Bold.ttf' (160K)
[2022.01.30-07.31.54:254][  0]LogRenderer: Reallocating scene render targets to support 1208x532 Format 10 NumSamples 1 (Frame:1).
[2022.01.30-07.31.54:411][  0]LogSlate: Took 0.006282 seconds to synchronously load lazily loaded font '../../../Engine/Content/Slate/Fonts/Roboto-Light.ttf' (167K)
[2022.01.30-07.31.54:546][  0]LogNativeClassHierarchy: Verbose: Native class hierarchy updated for 'HierarchicalLODOutliner' in 0.0003 seconds. Added 0 classes and 0 folders.
[2022.01.30-07.31.54:547][  0]LogLoad: (Engine Initialization) Total time: 27.75 seconds
[2022.01.30-07.31.54:547][  0]LogLoad: (Engine Initialization) Total Blueprint compile time: 0.00 seconds
[2022.01.30-07.31.54:618][  0]LogAssetRegistry: Asset discovery search completed in 16.2005 seconds
[2022.01.30-07.31.54:646][  0]LogCollectionManager: Fixed up redirectors for 0 collections in 0.000237 seconds (updated 0 objects)
[2022.01.30-07.31.54:662][  0]LogContentStreaming: Texture pool size now 1000 MB
[2022.01.30-07.31.56:651][116]LogSlate: Took 0.000127 seconds to synchronously load lazily loaded font '../../../Engine/Content/Slate/Fonts/Roboto-Light.ttf' (167K)
[2022.01.30-07.31.56:666][116]LogAssetEditorSubsystem: Opening Asset editor for WidgetBlueprint /Game/_Game/UMG/W_PauseMenu.W_PauseMenu
[2022.01.30-07.31.57:260][116]LogNativeClassHierarchy: Verbose: Native class hierarchy updated for 'BlueprintGraph' in 0.0005 seconds. Added 126 classes and 0 folders.
[2022.01.30-07.31.58:418][116]LogSlate: Took 0.005139 seconds to synchronously load lazily loaded font '../../../Engine/Content/Slate/Fonts/Roboto-BoldCondensed.ttf' (158K)
[2022.01.30-07.32.03:707][423]LogSlate: Took 0.004674 seconds to synchronously load lazily loaded font '../../../Engine/Content/Slate/Fonts/Roboto-Italic.ttf' (157K)
[2022.01.30-07.32.04:816][488]LogEditorClassViewer: Warning: Class /Engine/Tutorial/InWorldBlueprintEditing/TutorialAssets/IWBE_Blutility.IWBE_Blutility_C has parent /Script/Blutility.PlacedEditorUtilityBase, but this parent is not found. The Class will not be shown in ClassViewer.
[2022.01.30-07.32.06:890][610]LogBlueprint: Warning: Reparenting blueprint WidgetBlueprint /Game/_Game/UMG/W_PauseMenu.W_PauseMenu from UserWidget to PauseMenu...
[2022.01.30-07.32.06:900][610]BlueprintLog: New page: Compile W_PauseMenu
[2022.01.30-07.32.06:949][610]LogUObjectHash: Compacting FUObjectHashTables data took   3.23ms
[2022.01.30-07.32.08:175][679]BlueprintLog: New page: Compile W_PauseMenu
[2022.01.30-07.32.08:196][679]LogUObjectHash: Compacting FUObjectHashTables data took   2.68ms
[2022.01.30-07.32.08:707][708]Cmd: OBJ SAVEPACKAGE PACKAGE="/Game/_Game/UMG/W_PauseMenu" FILE="../../../../Unreal_c++/EndlessRun/EndlessRunner/Content/_Game/UMG/W_PauseMenu.uasset" SILENT=true
[2022.01.30-07.32.08:724][708]LogSavePackage: Moving '../../../../Unreal_c++/EndlessRun/EndlessRunner/Saved/W_PauseMenuD4C8D7A54DC8E0095DD08D9C5B663795.tmp' to '../../../../Unreal_c++/EndlessRun/EndlessRunner/Content/_Game/UMG/W_PauseMenu.uasset'
[2022.01.30-07.32.08:736][708]AssetCheck: New page: Asset Save: W_PauseMenu
[2022.01.30-07.32.08:737][708]LogContentValidation: Display: Validating WidgetBlueprint /Game/_Game/UMG/W_PauseMenu.W_PauseMenu
[2022.01.30-07.32.11:556][875]LogTemp: Repeating last play command: New Editor Window (PIE)
[2022.01.30-07.32.11:562][875]LogPlayLevel: PlayLevel: No blueprints needed recompiling
[2022.01.30-07.32.11:570][875]PIE: New page: PIE session: MainLevel (Jan 30, 2022, 9:32:11 PM)
[2022.01.30-07.32.11:577][875]LogOnline: OSS: Creating online subsystem instance for: NULL
[2022.01.30-07.32.11:580][875]LogOnline: OSS: TryLoadSubsystemAndSetDefault: Loaded subsystem for module [NULL]
[2022.01.30-07.32.11:582][875]LogPlayLevel: Creating play world package: /Game/_Game/Maps/UEDPIE_0_MainLevel
[2022.01.30-07.32.11:586][875]LogPlayLevel: PIE: StaticDuplicateObject took: (0.003256s)
[2022.01.30-07.32.11:588][875]LogAIModule: Creating AISystem for world MainLevel
[2022.01.30-07.32.11:589][875]LogPlayLevel: PIE: World Init took: (0.002852s)
[2022.01.30-07.32.11:590][875]LogPlayLevel: PIE: Created PIE world by copying editor world from /Game/_Game/Maps/MainLevel.MainLevel to /Game/_Game/Maps/UEDPIE_0_MainLevel.MainLevel (0.007237s)
[2022.01.30-07.32.11:609][875]LogUObjectHash: Compacting FUObjectHashTables data took   2.18ms
[2022.01.30-07.32.11:613][875]LogAudio: Display: Creating Audio Device:                 Id: 2, Scope: Unique, Realtime: True
[2022.01.30-07.32.11:613][875]LogAudioMixer: Display: Audio Mixer Platform Settings:
[2022.01.30-07.32.11:613][875]LogAudioMixer: Display: 	Sample Rate:						  48000
[2022.01.30-07.32.11:613][875]LogAudioMixer: Display: 	Callback Buffer Frame Size Requested: 1024
[2022.01.30-07.32.11:613][875]LogAudioMixer: Display: 	Callback Buffer Frame Size To Use:	  1024
[2022.01.30-07.32.11:613][875]LogAudioMixer: Display: 	Number of buffers to queue:			  2
[2022.01.30-07.32.11:613][875]LogAudioMixer: Display: 	Max Channels (voices):				  32
[2022.01.30-07.32.11:613][875]LogAudioMixer: Display: 	Number of Async Source Workers:		  0
[2022.01.30-07.32.11:613][875]LogAudio: Display: AudioDevice MaxSources: 32
[2022.01.30-07.32.11:614][875]LogAudio: Display: Audio Spatialization Plugin: None (built-in).
[2022.01.30-07.32.11:614][875]LogAudio: Display: Audio Reverb Plugin: None (built-in).
[2022.01.30-07.32.11:614][875]LogAudio: Display: Audio Occlusion Plugin: None (built-in).
[2022.01.30-07.32.11:614][875]LogAudioMixer: Display: Initializing audio mixer.
[2022.01.30-07.32.11:617][875]LogAudioMixer: Display: 0: FrontLeft
[2022.01.30-07.32.11:617][875]LogAudioMixer: Display: 1: FrontRight
[2022.01.30-07.32.11:645][875]LogAudioMixer: Display: Using Audio Device Headphones (SONATA USB Audio)
[2022.01.30-07.32.11:646][875]LogAudioMixer: Display: Initializing Sound Submixes...
[2022.01.30-07.32.11:646][875]LogAudioMixer: Display: Creating Master Submix 'MasterSubmixDefault'
[2022.01.30-07.32.11:646][875]LogAudioMixer: Display: Creating Master Submix 'MasterReverbSubmixDefault'
[2022.01.30-07.32.11:647][875]LogAudioMixer: Display: Creating Master Submix 'MasterEQSubmixDefault'
[2022.01.30-07.32.11:647][875]LogAudioMixer: FMixerPlatformXAudio2::StartAudioStream() called
[2022.01.30-07.32.11:647][875]LogAudioMixer: Display: Output buffers initialized: Frames=1024, Channels=2, Samples=2048
[2022.01.30-07.32.11:649][875]LogAudioMixer: Display: Starting AudioMixerPlatformInterface::RunInternal()
[2022.01.30-07.32.11:649][875]LogAudioMixer: Display: FMixerPlatformXAudio2::SubmitBuffer() called for the first time
[2022.01.30-07.32.11:649][875]LogInit: FAudioDevice initialized.
[2022.01.30-07.32.11:649][875]LogAudio: Display: Audio Device (ID: 2) registered with world 'MainLevel'.
[2022.01.30-07.32.11:674][875]LogSlate: Updating window title bar state: overlay mode, drag disabled, window buttons hidden, title bar hidden
[2022.01.30-07.32.11:675][875]LogLoad: Game class is 'BP_MainLevel_GM_C'
[2022.01.30-07.32.11:676][875]LogWorld: Bringing World /Game/_Game/Maps/UEDPIE_0_MainLevel.MainLevel up for play (max tick rate 60) at 2022.01.30-14.32.11
[2022.01.30-07.32.11:678][875]LogWorld: Bringing up level for play took: 0.002277
[2022.01.30-07.32.11:679][875]LogOnline: OSS: Creating online subsystem instance for: :Context_3
[2022.01.30-07.32.11:698][875]LogNativeClassHierarchy: Verbose: Native class hierarchy updated for 'MovieSceneCapture' in 0.0003 seconds. Added 20 classes and 0 folders.
[2022.01.30-07.32.11:739][875]LogViewport: Display: Viewport MouseLockMode Changed, LockOnCapture -> DoNotLock
[2022.01.30-07.32.11:740][875]LogViewport: Display: Viewport HideCursorDuringCapture Changed, False -> True
[2022.01.30-07.32.11:740][875]LogViewport: Display: Viewport MouseCaptureMode Changed, CapturePermanently_IncludingInitialMouseDown -> CaptureDuringMouseDown
[2022.01.30-07.32.11:751][875]PIE: Server logged in
[2022.01.30-07.32.11:752][875]PIE: Play in editor total start time 0.192 seconds.
[2022.01.30-07.32.11:814][876]LogRenderer: Reallocating scene render targets to support 1280x720 Format 10 NumSamples 1 (Frame:1).
[2022.01.30-07.32.15:286][ 70]LogTemp: Warning: Bye!
[2022.01.30-07.32.15:289][ 70]LogAudio: Display: Cached duration for Sound Cue SoundCue /Game/_GameAssets/Audio/Explosion_Cue.Explosion_Cue was zero and has changed. Consider manually Re-saving the asset
[2022.01.30-07.32.16:301][130]Cmd: RestartLevel
[2022.01.30-07.32.16:318][131]LogNet: Browse: /Game/_Game/Maps/MainLevel?restart
[2022.01.30-07.32.16:320][131]LogLoad: LoadMap: /Game/_Game/Maps/MainLevel
[2022.01.30-07.32.16:320][131]LogWorld: BeginTearingDown for /Game/_Game/Maps/UEDPIE_0_MainLevel
[2022.01.30-07.32.16:323][131]LogWorld: UWorld::CleanupWorld for MainLevel, bSessionEnded=true, bCleanupResources=true
[2022.01.30-07.32.16:324][131]LogSlate: InvalidateAllWidgets triggered.  All widgets were invalidated
[2022.01.30-07.32.16:380][131]LogAudio: Display: Audio Device unregistered from world 'None'.
[2022.01.30-07.32.16:423][131]LogUObjectHash: Compacting FUObjectHashTables data took   3.02ms
[2022.01.30-07.32.16:424][131]LogPlayLevel: Creating play world package: /Game/_Game/Maps/UEDPIE_0_MainLevel
[2022.01.30-07.32.16:427][131]LogPlayLevel: PIE: StaticDuplicateObject took: (0.002046s)
[2022.01.30-07.32.16:428][131]LogAIModule: Creating AISystem for world MainLevel
[2022.01.30-07.32.16:428][131]LogPlayLevel: PIE: World Init took: (0.001044s)
[2022.01.30-07.32.16:428][131]LogPlayLevel: PIE: Created PIE world by copying editor world from /Game/_Game/Maps/MainLevel.MainLevel to /Game/_Game/Maps/UEDPIE_0_MainLevel.MainLevel (0.004244s)
[2022.01.30-07.32.16:428][131]LogAudio: Display: Audio Device (ID: 2) registered with world 'MainLevel'.
[2022.01.30-07.32.16:428][131]LogLoad: Game class is 'BP_MainLevel_GM_C'
[2022.01.30-07.32.16:429][131]LogWorld: Bringing World /Game/_Game/Maps/UEDPIE_0_MainLevel.MainLevel up for play (max tick rate 60) at 2022.01.30-14.32.16
[2022.01.30-07.32.16:429][131]LogWorld: Bringing up level for play took: 0.000404
[2022.01.30-07.32.16:437][131]LogLoad: Took 0.117664 seconds to LoadMap(/Game/_Game/Maps/UEDPIE_0_MainLevel)
[2022.01.30-07.32.16:984][161]LogSlate: Updating window title bar state: overlay mode, drag disabled, window buttons hidden, title bar hidden
[2022.01.30-07.32.16:984][161]LogWorld: BeginTearingDown for /Game/_Game/Maps/UEDPIE_0_MainLevel
[2022.01.30-07.32.16:984][161]LogSlate: Window 'EndlessRunner Preview [NetMode: Standalone]  (64-bit/Windows) ' being destroyed
[2022.01.30-07.32.16:989][161]LogWorld: UWorld::CleanupWorld for MainLevel, bSessionEnded=true, bCleanupResources=true
[2022.01.30-07.32.16:990][161]LogSlate: InvalidateAllWidgets triggered.  All widgets were invalidated
[2022.01.30-07.32.17:005][161]LogPlayLevel: Display: Shutting down PIE online subsystems
[2022.01.30-07.32.17:010][161]LogSlate: InvalidateAllWidgets triggered.  All widgets were invalidated
[2022.01.30-07.32.17:028][161]LogAudio: Display: Audio Device unregistered from world 'None'.
[2022.01.30-07.32.17:034][161]LogAudioMixer: FMixerPlatformXAudio2::StopAudioStream() called
[2022.01.30-07.32.17:036][161]LogAudioMixer: FMixerPlatformXAudio2::StopAudioStream() called
[2022.01.30-07.32.17:079][161]LogUObjectHash: Compacting FUObjectHashTables data took   2.53ms
[2022.01.30-07.32.17:098][162]LogPlayLevel: Display: Destroying online subsystem :Context_3
