Log file open, 01/29/22 14:17:40
LogWindows: Failed to load 'aqProf.dll' (GetLastError=126)
LogWindows: File 'aqProf.dll' does not exist
LogWindows: Failed to load 'VtuneApi.dll' (GetLastError=126)
LogWindows: File 'VtuneApi.dll' does not exist
LogWindows: Failed to load 'VtuneApi32e.dll' (GetLastError=126)
LogWindows: File 'VtuneApi32e.dll' does not exist
LogConsoleResponse: Display: Failed to find resolution value strings in scalability ini. Falling back to default.
LogConsoleResponse: Display: Failed to find resolution value strings in scalability ini. Falling back to default.
LogInit: Display: Running engine for game: EndlessRunner
LogPlatformFile: Not using cached read wrapper
LogTaskGraph: Started task graph with 5 named threads and 47 total threads with 3 sets of task threads.
LogStats: Stats thread started at 0.307667
LogICUInternationalization: ICU TimeZone Detection - Raw Offset: +7:00, Platform Override: ''
LogInit: Display: Loading text-based GConfig....
LogPluginManager: Mounting plugin MeshPainting
LogPluginManager: Mounting plugin XGEController
LogPluginManager: Mounting plugin Paper2D
LogPluginManager: Mounting plugin AISupport
LogPluginManager: Mounting plugin EnvironmentQueryEditor
LogPluginManager: Mounting plugin LightPropagationVolume
LogPluginManager: Mounting plugin CameraShakePreviewer
LogPluginManager: Mounting plugin GameplayCameras
LogPluginManager: Mounting plugin LiveLink
LogPluginManager: Mounting plugin OodleData
LogPluginManager: Mounting plugin AnimationSharing
LogPluginManager: Mounting plugin CLionSourceCodeAccess
LogPluginManager: Mounting plugin OodleNetwork
LogPluginManager: Mounting plugin CryptoKeys
LogPluginManager: Mounting plugin CodeLiteSourceCodeAccess
LogPluginManager: Mounting plugin AssetManagerEditor
LogPluginManager: Mounting plugin KDevelopSourceCodeAccess
LogPluginManager: Mounting plugin GitSourceControl
LogPluginManager: Mounting plugin DataValidation
LogPluginManager: Mounting plugin CurveEditorTools
LogPluginManager: Mounting plugin NullSourceCodeAccess
LogPluginManager: Mounting plugin PerforceSourceControl
LogPluginManager: Mounting plugin FacialAnimation
LogPluginManager: Mounting plugin PluginUtils
LogPluginManager: Mounting plugin GeometryMode
LogPluginManager: Mounting plugin PlasticSourceControl
LogPluginManager: Mounting plugin PropertyAccessNode
LogPluginManager: Mounting plugin GameplayTagsEditor
LogPluginManager: Mounting plugin RiderSourceCodeAccess
LogPluginManager: Mounting plugin SubversionSourceControl
LogPluginManager: Mounting plugin MacGraphicsSwitching
LogPluginManager: Mounting plugin TextureFormatOodle
LogPluginManager: Mounting plugin PixWinPlugin
LogPluginManager: Mounting plugin XCodeSourceCodeAccess
LogPluginManager: Mounting plugin MaterialAnalyzer
LogPluginManager: Mounting plugin UObjectPlugin
LogPluginManager: Mounting plugin VisualStudioCodeSourceCodeAccess
LogPluginManager: Mounting plugin VisualStudioSourceCodeAccess
LogPluginManager: Mounting plugin PluginBrowser
LogPluginManager: Mounting plugin MobileLauncherProfileWizard
LogPluginManager: Mounting plugin ChaosCloth
LogPluginManager: Mounting plugin ChaosClothEditor
LogPluginManager: Mounting plugin ChaosEditor
LogPluginManager: Mounting plugin BackChannel
LogPluginManager: Mounting plugin ChaosSolverPlugin
LogPluginManager: Mounting plugin CharacterAI
LogPluginManager: Mounting plugin AlembicImporter
LogPluginManager: Mounting plugin AutomationUtils
LogPluginManager: Mounting plugin ChaosNiagara
LogPluginManager: Mounting plugin SpeedTreeImporter
LogPluginManager: Mounting plugin GeometryCache
LogPluginManager: Mounting plugin GeometryCollectionPlugin
LogPluginManager: Mounting plugin Niagara
LogPluginManager: Mounting plugin GeometryProcessing
LogPluginManager: Mounting plugin OpenImageDenoise
LogPluginManager: Mounting plugin MotoSynth
LogPluginManager: Mounting plugin PlanarCut
LogPluginManager: Mounting plugin ProxyLODPlugin
LogPluginManager: Mounting plugin PlatformCrypto
LogPluginManager: Mounting plugin PythonScriptPlugin
LogPluginManager: Mounting plugin DatasmithContent
LogPluginManager: Mounting plugin AndroidMedia
LogPluginManager: Mounting plugin AvfMedia
LogPluginManager: Mounting plugin VariantManagerContent
LogPluginManager: Mounting plugin SkeletalReduction
LogPluginManager: Mounting plugin ImgMedia
LogPluginManager: Mounting plugin MediaCompositing
LogPluginManager: Mounting plugin MediaPlayerEditor
LogPluginManager: Mounting plugin WebMMedia
LogPluginManager: Mounting plugin WmfMedia
LogPluginManager: Mounting plugin TcpMessaging
LogPluginManager: Mounting plugin UdpMessaging
LogPluginManager: Mounting plugin LuminPlatformFeatures
LogPluginManager: Mounting plugin MagicLeap
LogPluginManager: Mounting plugin ActorSequence
LogPluginManager: Mounting plugin LevelSequenceEditor
LogPluginManager: Mounting plugin MagicLeapLightEstimation
LogPluginManager: Mounting plugin MagicLeapMedia
LogPluginManager: Mounting plugin MatineeToLevelSequence
LogPluginManager: Mounting plugin TemplateSequence
LogPluginManager: Mounting plugin MagicLeapPassableWorld
LogPluginManager: Mounting plugin MLSDK
LogPluginManager: Mounting plugin OnlineSubsystem
LogPluginManager: Mounting plugin OnlineSubsystemNull
LogPluginManager: Mounting plugin OnlineSubsystemUtils
LogPluginManager: Mounting plugin ActorLayerUtilities
LogPluginManager: Mounting plugin LauncherChunkInstaller
LogPluginManager: Mounting plugin AndroidMoviePlayer
LogPluginManager: Mounting plugin AndroidPermission
LogPluginManager: Mounting plugin AndroidDeviceProfileSelector
LogPluginManager: Mounting plugin AppleImageUtils
LogPluginManager: Mounting plugin AppleMoviePlayer
LogPluginManager: Mounting plugin ArchVisCharacter
LogPluginManager: Mounting plugin AssetTags
LogPluginManager: Mounting plugin AudioCapture
LogPluginManager: Mounting plugin AudioSynesthesia
LogPluginManager: Mounting plugin CableComponent
LogPluginManager: Mounting plugin ChunkDownloader
LogPluginManager: Mounting plugin CustomMeshComponent
LogPluginManager: Mounting plugin EditableMesh
LogPluginManager: Mounting plugin ExampleDeviceProfileSelector
LogPluginManager: Mounting plugin GoogleCloudMessaging
LogPluginManager: Mounting plugin GooglePAD
LogPluginManager: Mounting plugin IOSDeviceProfileSelector
LogPluginManager: Mounting plugin ScreenshotTools
LogPluginManager: Mounting plugin LinuxDeviceProfileSelector
LogPluginManager: Mounting plugin LocationServicesBPLibrary
LogPluginManager: Mounting plugin MobilePatchingUtils
LogPluginManager: Mounting plugin OpenXR
LogPluginManager: Mounting plugin OpenXREyeTracker
LogPluginManager: Mounting plugin OpenXRHandTracking
LogPluginManager: Mounting plugin PhysXVehicles
LogPluginManager: Mounting plugin Takes
LogPluginManager: Mounting plugin PostSplashScreen
LogPluginManager: Mounting plugin PropertyAccessEditor
LogPluginManager: Mounting plugin ProceduralMeshComponent
LogPluginManager: Mounting plugin RuntimePhysXCooking
LogPluginManager: Mounting plugin SignificanceManager
LogPluginManager: Mounting plugin SoundFields
LogPluginManager: Mounting plugin Synthesis
LogPluginManager: Mounting plugin WebMMoviePlayer
LogPluginManager: Mounting plugin WindowsMoviePlayer
LogPluginManager: Mounting plugin ContentBrowserClassDataSource
LogPluginManager: Mounting plugin ContentBrowserFileDataSource
LogPluginManager: Mounting plugin ContentBrowserAssetDataSource
LogPluginManager: Mounting plugin OnlineSubsystemGooglePlay
LogPluginManager: Mounting plugin OnlineSubsystemIOS
LogPluginManager: Mounting plugin OculusVR
LogPluginManager: Mounting plugin SteamVR
PixWinPlugin: PIX capture plugin failed to initialize! Check that the process is launched from PIX.
LogInit: Using libcurl 7.55.1-DEV
LogInit:  - built for x86_64-pc-win32
LogInit:  - supports SSL with OpenSSL/1.1.1
LogInit:  - supports HTTP deflate (compression) using libz 1.2.8
LogInit:  - other features:
LogInit:      CURL_VERSION_SSL
LogInit:      CURL_VERSION_LIBZ
LogInit:      CURL_VERSION_IPV6
LogInit:      CURL_VERSION_ASYNCHDNS
LogInit:      CURL_VERSION_LARGEFILE
LogInit:      CURL_VERSION_IDN
LogInit:  CurlRequestOptions (configurable via config and command line):
LogInit:  - bVerifyPeer = true  - Libcurl will verify peer certificate
LogInit:  - bUseHttpProxy = false  - Libcurl will NOT use HTTP proxy
LogInit:  - bDontReuseConnections = false  - Libcurl will reuse connections
LogInit:  - MaxHostConnections = 16  - Libcurl will limit the number of connections to a host
LogInit:  - LocalHostAddr = Default
LogInit:  - BufferSize = 65536
LogOnline: OSS: Creating online subsystem instance for: NULL
LogInit: WinSock: version 1.1 (2.2), MaxSocks=32767, MaxUdp=65467
LogOnline: OSS: TryLoadSubsystemAndSetDefault: Loaded subsystem for module [NULL]
LogOculusPluginWrapper: OculusPlugin initialized successfully
LogHMD: Failed initializing OVRPlugin 1.59.0
LogInit: Build: ++UE4+Release-4.27-CL-17735300
LogInit: Engine Version: 4.27.1-17735300+++UE4+Release-4.27
LogInit: Compatible Engine Version: 4.27.0-17155196+++UE4+Release-4.27
LogInit: Net CL: 17155196
LogInit: OS: Windows 10 (Release 2009) (), CPU: AMD Ryzen 7 5800H with Radeon Graphics         , GPU: NVIDIA GeForce RTX 3060 Laptop GPU
LogInit: Compiled (64-bit): Oct  6 2021 14:42:51
LogInit: Compiled with Visual C++: 19.24.28315.00
LogInit: Build Configuration: Development
LogInit: Branch Name: ++UE4+Release-4.27
LogInit: Command Line:  -skipcompile
LogInit: Base Directory: D:/UE_4.27/Engine/Binaries/Win64/
LogInit: Allocator: TBB
LogInit: Installed Engine Build: 1
LogDevObjectVersion: Number of dev versions registered: 29
LogDevObjectVersion:   Dev-Blueprints (B0D832E4-1F89-4F0D-ACCF-7EB736FD4AA2): 10
LogDevObjectVersion:   Dev-Build (E1C64328-A22C-4D53-A36C-8E866417BD8C): 0
LogDevObjectVersion:   Dev-Core (375EC13C-06E4-48FB-B500-84F0262A717E): 4
LogDevObjectVersion:   Dev-Editor (E4B068ED-F494-42E9-A231-DA0B2E46BB41): 40
LogDevObjectVersion:   Dev-Framework (CFFC743F-43B0-4480-9391-14DF171D2073): 37
LogDevObjectVersion:   Dev-Mobile (B02B49B5-BB20-44E9-A304-32B752E40360): 3
LogDevObjectVersion:   Dev-Networking (A4E4105C-59A1-49B5-A7C5-40C4547EDFEE): 0
LogDevObjectVersion:   Dev-Online (39C831C9-5AE6-47DC-9A44-9C173E1C8E7C): 0
LogDevObjectVersion:   Dev-Physics (78F01B33-EBEA-4F98-B9B4-84EACCB95AA2): 14
LogDevObjectVersion:   Dev-Platform (6631380F-2D4D-43E0-8009-CF276956A95A): 0
LogDevObjectVersion:   Dev-Rendering (12F88B9F-8875-4AFC-A67C-D90C383ABD29): 45
LogDevObjectVersion:   Dev-Sequencer (7B5AE74C-D270-4C10-A958-57980B212A5A): 13
LogDevObjectVersion:   Dev-VR (D7296918-1DD6-4BDD-9DE2-64A83CC13884): 3
LogDevObjectVersion:   Dev-LoadTimes (C2A15278-BFE7-4AFE-6C17-90FF531DF755): 1
LogDevObjectVersion:   Private-Geometry (6EACA3D4-40EC-4CC1-B786-8BED09428FC5): 3
LogDevObjectVersion:   Dev-AnimPhys (29E575DD-E0A3-4627-9D10-D276232CDCEA): 17
LogDevObjectVersion:   Dev-Anim (AF43A65D-7FD3-4947-9873-3E8ED9C1BB05): 15
LogDevObjectVersion:   Dev-ReflectionCapture (6B266CEC-1EC7-4B8F-A30B-E4D90942FC07): 1
LogDevObjectVersion:   Dev-Automation (0DF73D61-A23F-47EA-B727-89E90C41499A): 1
LogDevObjectVersion:   FortniteMain (601D1886-AC64-4F84-AA16-D3DE0DEAC7D6): 47
LogDevObjectVersion:   FortniteRelease (E7086368-6B23-4C58-8439-1B7016265E91): 1
LogDevObjectVersion:   Dev-Enterprise (9DFFBCD6-494F-0158-E221-12823C92A888): 10
LogDevObjectVersion:   Dev-Niagara (F2AED0AC-9AFE-416F-8664-AA7FFA26D6FC): 1
LogDevObjectVersion:   Dev-Destruction (174F1F0B-B4C6-45A5-B13F-2EE8D0FB917D): 10
LogDevObjectVersion:   Dev-Physics-Ext (35F94A83-E258-406C-A318-09F59610247C): 41
LogDevObjectVersion:   Dev-PhysicsMaterial-Chaos (B68FC16E-8B1B-42E2-B453-215C058844FE): 1
LogDevObjectVersion:   Dev-CineCamera (B2E18506-4273-CFC2-A54E-F4BB758BBA07): 1
LogDevObjectVersion:   Dev-VirtualProduction (64F58936-FD1B-42BA-BA96-7289D5D0FA4E): 1
LogDevObjectVersion:   Dev-MediaFramework (6F0ED827-A609-4895-9C91-998D90180EA4): 2
LogInit: Presizing for max 25165824 objects, including 0 objects not considered by GC, pre-allocating 0 bytes for permanent pool.
LogConfig: Applying CVar settings from Section [/Script/Engine.StreamingSettings] File [D:/Unreal_c++/EndlessRun/EndlessRunner/Saved/Config/Windows/Engine.ini]
LogConfig: Setting CVar [[s.MinBulkDataSizeForAsyncLoading:131072]]
LogConfig: Setting CVar [[s.AsyncLoadingThreadEnabled:0]]
LogConfig: Setting CVar [[s.EventDrivenLoaderEnabled:1]]
LogConfig: Setting CVar [[s.WarnIfTimeLimitExceeded:0]]
LogConfig: Setting CVar [[s.TimeLimitExceededMultiplier:1.5]]
LogConfig: Setting CVar [[s.TimeLimitExceededMinTime:0.005]]
LogConfig: Setting CVar [[s.UseBackgroundLevelStreaming:1]]
LogConfig: Setting CVar [[s.PriorityAsyncLoadingExtraTime:15.0]]
LogConfig: Setting CVar [[s.LevelStreamingActorsUpdateTimeLimit:5.0]]
LogConfig: Setting CVar [[s.PriorityLevelStreamingActorsUpdateExtraTime:5.0]]
LogConfig: Setting CVar [[s.LevelStreamingComponentsRegistrationGranularity:10]]
LogConfig: Setting CVar [[s.UnregisterComponentsTimeLimit:1.0]]
LogConfig: Setting CVar [[s.LevelStreamingComponentsUnregistrationGranularity:5]]
LogConfig: Setting CVar [[s.FlushStreamingOnExit:1]]
LogInit: Object subsystem initialized
LogConfig: Setting CVar [[con.DebugEarlyDefault:1]]
LogConfig: Setting CVar [[r.setres:1280x720]]
[2022.01.29-07.17.40:605][  0]LogConfig: Setting CVar [[r.VSync:0]]
[2022.01.29-07.17.40:605][  0]LogConfig: Setting CVar [[r.RHICmdBypass:0]]
[2022.01.29-07.17.40:605][  0]LogConfig: Applying CVar settings from Section [/Script/Engine.RendererSettings] File [D:/Unreal_c++/EndlessRun/EndlessRunner/Saved/Config/Windows/Engine.ini]
[2022.01.29-07.17.40:605][  0]LogConfig: Setting CVar [[r.GPUCrashDebugging:0]]
[2022.01.29-07.17.40:605][  0]LogConfig: Applying CVar settings from Section [/Script/Engine.RendererOverrideSettings] File [D:/Unreal_c++/EndlessRun/EndlessRunner/Saved/Config/Windows/Engine.ini]
[2022.01.29-07.17.40:605][  0]LogConfig: Applying CVar settings from Section [/Script/Engine.StreamingSettings] File [D:/Unreal_c++/EndlessRun/EndlessRunner/Saved/Config/Windows/Engine.ini]
[2022.01.29-07.17.40:605][  0]LogConfig: Setting CVar [[s.MinBulkDataSizeForAsyncLoading:131072]]
[2022.01.29-07.17.40:605][  0]LogConfig: Setting CVar [[s.AsyncLoadingThreadEnabled:0]]
[2022.01.29-07.17.40:605][  0]LogConfig: Setting CVar [[s.EventDrivenLoaderEnabled:1]]
[2022.01.29-07.17.40:605][  0]LogConfig: Setting CVar [[s.WarnIfTimeLimitExceeded:0]]
[2022.01.29-07.17.40:605][  0]LogConfig: Setting CVar [[s.TimeLimitExceededMultiplier:1.5]]
[2022.01.29-07.17.40:605][  0]LogConfig: Setting CVar [[s.TimeLimitExceededMinTime:0.005]]
[2022.01.29-07.17.40:605][  0]LogConfig: Setting CVar [[s.UseBackgroundLevelStreaming:1]]
[2022.01.29-07.17.40:605][  0]LogConfig: Setting CVar [[s.PriorityAsyncLoadingExtraTime:15.0]]
[2022.01.29-07.17.40:605][  0]LogConfig: Setting CVar [[s.LevelStreamingActorsUpdateTimeLimit:5.0]]
[2022.01.29-07.17.40:605][  0]LogConfig: Setting CVar [[s.PriorityLevelStreamingActorsUpdateExtraTime:5.0]]
[2022.01.29-07.17.40:605][  0]LogConfig: Setting CVar [[s.LevelStreamingComponentsRegistrationGranularity:10]]
[2022.01.29-07.17.40:605][  0]LogConfig: Setting CVar [[s.UnregisterComponentsTimeLimit:1.0]]
[2022.01.29-07.17.40:606][  0]LogConfig: Setting CVar [[s.LevelStreamingComponentsUnregistrationGranularity:5]]
[2022.01.29-07.17.40:606][  0]LogConfig: Setting CVar [[s.FlushStreamingOnExit:1]]
[2022.01.29-07.17.40:606][  0]LogConfig: Applying CVar settings from Section [/Script/Engine.GarbageCollectionSettings] File [D:/Unreal_c++/EndlessRun/EndlessRunner/Saved/Config/Windows/Engine.ini]
[2022.01.29-07.17.40:606][  0]LogConfig: Setting CVar [[gc.MaxObjectsNotConsideredByGC:1]]
[2022.01.29-07.17.40:606][  0]LogConfig: Setting CVar [[gc.SizeOfPermanentObjectPool:0]]
[2022.01.29-07.17.40:606][  0]LogConfig: Setting CVar [[gc.FlushStreamingOnGC:0]]
[2022.01.29-07.17.40:606][  0]LogConfig: Setting CVar [[gc.NumRetriesBeforeForcingGC:10]]
[2022.01.29-07.17.40:606][  0]LogConfig: Setting CVar [[gc.AllowParallelGC:1]]
[2022.01.29-07.17.40:606][  0]LogConfig: Setting CVar [[gc.TimeBetweenPurgingPendingKillObjects:61.1]]
[2022.01.29-07.17.40:606][  0]LogConfig: Setting CVar [[gc.MaxObjectsInEditor:25165824]]
[2022.01.29-07.17.40:606][  0]LogConfig: Setting CVar [[gc.IncrementalBeginDestroyEnabled:1]]
[2022.01.29-07.17.40:606][  0]LogConfig: Setting CVar [[gc.CreateGCClusters:1]]
[2022.01.29-07.17.40:606][  0]LogConfig: Setting CVar [[gc.MinGCClusterSize:5]]
[2022.01.29-07.17.40:606][  0]LogConfig: Setting CVar [[gc.ActorClusteringEnabled:0]]
[2022.01.29-07.17.40:606][  0]LogConfig: Setting CVar [[gc.BlueprintClusteringEnabled:0]]
[2022.01.29-07.17.40:606][  0]LogConfig: Setting CVar [[gc.UseDisregardForGCOnDedicatedServers:0]]
[2022.01.29-07.17.40:606][  0]LogConfig: Setting CVar [[gc.MultithreadedDestructionEnabled:1]]
[2022.01.29-07.17.40:606][  0]LogConfig: Applying CVar settings from Section [/Script/Engine.NetworkSettings] File [D:/Unreal_c++/EndlessRun/EndlessRunner/Saved/Config/Windows/Engine.ini]
[2022.01.29-07.17.40:606][  0]LogConfig: Applying CVar settings from Section [/Script/UnrealEd.CookerSettings] File [D:/Unreal_c++/EndlessRun/EndlessRunner/Saved/Config/Windows/Engine.ini]
[2022.01.29-07.17.40:633][  0]LogConfig: Applying CVar settings from Section [ViewDistanceQuality@3] File [D:/Unreal_c++/EndlessRun/EndlessRunner/Saved/Config/Windows/Scalability.ini]
[2022.01.29-07.17.40:634][  0]LogConfig: Setting CVar [[r.SkeletalMeshLODBias:0]]
[2022.01.29-07.17.40:634][  0]LogConfig: Setting CVar [[r.ViewDistanceScale:1.0]]
[2022.01.29-07.17.40:634][  0]LogConfig: Applying CVar settings from Section [AntiAliasingQuality@3] File [D:/Unreal_c++/EndlessRun/EndlessRunner/Saved/Config/Windows/Scalability.ini]
[2022.01.29-07.17.40:634][  0]LogConfig: Setting CVar [[r.PostProcessAAQuality:4]]
[2022.01.29-07.17.40:634][  0]LogConfig: Applying CVar settings from Section [ShadowQuality@3] File [D:/Unreal_c++/EndlessRun/EndlessRunner/Saved/Config/Windows/Scalability.ini]
[2022.01.29-07.17.40:634][  0]LogConfig: Setting CVar [[r.LightFunctionQuality:1]]
[2022.01.29-07.17.40:634][  0]LogConfig: Setting CVar [[r.ShadowQuality:5]]
[2022.01.29-07.17.40:634][  0]LogConfig: Setting CVar [[r.Shadow.CSM.MaxCascades:10]]
[2022.01.29-07.17.40:634][  0]LogConfig: Setting CVar [[r.Shadow.MaxResolution:2048]]
[2022.01.29-07.17.40:634][  0]LogConfig: Setting CVar [[r.Shadow.MaxCSMResolution:2048]]
[2022.01.29-07.17.40:634][  0]LogConfig: Setting CVar [[r.Shadow.RadiusThreshold:0.01]]
[2022.01.29-07.17.40:634][  0]LogConfig: Setting CVar [[r.Shadow.DistanceScale:1.0]]
[2022.01.29-07.17.40:634][  0]LogConfig: Setting CVar [[r.Shadow.CSM.TransitionScale:1.0]]
[2022.01.29-07.17.40:634][  0]LogConfig: Setting CVar [[r.Shadow.PreShadowResolutionFactor:1.0]]
[2022.01.29-07.17.40:634][  0]LogConfig: Setting CVar [[r.DistanceFieldShadowing:1]]
[2022.01.29-07.17.40:634][  0]LogConfig: Setting CVar [[r.DistanceFieldAO:1]]
[2022.01.29-07.17.40:634][  0]LogConfig: Setting CVar [[r.AOQuality:2]]
[2022.01.29-07.17.40:634][  0]LogConfig: Setting CVar [[r.VolumetricFog:1]]
[2022.01.29-07.17.40:635][  0]LogConfig: Setting CVar [[r.VolumetricFog.GridPixelSize:8]]
[2022.01.29-07.17.40:635][  0]LogConfig: Setting CVar [[r.VolumetricFog.GridSizeZ:128]]
[2022.01.29-07.17.40:635][  0]LogConfig: Setting CVar [[r.VolumetricFog.HistoryMissSupersampleCount:4]]
[2022.01.29-07.17.40:635][  0]LogConfig: Setting CVar [[r.LightMaxDrawDistanceScale:1]]
[2022.01.29-07.17.40:635][  0]LogConfig: Setting CVar [[r.CapsuleShadows:1]]
[2022.01.29-07.17.40:635][  0]LogConfig: Applying CVar settings from Section [PostProcessQuality@3] File [D:/Unreal_c++/EndlessRun/EndlessRunner/Saved/Config/Windows/Scalability.ini]
[2022.01.29-07.17.40:635][  0]LogConfig: Setting CVar [[r.MotionBlurQuality:4]]
[2022.01.29-07.17.40:635][  0]LogConfig: Setting CVar [[r.AmbientOcclusionMipLevelFactor:0.4]]
[2022.01.29-07.17.40:635][  0]LogConfig: Setting CVar [[r.AmbientOcclusionMaxQuality:100]]
[2022.01.29-07.17.40:635][  0]LogConfig: Setting CVar [[r.AmbientOcclusionLevels:-1]]
[2022.01.29-07.17.40:635][  0]LogConfig: Setting CVar [[r.AmbientOcclusionRadiusScale:1.0]]
[2022.01.29-07.17.40:635][  0]LogConfig: Setting CVar [[r.DepthOfFieldQuality:2]]
[2022.01.29-07.17.40:635][  0]LogConfig: Setting CVar [[r.RenderTargetPoolMin:400]]
[2022.01.29-07.17.40:635][  0]LogConfig: Setting CVar [[r.LensFlareQuality:2]]
[2022.01.29-07.17.40:635][  0]LogConfig: Setting CVar [[r.SceneColorFringeQuality:1]]
[2022.01.29-07.17.40:635][  0]LogConfig: Setting CVar [[r.EyeAdaptationQuality:2]]
[2022.01.29-07.17.40:635][  0]LogConfig: Setting CVar [[r.BloomQuality:5]]
[2022.01.29-07.17.40:635][  0]LogConfig: Setting CVar [[r.FastBlurThreshold:100]]
[2022.01.29-07.17.40:636][  0]LogConfig: Setting CVar [[r.Upscale.Quality:3]]
[2022.01.29-07.17.40:636][  0]LogConfig: Setting CVar [[r.Tonemapper.GrainQuantization:1]]
[2022.01.29-07.17.40:636][  0]LogConfig: Setting CVar [[r.LightShaftQuality:1]]
[2022.01.29-07.17.40:636][  0]LogConfig: Setting CVar [[r.Filter.SizeScale:1]]
[2022.01.29-07.17.40:636][  0]LogConfig: Setting CVar [[r.Tonemapper.Quality:5]]
[2022.01.29-07.17.40:636][  0]LogConfig: Setting CVar [[r.DOF.Gather.AccumulatorQuality:1        ; higher gathering accumulator quality]]
[2022.01.29-07.17.40:636][  0]LogConfig: Setting CVar [[r.DOF.Gather.PostfilterMethod:1          ; Median3x3 postfilering method]]
[2022.01.29-07.17.40:636][  0]LogConfig: Setting CVar [[r.DOF.Gather.EnableBokehSettings:0       ; no bokeh simulation when gathering]]
[2022.01.29-07.17.40:636][  0]LogConfig: Setting CVar [[r.DOF.Gather.RingCount:4                 ; medium number of samples when gathering]]
[2022.01.29-07.17.40:636][  0]LogConfig: Setting CVar [[r.DOF.Scatter.ForegroundCompositing:1    ; additive foreground scattering]]
[2022.01.29-07.17.40:636][  0]LogConfig: Setting CVar [[r.DOF.Scatter.BackgroundCompositing:2    ; additive background scattering]]
[2022.01.29-07.17.40:636][  0]LogConfig: Setting CVar [[r.DOF.Scatter.EnableBokehSettings:1      ; bokeh simulation when scattering]]
[2022.01.29-07.17.40:636][  0]LogConfig: Setting CVar [[r.DOF.Scatter.MaxSpriteRatio:0.1         ; only a maximum of 10% of scattered bokeh]]
[2022.01.29-07.17.40:636][  0]LogConfig: Setting CVar [[r.DOF.Recombine.Quality:1                ; cheap slight out of focus]]
[2022.01.29-07.17.40:636][  0]LogConfig: Setting CVar [[r.DOF.Recombine.EnableBokehSettings:0    ; no bokeh simulation on slight out of focus]]
[2022.01.29-07.17.40:636][  0]LogConfig: Setting CVar [[r.DOF.TemporalAAQuality:1                ; more stable temporal accumulation]]
[2022.01.29-07.17.40:636][  0]LogConfig: Setting CVar [[r.DOF.Kernel.MaxForegroundRadius:0.025]]
[2022.01.29-07.17.40:636][  0]LogConfig: Setting CVar [[r.DOF.Kernel.MaxBackgroundRadius:0.025]]
[2022.01.29-07.17.40:637][  0]LogConfig: Applying CVar settings from Section [TextureQuality@3] File [D:/Unreal_c++/EndlessRun/EndlessRunner/Saved/Config/Windows/Scalability.ini]
[2022.01.29-07.17.40:637][  0]LogConfig: Setting CVar [[r.Streaming.MipBias:0]]
[2022.01.29-07.17.40:637][  0]LogConfig: Setting CVar [[r.Streaming.AmortizeCPUToGPUCopy:0]]
[2022.01.29-07.17.40:637][  0]LogConfig: Setting CVar [[r.Streaming.MaxNumTexturesToStreamPerFrame:0]]
[2022.01.29-07.17.40:637][  0]LogConfig: Setting CVar [[r.Streaming.Boost:1]]
[2022.01.29-07.17.40:637][  0]LogConfig: Setting CVar [[r.MaxAnisotropy:8]]
[2022.01.29-07.17.40:637][  0]LogConfig: Setting CVar [[r.VT.MaxAnisotropy:8]]
[2022.01.29-07.17.40:637][  0]LogConfig: Setting CVar [[r.Streaming.LimitPoolSizeToVRAM:0]]
[2022.01.29-07.17.40:637][  0]LogConfig: Setting CVar [[r.Streaming.PoolSize:1000]]
[2022.01.29-07.17.40:637][  0]LogConfig: Setting CVar [[r.Streaming.MaxEffectiveScreenSize:0]]
[2022.01.29-07.17.40:637][  0]LogConfig: Applying CVar settings from Section [EffectsQuality@3] File [D:/Unreal_c++/EndlessRun/EndlessRunner/Saved/Config/Windows/Scalability.ini]
[2022.01.29-07.17.40:637][  0]LogConfig: Setting CVar [[r.TranslucencyLightingVolumeDim:64]]
[2022.01.29-07.17.40:637][  0]LogConfig: Setting CVar [[r.RefractionQuality:2]]
[2022.01.29-07.17.40:637][  0]LogConfig: Setting CVar [[r.SSR.Quality:3]]
[2022.01.29-07.17.40:637][  0]LogConfig: Setting CVar [[r.SSR.HalfResSceneColor:0]]
[2022.01.29-07.17.40:637][  0]LogConfig: Setting CVar [[r.SceneColorFormat:4]]
[2022.01.29-07.17.40:637][  0]LogConfig: Setting CVar [[r.DetailMode:2]]
[2022.01.29-07.17.40:637][  0]LogConfig: Setting CVar [[r.TranslucencyVolumeBlur:1]]
[2022.01.29-07.17.40:637][  0]LogConfig: Setting CVar [[r.MaterialQualityLevel:1 ; High quality]]
[2022.01.29-07.17.40:637][  0]LogConfig: Setting CVar [[r.AnisotropicMaterials:1]]
[2022.01.29-07.17.40:637][  0]LogConfig: Setting CVar [[r.SSS.Scale:1]]
[2022.01.29-07.17.40:637][  0]LogConfig: Setting CVar [[r.SSS.SampleSet:2]]
[2022.01.29-07.17.40:638][  0]LogConfig: Setting CVar [[r.SSS.Quality:1]]
[2022.01.29-07.17.40:638][  0]LogConfig: Setting CVar [[r.SSS.HalfRes:0]]
[2022.01.29-07.17.40:638][  0]LogConfig: Setting CVar [[r.SSGI.Quality:3]]
[2022.01.29-07.17.40:638][  0]LogConfig: Setting CVar [[r.EmitterSpawnRateScale:1.0]]
[2022.01.29-07.17.40:638][  0]LogConfig: Setting CVar [[r.ParticleLightQuality:2]]
[2022.01.29-07.17.40:638][  0]LogConfig: Setting CVar [[r.SkyAtmosphere.AerialPerspectiveLUT.FastApplyOnOpaque:1 ; Always have FastSkyLUT 1 in this case to avoid wrong sky]]
[2022.01.29-07.17.40:638][  0]LogConfig: Setting CVar [[r.SkyAtmosphere.AerialPerspectiveLUT.SampleCountMaxPerSlice:4]]
[2022.01.29-07.17.40:638][  0]LogConfig: Setting CVar [[r.SkyAtmosphere.AerialPerspectiveLUT.DepthResolution:16.0]]
[2022.01.29-07.17.40:638][  0]LogConfig: Setting CVar [[r.SkyAtmosphere.FastSkyLUT:1]]
[2022.01.29-07.17.40:638][  0]LogConfig: Setting CVar [[r.SkyAtmosphere.FastSkyLUT.SampleCountMin:4.0]]
[2022.01.29-07.17.40:638][  0]LogConfig: Setting CVar [[r.SkyAtmosphere.FastSkyLUT.SampleCountMax:128.0]]
[2022.01.29-07.17.40:638][  0]LogConfig: Setting CVar [[r.SkyAtmosphere.SampleCountMin:4.0]]
[2022.01.29-07.17.40:638][  0]LogConfig: Setting CVar [[r.SkyAtmosphere.SampleCountMax:128.0]]
[2022.01.29-07.17.40:638][  0]LogConfig: Setting CVar [[r.SkyAtmosphere.TransmittanceLUT.UseSmallFormat:0]]
[2022.01.29-07.17.40:638][  0]LogConfig: Setting CVar [[r.SkyAtmosphere.TransmittanceLUT.SampleCount:10.0]]
[2022.01.29-07.17.40:638][  0]LogConfig: Setting CVar [[r.SkyAtmosphere.MultiScatteringLUT.SampleCount:15.0]]
[2022.01.29-07.17.40:638][  0]LogConfig: Setting CVar [[r.SkyLight.RealTimeReflectionCapture:1]]
[2022.01.29-07.17.40:638][  0]LogConfig: Applying CVar settings from Section [FoliageQuality@3] File [D:/Unreal_c++/EndlessRun/EndlessRunner/Saved/Config/Windows/Scalability.ini]
[2022.01.29-07.17.40:638][  0]LogConfig: Setting CVar [[foliage.DensityScale:1.0]]
[2022.01.29-07.17.40:638][  0]LogConfig: Setting CVar [[grass.DensityScale:1.0]]
[2022.01.29-07.17.40:638][  0]LogConfig: Applying CVar settings from Section [ShadingQuality@3] File [D:/Unreal_c++/EndlessRun/EndlessRunner/Saved/Config/Windows/Scalability.ini]
[2022.01.29-07.17.40:638][  0]LogConfig: Setting CVar [[r.HairStrands.SkyLighting.IntegrationType:2]]
[2022.01.29-07.17.40:638][  0]LogConfig: Setting CVar [[r.HairStrands.SkyAO.SampleCount:4]]
[2022.01.29-07.17.40:638][  0]LogConfig: Setting CVar [[r.HairStrands.Visibility.MSAA.SamplePerPixel:4]]
[2022.01.29-07.17.40:639][  0]LogInit: Selected Device Profile: [Windows]
[2022.01.29-07.17.40:639][  0]LogInit: Applying CVar settings loaded from the selected device profile: [Windows]
[2022.01.29-07.17.40:639][  0]LogHAL: Display: Platform has ~ 14 GB [14894297088 / 17179869184 / 14], which maps to Larger [LargestMinGB=32, LargerMinGB=12, DefaultMinGB=8, SmallerMinGB=6, SmallestMinGB=0)
[2022.01.29-07.17.40:639][  0]LogInit: Going up to parent DeviceProfile []
[2022.01.29-07.17.40:639][  0]LogConfig: Applying CVar settings from Section [ViewDistanceQuality@3] File [D:/Unreal_c++/EndlessRun/EndlessRunner/Saved/Config/Windows/Scalability.ini]
[2022.01.29-07.17.40:639][  0]LogConfig: Setting CVar [[r.SkeletalMeshLODBias:0]]
[2022.01.29-07.17.40:639][  0]LogConfig: Setting CVar [[r.ViewDistanceScale:1.0]]
[2022.01.29-07.17.40:639][  0]LogConfig: Applying CVar settings from Section [AntiAliasingQuality@3] File [D:/Unreal_c++/EndlessRun/EndlessRunner/Saved/Config/Windows/Scalability.ini]
[2022.01.29-07.17.40:639][  0]LogConfig: Setting CVar [[r.PostProcessAAQuality:4]]
[2022.01.29-07.17.40:639][  0]LogConfig: Applying CVar settings from Section [ShadowQuality@3] File [D:/Unreal_c++/EndlessRun/EndlessRunner/Saved/Config/Windows/Scalability.ini]
[2022.01.29-07.17.40:639][  0]LogConfig: Setting CVar [[r.LightFunctionQuality:1]]
[2022.01.29-07.17.40:639][  0]LogConfig: Setting CVar [[r.ShadowQuality:5]]
[2022.01.29-07.17.40:639][  0]LogConfig: Setting CVar [[r.Shadow.CSM.MaxCascades:10]]
[2022.01.29-07.17.40:639][  0]LogConfig: Setting CVar [[r.Shadow.MaxResolution:2048]]
[2022.01.29-07.17.40:639][  0]LogConfig: Setting CVar [[r.Shadow.MaxCSMResolution:2048]]
[2022.01.29-07.17.40:639][  0]LogConfig: Setting CVar [[r.Shadow.RadiusThreshold:0.01]]
[2022.01.29-07.17.40:639][  0]LogConfig: Setting CVar [[r.Shadow.DistanceScale:1.0]]
[2022.01.29-07.17.40:639][  0]LogConfig: Setting CVar [[r.Shadow.CSM.TransitionScale:1.0]]
[2022.01.29-07.17.40:640][  0]LogConfig: Setting CVar [[r.Shadow.PreShadowResolutionFactor:1.0]]
[2022.01.29-07.17.40:640][  0]LogConfig: Setting CVar [[r.DistanceFieldShadowing:1]]
[2022.01.29-07.17.40:640][  0]LogConfig: Setting CVar [[r.DistanceFieldAO:1]]
[2022.01.29-07.17.40:640][  0]LogConfig: Setting CVar [[r.AOQuality:2]]
[2022.01.29-07.17.40:640][  0]LogConfig: Setting CVar [[r.VolumetricFog:1]]
[2022.01.29-07.17.40:640][  0]LogConfig: Setting CVar [[r.VolumetricFog.GridPixelSize:8]]
[2022.01.29-07.17.40:640][  0]LogConfig: Setting CVar [[r.VolumetricFog.GridSizeZ:128]]
[2022.01.29-07.17.40:640][  0]LogConfig: Setting CVar [[r.VolumetricFog.HistoryMissSupersampleCount:4]]
[2022.01.29-07.17.40:640][  0]LogConfig: Setting CVar [[r.LightMaxDrawDistanceScale:1]]
[2022.01.29-07.17.40:640][  0]LogConfig: Setting CVar [[r.CapsuleShadows:1]]
[2022.01.29-07.17.40:640][  0]LogConfig: Applying CVar settings from Section [PostProcessQuality@3] File [D:/Unreal_c++/EndlessRun/EndlessRunner/Saved/Config/Windows/Scalability.ini]
[2022.01.29-07.17.40:640][  0]LogConfig: Setting CVar [[r.MotionBlurQuality:4]]
[2022.01.29-07.17.40:640][  0]LogConfig: Setting CVar [[r.AmbientOcclusionMipLevelFactor:0.4]]
[2022.01.29-07.17.40:640][  0]LogConfig: Setting CVar [[r.AmbientOcclusionMaxQuality:100]]
[2022.01.29-07.17.40:640][  0]LogConfig: Setting CVar [[r.AmbientOcclusionLevels:-1]]
[2022.01.29-07.17.40:640][  0]LogConfig: Setting CVar [[r.AmbientOcclusionRadiusScale:1.0]]
[2022.01.29-07.17.40:640][  0]LogConfig: Setting CVar [[r.DepthOfFieldQuality:2]]
[2022.01.29-07.17.40:640][  0]LogConfig: Setting CVar [[r.RenderTargetPoolMin:400]]
[2022.01.29-07.17.40:640][  0]LogConfig: Setting CVar [[r.LensFlareQuality:2]]
[2022.01.29-07.17.40:640][  0]LogConfig: Setting CVar [[r.SceneColorFringeQuality:1]]
[2022.01.29-07.17.40:640][  0]LogConfig: Setting CVar [[r.EyeAdaptationQuality:2]]
[2022.01.29-07.17.40:640][  0]LogConfig: Setting CVar [[r.BloomQuality:5]]
[2022.01.29-07.17.40:640][  0]LogConfig: Setting CVar [[r.FastBlurThreshold:100]]
[2022.01.29-07.17.40:641][  0]LogConfig: Setting CVar [[r.Upscale.Quality:3]]
[2022.01.29-07.17.40:641][  0]LogConfig: Setting CVar [[r.Tonemapper.GrainQuantization:1]]
[2022.01.29-07.17.40:641][  0]LogConfig: Setting CVar [[r.LightShaftQuality:1]]
[2022.01.29-07.17.40:641][  0]LogConfig: Setting CVar [[r.Filter.SizeScale:1]]
[2022.01.29-07.17.40:641][  0]LogConfig: Setting CVar [[r.Tonemapper.Quality:5]]
[2022.01.29-07.17.40:641][  0]LogConfig: Setting CVar [[r.DOF.Gather.AccumulatorQuality:1        ; higher gathering accumulator quality]]
[2022.01.29-07.17.40:641][  0]LogConfig: Setting CVar [[r.DOF.Gather.PostfilterMethod:1          ; Median3x3 postfilering method]]
[2022.01.29-07.17.40:641][  0]LogConfig: Setting CVar [[r.DOF.Gather.EnableBokehSettings:0       ; no bokeh simulation when gathering]]
[2022.01.29-07.17.40:641][  0]LogConfig: Setting CVar [[r.DOF.Gather.RingCount:4                 ; medium number of samples when gathering]]
[2022.01.29-07.17.40:641][  0]LogConfig: Setting CVar [[r.DOF.Scatter.ForegroundCompositing:1    ; additive foreground scattering]]
[2022.01.29-07.17.40:641][  0]LogConfig: Setting CVar [[r.DOF.Scatter.BackgroundCompositing:2    ; additive background scattering]]
[2022.01.29-07.17.40:641][  0]LogConfig: Setting CVar [[r.DOF.Scatter.EnableBokehSettings:1      ; bokeh simulation when scattering]]
[2022.01.29-07.17.40:641][  0]LogConfig: Setting CVar [[r.DOF.Scatter.MaxSpriteRatio:0.1         ; only a maximum of 10% of scattered bokeh]]
[2022.01.29-07.17.40:641][  0]LogConfig: Setting CVar [[r.DOF.Recombine.Quality:1                ; cheap slight out of focus]]
[2022.01.29-07.17.40:641][  0]LogConfig: Setting CVar [[r.DOF.Recombine.EnableBokehSettings:0    ; no bokeh simulation on slight out of focus]]
[2022.01.29-07.17.40:641][  0]LogConfig: Setting CVar [[r.DOF.TemporalAAQuality:1                ; more stable temporal accumulation]]
[2022.01.29-07.17.40:641][  0]LogConfig: Setting CVar [[r.DOF.Kernel.MaxForegroundRadius:0.025]]
[2022.01.29-07.17.40:641][  0]LogConfig: Setting CVar [[r.DOF.Kernel.MaxBackgroundRadius:0.025]]
[2022.01.29-07.17.40:641][  0]LogConfig: Applying CVar settings from Section [TextureQuality@3] File [D:/Unreal_c++/EndlessRun/EndlessRunner/Saved/Config/Windows/Scalability.ini]
[2022.01.29-07.17.40:641][  0]LogConfig: Setting CVar [[r.Streaming.MipBias:0]]
[2022.01.29-07.17.40:641][  0]LogConfig: Setting CVar [[r.Streaming.AmortizeCPUToGPUCopy:0]]
[2022.01.29-07.17.40:642][  0]LogConfig: Setting CVar [[r.Streaming.MaxNumTexturesToStreamPerFrame:0]]
[2022.01.29-07.17.40:642][  0]LogConfig: Setting CVar [[r.Streaming.Boost:1]]
[2022.01.29-07.17.40:642][  0]LogConfig: Setting CVar [[r.MaxAnisotropy:8]]
[2022.01.29-07.17.40:642][  0]LogConfig: Setting CVar [[r.VT.MaxAnisotropy:8]]
[2022.01.29-07.17.40:642][  0]LogConfig: Setting CVar [[r.Streaming.LimitPoolSizeToVRAM:0]]
[2022.01.29-07.17.40:642][  0]LogConfig: Setting CVar [[r.Streaming.PoolSize:1000]]
[2022.01.29-07.17.40:642][  0]LogConfig: Setting CVar [[r.Streaming.MaxEffectiveScreenSize:0]]
[2022.01.29-07.17.40:642][  0]LogConfig: Applying CVar settings from Section [EffectsQuality@3] File [D:/Unreal_c++/EndlessRun/EndlessRunner/Saved/Config/Windows/Scalability.ini]
[2022.01.29-07.17.40:642][  0]LogConfig: Setting CVar [[r.TranslucencyLightingVolumeDim:64]]
[2022.01.29-07.17.40:642][  0]LogConfig: Setting CVar [[r.RefractionQuality:2]]
[2022.01.29-07.17.40:642][  0]LogConfig: Setting CVar [[r.SSR.Quality:3]]
[2022.01.29-07.17.40:642][  0]LogConfig: Setting CVar [[r.SSR.HalfResSceneColor:0]]
[2022.01.29-07.17.40:642][  0]LogConfig: Setting CVar [[r.SceneColorFormat:4]]
[2022.01.29-07.17.40:642][  0]LogConfig: Setting CVar [[r.DetailMode:2]]
[2022.01.29-07.17.40:642][  0]LogConfig: Setting CVar [[r.TranslucencyVolumeBlur:1]]
[2022.01.29-07.17.40:642][  0]LogConfig: Setting CVar [[r.MaterialQualityLevel:1 ; High quality]]
[2022.01.29-07.17.40:642][  0]LogConfig: Setting CVar [[r.AnisotropicMaterials:1]]
[2022.01.29-07.17.40:642][  0]LogConfig: Setting CVar [[r.SSS.Scale:1]]
[2022.01.29-07.17.40:642][  0]LogConfig: Setting CVar [[r.SSS.SampleSet:2]]
[2022.01.29-07.17.40:642][  0]LogConfig: Setting CVar [[r.SSS.Quality:1]]
[2022.01.29-07.17.40:643][  0]LogConfig: Setting CVar [[r.SSS.HalfRes:0]]
[2022.01.29-07.17.40:643][  0]LogConfig: Setting CVar [[r.SSGI.Quality:3]]
[2022.01.29-07.17.40:643][  0]LogConfig: Setting CVar [[r.EmitterSpawnRateScale:1.0]]
[2022.01.29-07.17.40:643][  0]LogConfig: Setting CVar [[r.ParticleLightQuality:2]]
[2022.01.29-07.17.40:643][  0]LogConfig: Setting CVar [[r.SkyAtmosphere.AerialPerspectiveLUT.FastApplyOnOpaque:1 ; Always have FastSkyLUT 1 in this case to avoid wrong sky]]
[2022.01.29-07.17.40:643][  0]LogConfig: Setting CVar [[r.SkyAtmosphere.AerialPerspectiveLUT.SampleCountMaxPerSlice:4]]
[2022.01.29-07.17.40:643][  0]LogConfig: Setting CVar [[r.SkyAtmosphere.AerialPerspectiveLUT.DepthResolution:16.0]]
[2022.01.29-07.17.40:643][  0]LogConfig: Setting CVar [[r.SkyAtmosphere.FastSkyLUT:1]]
[2022.01.29-07.17.40:643][  0]LogConfig: Setting CVar [[r.SkyAtmosphere.FastSkyLUT.SampleCountMin:4.0]]
[2022.01.29-07.17.40:643][  0]LogConfig: Setting CVar [[r.SkyAtmosphere.FastSkyLUT.SampleCountMax:128.0]]
[2022.01.29-07.17.40:643][  0]LogConfig: Setting CVar [[r.SkyAtmosphere.SampleCountMin:4.0]]
[2022.01.29-07.17.40:643][  0]LogConfig: Setting CVar [[r.SkyAtmosphere.SampleCountMax:128.0]]
[2022.01.29-07.17.40:643][  0]LogConfig: Setting CVar [[r.SkyAtmosphere.TransmittanceLUT.UseSmallFormat:0]]
[2022.01.29-07.17.40:643][  0]LogConfig: Setting CVar [[r.SkyAtmosphere.TransmittanceLUT.SampleCount:10.0]]
[2022.01.29-07.17.40:643][  0]LogConfig: Setting CVar [[r.SkyAtmosphere.MultiScatteringLUT.SampleCount:15.0]]
[2022.01.29-07.17.40:643][  0]LogConfig: Setting CVar [[r.SkyLight.RealTimeReflectionCapture:1]]
[2022.01.29-07.17.40:643][  0]LogConfig: Applying CVar settings from Section [FoliageQuality@3] File [D:/Unreal_c++/EndlessRun/EndlessRunner/Saved/Config/Windows/Scalability.ini]
[2022.01.29-07.17.40:643][  0]LogConfig: Setting CVar [[foliage.DensityScale:1.0]]
[2022.01.29-07.17.40:643][  0]LogConfig: Setting CVar [[grass.DensityScale:1.0]]
[2022.01.29-07.17.40:643][  0]LogConfig: Applying CVar settings from Section [ShadingQuality@3] File [D:/Unreal_c++/EndlessRun/EndlessRunner/Saved/Config/Windows/Scalability.ini]
[2022.01.29-07.17.40:643][  0]LogConfig: Setting CVar [[r.HairStrands.SkyLighting.IntegrationType:2]]
[2022.01.29-07.17.40:643][  0]LogConfig: Setting CVar [[r.HairStrands.SkyAO.SampleCount:4]]
[2022.01.29-07.17.40:643][  0]LogConfig: Setting CVar [[r.HairStrands.Visibility.MSAA.SamplePerPixel:4]]
[2022.01.29-07.17.40:644][  0]LogConfig: Applying CVar settings from Section [Startup] File [../../../Engine/Config/ConsoleVariables.ini]
[2022.01.29-07.17.40:644][  0]LogConfig: Setting CVar [[net.UseAdaptiveNetUpdateFrequency:0]]
[2022.01.29-07.17.40:644][  0]LogConfig: Setting CVar [[p.chaos.AllowCreatePhysxBodies:1]]
[2022.01.29-07.17.40:644][  0]LogConfig: Setting CVar [[fx.SkipVectorVMBackendOptimizations:1]]
[2022.01.29-07.17.40:644][  0]LogConfig: Applying CVar settings from Section [ConsoleVariables] File [D:/Unreal_c++/EndlessRun/EndlessRunner/Saved/Config/Windows/Engine.ini]
[2022.01.29-07.17.40:644][  0]LogConfig: Applying CVar settings from Section [ConsoleVariables] File [D:/Unreal_c++/EndlessRun/EndlessRunner/Saved/Config/Windows/Editor.ini]
[2022.01.29-07.17.40:644][  0]LogInit: Computer: LAPTOP-FC3B43LI
[2022.01.29-07.17.40:644][  0]LogInit: User: ditde
[2022.01.29-07.17.40:644][  0]LogInit: CPU Page size=4096, Cores=8
[2022.01.29-07.17.40:644][  0]LogInit: High frequency timer resolution =10.000000 MHz
[2022.01.29-07.17.40:644][  0]LogMemory: Memory total: Physical=13.9GB (14GB approx)
[2022.01.29-07.17.40:644][  0]LogMemory: Platform Memory Stats for Windows
[2022.01.29-07.17.40:645][  0]LogMemory: Process Physical Memory: 146.58 MB used, 146.58 MB peak
[2022.01.29-07.17.40:645][  0]LogMemory: Process Virtual Memory: 129.16 MB used, 129.16 MB peak
[2022.01.29-07.17.40:645][  0]LogMemory: Physical Memory: 9580.50 MB used,  4623.81 MB free, 14204.31 MB total
[2022.01.29-07.17.40:645][  0]LogMemory: Virtual Memory: 134211280.00 MB used,  6448.04 MB free, 134217728.00 MB total
[2022.01.29-07.17.40:699][  0]LogWindows: WindowsPlatformFeatures enabled
[2022.01.29-07.17.40:810][  0]LogInit: Physics initialised using underlying interface: PhysX
[2022.01.29-07.17.40:811][  0]LogInit: Using OS detected language (en-US).
[2022.01.29-07.17.40:811][  0]LogInit: Using OS detected locale (en-US).
[2022.01.29-07.17.40:813][  0]LogTextLocalizationManager: No specific localization for 'en-US' exists, so the 'en' localization will be used.
[2022.01.29-07.17.41:000][  0]LogInit: Setting process to per monitor DPI aware
[2022.01.29-07.17.41:025][  0]LogWindowsTextInputMethodSystem: Display: IME system deactivated.
[2022.01.29-07.17.41:042][  0]LogSlate: New Slate User Created.  User Index 0, Is Virtual User: 0
[2022.01.29-07.17.41:042][  0]LogSlate: Slate User Registered.  User Index 0, Is Virtual User: 0
[2022.01.29-07.17.41:146][  0]LogD3D11RHI: Loaded GFSDK_Aftermath_Lib.x64.dll
[2022.01.29-07.17.41:151][  0]LogHMD: Failed to initialize OpenVR with code 110
[2022.01.29-07.17.41:151][  0]LogD3D11RHI: D3D11 min allowed feature level: 11_0
[2022.01.29-07.17.41:151][  0]LogD3D11RHI: D3D11 max allowed feature level: 11_0
[2022.01.29-07.17.41:151][  0]LogD3D11RHI: D3D11 adapters:
[2022.01.29-07.17.41:279][  0]LogD3D11RHI:    0. 'NVIDIA GeForce RTX 3060 Laptop GPU' (Feature Level 11_0)
[2022.01.29-07.17.41:279][  0]LogD3D11RHI:       6023/0/7102 MB DedicatedVideo/DedicatedSystem/SharedSystem, Outputs:2, VendorId:0x10de
[2022.01.29-07.17.41:323][  0]LogD3D11RHI:    1. 'AMD Radeon(TM) Graphics' (Feature Level 11_0)
[2022.01.29-07.17.41:323][  0]LogD3D11RHI:       2032/0/7102 MB DedicatedVideo/DedicatedSystem/SharedSystem, Outputs:0, VendorId:0x1002
[2022.01.29-07.17.41:328][  0]LogD3D11RHI:    2. 'Microsoft Basic Render Driver' (Feature Level 11_0)
[2022.01.29-07.17.41:328][  0]LogD3D11RHI:       0/0/7102 MB DedicatedVideo/DedicatedSystem/SharedSystem, Outputs:0, VendorId:0x1414
[2022.01.29-07.17.41:328][  0]LogD3D11RHI: Chosen D3D11 Adapter:
[2022.01.29-07.17.41:328][  0]LogD3D11RHI:     Description : NVIDIA GeForce RTX 3060 Laptop GPU
[2022.01.29-07.17.41:328][  0]LogD3D11RHI:     VendorId    : 10de
[2022.01.29-07.17.41:328][  0]LogD3D11RHI:     DeviceId    : 2560
[2022.01.29-07.17.41:328][  0]LogD3D11RHI:     SubSysId    : 3a8017aa
[2022.01.29-07.17.41:328][  0]LogD3D11RHI:     Revision    : 00a1
[2022.01.29-07.17.41:328][  0]LogD3D11RHI:     DedicatedVideoMemory : 6315573248 bytes
[2022.01.29-07.17.41:328][  0]LogD3D11RHI:     DedicatedSystemMemory : 0 bytes
[2022.01.29-07.17.41:329][  0]LogD3D11RHI:     SharedSystemMemory : 7447148544 bytes
[2022.01.29-07.17.41:329][  0]LogD3D11RHI:     AdapterLuid : 0 68801
[2022.01.29-07.17.41:343][  0]LogD3D11RHI: Creating new Direct3DDevice
[2022.01.29-07.17.41:343][  0]LogD3D11RHI:     GPU DeviceId: 0x2560 (for the marketing name, search the web for "GPU Device Id")
[2022.01.29-07.17.41:343][  0]LogWindows: EnumDisplayDevices:
[2022.01.29-07.17.41:344][  0]LogWindows:    0. 'AMD Radeon(TM) Graphics' (P:0 D:0)
[2022.01.29-07.17.41:344][  0]LogWindows:    1. 'AMD Radeon(TM) Graphics' (P:0 D:0)
[2022.01.29-07.17.41:345][  0]LogWindows:    2. 'AMD Radeon(TM) Graphics' (P:0 D:0)
[2022.01.29-07.17.41:345][  0]LogWindows:    3. 'NVIDIA GeForce RTX 3060 Laptop GPU' (P:1 D:1)
[2022.01.29-07.17.41:345][  0]LogWindows:    4. 'NVIDIA GeForce RTX 3060 Laptop GPU' (P:0 D:1)
[2022.01.29-07.17.41:345][  0]LogWindows:    5. 'NVIDIA GeForce RTX 3060 Laptop GPU' (P:0 D:0)
[2022.01.29-07.17.41:346][  0]LogWindows:    6. 'NVIDIA GeForce RTX 3060 Laptop GPU' (P:0 D:0)
[2022.01.29-07.17.41:346][  0]LogWindows: DebugString: PrimaryIsNotTheChoosenAdapter PrimaryIsNotTheChoosenAdapter PrimaryIsNotTheChoosenAdapter FoundDriverCount:4 
[2022.01.29-07.17.41:346][  0]LogD3D11RHI:     Adapter Name: NVIDIA GeForce RTX 3060 Laptop GPU
[2022.01.29-07.17.41:346][  0]LogD3D11RHI:   Driver Version: 472.56 (internal:30.0.14.7256, unified:472.56)
[2022.01.29-07.17.41:346][  0]LogD3D11RHI:      Driver Date: 11-3-2021
[2022.01.29-07.17.41:346][  0]LogRHI: Texture pool is 4216 MB (70% of 6023 MB)
[2022.01.29-07.17.41:346][  0]LogD3D11RHI: Creating D3DDevice using adapter:
[2022.01.29-07.17.41:346][  0]LogD3D11RHI:     Description : NVIDIA GeForce RTX 3060 Laptop GPU
[2022.01.29-07.17.41:346][  0]LogD3D11RHI:     VendorId    : 10de
[2022.01.29-07.17.41:346][  0]LogD3D11RHI:     DeviceId    : 2560
[2022.01.29-07.17.41:346][  0]LogD3D11RHI:     SubSysId    : 3a8017aa
[2022.01.29-07.17.41:346][  0]LogD3D11RHI:     Revision    : 00a1
[2022.01.29-07.17.41:346][  0]LogD3D11RHI:     DedicatedVideoMemory : 6315573248 bytes
[2022.01.29-07.17.41:346][  0]LogD3D11RHI:     DedicatedSystemMemory : 0 bytes
[2022.01.29-07.17.41:346][  0]LogD3D11RHI:     SharedSystemMemory : 7447148544 bytes
[2022.01.29-07.17.41:346][  0]LogD3D11RHI:     AdapterLuid : 0 68801
[2022.01.29-07.17.41:432][  0]LogD3D11RHI: RHI has support for 64 bit atomics
[2022.01.29-07.17.41:432][  0]LogD3D11RHI: Async texture creation enabled
[2022.01.29-07.17.41:432][  0]LogD3D11RHI: Array index from any shader is supported
[2022.01.29-07.17.41:467][  0]LogD3D11RHI: GPU Timing Frequency: 1000.000000 (Debug: 2 1)
[2022.01.29-07.17.41:501][  0]LogRHI: GeForceNow SDK initialized: 1
[2022.01.29-07.17.41:777][  0]LogTargetPlatformManager: Display: Loaded TargetPlatform 'AllDesktop'
[2022.01.29-07.17.41:806][  0]LogTargetPlatformManager: Display: Loaded TargetPlatform 'Android'
[2022.01.29-07.17.41:806][  0]LogTargetPlatformManager: Display: Loaded TargetPlatform 'Android_ASTC'
[2022.01.29-07.17.41:806][  0]LogTargetPlatformManager: Display: Loaded TargetPlatform 'Android_DXT'
[2022.01.29-07.17.41:806][  0]LogTargetPlatformManager: Display: Loaded TargetPlatform 'Android_ETC2'
[2022.01.29-07.17.41:807][  0]LogTargetPlatformManager: Display: Loaded TargetPlatform 'AndroidClient'
[2022.01.29-07.17.41:807][  0]LogTargetPlatformManager: Display: Loaded TargetPlatform 'Android_ASTCClient'
[2022.01.29-07.17.41:807][  0]LogTargetPlatformManager: Display: Loaded TargetPlatform 'Android_DXTClient'
[2022.01.29-07.17.41:807][  0]LogTargetPlatformManager: Display: Loaded TargetPlatform 'Android_ETC2Client'
[2022.01.29-07.17.41:807][  0]LogTargetPlatformManager: Display: Loaded TargetPlatform 'Android_Multi'
[2022.01.29-07.17.41:807][  0]LogTargetPlatformManager: Display: Loaded TargetPlatform 'Android_MultiClient'
[2022.01.29-07.17.41:901][  0]LogTargetPlatformManager: Display: Loaded TargetPlatform 'IOSClient'
[2022.01.29-07.17.41:901][  0]LogTargetPlatformManager: Display: Loaded TargetPlatform 'IOS'
[2022.01.29-07.17.41:911][  0]LogTargetPlatformManager: Display: Loaded TargetPlatform 'Linux'
[2022.01.29-07.17.41:916][  0]LogTargetPlatformManager: Display: Loaded TargetPlatform 'LinuxNoEditor'
[2022.01.29-07.17.41:922][  0]LogTargetPlatformManager: Display: Loaded TargetPlatform 'LinuxClient'
[2022.01.29-07.17.41:928][  0]LogTargetPlatformManager: Display: Loaded TargetPlatform 'LinuxServer'
[2022.01.29-07.17.41:937][  0]LogTargetPlatformManager: Display: Loaded TargetPlatform 'LinuxAArch64NoEditor'
[2022.01.29-07.17.41:942][  0]LogTargetPlatformManager: Display: Loaded TargetPlatform 'LinuxAArch64Client'
[2022.01.29-07.17.41:947][  0]LogTargetPlatformManager: Display: Loaded TargetPlatform 'LinuxAArch64Server'
[2022.01.29-07.17.41:967][  0]LogTargetPlatformManager: Display: Loaded TargetPlatform 'Lumin'
[2022.01.29-07.17.41:967][  0]LogTargetPlatformManager: Display: Loaded TargetPlatform 'LuminClient'
[2022.01.29-07.17.41:975][  0]LogTargetPlatformManager: Display: Loaded TargetPlatform 'MacNoEditor'
[2022.01.29-07.17.41:980][  0]LogTargetPlatformManager: Display: Loaded TargetPlatform 'Mac'
[2022.01.29-07.17.41:986][  0]LogTargetPlatformManager: Display: Loaded TargetPlatform 'MacClient'
[2022.01.29-07.17.41:991][  0]LogTargetPlatformManager: Display: Loaded TargetPlatform 'MacServer'
[2022.01.29-07.17.42:000][  0]LogTargetPlatformManager: Display: Loaded TargetPlatform 'TVOSClient'
[2022.01.29-07.17.42:000][  0]LogTargetPlatformManager: Display: Loaded TargetPlatform 'TVOS'
[2022.01.29-07.17.42:009][  0]LogTargetPlatformManager: Display: Loaded TargetPlatform 'WindowsNoEditor'
[2022.01.29-07.17.42:014][  0]LogTargetPlatformManager: Display: Loaded TargetPlatform 'Windows'
[2022.01.29-07.17.42:019][  0]LogTargetPlatformManager: Display: Loaded TargetPlatform 'WindowsClient'
[2022.01.29-07.17.42:024][  0]LogTargetPlatformManager: Display: Loaded TargetPlatform 'WindowsServer'
[2022.01.29-07.17.42:024][  0]LogTargetPlatformManager: Display: Building Assets For Windows
[2022.01.29-07.17.42:036][  0]LogAudioDebug: Display: Lib vorbis DLL was dynamically loaded.
[2022.01.29-07.17.42:077][  0]LogTextureFormatOodle: Display: Oodle Texture 2.9.0 init RDO Off
[2022.01.29-07.17.42:143][  0]LogRendererCore: Ray tracing is disabled. Reason: r.RayTracing=0.
[2022.01.29-07.17.42:143][  0]LogShaderCompilers: Guid format shader working directory is -2 characters bigger than the processId version (../../../../Unreal_c++/EndlessRun/EndlessRunner/Intermediate/Shaders/WorkingDirectory/20060/).
[2022.01.29-07.17.42:143][  0]LogShaderCompilers: Cleaned the shader compiler working directory 'C:/Users/ditde/AppData/Local/Temp/UnrealShaderWorkingDir/37B9F1064C907725045B12951F72C530/'.
[2022.01.29-07.17.42:143][  0]LogXGEController: Cannot use XGE Controller as Incredibuild is not installed on this machine.
[2022.01.29-07.17.42:144][  0]LogShaderCompilers: Cannot use XGE Shader Compiler as Incredibuild is not installed on this machine.
[2022.01.29-07.17.42:144][  0]LogShaderCompilers: Display: Using Local Shader Compiler.
[2022.01.29-07.17.42:793][  0]LogDerivedDataCache: Display: Max Cache Size: 512 MB
[2022.01.29-07.17.42:846][  0]LogDerivedDataCache: Loaded boot cache 0.05s 94MB C:/Users/ditde/AppData/Local/UnrealEngine/4.27/DerivedDataCache/Boot.ddc.
[2022.01.29-07.17.42:847][  0]LogDerivedDataCache: Display: Loaded Boot cache: C:/Users/ditde/AppData/Local/UnrealEngine/4.27/DerivedDataCache/Boot.ddc
[2022.01.29-07.17.42:847][  0]LogDerivedDataCache: FDerivedDataBackendGraph:  Pak pak cache file ../../../../Unreal_c++/EndlessRun/EndlessRunner/DerivedDataCache/DDC.ddp not found, will not use a pak cache.
[2022.01.29-07.17.42:847][  0]LogDerivedDataCache: Unable to find inner node Pak for hierarchical cache Hierarchy.
[2022.01.29-07.17.42:847][  0]LogDerivedDataCache: FDerivedDataBackendGraph:  CompressedPak pak cache file ../../../../Unreal_c++/EndlessRun/EndlessRunner/DerivedDataCache/Compressed.ddp not found, will not use a pak cache.
[2022.01.29-07.17.42:847][  0]LogDerivedDataCache: Unable to find inner node CompressedPak for hierarchical cache Hierarchy.
[2022.01.29-07.17.42:862][  0]LogDerivedDataCache: Display: Pak cache opened for reading ../../../Engine/DerivedDataCache/Compressed.ddp.
[2022.01.29-07.17.42:863][  0]LogDerivedDataCache: FDerivedDataBackendGraph:  EnterprisePak pak cache file ../../../Enterprise/DerivedDataCache/Compressed.ddp not found, will not use a pak cache.
[2022.01.29-07.17.42:863][  0]LogDerivedDataCache: Unable to find inner node EnterprisePak for hierarchical cache Hierarchy.
[2022.01.29-07.17.42:868][  0]LogDerivedDataCache: Speed tests for C:/Users/ditde/AppData/Local/UnrealEngine/Common/DerivedDataCache took 0.01 seconds
[2022.01.29-07.17.42:869][  0]LogDerivedDataCache: Display: Performance to C:/Users/ditde/AppData/Local/UnrealEngine/Common/DerivedDataCache: Latency=0.03ms. RandomReadSpeed=1483.70MBs, RandomWriteSpeed=209.86MBs. Assigned SpeedClass 'Local'
[2022.01.29-07.17.42:872][  0]LogDerivedDataCache: Using Local data cache path C:/Users/ditde/AppData/Local/UnrealEngine/Common/DerivedDataCache: Writable
[2022.01.29-07.17.42:872][  0]LogDerivedDataCache: Shared data cache path not found in *engine.ini, will not use an Shared cache.
[2022.01.29-07.17.42:872][  0]LogDerivedDataCache: Unable to find inner node Shared for hierarchical cache Hierarchy.
[2022.01.29-07.17.42:912][  0]LogSlate: Using FreeType 2.10.0
[2022.01.29-07.17.42:912][  0]LogSlate: SlateFontServices - WITH_FREETYPE: 1, WITH_HARFBUZZ: 1
[2022.01.29-07.17.42:940][  0]LogAssetRegistry: FAssetRegistry took 0.0047 seconds to start up
[2022.01.29-07.17.43:170][  0]LogInit: Selected Device Profile: [Windows]
[2022.01.29-07.17.43:170][  0]LogInit: Active device profile: [00000223B105CA00][00000223B073C6C0 49] Windows
[2022.01.29-07.17.43:170][  0]LogInit: Profiles: [00000223B105CA00][00000223B073C6C0 49] Windows, [00000223B101E000][00000223AA16E800 49] WindowsNoEditor, [00000223B105F500][00000223AFFEA940 49] WindowsServer, [00000223B101CE00][00000223A943EAC0 49] WindowsClient, [00000223B105F300][00000223A9442C40 49] IOS, [00000223B101CC00][00000223A9446DC0 49] iPadAir, [00000223B105E000][00000223A944AF40 49] iPadAir2, [00000223B1FD0C00][00000223A94C1200 49] IPadPro, [00000223B1FD0D00][00000223A944F240 49] iPadAir3, [00000223B101F900][00000223A94C53C0 49] iPadAir4, [00000223B1FD3200][00000223A94C9540 49] iPadMini2, [00000223B101F000][00000223A94CD6C0 49] iPadMini3, [00000223B1FD1700][00000223A94D1840 49] iPadMini4, [00000223B101E900][00000223A94D59C0 49] iPadMini5, [00000223B1FD8500][00000223A94DC100 49] iPhone6, [00000223B1FD8600][00000223A94D8140 49] iPodTouch6, [00000223B1FD3800][00000223A94E4400 49] iPhone7, [00000223B1FD1C00][00000223A94E0440 49] iPodTouch7, [00000223B1FD8400][00000223AFF5C5C0 49] iPhone5S, [00000223B101E700][00000223AFF60740 49] iPhone6Plus, [00000223B1FDAF00][00000223A943A880 49] iPhone6S, [00000223B1FD0A00][00000223AFF649C0 49] iPhone6SPlus, [00000223B1FDA300][00000223AFF68B00 49] iPhone7Plus, [00000223B1FD0100][00000223AFF70C80 49] iPhoneSE, [00000223B1FD8800][00000223AFF74E00 49] iPhone8, [00000223B1FD1F00][00000223AFF78F80 49] iPhone8Plus, [00000223B1FD8700][00000223AFF7D100 49] iPhoneX, [00000223B1FD2200][00000223AFF81280 49] iPhoneXS, [00000223B1FDB800][00000223AFF85400 49] iPhoneXSMax, [00000223B1FD0900][00000223AFF89580 49] iPhoneXR, [00000223B1FD9900][00000223AFF8D700 49] iPhone11, [00000223B1FD2800][00000223AFF91880 49] iPhone11Pro, [00000223B1FD9000][00000223AFF95A00 49] iPhone11ProMax, [00000223B1FD1500][00000223A8B53B80 49] iPhoneSE2, [00000223B1FDB500][00000223A8B56180 49] iPhone12Mini, [00000223B1FD3D00][00000223A8B5A300 49] iPhone12, [00000223B1FD9F00][00000223A8B5E480 49] iPhone12Pro, [00000223B1FD3000][00000223A8B62600 49] iPhone12ProMax, [00000223B1FD9400][00000223A8B66780 49] iPadPro105, [00000223B1FD2700][00000223A8B6A900 49] iPadPro129, [00000223B1FDB400][00000223AFF6CA40 49] iPadPro97, [00000223B1FD2600][00000223A8B6EB80 49] iPadPro2_129, [00000223B1FD9E00][00000223A8B72CC0 49] iPad5, [00000223B1FD0200][00000223A8B7AE40 49] iPad6, [00000223B1FDBB00][00000223A8B7EFC0 49] iPad7, [00000223B1FD3B00][00000223A8B83140 49] iPad8, [00000223B1FDA400][00000223A8B872C0 49] iPadPro11, [00000223B1FD2D00][00000223A8B8B440 49] iPadPro2_11, [00000223B1FD9C00][00000223A8B8F5C0 49] iPadPro3_129, [00000223B1FD2F00][00000223A8B93740 49] iPadPro4_129, [00000223B1FD8100][00000223A8B978C0 49] AppleTV, [00000223B1FD2400][00000223A8B9BA40 49] AppleTV4K, [00000223B1FDBD00][00000223A8B9FBC0 49] TVOS, [00000223B1FD0400][00000223A8BA21C0 49] Mac, [00000223B1FD8300][00000223A8BA6340 49] MacClient, [00000223B1FD3100][00000223A8BAA4C0 49] MacNoEditor, [00000223B1FD9700][00000223A8BAE640 49] MacServer, [00000223B1FD0600][00000223A8BB27C0 49] Linux, [00000223B1FDB000][00000223A8BB6940 49] LinuxAArch64, [00000223B1FD2900][00000223A8BBAAC0 49] LinuxNoEditor, [00000223B1FDAE00][00000223A8B76C00 49] LinuxAArch64NoEditor, [00000223B1FD2100][00000223A8BBED40 49] LinuxClient, [00000223B1FD8C00][00000223A8BC2E80 49] LinuxAArch64Client, [00000223B1FD2C00][00000223A8BC6FC0 49] LinuxServer, [00000223B1FD9D00][00000223A8BCF140 49] LinuxAArch64Server, [00000223B1FD3700][00000223A8BD32C0 49] Android, [00000223B1FD8B00][00000223A8BD7440 49] Android_Low, [00000223B1FD1E00][00000223A8BDB5C0 49] Android_Mid, [00000223B1FDA800][00000223AEE6D740 49] Android_High, [00000223B101FE00][00000223AEE718C0 49] Android_Default, [00000223B105E100][00000223AEE75A40 49] Android_Adreno4xx, [00000223B101CD00][00000223AEE79BC0 49] Android_Adreno5xx_Low, [00000223B105EB00][00000223AEE7C1C0 49] Android_Adreno5xx, [00000223B101FC00][00000223AEE80340 49] Android_Adreno6xx, [00000223B105E800][00000223AEE844C0 49] Android_Adreno6xx_Vulkan, [00000223B101DF00][00000223AEE88640 49] Android_Mali_T6xx, [00000223B105FB00][00000223AEE8C7C0 49] Android_Mali_T7xx, [00000223B101CB00][00000223AEE90940 49] Android_Mali_T8xx, [00000223B105FE00][00000223AEE94AC0 49] Android_Mali_G71, [00000223B101D000][00000223AEE98C40 49] Android_Mali_G72, [00000223B105D800][00000223A8BCAD80 49] Android_Mali_G72_Vulkan, [00000223B101F800][00000223AEE9CEC0 49] Android_Mali_G76, [00000223B105DB00][00000223AEEA1000 49] Android_Mali_G76_Vulkan, [00000223B101E500][00000223AEEA5140 49] Android_Mali_G77, [00000223B105D000][00000223AEEAD2C0 49] Android_Mali_G77_Vulkan, [00000223B101DD00][00000223AEEB1440 49] Android_Mali_G78, [00000223B105E900][00000223AEEB55C0 49] Android_Mali_G78_Vulkan, [00000223B101EE00][00000223AEEB9740 49] Android_Mali_G710, [00000223B105C700][00000223AEEBD8C0 49] Android_Mali_G710_Vulkan, [00000223B101D700][00000223AEEC1A40 49] Android_Vulkan_SM5, [00000223B105D600][00000223AEEC5BC0 49] Android_PowerVR_G6xxx, [00000223B101DB00][00000223AEEC81C0 49] Android_PowerVR_GT7xxx, [00000223B105EF00][00000223AEECC340 49] Android_PowerVR_GE8xxx, [00000223B101DA00][00000223AEED04C0 49] Android_PowerVR_GM9xxx, [00000223B105C300][00000223AEED4640 49] Android_PowerVR_GM9xxx_Vulkan, [00000223B101C400][00000223AEED87C0 49] Android_TegraK1, [00000223B105EC00][00000223AEEDC940 49] Android_Unknown_Vulkan, [00000223B101C300][00000223AEEE0AC0 49] Lumin, [00000223B1FD1900][00000223AEEE4C40 49] Lumin_Desktop, [00000223B101F400][00000223AEEE8DC0 49] HoloLens, 
[2022.01.29-07.17.43:293][  0]LogMeshReduction: Using QuadricMeshReduction for automatic static mesh reduction
[2022.01.29-07.17.43:293][  0]LogMeshReduction: Using SimplygonMeshReduction for automatic skeletal mesh reduction
[2022.01.29-07.17.43:294][  0]LogMeshReduction: Using ProxyLODMeshReduction for automatic mesh merging
[2022.01.29-07.17.43:294][  0]LogMeshReduction: No distributed automatic mesh merging module available
[2022.01.29-07.17.43:294][  0]LogMeshMerging: No distributed automatic mesh merging module available
[2022.01.29-07.17.43:310][  0]LogNetVersion: EndlessRunner 1.0.0, NetCL: 17155196, EngineNetVer: 17, GameNetVer: 0 (Checksum: 1331125288)
[2022.01.29-07.17.43:616][  0]LogTexture: Default maximum texture size for cubemaps generated from long-lat sources has been changed from 512 to unlimited. In order to preserve old behaiour for '/Engine/MapTemplates/Sky/DaylightAmbientCubemap.DaylightAmbientCubemap', its maximum texture size has been explicitly set to 512.
[2022.01.29-07.17.43:676][  0]LogHMD: PokeAHoleMaterial loaded successfully
[2022.01.29-07.17.43:681][  0]LogUObjectArray: 17178 objects as part of root set at end of initial load.
[2022.01.29-07.17.43:681][  0]LogUObjectAllocator: 4301856 out of 0 bytes used by permanent object pool.
[2022.01.29-07.17.43:681][  0]LogUObjectArray: CloseDisregardForGC: 0/0 objects in disregard for GC pool
[2022.01.29-07.17.44:010][  0]LogNiagaraDebuggerClient: Niagara Debugger Client Initialized | Session: 417933B549DA7F09FAED8E9DB75EE323 | Instance: FDF4CC144FF90DFDFD85278A28F190B0 (LAPTOP-FC3B43LI-20060).
[2022.01.29-07.17.44:047][  0]LogImageWrapper: Warning: PNG Warning: Duplicate iCCP chunk
[2022.01.29-07.17.44:047][  0]LogImageWrapper: Warning: PNG Warning: Duplicate iCCP chunk
[2022.01.29-07.17.44:048][  0]LogPython: Using Python 3.7.7
[2022.01.29-07.17.44:492][  0]LogTcpMessaging: Initializing TcpMessaging bridge
[2022.01.29-07.17.44:498][  0]LogUdpMessaging: Initializing bridge on interface 0.0.0.0:0 to multicast group 230.0.0.1:6666.
[2022.01.29-07.17.44:806][  0]SourceControl: Source control is disabled
[2022.01.29-07.17.44:806][  0]SourceControl: Source control is disabled
[2022.01.29-07.17.44:816][  0]SourceControl: Source control is disabled
[2022.01.29-07.17.44:827][  0]SourceControl: Source control is disabled
[2022.01.29-07.17.44:836][  0]SourceControl: Source control is disabled
[2022.01.29-07.17.44:847][  0]LogUProjectInfo: Found projects:
[2022.01.29-07.17.45:040][  0]LogOpenImageDenoise: OIDN starting up
[2022.01.29-07.17.45:118][  0]LogAndroidPermission: UAndroidPermissionCallbackProxy::GetInstance
[2022.01.29-07.17.45:146][  0]LogAudioCaptureCore: Display: No Audio Capture implementations found. Audio input will be silent.
[2022.01.29-07.17.45:146][  0]LogAudioCaptureCore: Display: No Audio Capture implementations found. Audio input will be silent.
[2022.01.29-07.17.45:272][  0]LogCollectionManager: Loaded 0 collections in 0.000532 seconds
[2022.01.29-07.17.45:300][  0]LogFileCache: Scanning file cache for directory 'D:/Unreal_c++/EndlessRun/EndlessRunner/Saved/Collections/' took 0.00s
[2022.01.29-07.17.45:300][  0]LogFileCache: Scanning file cache for directory 'D:/Unreal_c++/EndlessRun/EndlessRunner/Content/Developers/ditde/Collections/' took 0.00s
[2022.01.29-07.17.45:300][  0]LogFileCache: Scanning file cache for directory 'D:/Unreal_c++/EndlessRun/EndlessRunner/Content/Collections/' took 0.00s
[2022.01.29-07.17.45:300][  0]LogOcInput: OculusInput pre-init called
[2022.01.29-07.17.45:420][  0]LogImageWrapper: Warning: PNG Warning: Duplicate iCCP chunk
[2022.01.29-07.17.45:421][  0]LogImageWrapper: Warning: PNG Warning: Duplicate iCCP chunk
[2022.01.29-07.17.45:504][  0]LogEngine: Initializing Engine...
[2022.01.29-07.17.45:507][  0]LogHMD: Failed to enumerate extensions. Please check that you have a valid OpenXR runtime installed.
[2022.01.29-07.17.45:507][  0]LogHMD: Failed to initialize OpenVR with code 110
[2022.01.29-07.17.45:507][  0]LogMagicLeap: Warning: VR disabled because ZI is not enabled.  To enable, in the editor, Edit -> Project Settings -> Plugins -> Magic Leap Plugin -> Enable Zero Iteration
[2022.01.29-07.17.45:508][  0]LogStats: UGameplayTagsManager::InitializeManager -  0.000 s
[2022.01.29-07.17.45:611][  0]LogInit: Initializing FReadOnlyCVARCache
[2022.01.29-07.17.45:619][  0]LogAIModule: Creating AISystem for world Untitled
[2022.01.29-07.17.45:620][  0]LogAudio: Display: Initializing Audio Device Manager...
[2022.01.29-07.17.45:624][  0]LogAudio: Display: Loading Default Audio Settings Objects...
[2022.01.29-07.17.45:624][  0]LogAudio: Display: No default SoundConcurrencyObject specified (or failed to load).
[2022.01.29-07.17.45:625][  0]LogAudio: Display: Audio Device Manager Initialized
[2022.01.29-07.17.45:625][  0]LogAudio: Display: Creating Audio Device:                 Id: 1, Scope: Shared, Realtime: True
[2022.01.29-07.17.45:625][  0]LogAudioMixer: Display: Audio Mixer Platform Settings:
[2022.01.29-07.17.45:625][  0]LogAudioMixer: Display: 	Sample Rate:						  48000
[2022.01.29-07.17.45:625][  0]LogAudioMixer: Display: 	Callback Buffer Frame Size Requested: 1024
[2022.01.29-07.17.45:625][  0]LogAudioMixer: Display: 	Callback Buffer Frame Size To Use:	  1024
[2022.01.29-07.17.45:625][  0]LogAudioMixer: Display: 	Number of buffers to queue:			  2
[2022.01.29-07.17.45:625][  0]LogAudioMixer: Display: 	Max Channels (voices):				  32
[2022.01.29-07.17.45:625][  0]LogAudioMixer: Display: 	Number of Async Source Workers:		  0
[2022.01.29-07.17.45:625][  0]LogAudio: Display: AudioDevice MaxSources: 32
[2022.01.29-07.17.45:625][  0]LogAudio: Display: Audio Spatialization Plugin: None (built-in).
[2022.01.29-07.17.45:626][  0]LogAudio: Display: Audio Reverb Plugin: None (built-in).
[2022.01.29-07.17.45:626][  0]LogAudio: Display: Audio Occlusion Plugin: None (built-in).
[2022.01.29-07.17.45:626][  0]LogAudioMixer: Display: Initializing audio mixer.
[2022.01.29-07.17.45:689][  0]LogAudioMixer: Display: 0: FrontLeft
[2022.01.29-07.17.45:689][  0]LogAudioMixer: Display: 1: FrontRight
[2022.01.29-07.17.45:826][  0]LogAudioMixer: Display: Using Audio Device Headphones (SONATA USB Audio)
[2022.01.29-07.17.45:826][  0]LogAudioMixer: Display: Initializing Sound Submixes...
[2022.01.29-07.17.45:828][  0]LogAudioMixer: Display: Creating Master Submix 'MasterSubmixDefault'
[2022.01.29-07.17.45:828][  0]LogAudioMixer: Display: Creating Master Submix 'MasterReverbSubmixDefault'
[2022.01.29-07.17.45:829][  0]LogAudioMixer: Display: Creating Master Submix 'MasterEQSubmixDefault'
[2022.01.29-07.17.45:829][  0]LogAudioMixer: FMixerPlatformXAudio2::StartAudioStream() called
[2022.01.29-07.17.45:830][  0]LogAudioMixer: Display: Output buffers initialized: Frames=1024, Channels=2, Samples=2048
[2022.01.29-07.17.45:834][  0]LogAudioMixer: Display: Starting AudioMixerPlatformInterface::RunInternal()
[2022.01.29-07.17.45:834][  0]LogAudioMixer: Display: FMixerPlatformXAudio2::SubmitBuffer() called for the first time
[2022.01.29-07.17.45:834][  0]LogInit: FAudioDevice initialized.
[2022.01.29-07.17.45:834][  0]LogAudio: Display: Audio Device (ID: 1) registered with world 'Untitled'.
[2022.01.29-07.17.45:834][  0]LogNetVersion: Set ProjectVersion to 1.0.0.0. Version Checksum will be recalculated on next use.
[2022.01.29-07.17.45:889][  0]LogDerivedDataCache: Saved boot cache 0.05s 94MB C:/Users/ditde/AppData/Local/UnrealEngine/4.27/DerivedDataCache/Boot.ddc.
[2022.01.29-07.17.45:890][  0]LogInit: Texture streaming: Enabled
[2022.01.29-07.17.45:908][  0]LogAnalytics: Display: [UEEditor.Rocket.Release] APIServer = https://datarouter.ol.epicgames.com/. AppVersion = 4.27.1-17735300+++UE4+Release-4.27
[2022.01.29-07.17.45:913][  0]LogEngineSessionManager: EngineSessionManager initialized
[2022.01.29-07.17.45:913][  0]LogEditorSessionSummary: Verbose: Initializing EditorSessionSummaryWriter for editor session tracking
[2022.01.29-07.17.45:915][  0]LogEditorSessionSummary: EditorSessionSummaryWriter initialized
[2022.01.29-07.17.45:939][  0]LogInit: Transaction tracking system initialized
[2022.01.29-07.17.45:968][  0]BlueprintLog: New page: Editor Load
[2022.01.29-07.17.46:048][  0]LocalizationService: Localization service is disabled
[2022.01.29-07.17.46:076][  0]TimingProfiler: Initialize
[2022.01.29-07.17.46:077][  0]TimingProfiler: OnSessionChanged
[2022.01.29-07.17.46:077][  0]LoadingProfiler: Initialize
[2022.01.29-07.17.46:077][  0]LoadingProfiler: OnSessionChanged
[2022.01.29-07.17.46:077][  0]NetworkingProfiler: Initialize
[2022.01.29-07.17.46:077][  0]NetworkingProfiler: OnSessionChanged
[2022.01.29-07.17.46:078][  0]MemoryProfiler: Initialize
[2022.01.29-07.17.46:078][  0]MemoryProfiler: OnSessionChanged
[2022.01.29-07.17.46:211][  0]LogCook: Display: CookSettings for Memory: MemoryMaxUsedVirtual 0MiB, MemoryMaxUsedPhysical 16384MiB, MemoryMinFreeVirtual 0MiB, MemoryMinFreePhysical 1024MiB
[2022.01.29-07.17.46:211][  0]LogCook: Display: Mobile HDR setting 1
[2022.01.29-07.17.46:433][  0]LogFileCache: Scanning file cache for directory 'D:/Unreal_c++/EndlessRun/EndlessRunner/Content/' took 0.00s
[2022.01.29-07.17.46:574][  0]LogImageWrapper: Warning: PNG Warning: Duplicate iCCP chunk
[2022.01.29-07.17.46:574][  0]LogImageWrapper: Warning: PNG Warning: Duplicate iCCP chunk
[2022.01.29-07.17.46:574][  0]LogInit: Display: Engine is initialized. Leaving FEngineLoop::Init()
[2022.01.29-07.17.46:577][  0]SourceControl: Source control is disabled
[2022.01.29-07.17.46:577][  0]LogUnrealEdMisc: Loading editor; pre map load, took 6.966
[2022.01.29-07.17.46:577][  0]Cmd: MAP LOAD FILE="../../../../Unreal_c++/EndlessRun/EndlessRunner/Content/_Game/Maps/MainLevel.umap" TEMPLATE=0 SHOWPROGRESS=1 FEATURELEVEL=3
[2022.01.29-07.17.46:577][  0]LightingResults: New page: Lighting Build
[2022.01.29-07.17.46:578][  0]LogWorld: UWorld::CleanupWorld for Untitled, bSessionEnded=true, bCleanupResources=true
[2022.01.29-07.17.46:578][  0]LogSlate: InvalidateAllWidgets triggered.  All widgets were invalidated
[2022.01.29-07.17.46:579][  0]MapCheck: New page: Map Check
[2022.01.29-07.17.46:579][  0]LightingResults: New page: Lighting Build
[2022.01.29-07.17.46:583][  0]LogAudio: Display: Audio Device unregistered from world 'None'.
[2022.01.29-07.17.46:587][  0]LogUObjectHash: Compacting FUObjectHashTables data took   0.88ms
[2022.01.29-07.17.46:814][  0]LogAudio: Display: Audio Device (ID: 1) registered with world 'MainLevel'.
[2022.01.29-07.17.46:815][  0]LogAIModule: Creating AISystem for world MainLevel
[2022.01.29-07.17.46:837][  0]LogEditorServer: Finished looking for orphan Actors (0.002 secs)
[2022.01.29-07.17.46:848][  0]LogUObjectHash: Compacting FUObjectHashTables data took   1.31ms
[2022.01.29-07.17.46:848][  0]Cmd: MAP CHECKDEP NOCLEARLOG
[2022.01.29-07.17.46:849][  0]MapCheck: Map check complete: 0 Error(s), 0 Warning(s), took 0.2ms to complete.
[2022.01.29-07.17.46:849][  0]LogFileHelpers: Loading map 'MainLevel' took 0.272
[2022.01.29-07.17.46:852][  0]LogUnrealEdMisc: Total Editor Startup Time, took 7.241
[2022.01.29-07.17.46:967][  0]LogSlate: Updating window title bar state: overlay mode, drag disabled, window buttons hidden, title bar hidden
[2022.01.29-07.17.46:974][  0]LogSlate: Updating window title bar state: overlay mode, drag disabled, window buttons hidden, title bar hidden
[2022.01.29-07.17.46:980][  0]LogSlate: Updating window title bar state: overlay mode, drag disabled, window buttons hidden, title bar hidden
[2022.01.29-07.17.46:987][  0]LogSlate: Updating window title bar state: overlay mode, drag disabled, window buttons hidden, title bar hidden
[2022.01.29-07.17.47:000][  0]LogNativeClassHierarchy: Verbose: Native class hierarchy populated in 0.0098 seconds. Added 3826 classes and 930 folders.
[2022.01.29-07.17.47:003][  0]LogNativeClassHierarchy: Verbose: Native class hierarchy updated for 'WidgetCarousel' in 0.0004 seconds. Added 0 classes and 0 folders.
[2022.01.29-07.17.47:005][  0]LogPakFile: PakFile PrimaryIndexSize=187
[2022.01.29-07.17.47:005][  0]LogPakFile: PakFile PathHashIndexSize=101
[2022.01.29-07.17.47:005][  0]LogPakFile: PakFile FullDirectoryIndexSize=148
[2022.01.29-07.17.47:005][  0]LogShaderLibrary: Display: ShaderCodeLibraryPakFileMountedCallback: PakFile 'D:/UE_4.27/FeaturePacks/FP_FirstPerson.upack' (chunk index -1, root 'root:/') mounted
[2022.01.29-07.17.47:005][  0]LogShaderLibrary: Display: ShaderCodeLibraryPakFileMountedCallback: pending pak file info (ChunkID:-1 Root:root:/ File:D:/UE_4.27/FeaturePacks/FP_FirstPerson.upack)
[2022.01.29-07.17.47:005][  0]LogPakFile: OnPakFileMounted2Time == 0.000184
[2022.01.29-07.17.47:006][  0]LogPakFile: PakFile PrimaryIndexSize=189
[2022.01.29-07.17.47:006][  0]LogPakFile: PakFile PathHashIndexSize=101
[2022.01.29-07.17.47:006][  0]LogPakFile: PakFile FullDirectoryIndexSize=152
[2022.01.29-07.17.47:006][  0]LogShaderLibrary: Display: ShaderCodeLibraryPakFileMountedCallback: PakFile 'D:/UE_4.27/FeaturePacks/FP_FirstPersonBP.upack' (chunk index -1, root 'root:/') mounted
[2022.01.29-07.17.47:006][  0]LogShaderLibrary: Display: ShaderCodeLibraryPakFileMountedCallback: pending pak file info (ChunkID:-1 Root:root:/ File:D:/UE_4.27/FeaturePacks/FP_FirstPersonBP.upack)
[2022.01.29-07.17.47:006][  0]LogPakFile: OnPakFileMounted2Time == 0.000163
[2022.01.29-07.17.47:007][  0]LogPakFile: PakFile PrimaryIndexSize=191
[2022.01.29-07.17.47:007][  0]LogPakFile: PakFile PathHashIndexSize=101
[2022.01.29-07.17.47:007][  0]LogPakFile: PakFile FullDirectoryIndexSize=160
[2022.01.29-07.17.47:007][  0]LogShaderLibrary: Display: ShaderCodeLibraryPakFileMountedCallback: PakFile 'D:/UE_4.27/FeaturePacks/MobileStarterContent.upack' (chunk index -1, root 'root:/') mounted
[2022.01.29-07.17.47:007][  0]LogShaderLibrary: Display: ShaderCodeLibraryPakFileMountedCallback: pending pak file info (ChunkID:-1 Root:root:/ File:D:/UE_4.27/FeaturePacks/MobileStarterContent.upack)
[2022.01.29-07.17.47:007][  0]LogPakFile: OnPakFileMounted2Time == 0.000158
[2022.01.29-07.17.47:008][  0]LogPakFile: PakFile PrimaryIndexSize=185
[2022.01.29-07.17.47:008][  0]LogPakFile: PakFile PathHashIndexSize=101
[2022.01.29-07.17.47:008][  0]LogPakFile: PakFile FullDirectoryIndexSize=148
[2022.01.29-07.17.47:008][  0]LogShaderLibrary: Display: ShaderCodeLibraryPakFileMountedCallback: PakFile 'D:/UE_4.27/FeaturePacks/StarterContent.upack' (chunk index -1, root 'root:/') mounted
[2022.01.29-07.17.47:008][  0]LogShaderLibrary: Display: ShaderCodeLibraryPakFileMountedCallback: pending pak file info (ChunkID:-1 Root:root:/ File:D:/UE_4.27/FeaturePacks/StarterContent.upack)
[2022.01.29-07.17.47:008][  0]LogPakFile: OnPakFileMounted2Time == 0.000170
[2022.01.29-07.17.47:009][  0]LogPakFile: PakFile PrimaryIndexSize=190
[2022.01.29-07.17.47:009][  0]LogPakFile: PakFile PathHashIndexSize=101
[2022.01.29-07.17.47:009][  0]LogPakFile: PakFile FullDirectoryIndexSize=154
[2022.01.29-07.17.47:009][  0]LogShaderLibrary: Display: ShaderCodeLibraryPakFileMountedCallback: PakFile 'D:/UE_4.27/FeaturePacks/TP_2DSideScroller.upack' (chunk index -1, root 'root:/') mounted
[2022.01.29-07.17.47:009][  0]LogShaderLibrary: Display: ShaderCodeLibraryPakFileMountedCallback: pending pak file info (ChunkID:-1 Root:root:/ File:D:/UE_4.27/FeaturePacks/TP_2DSideScroller.upack)
[2022.01.29-07.17.47:009][  0]LogPakFile: OnPakFileMounted2Time == 0.000176
[2022.01.29-07.17.47:010][  0]LogPakFile: PakFile PrimaryIndexSize=192
[2022.01.29-07.17.47:010][  0]LogPakFile: PakFile PathHashIndexSize=101
[2022.01.29-07.17.47:010][  0]LogPakFile: PakFile FullDirectoryIndexSize=158
[2022.01.29-07.17.47:010][  0]LogShaderLibrary: Display: ShaderCodeLibraryPakFileMountedCallback: PakFile 'D:/UE_4.27/FeaturePacks/TP_2DSideScrollerBP.upack' (chunk index -1, root 'root:/') mounted
[2022.01.29-07.17.47:010][  0]LogShaderLibrary: Display: ShaderCodeLibraryPakFileMountedCallback: pending pak file info (ChunkID:-1 Root:root:/ File:D:/UE_4.27/FeaturePacks/TP_2DSideScrollerBP.upack)
[2022.01.29-07.17.47:010][  0]LogPakFile: OnPakFileMounted2Time == 0.000158
[2022.01.29-07.17.47:011][  0]LogPakFile: PakFile PrimaryIndexSize=182
[2022.01.29-07.17.47:011][  0]LogPakFile: PakFile PathHashIndexSize=101
[2022.01.29-07.17.47:011][  0]LogPakFile: PakFile FullDirectoryIndexSize=138
[2022.01.29-07.17.47:011][  0]LogShaderLibrary: Display: ShaderCodeLibraryPakFileMountedCallback: PakFile 'D:/UE_4.27/FeaturePacks/TP_Flying.upack' (chunk index -1, root 'root:/') mounted
[2022.01.29-07.17.47:011][  0]LogShaderLibrary: Display: ShaderCodeLibraryPakFileMountedCallback: pending pak file info (ChunkID:-1 Root:root:/ File:D:/UE_4.27/FeaturePacks/TP_Flying.upack)
[2022.01.29-07.17.47:011][  0]LogPakFile: OnPakFileMounted2Time == 0.000160
[2022.01.29-07.17.47:012][  0]LogPakFile: PakFile PrimaryIndexSize=184
[2022.01.29-07.17.47:012][  0]LogPakFile: PakFile PathHashIndexSize=101
[2022.01.29-07.17.47:012][  0]LogPakFile: PakFile FullDirectoryIndexSize=142
[2022.01.29-07.17.47:012][  0]LogShaderLibrary: Display: ShaderCodeLibraryPakFileMountedCallback: PakFile 'D:/UE_4.27/FeaturePacks/TP_FlyingBP.upack' (chunk index -1, root 'root:/') mounted
[2022.01.29-07.17.47:012][  0]LogShaderLibrary: Display: ShaderCodeLibraryPakFileMountedCallback: pending pak file info (ChunkID:-1 Root:root:/ File:D:/UE_4.27/FeaturePacks/TP_FlyingBP.upack)
[2022.01.29-07.17.47:012][  0]LogPakFile: OnPakFileMounted2Time == 0.000163
[2022.01.29-07.17.47:013][  0]LogPakFile: PakFile PrimaryIndexSize=188
[2022.01.29-07.17.47:013][  0]LogPakFile: PakFile PathHashIndexSize=101
[2022.01.29-07.17.47:013][  0]LogPakFile: PakFile FullDirectoryIndexSize=150
[2022.01.29-07.17.47:013][  0]LogShaderLibrary: Display: ShaderCodeLibraryPakFileMountedCallback: PakFile 'D:/UE_4.27/FeaturePacks/TP_HandheldARBP.upack' (chunk index -1, root 'root:/') mounted
[2022.01.29-07.17.47:013][  0]LogShaderLibrary: Display: ShaderCodeLibraryPakFileMountedCallback: pending pak file info (ChunkID:-1 Root:root:/ File:D:/UE_4.27/FeaturePacks/TP_HandheldARBP.upack)
[2022.01.29-07.17.47:013][  0]LogPakFile: OnPakFileMounted2Time == 0.000157
[2022.01.29-07.17.47:014][  0]LogPakFile: PakFile PrimaryIndexSize=182
[2022.01.29-07.17.47:014][  0]LogPakFile: PakFile PathHashIndexSize=101
[2022.01.29-07.17.47:014][  0]LogPakFile: PakFile FullDirectoryIndexSize=138
[2022.01.29-07.17.47:014][  0]LogShaderLibrary: Display: ShaderCodeLibraryPakFileMountedCallback: PakFile 'D:/UE_4.27/FeaturePacks/TP_Puzzle.upack' (chunk index -1, root 'root:/') mounted
[2022.01.29-07.17.47:014][  0]LogShaderLibrary: Display: ShaderCodeLibraryPakFileMountedCallback: pending pak file info (ChunkID:-1 Root:root:/ File:D:/UE_4.27/FeaturePacks/TP_Puzzle.upack)
[2022.01.29-07.17.47:014][  0]LogPakFile: OnPakFileMounted2Time == 0.000180
[2022.01.29-07.17.47:014][  0]LogPakFile: PakFile PrimaryIndexSize=184
[2022.01.29-07.17.47:014][  0]LogPakFile: PakFile PathHashIndexSize=101
[2022.01.29-07.17.47:015][  0]LogPakFile: PakFile FullDirectoryIndexSize=142
[2022.01.29-07.17.47:015][  0]LogShaderLibrary: Display: ShaderCodeLibraryPakFileMountedCallback: PakFile 'D:/UE_4.27/FeaturePacks/TP_PuzzleBP.upack' (chunk index -1, root 'root:/') mounted
[2022.01.29-07.17.47:015][  0]LogShaderLibrary: Display: ShaderCodeLibraryPakFileMountedCallback: pending pak file info (ChunkID:-1 Root:root:/ File:D:/UE_4.27/FeaturePacks/TP_PuzzleBP.upack)
[2022.01.29-07.17.47:015][  0]LogPakFile: OnPakFileMounted2Time == 0.000129
[2022.01.29-07.17.47:015][  0]LogPakFile: PakFile PrimaryIndexSize=183
[2022.01.29-07.17.47:015][  0]LogPakFile: PakFile PathHashIndexSize=101
[2022.01.29-07.17.47:015][  0]LogPakFile: PakFile FullDirectoryIndexSize=140
[2022.01.29-07.17.47:015][  0]LogShaderLibrary: Display: ShaderCodeLibraryPakFileMountedCallback: PakFile 'D:/UE_4.27/FeaturePacks/TP_Rolling.upack' (chunk index -1, root 'root:/') mounted
[2022.01.29-07.17.47:015][  0]LogShaderLibrary: Display: ShaderCodeLibraryPakFileMountedCallback: pending pak file info (ChunkID:-1 Root:root:/ File:D:/UE_4.27/FeaturePacks/TP_Rolling.upack)
[2022.01.29-07.17.47:015][  0]LogPakFile: OnPakFileMounted2Time == 0.000136
[2022.01.29-07.17.47:016][  0]LogPakFile: PakFile PrimaryIndexSize=185
[2022.01.29-07.17.47:016][  0]LogPakFile: PakFile PathHashIndexSize=101
[2022.01.29-07.17.47:016][  0]LogPakFile: PakFile FullDirectoryIndexSize=144
[2022.01.29-07.17.47:016][  0]LogShaderLibrary: Display: ShaderCodeLibraryPakFileMountedCallback: PakFile 'D:/UE_4.27/FeaturePacks/TP_RollingBP.upack' (chunk index -1, root 'root:/') mounted
[2022.01.29-07.17.47:016][  0]LogShaderLibrary: Display: ShaderCodeLibraryPakFileMountedCallback: pending pak file info (ChunkID:-1 Root:root:/ File:D:/UE_4.27/FeaturePacks/TP_RollingBP.upack)
[2022.01.29-07.17.47:016][  0]LogPakFile: OnPakFileMounted2Time == 0.000117
[2022.01.29-07.17.47:017][  0]LogPakFile: PakFile PrimaryIndexSize=188
[2022.01.29-07.17.47:017][  0]LogPakFile: PakFile PathHashIndexSize=101
[2022.01.29-07.17.47:017][  0]LogPakFile: PakFile FullDirectoryIndexSize=150
[2022.01.29-07.17.47:017][  0]LogShaderLibrary: Display: ShaderCodeLibraryPakFileMountedCallback: PakFile 'D:/UE_4.27/FeaturePacks/TP_SideScroller.upack' (chunk index -1, root 'root:/') mounted
[2022.01.29-07.17.47:017][  0]LogShaderLibrary: Display: ShaderCodeLibraryPakFileMountedCallback: pending pak file info (ChunkID:-1 Root:root:/ File:D:/UE_4.27/FeaturePacks/TP_SideScroller.upack)
[2022.01.29-07.17.47:017][  0]LogPakFile: OnPakFileMounted2Time == 0.000169
[2022.01.29-07.17.47:018][  0]LogPakFile: PakFile PrimaryIndexSize=190
[2022.01.29-07.17.47:018][  0]LogPakFile: PakFile PathHashIndexSize=101
[2022.01.29-07.17.47:018][  0]LogPakFile: PakFile FullDirectoryIndexSize=154
[2022.01.29-07.17.47:018][  0]LogShaderLibrary: Display: ShaderCodeLibraryPakFileMountedCallback: PakFile 'D:/UE_4.27/FeaturePacks/TP_SideScrollerBP.upack' (chunk index -1, root 'root:/') mounted
[2022.01.29-07.17.47:018][  0]LogShaderLibrary: Display: ShaderCodeLibraryPakFileMountedCallback: pending pak file info (ChunkID:-1 Root:root:/ File:D:/UE_4.27/FeaturePacks/TP_SideScrollerBP.upack)
[2022.01.29-07.17.47:018][  0]LogPakFile: OnPakFileMounted2Time == 0.000156
[2022.01.29-07.17.47:018][  0]LogPakFile: PakFile PrimaryIndexSize=187
[2022.01.29-07.17.47:018][  0]LogPakFile: PakFile PathHashIndexSize=101
[2022.01.29-07.17.47:019][  0]LogPakFile: PakFile FullDirectoryIndexSize=148
[2022.01.29-07.17.47:019][  0]LogShaderLibrary: Display: ShaderCodeLibraryPakFileMountedCallback: PakFile 'D:/UE_4.27/FeaturePacks/TP_ThirdPerson.upack' (chunk index -1, root 'root:/') mounted
[2022.01.29-07.17.47:019][  0]LogShaderLibrary: Display: ShaderCodeLibraryPakFileMountedCallback: pending pak file info (ChunkID:-1 Root:root:/ File:D:/UE_4.27/FeaturePacks/TP_ThirdPerson.upack)
[2022.01.29-07.17.47:019][  0]LogPakFile: OnPakFileMounted2Time == 0.000147
[2022.01.29-07.17.47:019][  0]LogPakFile: PakFile PrimaryIndexSize=189
[2022.01.29-07.17.47:019][  0]LogPakFile: PakFile PathHashIndexSize=101
[2022.01.29-07.17.47:019][  0]LogPakFile: PakFile FullDirectoryIndexSize=152
[2022.01.29-07.17.47:019][  0]LogShaderLibrary: Display: ShaderCodeLibraryPakFileMountedCallback: PakFile 'D:/UE_4.27/FeaturePacks/TP_ThirdPersonBP.upack' (chunk index -1, root 'root:/') mounted
[2022.01.29-07.17.47:019][  0]LogShaderLibrary: Display: ShaderCodeLibraryPakFileMountedCallback: pending pak file info (ChunkID:-1 Root:root:/ File:D:/UE_4.27/FeaturePacks/TP_ThirdPersonBP.upack)
[2022.01.29-07.17.47:020][  0]LogPakFile: OnPakFileMounted2Time == 0.000145
[2022.01.29-07.17.47:020][  0]LogPakFile: PakFile PrimaryIndexSize=183
[2022.01.29-07.17.47:020][  0]LogPakFile: PakFile PathHashIndexSize=101
[2022.01.29-07.17.47:020][  0]LogPakFile: PakFile FullDirectoryIndexSize=140
[2022.01.29-07.17.47:020][  0]LogShaderLibrary: Display: ShaderCodeLibraryPakFileMountedCallback: PakFile 'D:/UE_4.27/FeaturePacks/TP_TopDown.upack' (chunk index -1, root 'root:/') mounted
[2022.01.29-07.17.47:020][  0]LogShaderLibrary: Display: ShaderCodeLibraryPakFileMountedCallback: pending pak file info (ChunkID:-1 Root:root:/ File:D:/UE_4.27/FeaturePacks/TP_TopDown.upack)
[2022.01.29-07.17.47:020][  0]LogPakFile: OnPakFileMounted2Time == 0.000136
[2022.01.29-07.17.47:021][  0]LogPakFile: PakFile PrimaryIndexSize=185
[2022.01.29-07.17.47:021][  0]LogPakFile: PakFile PathHashIndexSize=101
[2022.01.29-07.17.47:021][  0]LogPakFile: PakFile FullDirectoryIndexSize=144
[2022.01.29-07.17.47:021][  0]LogShaderLibrary: Display: ShaderCodeLibraryPakFileMountedCallback: PakFile 'D:/UE_4.27/FeaturePacks/TP_TopDownBP.upack' (chunk index -1, root 'root:/') mounted
[2022.01.29-07.17.47:021][  0]LogShaderLibrary: Display: ShaderCodeLibraryPakFileMountedCallback: pending pak file info (ChunkID:-1 Root:root:/ File:D:/UE_4.27/FeaturePacks/TP_TopDownBP.upack)
[2022.01.29-07.17.47:021][  0]LogPakFile: OnPakFileMounted2Time == 0.000131
[2022.01.29-07.17.47:021][  0]LogPakFile: PakFile PrimaryIndexSize=185
[2022.01.29-07.17.47:022][  0]LogPakFile: PakFile PathHashIndexSize=101
[2022.01.29-07.17.47:022][  0]LogPakFile: PakFile FullDirectoryIndexSize=144
[2022.01.29-07.17.47:022][  0]LogShaderLibrary: Display: ShaderCodeLibraryPakFileMountedCallback: PakFile 'D:/UE_4.27/FeaturePacks/TP_TwinStick.upack' (chunk index -1, root 'root:/') mounted
[2022.01.29-07.17.47:022][  0]LogShaderLibrary: Display: ShaderCodeLibraryPakFileMountedCallback: pending pak file info (ChunkID:-1 Root:root:/ File:D:/UE_4.27/FeaturePacks/TP_TwinStick.upack)
[2022.01.29-07.17.47:022][  0]LogPakFile: OnPakFileMounted2Time == 0.000148
[2022.01.29-07.17.47:022][  0]LogPakFile: PakFile PrimaryIndexSize=187
[2022.01.29-07.17.47:022][  0]LogPakFile: PakFile PathHashIndexSize=101
[2022.01.29-07.17.47:022][  0]LogPakFile: PakFile FullDirectoryIndexSize=148
[2022.01.29-07.17.47:022][  0]LogShaderLibrary: Display: ShaderCodeLibraryPakFileMountedCallback: PakFile 'D:/UE_4.27/FeaturePacks/TP_TwinStickBP.upack' (chunk index -1, root 'root:/') mounted
[2022.01.29-07.17.47:022][  0]LogShaderLibrary: Display: ShaderCodeLibraryPakFileMountedCallback: pending pak file info (ChunkID:-1 Root:root:/ File:D:/UE_4.27/FeaturePacks/TP_TwinStickBP.upack)
[2022.01.29-07.17.47:023][  0]LogPakFile: OnPakFileMounted2Time == 0.000124
[2022.01.29-07.17.47:023][  0]LogPakFile: PakFile PrimaryIndexSize=183
[2022.01.29-07.17.47:023][  0]LogPakFile: PakFile PathHashIndexSize=101
[2022.01.29-07.17.47:023][  0]LogPakFile: PakFile FullDirectoryIndexSize=140
[2022.01.29-07.17.47:023][  0]LogShaderLibrary: Display: ShaderCodeLibraryPakFileMountedCallback: PakFile 'D:/UE_4.27/FeaturePacks/TP_Vehicle.upack' (chunk index -1, root 'root:/') mounted
[2022.01.29-07.17.47:023][  0]LogShaderLibrary: Display: ShaderCodeLibraryPakFileMountedCallback: pending pak file info (ChunkID:-1 Root:root:/ File:D:/UE_4.27/FeaturePacks/TP_Vehicle.upack)
[2022.01.29-07.17.47:023][  0]LogPakFile: OnPakFileMounted2Time == 0.000128
[2022.01.29-07.17.47:024][  0]LogPakFile: PakFile PrimaryIndexSize=186
[2022.01.29-07.17.47:024][  0]LogPakFile: PakFile PathHashIndexSize=101
[2022.01.29-07.17.47:024][  0]LogPakFile: PakFile FullDirectoryIndexSize=146
[2022.01.29-07.17.47:024][  0]LogShaderLibrary: Display: ShaderCodeLibraryPakFileMountedCallback: PakFile 'D:/UE_4.27/FeaturePacks/TP_VehicleAdv.upack' (chunk index -1, root 'root:/') mounted
[2022.01.29-07.17.47:024][  0]LogShaderLibrary: Display: ShaderCodeLibraryPakFileMountedCallback: pending pak file info (ChunkID:-1 Root:root:/ File:D:/UE_4.27/FeaturePacks/TP_VehicleAdv.upack)
[2022.01.29-07.17.47:024][  0]LogPakFile: OnPakFileMounted2Time == 0.000141
[2022.01.29-07.17.47:025][  0]LogPakFile: PakFile PrimaryIndexSize=188
[2022.01.29-07.17.47:025][  0]LogPakFile: PakFile PathHashIndexSize=101
[2022.01.29-07.17.47:025][  0]LogPakFile: PakFile FullDirectoryIndexSize=150
[2022.01.29-07.17.47:025][  0]LogShaderLibrary: Display: ShaderCodeLibraryPakFileMountedCallback: PakFile 'D:/UE_4.27/FeaturePacks/TP_VehicleAdvBP.upack' (chunk index -1, root 'root:/') mounted
[2022.01.29-07.17.47:025][  0]LogShaderLibrary: Display: ShaderCodeLibraryPakFileMountedCallback: pending pak file info (ChunkID:-1 Root:root:/ File:D:/UE_4.27/FeaturePacks/TP_VehicleAdvBP.upack)
[2022.01.29-07.17.47:025][  0]LogPakFile: OnPakFileMounted2Time == 0.000133
[2022.01.29-07.17.47:025][  0]LogPakFile: PakFile PrimaryIndexSize=185
[2022.01.29-07.17.47:026][  0]LogPakFile: PakFile PathHashIndexSize=101
[2022.01.29-07.17.47:026][  0]LogPakFile: PakFile FullDirectoryIndexSize=144
[2022.01.29-07.17.47:026][  0]LogShaderLibrary: Display: ShaderCodeLibraryPakFileMountedCallback: PakFile 'D:/UE_4.27/FeaturePacks/TP_VehicleBP.upack' (chunk index -1, root 'root:/') mounted
[2022.01.29-07.17.47:026][  0]LogShaderLibrary: Display: ShaderCodeLibraryPakFileMountedCallback: pending pak file info (ChunkID:-1 Root:root:/ File:D:/UE_4.27/FeaturePacks/TP_VehicleBP.upack)
[2022.01.29-07.17.47:026][  0]LogPakFile: OnPakFileMounted2Time == 0.000180
[2022.01.29-07.17.47:026][  0]LogPakFile: PakFile PrimaryIndexSize=192
[2022.01.29-07.17.47:027][  0]LogPakFile: PakFile PathHashIndexSize=101
[2022.01.29-07.17.47:027][  0]LogPakFile: PakFile FullDirectoryIndexSize=158
[2022.01.29-07.17.47:027][  0]LogShaderLibrary: Display: ShaderCodeLibraryPakFileMountedCallback: PakFile 'D:/UE_4.27/FeaturePacks/TP_VirtualRealityBP.upack' (chunk index -1, root 'root:/') mounted
[2022.01.29-07.17.47:027][  0]LogShaderLibrary: Display: ShaderCodeLibraryPakFileMountedCallback: pending pak file info (ChunkID:-1 Root:root:/ File:D:/UE_4.27/FeaturePacks/TP_VirtualRealityBP.upack)
[2022.01.29-07.17.47:027][  0]LogPakFile: OnPakFileMounted2Time == 0.000168
[2022.01.29-07.17.47:056][  0]LogNativeClassHierarchy: Verbose: Native class hierarchy updated for 'AddContentDialog' in 0.0003 seconds. Added 0 classes and 0 folders.
[2022.01.29-07.17.47:061][  0]LogNativeClassHierarchy: Verbose: Native class hierarchy updated for 'SceneOutliner' in 0.0003 seconds. Added 2 classes and 0 folders.
[2022.01.29-07.17.47:136][  0]LogSlate: Took 0.000139 seconds to synchronously load lazily loaded font '../../../Engine/Content/Slate/Fonts/Roboto-Regular.ttf' (155K)
[2022.01.29-07.17.47:137][  0]LogSlate: Took 0.000101 seconds to synchronously load lazily loaded font '../../../Engine/Content/Editor/Slate/Fonts/FontAwesome.ttf' (139K)
[2022.01.29-07.17.47:138][  0]LogSlate: Took 0.000092 seconds to synchronously load lazily loaded font '../../../Engine/Content/Slate/Fonts/Roboto-Bold.ttf' (160K)
[2022.01.29-07.17.47:207][  0]LogRenderer: Reallocating scene render targets to support 1208x532 Format 10 NumSamples 1 (Frame:1).
[2022.01.29-07.17.47:268][  0]LogSlate: Took 0.000194 seconds to synchronously load lazily loaded font '../../../Engine/Content/Slate/Fonts/Roboto-Light.ttf' (167K)
[2022.01.29-07.17.47:386][  0]LogNativeClassHierarchy: Verbose: Native class hierarchy updated for 'HierarchicalLODOutliner' in 0.0003 seconds. Added 0 classes and 0 folders.
[2022.01.29-07.17.47:386][  0]LogLoad: (Engine Initialization) Total time: 7.77 seconds
[2022.01.29-07.17.47:386][  0]LogLoad: (Engine Initialization) Total Blueprint compile time: 0.00 seconds
[2022.01.29-07.17.47:436][  0]LogAssetRegistry: Asset discovery search completed in 4.4995 seconds
[2022.01.29-07.17.47:441][  0]LogCollectionManager: Fixed up redirectors for 0 collections in 0.000004 seconds (updated 0 objects)
[2022.01.29-07.17.47:442][  0]LogContentStreaming: Texture pool size now 1000 MB
[2022.01.29-07.18.13:300][119]LogSlate: Took 0.000123 seconds to synchronously load lazily loaded font '../../../Engine/Content/Slate/Fonts/Roboto-Light.ttf' (167K)
[2022.01.29-07.18.13:311][119]LogAssetEditorSubsystem: Opening Asset editor for Blueprint /Game/_Game/Blueprints/BP_RunCharacter.BP_RunCharacter
[2022.01.29-07.18.13:461][119]LogNativeClassHierarchy: Verbose: Native class hierarchy updated for 'BlueprintGraph' in 0.0005 seconds. Added 126 classes and 0 folders.
[2022.01.29-07.18.15:695][209]LogSlate: Took 0.000146 seconds to synchronously load lazily loaded font '../../../Engine/Content/Slate/Fonts/Roboto-BoldCondensed.ttf' (158K)
[2022.01.29-07.18.39:259][509]LogSlate: Took 0.000171 seconds to synchronously load lazily loaded font '../../../Engine/Content/Slate/Fonts/Roboto-Italic.ttf' (157K)
[2022.01.29-07.18.52:333][127]BlueprintLog: New page: Compile BP_RunCharacter
[2022.01.29-07.18.52:366][127]LogUObjectHash: Compacting FUObjectHashTables data took   2.14ms
[2022.01.29-07.18.52:394][127]LogSlate: Took 0.000141 seconds to synchronously load lazily loaded font '../../../Engine/Content/Slate/Fonts/DroidSansMono.ttf' (77K)
[2022.01.29-07.18.53:018][162]Cmd: OBJ SAVEPACKAGE PACKAGE="/Game/_Game/Blueprints/BP_RunCharacter" FILE="../../../../Unreal_c++/EndlessRun/EndlessRunner/Content/_Game/Blueprints/BP_RunCharacter.uasset" SILENT=true
[2022.01.29-07.18.53:030][162]LogSavePackage: Moving '../../../../Unreal_c++/EndlessRun/EndlessRunner/Saved/BP_RunCharacter50E7DEBF4E9316C566BAF89516849A00.tmp' to '../../../../Unreal_c++/EndlessRun/EndlessRunner/Content/_Game/Blueprints/BP_RunCharacter.uasset'
[2022.01.29-07.18.53:047][162]AssetCheck: New page: Asset Save: BP_RunCharacter
[2022.01.29-07.18.53:048][162]LogContentValidation: Display: Validating Blueprint /Game/_Game/Blueprints/BP_RunCharacter.BP_RunCharacter
[2022.01.29-07.30.36:109][683]Cmd: OBJ SAVEPACKAGE PACKAGE="/Game/_Game/Blueprints/BP_RunCharacter" FILE="../../../../Unreal_c++/EndlessRun/EndlessRunner/Content/_Game/Blueprints/BP_RunCharacter.uasset" SILENT=true
[2022.01.29-07.30.36:115][683]LogSavePackage: Moving '../../../../Unreal_c++/EndlessRun/EndlessRunner/Saved/BP_RunCharacter466EAA0B4E497E20089609B4BF3F42F0.tmp' to '../../../../Unreal_c++/EndlessRun/EndlessRunner/Content/_Game/Blueprints/BP_RunCharacter.uasset'
[2022.01.29-07.30.36:132][683]AssetCheck: New page: Asset Save: BP_RunCharacter
[2022.01.29-07.30.36:132][683]LogContentValidation: Display: Validating Blueprint /Game/_Game/Blueprints/BP_RunCharacter.BP_RunCharacter
[2022.01.29-07.30.36:980][734]LogSlate: Window 'BP_RunCharacter' being destroyed
[2022.01.29-07.30.36:985][734]LogSlate: Window 'BP_RunCharacter' being destroyed
[2022.01.29-07.30.36:988][734]LogWorld: UWorld::CleanupWorld for World_2, bSessionEnded=true, bCleanupResources=true
[2022.01.29-07.30.36:988][734]LogSlate: InvalidateAllWidgets triggered.  All widgets were invalidated
[2022.01.29-07.30.38:240][804]Cmd: OBJ SAVEPACKAGE PACKAGE="/Game/_Game/Maps/MainLevel" FILE="../../../../Unreal_c++/EndlessRun/EndlessRunner/Content/_Game/Maps/MainLevel.umap" SILENT=true AUTOSAVING=false KEEPDIRTY=false
[2022.01.29-07.30.38:258][804]LogUObjectHash: Compacting FUObjectHashTables data took   2.68ms
[2022.01.29-07.30.38:269][804]LogSavePackage: Moving '../../../../Unreal_c++/EndlessRun/EndlessRunner/Saved/MainLevel6300AF6F41B30498950B7C8F75E97FF0.tmp' to '../../../../Unreal_c++/EndlessRun/EndlessRunner/Content/_Game/Maps/MainLevel.umap'
[2022.01.29-07.30.38:280][804]Cmd: OBJ SAVEPACKAGE PACKAGE="/Game/_Game/Maps/MainLevel_BuiltData" FILE="../../../../Unreal_c++/EndlessRun/EndlessRunner/Content/_Game/Maps/MainLevel_BuiltData.uasset" SILENT=true
[2022.01.29-07.30.38:296][804]LogSavePackage: Moving '../../../../Unreal_c++/EndlessRun/EndlessRunner/Saved/MainLevel_BuiltData4D2757694765CFD97D001184189C34D6.tmp' to '../../../../Unreal_c++/EndlessRun/EndlessRunner/Content/_Game/Maps/MainLevel_BuiltData.uasset'
[2022.01.29-07.30.38:308][804]AssetCheck: New page: Asset Save: multiple assets
[2022.01.29-07.30.38:308][804]LogContentValidation: Display: Validating MapBuildDataRegistry /Game/_Game/Maps/MainLevel_BuiltData.MainLevel_BuiltData
[2022.01.29-07.30.38:309][804]LogContentValidation: Display: Validating World /Game/_Game/Maps/MainLevel.MainLevel
