Log file open, 01/30/22 12:12:33
LogWindows: Failed to load 'aqProf.dll' (GetLastError=126)
LogWindows: File 'aqProf.dll' does not exist
LogWindows: Failed to load 'VtuneApi.dll' (GetLastError=126)
LogWindows: File 'VtuneApi.dll' does not exist
LogWindows: Failed to load 'VtuneApi32e.dll' (GetLastError=126)
LogWindows: File 'VtuneApi32e.dll' does not exist
LogConsoleResponse: Display: Failed to find resolution value strings in scalability ini. Falling back to default.
LogConsoleResponse: Display: Failed to find resolution value strings in scalability ini. Falling back to default.
LogInit: Display: Running engine for game: EndlessRunner
LogPlatformFile: Not using cached read wrapper
LogTaskGraph: Started task graph with 5 named threads and 47 total threads with 3 sets of task threads.
LogStats: Stats thread started at 0.472548
LogICUInternationalization: ICU TimeZone Detection - Raw Offset: +7:00, Platform Override: ''
LogInit: Display: Loading text-based GConfig....
LogPluginManager: Mounting plugin MeshPainting
LogPluginManager: Mounting plugin XGEController
LogPluginManager: Mounting plugin Paper2D
LogPluginManager: Mounting plugin AISupport
LogPluginManager: Mounting plugin EnvironmentQueryEditor
LogPluginManager: Mounting plugin LightPropagationVolume
LogPluginManager: Mounting plugin GameplayCameras
LogPluginManager: Mounting plugin CameraShakePreviewer
LogPluginManager: Mounting plugin LiveLink
LogPluginManager: Mounting plugin CLionSourceCodeAccess
LogPluginManager: Mounting plugin AssetManagerEditor
LogPluginManager: Mounting plugin AnimationSharing
LogPluginManager: Mounting plugin CurveEditorTools
LogPluginManager: Mounting plugin DataValidation
LogPluginManager: Mounting plugin FacialAnimation
LogPluginManager: Mounting plugin GameplayTagsEditor
LogPluginManager: Mounting plugin CryptoKeys
LogPluginManager: Mounting plugin MacGraphicsSwitching
LogPluginManager: Mounting plugin MobileLauncherProfileWizard
LogPluginManager: Mounting plugin MaterialAnalyzer
LogPluginManager: Mounting plugin PluginBrowser
LogPluginManager: Mounting plugin SpeedTreeImporter
LogPluginManager: Mounting plugin GitSourceControl
LogPluginManager: Mounting plugin KDevelopSourceCodeAccess
LogPluginManager: Mounting plugin CodeLiteSourceCodeAccess
LogPluginManager: Mounting plugin NullSourceCodeAccess
LogPluginManager: Mounting plugin GeometryMode
LogPluginManager: Mounting plugin PixWinPlugin
LogPluginManager: Mounting plugin PlasticSourceControl
LogPluginManager: Mounting plugin SubversionSourceControl
LogPluginManager: Mounting plugin PluginUtils
LogPluginManager: Mounting plugin UObjectPlugin
LogPluginManager: Mounting plugin PerforceSourceControl
LogPluginManager: Mounting plugin PropertyAccessNode
LogPluginManager: Mounting plugin TextureFormatOodle
LogPluginManager: Mounting plugin VisualStudioCodeSourceCodeAccess
LogPluginManager: Mounting plugin XCodeSourceCodeAccess
LogPluginManager: Mounting plugin VisualStudioSourceCodeAccess
LogPluginManager: Mounting plugin AutomationUtils
LogPluginManager: Mounting plugin BackChannel
LogPluginManager: Mounting plugin ChaosCloth
LogPluginManager: Mounting plugin AlembicImporter
LogPluginManager: Mounting plugin RiderSourceCodeAccess
LogPluginManager: Mounting plugin ChaosNiagara
LogPluginManager: Mounting plugin ChaosClothEditor
LogPluginManager: Mounting plugin ChaosEditor
LogPluginManager: Mounting plugin ChaosSolverPlugin
LogPluginManager: Mounting plugin CharacterAI
LogPluginManager: Mounting plugin GeometryCache
LogPluginManager: Mounting plugin GeometryCollectionPlugin
LogPluginManager: Mounting plugin GeometryProcessing
LogPluginManager: Mounting plugin OpenImageDenoise
LogPluginManager: Mounting plugin MotoSynth
LogPluginManager: Mounting plugin PlanarCut
LogPluginManager: Mounting plugin PlatformCrypto
LogPluginManager: Mounting plugin ProxyLODPlugin
LogPluginManager: Mounting plugin PythonScriptPlugin
LogPluginManager: Mounting plugin SkeletalReduction
LogPluginManager: Mounting plugin Niagara
LogPluginManager: Mounting plugin DatasmithContent
LogPluginManager: Mounting plugin VariantManagerContent
LogPluginManager: Mounting plugin LuminPlatformFeatures
LogPluginManager: Mounting plugin MagicLeap
LogPluginManager: Mounting plugin MagicLeapLightEstimation
LogPluginManager: Mounting plugin MagicLeapMedia
LogPluginManager: Mounting plugin MagicLeapPassableWorld
LogPluginManager: Mounting plugin MLSDK
LogPluginManager: Mounting plugin AndroidMedia
LogPluginManager: Mounting plugin ImgMedia
LogPluginManager: Mounting plugin MediaCompositing
LogPluginManager: Mounting plugin MediaPlayerEditor
LogPluginManager: Mounting plugin AvfMedia
LogPluginManager: Mounting plugin WebMMedia
LogPluginManager: Mounting plugin WmfMedia
LogPluginManager: Mounting plugin TcpMessaging
LogPluginManager: Mounting plugin UdpMessaging
LogPluginManager: Mounting plugin ActorSequence
LogPluginManager: Mounting plugin MatineeToLevelSequence
LogPluginManager: Mounting plugin LevelSequenceEditor
LogPluginManager: Mounting plugin TemplateSequence
LogPluginManager: Mounting plugin OnlineSubsystem
LogPluginManager: Mounting plugin OnlineSubsystemNull
LogPluginManager: Mounting plugin OnlineSubsystemUtils
LogPluginManager: Mounting plugin LauncherChunkInstaller
LogPluginManager: Mounting plugin ActorLayerUtilities
LogPluginManager: Mounting plugin AndroidDeviceProfileSelector
LogPluginManager: Mounting plugin AndroidPermission
LogPluginManager: Mounting plugin AppleImageUtils
LogPluginManager: Mounting plugin AppleMoviePlayer
LogPluginManager: Mounting plugin AndroidMoviePlayer
LogPluginManager: Mounting plugin ArchVisCharacter
LogPluginManager: Mounting plugin AudioCapture
LogPluginManager: Mounting plugin AssetTags
LogPluginManager: Mounting plugin AudioSynesthesia
LogPluginManager: Mounting plugin CableComponent
LogPluginManager: Mounting plugin CustomMeshComponent
LogPluginManager: Mounting plugin ChunkDownloader
LogPluginManager: Mounting plugin ExampleDeviceProfileSelector
LogPluginManager: Mounting plugin EditableMesh
LogPluginManager: Mounting plugin GoogleCloudMessaging
LogPluginManager: Mounting plugin GooglePAD
LogPluginManager: Mounting plugin IOSDeviceProfileSelector
LogPluginManager: Mounting plugin LinuxDeviceProfileSelector
LogPluginManager: Mounting plugin LocationServicesBPLibrary
LogPluginManager: Mounting plugin MobilePatchingUtils
LogPluginManager: Mounting plugin OpenXREyeTracker
LogPluginManager: Mounting plugin OpenXR
LogPluginManager: Mounting plugin OpenXRHandTracking
LogPluginManager: Mounting plugin PhysXVehicles
LogPluginManager: Mounting plugin PostSplashScreen
LogPluginManager: Mounting plugin PropertyAccessEditor
LogPluginManager: Mounting plugin ProceduralMeshComponent
LogPluginManager: Mounting plugin RuntimePhysXCooking
LogPluginManager: Mounting plugin SoundFields
LogPluginManager: Mounting plugin SignificanceManager
LogPluginManager: Mounting plugin Synthesis
LogPluginManager: Mounting plugin WebMMoviePlayer
LogPluginManager: Mounting plugin WindowsMoviePlayer
LogPluginManager: Mounting plugin ScreenshotTools
LogPluginManager: Mounting plugin Takes
LogPluginManager: Mounting plugin OodleData
LogPluginManager: Mounting plugin OodleNetwork
LogPluginManager: Mounting plugin ContentBrowserAssetDataSource
LogPluginManager: Mounting plugin ContentBrowserClassDataSource
LogPluginManager: Mounting plugin ContentBrowserFileDataSource
LogPluginManager: Mounting plugin OnlineSubsystemIOS
LogPluginManager: Mounting plugin OnlineSubsystemGooglePlay
LogPluginManager: Mounting plugin OculusVR
LogPluginManager: Mounting plugin SteamVR
PixWinPlugin: PIX capture plugin failed to initialize! Check that the process is launched from PIX.
LogInit: Using libcurl 7.55.1-DEV
LogInit:  - built for x86_64-pc-win32
LogInit:  - supports SSL with OpenSSL/1.1.1
LogInit:  - supports HTTP deflate (compression) using libz 1.2.8
LogInit:  - other features:
LogInit:      CURL_VERSION_SSL
LogInit:      CURL_VERSION_LIBZ
LogInit:      CURL_VERSION_IPV6
LogInit:      CURL_VERSION_ASYNCHDNS
LogInit:      CURL_VERSION_LARGEFILE
LogInit:      CURL_VERSION_IDN
LogInit:  CurlRequestOptions (configurable via config and command line):
LogInit:  - bVerifyPeer = true  - Libcurl will verify peer certificate
LogInit:  - bUseHttpProxy = false  - Libcurl will NOT use HTTP proxy
LogInit:  - bDontReuseConnections = false  - Libcurl will reuse connections
LogInit:  - MaxHostConnections = 16  - Libcurl will limit the number of connections to a host
LogInit:  - LocalHostAddr = Default
LogInit:  - BufferSize = 65536
LogOnline: OSS: Creating online subsystem instance for: NULL
LogInit: WinSock: version 1.1 (2.2), MaxSocks=32767, MaxUdp=65467
LogOnline: OSS: TryLoadSubsystemAndSetDefault: Loaded subsystem for module [NULL]
LogOculusPluginWrapper: OculusPlugin initialized successfully
LogHMD: Failed initializing OVRPlugin 1.59.0
LogInit: Build: ++UE4+Release-4.27-CL-17735300
LogInit: Engine Version: 4.27.1-17735300+++UE4+Release-4.27
LogInit: Compatible Engine Version: 4.27.0-17155196+++UE4+Release-4.27
LogInit: Net CL: 17155196
LogInit: OS: Windows 10 (Release 2009) (), CPU: AMD Ryzen 7 5800H with Radeon Graphics         , GPU: NVIDIA GeForce RTX 3060 Laptop GPU
LogInit: Compiled (64-bit): Oct  6 2021 14:42:51
LogInit: Compiled with Visual C++: 19.24.28315.00
LogInit: Build Configuration: Development
LogInit: Branch Name: ++UE4+Release-4.27
LogInit: Command Line:  -skipcompile
LogInit: Base Directory: D:/UE_4.27/Engine/Binaries/Win64/
LogInit: Allocator: TBB
LogInit: Installed Engine Build: 1
LogDevObjectVersion: Number of dev versions registered: 29
LogDevObjectVersion:   Dev-Blueprints (B0D832E4-1F89-4F0D-ACCF-7EB736FD4AA2): 10
LogDevObjectVersion:   Dev-Build (E1C64328-A22C-4D53-A36C-8E866417BD8C): 0
LogDevObjectVersion:   Dev-Core (375EC13C-06E4-48FB-B500-84F0262A717E): 4
LogDevObjectVersion:   Dev-Editor (E4B068ED-F494-42E9-A231-DA0B2E46BB41): 40
LogDevObjectVersion:   Dev-Framework (CFFC743F-43B0-4480-9391-14DF171D2073): 37
LogDevObjectVersion:   Dev-Mobile (B02B49B5-BB20-44E9-A304-32B752E40360): 3
LogDevObjectVersion:   Dev-Networking (A4E4105C-59A1-49B5-A7C5-40C4547EDFEE): 0
LogDevObjectVersion:   Dev-Online (39C831C9-5AE6-47DC-9A44-9C173E1C8E7C): 0
LogDevObjectVersion:   Dev-Physics (78F01B33-EBEA-4F98-B9B4-84EACCB95AA2): 14
LogDevObjectVersion:   Dev-Platform (6631380F-2D4D-43E0-8009-CF276956A95A): 0
LogDevObjectVersion:   Dev-Rendering (12F88B9F-8875-4AFC-A67C-D90C383ABD29): 45
LogDevObjectVersion:   Dev-Sequencer (7B5AE74C-D270-4C10-A958-57980B212A5A): 13
LogDevObjectVersion:   Dev-VR (D7296918-1DD6-4BDD-9DE2-64A83CC13884): 3
LogDevObjectVersion:   Dev-LoadTimes (C2A15278-BFE7-4AFE-6C17-90FF531DF755): 1
LogDevObjectVersion:   Private-Geometry (6EACA3D4-40EC-4CC1-B786-8BED09428FC5): 3
LogDevObjectVersion:   Dev-AnimPhys (29E575DD-E0A3-4627-9D10-D276232CDCEA): 17
LogDevObjectVersion:   Dev-Anim (AF43A65D-7FD3-4947-9873-3E8ED9C1BB05): 15
LogDevObjectVersion:   Dev-ReflectionCapture (6B266CEC-1EC7-4B8F-A30B-E4D90942FC07): 1
LogDevObjectVersion:   Dev-Automation (0DF73D61-A23F-47EA-B727-89E90C41499A): 1
LogDevObjectVersion:   FortniteMain (601D1886-AC64-4F84-AA16-D3DE0DEAC7D6): 47
LogDevObjectVersion:   FortniteRelease (E7086368-6B23-4C58-8439-1B7016265E91): 1
LogDevObjectVersion:   Dev-Enterprise (9DFFBCD6-494F-0158-E221-12823C92A888): 10
LogDevObjectVersion:   Dev-Niagara (F2AED0AC-9AFE-416F-8664-AA7FFA26D6FC): 1
LogDevObjectVersion:   Dev-Destruction (174F1F0B-B4C6-45A5-B13F-2EE8D0FB917D): 10
LogDevObjectVersion:   Dev-Physics-Ext (35F94A83-E258-406C-A318-09F59610247C): 41
LogDevObjectVersion:   Dev-PhysicsMaterial-Chaos (B68FC16E-8B1B-42E2-B453-215C058844FE): 1
LogDevObjectVersion:   Dev-CineCamera (B2E18506-4273-CFC2-A54E-F4BB758BBA07): 1
LogDevObjectVersion:   Dev-VirtualProduction (64F58936-FD1B-42BA-BA96-7289D5D0FA4E): 1
LogDevObjectVersion:   Dev-MediaFramework (6F0ED827-A609-4895-9C91-998D90180EA4): 2
LogInit: Presizing for max 25165824 objects, including 0 objects not considered by GC, pre-allocating 0 bytes for permanent pool.
LogConfig: Applying CVar settings from Section [/Script/Engine.StreamingSettings] File [D:/Unreal_c++/EndlessRun/EndlessRunner/Saved/Config/Windows/Engine.ini]
LogConfig: Setting CVar [[s.MinBulkDataSizeForAsyncLoading:131072]]
LogConfig: Setting CVar [[s.AsyncLoadingThreadEnabled:0]]
LogConfig: Setting CVar [[s.EventDrivenLoaderEnabled:1]]
LogConfig: Setting CVar [[s.WarnIfTimeLimitExceeded:0]]
LogConfig: Setting CVar [[s.TimeLimitExceededMultiplier:1.5]]
LogConfig: Setting CVar [[s.TimeLimitExceededMinTime:0.005]]
LogConfig: Setting CVar [[s.UseBackgroundLevelStreaming:1]]
LogConfig: Setting CVar [[s.PriorityAsyncLoadingExtraTime:15.0]]
LogConfig: Setting CVar [[s.LevelStreamingActorsUpdateTimeLimit:5.0]]
LogConfig: Setting CVar [[s.PriorityLevelStreamingActorsUpdateExtraTime:5.0]]
LogConfig: Setting CVar [[s.LevelStreamingComponentsRegistrationGranularity:10]]
LogConfig: Setting CVar [[s.UnregisterComponentsTimeLimit:1.0]]
LogConfig: Setting CVar [[s.LevelStreamingComponentsUnregistrationGranularity:5]]
LogConfig: Setting CVar [[s.FlushStreamingOnExit:1]]
LogInit: Object subsystem initialized
LogConfig: Setting CVar [[con.DebugEarlyDefault:1]]
LogConfig: Setting CVar [[r.setres:1280x720]]
[2022.01.30-05.12.33:906][  0]LogConfig: Setting CVar [[r.VSync:0]]
[2022.01.30-05.12.33:906][  0]LogConfig: Setting CVar [[r.RHICmdBypass:0]]
[2022.01.30-05.12.33:906][  0]LogConfig: Applying CVar settings from Section [/Script/Engine.RendererSettings] File [D:/Unreal_c++/EndlessRun/EndlessRunner/Saved/Config/Windows/Engine.ini]
[2022.01.30-05.12.33:907][  0]LogConfig: Setting CVar [[r.GPUCrashDebugging:0]]
[2022.01.30-05.12.33:907][  0]LogConfig: Applying CVar settings from Section [/Script/Engine.RendererOverrideSettings] File [D:/Unreal_c++/EndlessRun/EndlessRunner/Saved/Config/Windows/Engine.ini]
[2022.01.30-05.12.33:907][  0]LogConfig: Applying CVar settings from Section [/Script/Engine.StreamingSettings] File [D:/Unreal_c++/EndlessRun/EndlessRunner/Saved/Config/Windows/Engine.ini]
[2022.01.30-05.12.33:907][  0]LogConfig: Setting CVar [[s.MinBulkDataSizeForAsyncLoading:131072]]
[2022.01.30-05.12.33:907][  0]LogConfig: Setting CVar [[s.AsyncLoadingThreadEnabled:0]]
[2022.01.30-05.12.33:907][  0]LogConfig: Setting CVar [[s.EventDrivenLoaderEnabled:1]]
[2022.01.30-05.12.33:907][  0]LogConfig: Setting CVar [[s.WarnIfTimeLimitExceeded:0]]
[2022.01.30-05.12.33:907][  0]LogConfig: Setting CVar [[s.TimeLimitExceededMultiplier:1.5]]
[2022.01.30-05.12.33:907][  0]LogConfig: Setting CVar [[s.TimeLimitExceededMinTime:0.005]]
[2022.01.30-05.12.33:907][  0]LogConfig: Setting CVar [[s.UseBackgroundLevelStreaming:1]]
[2022.01.30-05.12.33:907][  0]LogConfig: Setting CVar [[s.PriorityAsyncLoadingExtraTime:15.0]]
[2022.01.30-05.12.33:907][  0]LogConfig: Setting CVar [[s.LevelStreamingActorsUpdateTimeLimit:5.0]]
[2022.01.30-05.12.33:907][  0]LogConfig: Setting CVar [[s.PriorityLevelStreamingActorsUpdateExtraTime:5.0]]
[2022.01.30-05.12.33:907][  0]LogConfig: Setting CVar [[s.LevelStreamingComponentsRegistrationGranularity:10]]
[2022.01.30-05.12.33:907][  0]LogConfig: Setting CVar [[s.UnregisterComponentsTimeLimit:1.0]]
[2022.01.30-05.12.33:907][  0]LogConfig: Setting CVar [[s.LevelStreamingComponentsUnregistrationGranularity:5]]
[2022.01.30-05.12.33:907][  0]LogConfig: Setting CVar [[s.FlushStreamingOnExit:1]]
[2022.01.30-05.12.33:908][  0]LogConfig: Applying CVar settings from Section [/Script/Engine.GarbageCollectionSettings] File [D:/Unreal_c++/EndlessRun/EndlessRunner/Saved/Config/Windows/Engine.ini]
[2022.01.30-05.12.33:908][  0]LogConfig: Setting CVar [[gc.MaxObjectsNotConsideredByGC:1]]
[2022.01.30-05.12.33:908][  0]LogConfig: Setting CVar [[gc.SizeOfPermanentObjectPool:0]]
[2022.01.30-05.12.33:908][  0]LogConfig: Setting CVar [[gc.FlushStreamingOnGC:0]]
[2022.01.30-05.12.33:908][  0]LogConfig: Setting CVar [[gc.NumRetriesBeforeForcingGC:10]]
[2022.01.30-05.12.33:908][  0]LogConfig: Setting CVar [[gc.AllowParallelGC:1]]
[2022.01.30-05.12.33:908][  0]LogConfig: Setting CVar [[gc.TimeBetweenPurgingPendingKillObjects:61.1]]
[2022.01.30-05.12.33:908][  0]LogConfig: Setting CVar [[gc.MaxObjectsInEditor:25165824]]
[2022.01.30-05.12.33:908][  0]LogConfig: Setting CVar [[gc.IncrementalBeginDestroyEnabled:1]]
[2022.01.30-05.12.33:908][  0]LogConfig: Setting CVar [[gc.CreateGCClusters:1]]
[2022.01.30-05.12.33:908][  0]LogConfig: Setting CVar [[gc.MinGCClusterSize:5]]
[2022.01.30-05.12.33:908][  0]LogConfig: Setting CVar [[gc.ActorClusteringEnabled:0]]
[2022.01.30-05.12.33:908][  0]LogConfig: Setting CVar [[gc.BlueprintClusteringEnabled:0]]
[2022.01.30-05.12.33:908][  0]LogConfig: Setting CVar [[gc.UseDisregardForGCOnDedicatedServers:0]]
[2022.01.30-05.12.33:908][  0]LogConfig: Setting CVar [[gc.MultithreadedDestructionEnabled:1]]
[2022.01.30-05.12.33:908][  0]LogConfig: Applying CVar settings from Section [/Script/Engine.NetworkSettings] File [D:/Unreal_c++/EndlessRun/EndlessRunner/Saved/Config/Windows/Engine.ini]
[2022.01.30-05.12.33:908][  0]LogConfig: Applying CVar settings from Section [/Script/UnrealEd.CookerSettings] File [D:/Unreal_c++/EndlessRun/EndlessRunner/Saved/Config/Windows/Engine.ini]
[2022.01.30-05.12.33:938][  0]LogConfig: Applying CVar settings from Section [ViewDistanceQuality@3] File [D:/Unreal_c++/EndlessRun/EndlessRunner/Saved/Config/Windows/Scalability.ini]
[2022.01.30-05.12.33:938][  0]LogConfig: Setting CVar [[r.SkeletalMeshLODBias:0]]
[2022.01.30-05.12.33:938][  0]LogConfig: Setting CVar [[r.ViewDistanceScale:1.0]]
[2022.01.30-05.12.33:938][  0]LogConfig: Applying CVar settings from Section [AntiAliasingQuality@3] File [D:/Unreal_c++/EndlessRun/EndlessRunner/Saved/Config/Windows/Scalability.ini]
[2022.01.30-05.12.33:938][  0]LogConfig: Setting CVar [[r.PostProcessAAQuality:4]]
[2022.01.30-05.12.33:938][  0]LogConfig: Applying CVar settings from Section [ShadowQuality@3] File [D:/Unreal_c++/EndlessRun/EndlessRunner/Saved/Config/Windows/Scalability.ini]
[2022.01.30-05.12.33:938][  0]LogConfig: Setting CVar [[r.LightFunctionQuality:1]]
[2022.01.30-05.12.33:938][  0]LogConfig: Setting CVar [[r.ShadowQuality:5]]
[2022.01.30-05.12.33:938][  0]LogConfig: Setting CVar [[r.Shadow.CSM.MaxCascades:10]]
[2022.01.30-05.12.33:939][  0]LogConfig: Setting CVar [[r.Shadow.MaxResolution:2048]]
[2022.01.30-05.12.33:939][  0]LogConfig: Setting CVar [[r.Shadow.MaxCSMResolution:2048]]
[2022.01.30-05.12.33:939][  0]LogConfig: Setting CVar [[r.Shadow.RadiusThreshold:0.01]]
[2022.01.30-05.12.33:939][  0]LogConfig: Setting CVar [[r.Shadow.DistanceScale:1.0]]
[2022.01.30-05.12.33:939][  0]LogConfig: Setting CVar [[r.Shadow.CSM.TransitionScale:1.0]]
[2022.01.30-05.12.33:939][  0]LogConfig: Setting CVar [[r.Shadow.PreShadowResolutionFactor:1.0]]
[2022.01.30-05.12.33:939][  0]LogConfig: Setting CVar [[r.DistanceFieldShadowing:1]]
[2022.01.30-05.12.33:939][  0]LogConfig: Setting CVar [[r.DistanceFieldAO:1]]
[2022.01.30-05.12.33:939][  0]LogConfig: Setting CVar [[r.AOQuality:2]]
[2022.01.30-05.12.33:939][  0]LogConfig: Setting CVar [[r.VolumetricFog:1]]
[2022.01.30-05.12.33:939][  0]LogConfig: Setting CVar [[r.VolumetricFog.GridPixelSize:8]]
[2022.01.30-05.12.33:939][  0]LogConfig: Setting CVar [[r.VolumetricFog.GridSizeZ:128]]
[2022.01.30-05.12.33:939][  0]LogConfig: Setting CVar [[r.VolumetricFog.HistoryMissSupersampleCount:4]]
[2022.01.30-05.12.33:939][  0]LogConfig: Setting CVar [[r.LightMaxDrawDistanceScale:1]]
[2022.01.30-05.12.33:939][  0]LogConfig: Setting CVar [[r.CapsuleShadows:1]]
[2022.01.30-05.12.33:939][  0]LogConfig: Applying CVar settings from Section [PostProcessQuality@3] File [D:/Unreal_c++/EndlessRun/EndlessRunner/Saved/Config/Windows/Scalability.ini]
[2022.01.30-05.12.33:939][  0]LogConfig: Setting CVar [[r.MotionBlurQuality:4]]
[2022.01.30-05.12.33:939][  0]LogConfig: Setting CVar [[r.AmbientOcclusionMipLevelFactor:0.4]]
[2022.01.30-05.12.33:939][  0]LogConfig: Setting CVar [[r.AmbientOcclusionMaxQuality:100]]
[2022.01.30-05.12.33:940][  0]LogConfig: Setting CVar [[r.AmbientOcclusionLevels:-1]]
[2022.01.30-05.12.33:940][  0]LogConfig: Setting CVar [[r.AmbientOcclusionRadiusScale:1.0]]
[2022.01.30-05.12.33:940][  0]LogConfig: Setting CVar [[r.DepthOfFieldQuality:2]]
[2022.01.30-05.12.33:940][  0]LogConfig: Setting CVar [[r.RenderTargetPoolMin:400]]
[2022.01.30-05.12.33:940][  0]LogConfig: Setting CVar [[r.LensFlareQuality:2]]
[2022.01.30-05.12.33:940][  0]LogConfig: Setting CVar [[r.SceneColorFringeQuality:1]]
[2022.01.30-05.12.33:940][  0]LogConfig: Setting CVar [[r.EyeAdaptationQuality:2]]
[2022.01.30-05.12.33:940][  0]LogConfig: Setting CVar [[r.BloomQuality:5]]
[2022.01.30-05.12.33:940][  0]LogConfig: Setting CVar [[r.FastBlurThreshold:100]]
[2022.01.30-05.12.33:940][  0]LogConfig: Setting CVar [[r.Upscale.Quality:3]]
[2022.01.30-05.12.33:940][  0]LogConfig: Setting CVar [[r.Tonemapper.GrainQuantization:1]]
[2022.01.30-05.12.33:940][  0]LogConfig: Setting CVar [[r.LightShaftQuality:1]]
[2022.01.30-05.12.33:940][  0]LogConfig: Setting CVar [[r.Filter.SizeScale:1]]
[2022.01.30-05.12.33:940][  0]LogConfig: Setting CVar [[r.Tonemapper.Quality:5]]
[2022.01.30-05.12.33:940][  0]LogConfig: Setting CVar [[r.DOF.Gather.AccumulatorQuality:1        ; higher gathering accumulator quality]]
[2022.01.30-05.12.33:940][  0]LogConfig: Setting CVar [[r.DOF.Gather.PostfilterMethod:1          ; Median3x3 postfilering method]]
[2022.01.30-05.12.33:940][  0]LogConfig: Setting CVar [[r.DOF.Gather.EnableBokehSettings:0       ; no bokeh simulation when gathering]]
[2022.01.30-05.12.33:941][  0]LogConfig: Setting CVar [[r.DOF.Gather.RingCount:4                 ; medium number of samples when gathering]]
[2022.01.30-05.12.33:941][  0]LogConfig: Setting CVar [[r.DOF.Scatter.ForegroundCompositing:1    ; additive foreground scattering]]
[2022.01.30-05.12.33:941][  0]LogConfig: Setting CVar [[r.DOF.Scatter.BackgroundCompositing:2    ; additive background scattering]]
[2022.01.30-05.12.33:941][  0]LogConfig: Setting CVar [[r.DOF.Scatter.EnableBokehSettings:1      ; bokeh simulation when scattering]]
[2022.01.30-05.12.33:941][  0]LogConfig: Setting CVar [[r.DOF.Scatter.MaxSpriteRatio:0.1         ; only a maximum of 10% of scattered bokeh]]
[2022.01.30-05.12.33:941][  0]LogConfig: Setting CVar [[r.DOF.Recombine.Quality:1                ; cheap slight out of focus]]
[2022.01.30-05.12.33:941][  0]LogConfig: Setting CVar [[r.DOF.Recombine.EnableBokehSettings:0    ; no bokeh simulation on slight out of focus]]
[2022.01.30-05.12.33:941][  0]LogConfig: Setting CVar [[r.DOF.TemporalAAQuality:1                ; more stable temporal accumulation]]
[2022.01.30-05.12.33:941][  0]LogConfig: Setting CVar [[r.DOF.Kernel.MaxForegroundRadius:0.025]]
[2022.01.30-05.12.33:941][  0]LogConfig: Setting CVar [[r.DOF.Kernel.MaxBackgroundRadius:0.025]]
[2022.01.30-05.12.33:941][  0]LogConfig: Applying CVar settings from Section [TextureQuality@3] File [D:/Unreal_c++/EndlessRun/EndlessRunner/Saved/Config/Windows/Scalability.ini]
[2022.01.30-05.12.33:941][  0]LogConfig: Setting CVar [[r.Streaming.MipBias:0]]
[2022.01.30-05.12.33:941][  0]LogConfig: Setting CVar [[r.Streaming.AmortizeCPUToGPUCopy:0]]
[2022.01.30-05.12.33:941][  0]LogConfig: Setting CVar [[r.Streaming.MaxNumTexturesToStreamPerFrame:0]]
[2022.01.30-05.12.33:941][  0]LogConfig: Setting CVar [[r.Streaming.Boost:1]]
[2022.01.30-05.12.33:941][  0]LogConfig: Setting CVar [[r.MaxAnisotropy:8]]
[2022.01.30-05.12.33:942][  0]LogConfig: Setting CVar [[r.VT.MaxAnisotropy:8]]
[2022.01.30-05.12.33:942][  0]LogConfig: Setting CVar [[r.Streaming.LimitPoolSizeToVRAM:0]]
[2022.01.30-05.12.33:942][  0]LogConfig: Setting CVar [[r.Streaming.PoolSize:1000]]
[2022.01.30-05.12.33:942][  0]LogConfig: Setting CVar [[r.Streaming.MaxEffectiveScreenSize:0]]
[2022.01.30-05.12.33:942][  0]LogConfig: Applying CVar settings from Section [EffectsQuality@3] File [D:/Unreal_c++/EndlessRun/EndlessRunner/Saved/Config/Windows/Scalability.ini]
[2022.01.30-05.12.33:942][  0]LogConfig: Setting CVar [[r.TranslucencyLightingVolumeDim:64]]
[2022.01.30-05.12.33:942][  0]LogConfig: Setting CVar [[r.RefractionQuality:2]]
[2022.01.30-05.12.33:942][  0]LogConfig: Setting CVar [[r.SSR.Quality:3]]
[2022.01.30-05.12.33:942][  0]LogConfig: Setting CVar [[r.SSR.HalfResSceneColor:0]]
[2022.01.30-05.12.33:942][  0]LogConfig: Setting CVar [[r.SceneColorFormat:4]]
[2022.01.30-05.12.33:942][  0]LogConfig: Setting CVar [[r.DetailMode:2]]
[2022.01.30-05.12.33:942][  0]LogConfig: Setting CVar [[r.TranslucencyVolumeBlur:1]]
[2022.01.30-05.12.33:942][  0]LogConfig: Setting CVar [[r.MaterialQualityLevel:1 ; High quality]]
[2022.01.30-05.12.33:942][  0]LogConfig: Setting CVar [[r.AnisotropicMaterials:1]]
[2022.01.30-05.12.33:942][  0]LogConfig: Setting CVar [[r.SSS.Scale:1]]
[2022.01.30-05.12.33:942][  0]LogConfig: Setting CVar [[r.SSS.SampleSet:2]]
[2022.01.30-05.12.33:943][  0]LogConfig: Setting CVar [[r.SSS.Quality:1]]
[2022.01.30-05.12.33:943][  0]LogConfig: Setting CVar [[r.SSS.HalfRes:0]]
[2022.01.30-05.12.33:943][  0]LogConfig: Setting CVar [[r.SSGI.Quality:3]]
[2022.01.30-05.12.33:943][  0]LogConfig: Setting CVar [[r.EmitterSpawnRateScale:1.0]]
[2022.01.30-05.12.33:943][  0]LogConfig: Setting CVar [[r.ParticleLightQuality:2]]
[2022.01.30-05.12.33:943][  0]LogConfig: Setting CVar [[r.SkyAtmosphere.AerialPerspectiveLUT.FastApplyOnOpaque:1 ; Always have FastSkyLUT 1 in this case to avoid wrong sky]]
[2022.01.30-05.12.33:943][  0]LogConfig: Setting CVar [[r.SkyAtmosphere.AerialPerspectiveLUT.SampleCountMaxPerSlice:4]]
[2022.01.30-05.12.33:943][  0]LogConfig: Setting CVar [[r.SkyAtmosphere.AerialPerspectiveLUT.DepthResolution:16.0]]
[2022.01.30-05.12.33:943][  0]LogConfig: Setting CVar [[r.SkyAtmosphere.FastSkyLUT:1]]
[2022.01.30-05.12.33:943][  0]LogConfig: Setting CVar [[r.SkyAtmosphere.FastSkyLUT.SampleCountMin:4.0]]
[2022.01.30-05.12.33:943][  0]LogConfig: Setting CVar [[r.SkyAtmosphere.FastSkyLUT.SampleCountMax:128.0]]
[2022.01.30-05.12.33:943][  0]LogConfig: Setting CVar [[r.SkyAtmosphere.SampleCountMin:4.0]]
[2022.01.30-05.12.33:943][  0]LogConfig: Setting CVar [[r.SkyAtmosphere.SampleCountMax:128.0]]
[2022.01.30-05.12.33:943][  0]LogConfig: Setting CVar [[r.SkyAtmosphere.TransmittanceLUT.UseSmallFormat:0]]
[2022.01.30-05.12.33:943][  0]LogConfig: Setting CVar [[r.SkyAtmosphere.TransmittanceLUT.SampleCount:10.0]]
[2022.01.30-05.12.33:943][  0]LogConfig: Setting CVar [[r.SkyAtmosphere.MultiScatteringLUT.SampleCount:15.0]]
[2022.01.30-05.12.33:943][  0]LogConfig: Setting CVar [[r.SkyLight.RealTimeReflectionCapture:1]]
[2022.01.30-05.12.33:943][  0]LogConfig: Applying CVar settings from Section [FoliageQuality@3] File [D:/Unreal_c++/EndlessRun/EndlessRunner/Saved/Config/Windows/Scalability.ini]
[2022.01.30-05.12.33:943][  0]LogConfig: Setting CVar [[foliage.DensityScale:1.0]]
[2022.01.30-05.12.33:944][  0]LogConfig: Setting CVar [[grass.DensityScale:1.0]]
[2022.01.30-05.12.33:944][  0]LogConfig: Applying CVar settings from Section [ShadingQuality@3] File [D:/Unreal_c++/EndlessRun/EndlessRunner/Saved/Config/Windows/Scalability.ini]
[2022.01.30-05.12.33:944][  0]LogConfig: Setting CVar [[r.HairStrands.SkyLighting.IntegrationType:2]]
[2022.01.30-05.12.33:944][  0]LogConfig: Setting CVar [[r.HairStrands.SkyAO.SampleCount:4]]
[2022.01.30-05.12.33:944][  0]LogConfig: Setting CVar [[r.HairStrands.Visibility.MSAA.SamplePerPixel:4]]
[2022.01.30-05.12.33:945][  0]LogInit: Selected Device Profile: [Windows]
[2022.01.30-05.12.33:946][  0]LogInit: Applying CVar settings loaded from the selected device profile: [Windows]
[2022.01.30-05.12.33:947][  0]LogHAL: Display: Platform has ~ 14 GB [14894297088 / 17179869184 / 14], which maps to Larger [LargestMinGB=32, LargerMinGB=12, DefaultMinGB=8, SmallerMinGB=6, SmallestMinGB=0)
[2022.01.30-05.12.33:947][  0]LogInit: Going up to parent DeviceProfile []
[2022.01.30-05.12.33:948][  0]LogConfig: Applying CVar settings from Section [ViewDistanceQuality@3] File [D:/Unreal_c++/EndlessRun/EndlessRunner/Saved/Config/Windows/Scalability.ini]
[2022.01.30-05.12.33:948][  0]LogConfig: Setting CVar [[r.SkeletalMeshLODBias:0]]
[2022.01.30-05.12.33:948][  0]LogConfig: Setting CVar [[r.ViewDistanceScale:1.0]]
[2022.01.30-05.12.33:948][  0]LogConfig: Applying CVar settings from Section [AntiAliasingQuality@3] File [D:/Unreal_c++/EndlessRun/EndlessRunner/Saved/Config/Windows/Scalability.ini]
[2022.01.30-05.12.33:948][  0]LogConfig: Setting CVar [[r.PostProcessAAQuality:4]]
[2022.01.30-05.12.33:948][  0]LogConfig: Applying CVar settings from Section [ShadowQuality@3] File [D:/Unreal_c++/EndlessRun/EndlessRunner/Saved/Config/Windows/Scalability.ini]
[2022.01.30-05.12.33:948][  0]LogConfig: Setting CVar [[r.LightFunctionQuality:1]]
[2022.01.30-05.12.33:948][  0]LogConfig: Setting CVar [[r.ShadowQuality:5]]
[2022.01.30-05.12.33:948][  0]LogConfig: Setting CVar [[r.Shadow.CSM.MaxCascades:10]]
[2022.01.30-05.12.33:948][  0]LogConfig: Setting CVar [[r.Shadow.MaxResolution:2048]]
[2022.01.30-05.12.33:949][  0]LogConfig: Setting CVar [[r.Shadow.MaxCSMResolution:2048]]
[2022.01.30-05.12.33:949][  0]LogConfig: Setting CVar [[r.Shadow.RadiusThreshold:0.01]]
[2022.01.30-05.12.33:949][  0]LogConfig: Setting CVar [[r.Shadow.DistanceScale:1.0]]
[2022.01.30-05.12.33:949][  0]LogConfig: Setting CVar [[r.Shadow.CSM.TransitionScale:1.0]]
[2022.01.30-05.12.33:949][  0]LogConfig: Setting CVar [[r.Shadow.PreShadowResolutionFactor:1.0]]
[2022.01.30-05.12.33:949][  0]LogConfig: Setting CVar [[r.DistanceFieldShadowing:1]]
[2022.01.30-05.12.33:949][  0]LogConfig: Setting CVar [[r.DistanceFieldAO:1]]
[2022.01.30-05.12.33:949][  0]LogConfig: Setting CVar [[r.AOQuality:2]]
[2022.01.30-05.12.33:949][  0]LogConfig: Setting CVar [[r.VolumetricFog:1]]
[2022.01.30-05.12.33:949][  0]LogConfig: Setting CVar [[r.VolumetricFog.GridPixelSize:8]]
[2022.01.30-05.12.33:949][  0]LogConfig: Setting CVar [[r.VolumetricFog.GridSizeZ:128]]
[2022.01.30-05.12.33:949][  0]LogConfig: Setting CVar [[r.VolumetricFog.HistoryMissSupersampleCount:4]]
[2022.01.30-05.12.33:949][  0]LogConfig: Setting CVar [[r.LightMaxDrawDistanceScale:1]]
[2022.01.30-05.12.33:949][  0]LogConfig: Setting CVar [[r.CapsuleShadows:1]]
[2022.01.30-05.12.33:949][  0]LogConfig: Applying CVar settings from Section [PostProcessQuality@3] File [D:/Unreal_c++/EndlessRun/EndlessRunner/Saved/Config/Windows/Scalability.ini]
[2022.01.30-05.12.33:949][  0]LogConfig: Setting CVar [[r.MotionBlurQuality:4]]
[2022.01.30-05.12.33:949][  0]LogConfig: Setting CVar [[r.AmbientOcclusionMipLevelFactor:0.4]]
[2022.01.30-05.12.33:949][  0]LogConfig: Setting CVar [[r.AmbientOcclusionMaxQuality:100]]
[2022.01.30-05.12.33:949][  0]LogConfig: Setting CVar [[r.AmbientOcclusionLevels:-1]]
[2022.01.30-05.12.33:949][  0]LogConfig: Setting CVar [[r.AmbientOcclusionRadiusScale:1.0]]
[2022.01.30-05.12.33:950][  0]LogConfig: Setting CVar [[r.DepthOfFieldQuality:2]]
[2022.01.30-05.12.33:950][  0]LogConfig: Setting CVar [[r.RenderTargetPoolMin:400]]
[2022.01.30-05.12.33:950][  0]LogConfig: Setting CVar [[r.LensFlareQuality:2]]
[2022.01.30-05.12.33:950][  0]LogConfig: Setting CVar [[r.SceneColorFringeQuality:1]]
[2022.01.30-05.12.33:950][  0]LogConfig: Setting CVar [[r.EyeAdaptationQuality:2]]
[2022.01.30-05.12.33:950][  0]LogConfig: Setting CVar [[r.BloomQuality:5]]
[2022.01.30-05.12.33:950][  0]LogConfig: Setting CVar [[r.FastBlurThreshold:100]]
[2022.01.30-05.12.33:950][  0]LogConfig: Setting CVar [[r.Upscale.Quality:3]]
[2022.01.30-05.12.33:950][  0]LogConfig: Setting CVar [[r.Tonemapper.GrainQuantization:1]]
[2022.01.30-05.12.33:950][  0]LogConfig: Setting CVar [[r.LightShaftQuality:1]]
[2022.01.30-05.12.33:950][  0]LogConfig: Setting CVar [[r.Filter.SizeScale:1]]
[2022.01.30-05.12.33:950][  0]LogConfig: Setting CVar [[r.Tonemapper.Quality:5]]
[2022.01.30-05.12.33:950][  0]LogConfig: Setting CVar [[r.DOF.Gather.AccumulatorQuality:1        ; higher gathering accumulator quality]]
[2022.01.30-05.12.33:950][  0]LogConfig: Setting CVar [[r.DOF.Gather.PostfilterMethod:1          ; Median3x3 postfilering method]]
[2022.01.30-05.12.33:950][  0]LogConfig: Setting CVar [[r.DOF.Gather.EnableBokehSettings:0       ; no bokeh simulation when gathering]]
[2022.01.30-05.12.33:950][  0]LogConfig: Setting CVar [[r.DOF.Gather.RingCount:4                 ; medium number of samples when gathering]]
[2022.01.30-05.12.33:950][  0]LogConfig: Setting CVar [[r.DOF.Scatter.ForegroundCompositing:1    ; additive foreground scattering]]
[2022.01.30-05.12.33:950][  0]LogConfig: Setting CVar [[r.DOF.Scatter.BackgroundCompositing:2    ; additive background scattering]]
[2022.01.30-05.12.33:950][  0]LogConfig: Setting CVar [[r.DOF.Scatter.EnableBokehSettings:1      ; bokeh simulation when scattering]]
[2022.01.30-05.12.33:950][  0]LogConfig: Setting CVar [[r.DOF.Scatter.MaxSpriteRatio:0.1         ; only a maximum of 10% of scattered bokeh]]
[2022.01.30-05.12.33:950][  0]LogConfig: Setting CVar [[r.DOF.Recombine.Quality:1                ; cheap slight out of focus]]
[2022.01.30-05.12.33:950][  0]LogConfig: Setting CVar [[r.DOF.Recombine.EnableBokehSettings:0    ; no bokeh simulation on slight out of focus]]
[2022.01.30-05.12.33:951][  0]LogConfig: Setting CVar [[r.DOF.TemporalAAQuality:1                ; more stable temporal accumulation]]
[2022.01.30-05.12.33:951][  0]LogConfig: Setting CVar [[r.DOF.Kernel.MaxForegroundRadius:0.025]]
[2022.01.30-05.12.33:951][  0]LogConfig: Setting CVar [[r.DOF.Kernel.MaxBackgroundRadius:0.025]]
[2022.01.30-05.12.33:951][  0]LogConfig: Applying CVar settings from Section [TextureQuality@3] File [D:/Unreal_c++/EndlessRun/EndlessRunner/Saved/Config/Windows/Scalability.ini]
[2022.01.30-05.12.33:951][  0]LogConfig: Setting CVar [[r.Streaming.MipBias:0]]
[2022.01.30-05.12.33:951][  0]LogConfig: Setting CVar [[r.Streaming.AmortizeCPUToGPUCopy:0]]
[2022.01.30-05.12.33:951][  0]LogConfig: Setting CVar [[r.Streaming.MaxNumTexturesToStreamPerFrame:0]]
[2022.01.30-05.12.33:951][  0]LogConfig: Setting CVar [[r.Streaming.Boost:1]]
[2022.01.30-05.12.33:951][  0]LogConfig: Setting CVar [[r.MaxAnisotropy:8]]
[2022.01.30-05.12.33:951][  0]LogConfig: Setting CVar [[r.VT.MaxAnisotropy:8]]
[2022.01.30-05.12.33:951][  0]LogConfig: Setting CVar [[r.Streaming.LimitPoolSizeToVRAM:0]]
[2022.01.30-05.12.33:951][  0]LogConfig: Setting CVar [[r.Streaming.PoolSize:1000]]
[2022.01.30-05.12.33:951][  0]LogConfig: Setting CVar [[r.Streaming.MaxEffectiveScreenSize:0]]
[2022.01.30-05.12.33:951][  0]LogConfig: Applying CVar settings from Section [EffectsQuality@3] File [D:/Unreal_c++/EndlessRun/EndlessRunner/Saved/Config/Windows/Scalability.ini]
[2022.01.30-05.12.33:951][  0]LogConfig: Setting CVar [[r.TranslucencyLightingVolumeDim:64]]
[2022.01.30-05.12.33:951][  0]LogConfig: Setting CVar [[r.RefractionQuality:2]]
[2022.01.30-05.12.33:951][  0]LogConfig: Setting CVar [[r.SSR.Quality:3]]
[2022.01.30-05.12.33:951][  0]LogConfig: Setting CVar [[r.SSR.HalfResSceneColor:0]]
[2022.01.30-05.12.33:951][  0]LogConfig: Setting CVar [[r.SceneColorFormat:4]]
[2022.01.30-05.12.33:951][  0]LogConfig: Setting CVar [[r.DetailMode:2]]
[2022.01.30-05.12.33:952][  0]LogConfig: Setting CVar [[r.TranslucencyVolumeBlur:1]]
[2022.01.30-05.12.33:952][  0]LogConfig: Setting CVar [[r.MaterialQualityLevel:1 ; High quality]]
[2022.01.30-05.12.33:952][  0]LogConfig: Setting CVar [[r.AnisotropicMaterials:1]]
[2022.01.30-05.12.33:952][  0]LogConfig: Setting CVar [[r.SSS.Scale:1]]
[2022.01.30-05.12.33:952][  0]LogConfig: Setting CVar [[r.SSS.SampleSet:2]]
[2022.01.30-05.12.33:952][  0]LogConfig: Setting CVar [[r.SSS.Quality:1]]
[2022.01.30-05.12.33:952][  0]LogConfig: Setting CVar [[r.SSS.HalfRes:0]]
[2022.01.30-05.12.33:952][  0]LogConfig: Setting CVar [[r.SSGI.Quality:3]]
[2022.01.30-05.12.33:952][  0]LogConfig: Setting CVar [[r.EmitterSpawnRateScale:1.0]]
[2022.01.30-05.12.33:952][  0]LogConfig: Setting CVar [[r.ParticleLightQuality:2]]
[2022.01.30-05.12.33:952][  0]LogConfig: Setting CVar [[r.SkyAtmosphere.AerialPerspectiveLUT.FastApplyOnOpaque:1 ; Always have FastSkyLUT 1 in this case to avoid wrong sky]]
[2022.01.30-05.12.33:952][  0]LogConfig: Setting CVar [[r.SkyAtmosphere.AerialPerspectiveLUT.SampleCountMaxPerSlice:4]]
[2022.01.30-05.12.33:952][  0]LogConfig: Setting CVar [[r.SkyAtmosphere.AerialPerspectiveLUT.DepthResolution:16.0]]
[2022.01.30-05.12.33:952][  0]LogConfig: Setting CVar [[r.SkyAtmosphere.FastSkyLUT:1]]
[2022.01.30-05.12.33:952][  0]LogConfig: Setting CVar [[r.SkyAtmosphere.FastSkyLUT.SampleCountMin:4.0]]
[2022.01.30-05.12.33:952][  0]LogConfig: Setting CVar [[r.SkyAtmosphere.FastSkyLUT.SampleCountMax:128.0]]
[2022.01.30-05.12.33:952][  0]LogConfig: Setting CVar [[r.SkyAtmosphere.SampleCountMin:4.0]]
[2022.01.30-05.12.33:952][  0]LogConfig: Setting CVar [[r.SkyAtmosphere.SampleCountMax:128.0]]
[2022.01.30-05.12.33:952][  0]LogConfig: Setting CVar [[r.SkyAtmosphere.TransmittanceLUT.UseSmallFormat:0]]
[2022.01.30-05.12.33:952][  0]LogConfig: Setting CVar [[r.SkyAtmosphere.TransmittanceLUT.SampleCount:10.0]]
[2022.01.30-05.12.33:953][  0]LogConfig: Setting CVar [[r.SkyAtmosphere.MultiScatteringLUT.SampleCount:15.0]]
[2022.01.30-05.12.33:953][  0]LogConfig: Setting CVar [[r.SkyLight.RealTimeReflectionCapture:1]]
[2022.01.30-05.12.33:953][  0]LogConfig: Applying CVar settings from Section [FoliageQuality@3] File [D:/Unreal_c++/EndlessRun/EndlessRunner/Saved/Config/Windows/Scalability.ini]
[2022.01.30-05.12.33:953][  0]LogConfig: Setting CVar [[foliage.DensityScale:1.0]]
[2022.01.30-05.12.33:953][  0]LogConfig: Setting CVar [[grass.DensityScale:1.0]]
[2022.01.30-05.12.33:953][  0]LogConfig: Applying CVar settings from Section [ShadingQuality@3] File [D:/Unreal_c++/EndlessRun/EndlessRunner/Saved/Config/Windows/Scalability.ini]
[2022.01.30-05.12.33:953][  0]LogConfig: Setting CVar [[r.HairStrands.SkyLighting.IntegrationType:2]]
[2022.01.30-05.12.33:953][  0]LogConfig: Setting CVar [[r.HairStrands.SkyAO.SampleCount:4]]
[2022.01.30-05.12.33:953][  0]LogConfig: Setting CVar [[r.HairStrands.Visibility.MSAA.SamplePerPixel:4]]
[2022.01.30-05.12.33:953][  0]LogConfig: Applying CVar settings from Section [Startup] File [../../../Engine/Config/ConsoleVariables.ini]
[2022.01.30-05.12.33:953][  0]LogConfig: Setting CVar [[net.UseAdaptiveNetUpdateFrequency:0]]
[2022.01.30-05.12.33:954][  0]LogConfig: Setting CVar [[p.chaos.AllowCreatePhysxBodies:1]]
[2022.01.30-05.12.33:954][  0]LogConfig: Setting CVar [[fx.SkipVectorVMBackendOptimizations:1]]
[2022.01.30-05.12.33:954][  0]LogConfig: Applying CVar settings from Section [ConsoleVariables] File [D:/Unreal_c++/EndlessRun/EndlessRunner/Saved/Config/Windows/Engine.ini]
[2022.01.30-05.12.33:954][  0]LogConfig: Applying CVar settings from Section [ConsoleVariables] File [D:/Unreal_c++/EndlessRun/EndlessRunner/Saved/Config/Windows/Editor.ini]
[2022.01.30-05.12.33:958][  0]LogInit: Computer: LAPTOP-FC3B43LI
[2022.01.30-05.12.33:958][  0]LogInit: User: ditde
[2022.01.30-05.12.33:958][  0]LogInit: CPU Page size=4096, Cores=8
[2022.01.30-05.12.33:958][  0]LogInit: High frequency timer resolution =10.000000 MHz
[2022.01.30-05.12.33:958][  0]LogMemory: Memory total: Physical=13.9GB (14GB approx)
[2022.01.30-05.12.33:958][  0]LogMemory: Platform Memory Stats for Windows
[2022.01.30-05.12.33:958][  0]LogMemory: Process Physical Memory: 148.17 MB used, 148.18 MB peak
[2022.01.30-05.12.33:958][  0]LogMemory: Process Virtual Memory: 125.28 MB used, 125.28 MB peak
[2022.01.30-05.12.33:959][  0]LogMemory: Physical Memory: 11656.11 MB used,  2548.20 MB free, 14204.31 MB total
[2022.01.30-05.12.33:959][  0]LogMemory: Virtual Memory: 134209216.00 MB used,  8513.15 MB free, 134217728.00 MB total
[2022.01.30-05.12.34:008][  0]LogWindows: WindowsPlatformFeatures enabled
[2022.01.30-05.12.34:245][  0]LogInit: Physics initialised using underlying interface: PhysX
[2022.01.30-05.12.34:249][  0]LogInit: Using OS detected language (en-US).
[2022.01.30-05.12.34:249][  0]LogInit: Using OS detected locale (en-US).
[2022.01.30-05.12.34:258][  0]LogTextLocalizationManager: No specific localization for 'en-US' exists, so the 'en' localization will be used.
[2022.01.30-05.12.34:681][  0]LogInit: Setting process to per monitor DPI aware
[2022.01.30-05.12.34:731][  0]LogWindowsTextInputMethodSystem: Display: IME system deactivated.
[2022.01.30-05.12.34:782][  0]LogSlate: New Slate User Created.  User Index 0, Is Virtual User: 0
[2022.01.30-05.12.34:782][  0]LogSlate: Slate User Registered.  User Index 0, Is Virtual User: 0
[2022.01.30-05.12.35:010][  0]LogD3D11RHI: Loaded GFSDK_Aftermath_Lib.x64.dll
[2022.01.30-05.12.35:021][  0]LogHMD: Failed to initialize OpenVR with code 110
[2022.01.30-05.12.35:021][  0]LogD3D11RHI: D3D11 min allowed feature level: 11_0
[2022.01.30-05.12.35:022][  0]LogD3D11RHI: D3D11 max allowed feature level: 11_0
[2022.01.30-05.12.35:022][  0]LogD3D11RHI: D3D11 adapters:
[2022.01.30-05.12.35:177][  0]LogD3D11RHI:    0. 'NVIDIA GeForce RTX 3060 Laptop GPU' (Feature Level 11_0)
[2022.01.30-05.12.35:177][  0]LogD3D11RHI:       6023/0/7102 MB DedicatedVideo/DedicatedSystem/SharedSystem, Outputs:2, VendorId:0x10de
[2022.01.30-05.12.35:279][  0]LogD3D11RHI:    1. 'AMD Radeon(TM) Graphics' (Feature Level 11_0)
[2022.01.30-05.12.35:279][  0]LogD3D11RHI:       2032/0/7102 MB DedicatedVideo/DedicatedSystem/SharedSystem, Outputs:0, VendorId:0x1002
[2022.01.30-05.12.35:287][  0]LogD3D11RHI:    2. 'Microsoft Basic Render Driver' (Feature Level 11_0)
[2022.01.30-05.12.35:287][  0]LogD3D11RHI:       0/0/7102 MB DedicatedVideo/DedicatedSystem/SharedSystem, Outputs:0, VendorId:0x1414
[2022.01.30-05.12.35:287][  0]LogD3D11RHI: Chosen D3D11 Adapter:
[2022.01.30-05.12.35:287][  0]LogD3D11RHI:     Description : NVIDIA GeForce RTX 3060 Laptop GPU
[2022.01.30-05.12.35:287][  0]LogD3D11RHI:     VendorId    : 10de
[2022.01.30-05.12.35:287][  0]LogD3D11RHI:     DeviceId    : 2560
[2022.01.30-05.12.35:287][  0]LogD3D11RHI:     SubSysId    : 3a8017aa
[2022.01.30-05.12.35:287][  0]LogD3D11RHI:     Revision    : 00a1
[2022.01.30-05.12.35:287][  0]LogD3D11RHI:     DedicatedVideoMemory : 6315573248 bytes
[2022.01.30-05.12.35:287][  0]LogD3D11RHI:     DedicatedSystemMemory : 0 bytes
[2022.01.30-05.12.35:287][  0]LogD3D11RHI:     SharedSystemMemory : 7447148544 bytes
[2022.01.30-05.12.35:287][  0]LogD3D11RHI:     AdapterLuid : 0 68801
[2022.01.30-05.12.35:300][  0]LogD3D11RHI: Creating new Direct3DDevice
[2022.01.30-05.12.35:300][  0]LogD3D11RHI:     GPU DeviceId: 0x2560 (for the marketing name, search the web for "GPU Device Id")
[2022.01.30-05.12.35:301][  0]LogWindows: EnumDisplayDevices:
[2022.01.30-05.12.35:301][  0]LogWindows:    0. 'AMD Radeon(TM) Graphics' (P:0 D:0)
[2022.01.30-05.12.35:301][  0]LogWindows:    1. 'AMD Radeon(TM) Graphics' (P:0 D:0)
[2022.01.30-05.12.35:302][  0]LogWindows:    2. 'AMD Radeon(TM) Graphics' (P:0 D:0)
[2022.01.30-05.12.35:302][  0]LogWindows:    3. 'NVIDIA GeForce RTX 3060 Laptop GPU' (P:1 D:1)
[2022.01.30-05.12.35:302][  0]LogWindows:    4. 'NVIDIA GeForce RTX 3060 Laptop GPU' (P:0 D:1)
[2022.01.30-05.12.35:303][  0]LogWindows:    5. 'NVIDIA GeForce RTX 3060 Laptop GPU' (P:0 D:0)
[2022.01.30-05.12.35:303][  0]LogWindows:    6. 'NVIDIA GeForce RTX 3060 Laptop GPU' (P:0 D:0)
[2022.01.30-05.12.35:303][  0]LogWindows: DebugString: PrimaryIsNotTheChoosenAdapter PrimaryIsNotTheChoosenAdapter PrimaryIsNotTheChoosenAdapter FoundDriverCount:4 
[2022.01.30-05.12.35:303][  0]LogD3D11RHI:     Adapter Name: NVIDIA GeForce RTX 3060 Laptop GPU
[2022.01.30-05.12.35:304][  0]LogD3D11RHI:   Driver Version: 472.56 (internal:30.0.14.7256, unified:472.56)
[2022.01.30-05.12.35:304][  0]LogD3D11RHI:      Driver Date: 11-3-2021
[2022.01.30-05.12.35:304][  0]LogRHI: Texture pool is 4216 MB (70% of 6023 MB)
[2022.01.30-05.12.35:304][  0]LogD3D11RHI: Creating D3DDevice using adapter:
[2022.01.30-05.12.35:304][  0]LogD3D11RHI:     Description : NVIDIA GeForce RTX 3060 Laptop GPU
[2022.01.30-05.12.35:304][  0]LogD3D11RHI:     VendorId    : 10de
[2022.01.30-05.12.35:304][  0]LogD3D11RHI:     DeviceId    : 2560
[2022.01.30-05.12.35:304][  0]LogD3D11RHI:     SubSysId    : 3a8017aa
[2022.01.30-05.12.35:304][  0]LogD3D11RHI:     Revision    : 00a1
[2022.01.30-05.12.35:304][  0]LogD3D11RHI:     DedicatedVideoMemory : 6315573248 bytes
[2022.01.30-05.12.35:304][  0]LogD3D11RHI:     DedicatedSystemMemory : 0 bytes
[2022.01.30-05.12.35:305][  0]LogD3D11RHI:     SharedSystemMemory : 7447148544 bytes
[2022.01.30-05.12.35:305][  0]LogD3D11RHI:     AdapterLuid : 0 68801
[2022.01.30-05.12.35:398][  0]LogD3D11RHI: RHI has support for 64 bit atomics
[2022.01.30-05.12.35:399][  0]LogD3D11RHI: Async texture creation enabled
[2022.01.30-05.12.35:399][  0]LogD3D11RHI: Array index from any shader is supported
[2022.01.30-05.12.35:490][  0]LogD3D11RHI: GPU Timing Frequency: 1000.000000 (Debug: 2 1)
[2022.01.30-05.12.35:529][  0]LogRHI: GeForceNow SDK initialized: 1
[2022.01.30-05.12.35:794][  0]LogTargetPlatformManager: Display: Loaded TargetPlatform 'AllDesktop'
[2022.01.30-05.12.35:817][  0]LogTargetPlatformManager: Display: Loaded TargetPlatform 'Android'
[2022.01.30-05.12.35:817][  0]LogTargetPlatformManager: Display: Loaded TargetPlatform 'Android_ASTC'
[2022.01.30-05.12.35:817][  0]LogTargetPlatformManager: Display: Loaded TargetPlatform 'Android_DXT'
[2022.01.30-05.12.35:817][  0]LogTargetPlatformManager: Display: Loaded TargetPlatform 'Android_ETC2'
[2022.01.30-05.12.35:817][  0]LogTargetPlatformManager: Display: Loaded TargetPlatform 'AndroidClient'
[2022.01.30-05.12.35:817][  0]LogTargetPlatformManager: Display: Loaded TargetPlatform 'Android_ASTCClient'
[2022.01.30-05.12.35:817][  0]LogTargetPlatformManager: Display: Loaded TargetPlatform 'Android_DXTClient'
[2022.01.30-05.12.35:817][  0]LogTargetPlatformManager: Display: Loaded TargetPlatform 'Android_ETC2Client'
[2022.01.30-05.12.35:817][  0]LogTargetPlatformManager: Display: Loaded TargetPlatform 'Android_Multi'
[2022.01.30-05.12.35:817][  0]LogTargetPlatformManager: Display: Loaded TargetPlatform 'Android_MultiClient'
[2022.01.30-05.12.35:848][  0]LogTargetPlatformManager: Display: Loaded TargetPlatform 'IOSClient'
[2022.01.30-05.12.35:848][  0]LogTargetPlatformManager: Display: Loaded TargetPlatform 'IOS'
[2022.01.30-05.12.35:860][  0]LogTargetPlatformManager: Display: Loaded TargetPlatform 'Linux'
[2022.01.30-05.12.35:866][  0]LogTargetPlatformManager: Display: Loaded TargetPlatform 'LinuxNoEditor'
[2022.01.30-05.12.35:873][  0]LogTargetPlatformManager: Display: Loaded TargetPlatform 'LinuxClient'
[2022.01.30-05.12.35:879][  0]LogTargetPlatformManager: Display: Loaded TargetPlatform 'LinuxServer'
[2022.01.30-05.12.35:889][  0]LogTargetPlatformManager: Display: Loaded TargetPlatform 'LinuxAArch64NoEditor'
[2022.01.30-05.12.35:896][  0]LogTargetPlatformManager: Display: Loaded TargetPlatform 'LinuxAArch64Client'
[2022.01.30-05.12.35:902][  0]LogTargetPlatformManager: Display: Loaded TargetPlatform 'LinuxAArch64Server'
[2022.01.30-05.12.35:924][  0]LogTargetPlatformManager: Display: Loaded TargetPlatform 'Lumin'
[2022.01.30-05.12.35:924][  0]LogTargetPlatformManager: Display: Loaded TargetPlatform 'LuminClient'
[2022.01.30-05.12.35:934][  0]LogTargetPlatformManager: Display: Loaded TargetPlatform 'MacNoEditor'
[2022.01.30-05.12.35:940][  0]LogTargetPlatformManager: Display: Loaded TargetPlatform 'Mac'
[2022.01.30-05.12.35:947][  0]LogTargetPlatformManager: Display: Loaded TargetPlatform 'MacClient'
[2022.01.30-05.12.35:953][  0]LogTargetPlatformManager: Display: Loaded TargetPlatform 'MacServer'
[2022.01.30-05.12.35:964][  0]LogTargetPlatformManager: Display: Loaded TargetPlatform 'TVOSClient'
[2022.01.30-05.12.35:964][  0]LogTargetPlatformManager: Display: Loaded TargetPlatform 'TVOS'
[2022.01.30-05.12.35:975][  0]LogTargetPlatformManager: Display: Loaded TargetPlatform 'WindowsNoEditor'
[2022.01.30-05.12.35:983][  0]LogTargetPlatformManager: Display: Loaded TargetPlatform 'Windows'
[2022.01.30-05.12.35:991][  0]LogTargetPlatformManager: Display: Loaded TargetPlatform 'WindowsClient'
[2022.01.30-05.12.35:998][  0]LogTargetPlatformManager: Display: Loaded TargetPlatform 'WindowsServer'
[2022.01.30-05.12.35:998][  0]LogTargetPlatformManager: Display: Building Assets For Windows
[2022.01.30-05.12.36:016][  0]LogAudioDebug: Display: Lib vorbis DLL was dynamically loaded.
[2022.01.30-05.12.36:084][  0]LogTextureFormatOodle: Display: Oodle Texture 2.9.0 init RDO Off
[2022.01.30-05.12.36:224][  0]LogRendererCore: Ray tracing is disabled. Reason: r.RayTracing=0.
[2022.01.30-05.12.36:226][  0]LogShaderCompilers: Guid format shader working directory is -2 characters bigger than the processId version (../../../../Unreal_c++/EndlessRun/EndlessRunner/Intermediate/Shaders/WorkingDirectory/41812/).
[2022.01.30-05.12.36:227][  0]LogShaderCompilers: Cleaned the shader compiler working directory 'C:/Users/ditde/AppData/Local/Temp/UnrealShaderWorkingDir/D7F1793C4BCD6BC25D23F6980302BE7C/'.
[2022.01.30-05.12.36:229][  0]LogXGEController: Cannot use XGE Controller as Incredibuild is not installed on this machine.
[2022.01.30-05.12.36:230][  0]LogShaderCompilers: Cannot use XGE Shader Compiler as Incredibuild is not installed on this machine.
[2022.01.30-05.12.36:230][  0]LogShaderCompilers: Display: Using Local Shader Compiler.
[2022.01.30-05.12.36:967][  0]LogDerivedDataCache: Display: Max Cache Size: 512 MB
[2022.01.30-05.12.37:052][  0]LogDerivedDataCache: Loaded boot cache 0.08s 94MB C:/Users/ditde/AppData/Local/UnrealEngine/4.27/DerivedDataCache/Boot.ddc.
[2022.01.30-05.12.37:052][  0]LogDerivedDataCache: Display: Loaded Boot cache: C:/Users/ditde/AppData/Local/UnrealEngine/4.27/DerivedDataCache/Boot.ddc
[2022.01.30-05.12.37:052][  0]LogDerivedDataCache: FDerivedDataBackendGraph:  Pak pak cache file ../../../../Unreal_c++/EndlessRun/EndlessRunner/DerivedDataCache/DDC.ddp not found, will not use a pak cache.
[2022.01.30-05.12.37:052][  0]LogDerivedDataCache: Unable to find inner node Pak for hierarchical cache Hierarchy.
[2022.01.30-05.12.37:053][  0]LogDerivedDataCache: FDerivedDataBackendGraph:  CompressedPak pak cache file ../../../../Unreal_c++/EndlessRun/EndlessRunner/DerivedDataCache/Compressed.ddp not found, will not use a pak cache.
[2022.01.30-05.12.37:053][  0]LogDerivedDataCache: Unable to find inner node CompressedPak for hierarchical cache Hierarchy.
[2022.01.30-05.12.37:076][  0]LogDerivedDataCache: Display: Pak cache opened for reading ../../../Engine/DerivedDataCache/Compressed.ddp.
[2022.01.30-05.12.37:077][  0]LogDerivedDataCache: FDerivedDataBackendGraph:  EnterprisePak pak cache file ../../../Enterprise/DerivedDataCache/Compressed.ddp not found, will not use a pak cache.
[2022.01.30-05.12.37:077][  0]LogDerivedDataCache: Unable to find inner node EnterprisePak for hierarchical cache Hierarchy.
[2022.01.30-05.12.37:086][  0]LogDerivedDataCache: Speed tests for C:/Users/ditde/AppData/Local/UnrealEngine/Common/DerivedDataCache took 0.01 seconds
[2022.01.30-05.12.37:086][  0]LogDerivedDataCache: Display: Performance to C:/Users/ditde/AppData/Local/UnrealEngine/Common/DerivedDataCache: Latency=0.03ms. RandomReadSpeed=279.82MBs, RandomWriteSpeed=164.99MBs. Assigned SpeedClass 'Local'
[2022.01.30-05.12.37:089][  0]LogDerivedDataCache: Using Local data cache path C:/Users/ditde/AppData/Local/UnrealEngine/Common/DerivedDataCache: Writable
[2022.01.30-05.12.37:089][  0]LogDerivedDataCache: Shared data cache path not found in *engine.ini, will not use an Shared cache.
[2022.01.30-05.12.37:090][  0]LogDerivedDataCache: Unable to find inner node Shared for hierarchical cache Hierarchy.
[2022.01.30-05.12.37:141][  0]LogSlate: Using FreeType 2.10.0
[2022.01.30-05.12.37:144][  0]LogSlate: SlateFontServices - WITH_FREETYPE: 1, WITH_HARFBUZZ: 1
[2022.01.30-05.12.37:188][  0]LogAssetRegistry: FAssetRegistry took 0.0097 seconds to start up
[2022.01.30-05.12.37:670][  0]LogInit: Selected Device Profile: [Windows]
[2022.01.30-05.12.37:670][  0]LogInit: Active device profile: [00000281AF028A00][00000281A7C56200 49] Windows
[2022.01.30-05.12.37:670][  0]LogInit: Profiles: [00000281AF028A00][00000281A7C56200 49] Windows, [00000281AEFEE000][00000281A754E380 49] WindowsNoEditor, [00000281AF02B500][00000281A7552500 49] WindowsServer, [00000281AEFECE00][00000281A754A640 49] WindowsClient, [00000281AF02B300][00000281A7D5E780 49] IOS, [00000281AEFECC00][00000281A7D628C0 49] iPadAir, [00000281AF02A000][00000281A7D6AA40 49] iPadAir2, [00000281AEFA4C00][00000281A7D72D00 49] IPadPro, [00000281AEFA4D00][00000281A7D6ED40 49] iPadAir3, [00000281AEFEF900][00000281A7D76EC0 49] iPadAir4, [00000281AEFA7200][00000281A7D7B040 49] iPadMini2, [00000281AEFEF000][00000281A7D851C0 49] iPadMini3, [00000281AEFA5700][00000281A7D89340 49] iPadMini4, [00000281AEFEE900][00000281A7D8D4C0 49] iPadMini5, [00000281AEFE8500][00000281A7D95780 49] iPhone6, [00000281AEFE8600][00000281A7D917C0 49] iPodTouch6, [00000281AEFA7800][00000281A7D9DA80 49] iPhone7, [00000281AEFA5C00][00000281A7D99AC0 49] iPodTouch7, [00000281AEFE8400][00000281A7DA00C0 49] iPhone5S, [00000281AEFEE700][00000281A7DA4240 49] iPhone6Plus, [00000281AEFEAF00][00000281A7DA83C0 49] iPhone6S, [00000281AEFA4A00][00000281ABA3C540 49] iPhone6SPlus, [00000281AEFEA300][00000281ABA406C0 49] iPhone7Plus, [00000281AEFA4100][00000281A7D66800 49] iPhoneSE, [00000281AEFE8800][00000281ABA44940 49] iPhone8, [00000281AEFA5F00][00000281ABA48A80 49] iPhone8Plus, [00000281AEFE8700][00000281ABA4CBC0 49] iPhoneX, [00000281AEFA6200][00000281ABA54D40 49] iPhoneXS, [00000281AEFEB800][00000281ABA58EC0 49] iPhoneXSMax, [00000281AEFA4900][00000281ABA5D040 49] iPhoneXR, [00000281AEFE9900][00000281ABA611C0 49] iPhone11, [00000281AEFA6800][00000281ABA65340 49] iPhone11Pro, [00000281AEFE9000][00000281ABA694C0 49] iPhone11ProMax, [00000281AEFA5500][00000281ABA6D640 49] iPhoneSE2, [00000281AEFEB500][00000281ABA717C0 49] iPhone12Mini, [00000281AEFA7D00][00000281AD071940 49] iPhone12, [00000281AEFE9F00][00000281AD075AC0 49] iPhone12Pro, [00000281AEFA7000][00000281AD0780C0 49] iPhone12ProMax, [00000281AEFE9400][00000281AD07C240 49] iPadPro105, [00000281AEFA6700][00000281AD0803C0 49] iPadPro129, [00000281AEFEB400][00000281AD084540 49] iPadPro97, [00000281AEFA6600][00000281AD0886C0 49] iPadPro2_129, [00000281AEFE9E00][00000281AD08C840 49] iPad5, [00000281AEFA4200][00000281ABA50980 49] iPad6, [00000281AEFEBB00][00000281AD090AC0 49] iPad7, [00000281AEFA7B00][00000281AD094C00 49] iPad8, [00000281AEFEA400][00000281AD098D40 49] iPadPro11, [00000281AEFA6D00][00000281AD0A0EC0 49] iPadPro2_11, [00000281AEFE9C00][00000281AD0A5040 49] iPadPro3_129, [00000281AEFA6F00][00000281AD0A91C0 49] iPadPro4_129, [00000281AEFE8100][00000281A6991340 49] AppleTV, [00000281AEFA6400][00000281A69954C0 49] AppleTV4K, [00000281AEFEBD00][00000281A6999640 49] TVOS, [00000281AEFA4400][00000281A699D7C0 49] Mac, [00000281AEFE8300][00000281A69A1940 49] MacClient, [00000281AEFA7100][00000281A69A5AC0 49] MacNoEditor, [00000281AEFE9700][00000281A69A80C0 49] MacServer, [00000281AEFA4600][00000281A69AC240 49] Linux, [00000281AEFEB000][00000281A69B03C0 49] LinuxAArch64, [00000281AEFA6900][00000281A69B4540 49] LinuxNoEditor, [00000281AEFEAE00][00000281A69B86C0 49] LinuxAArch64NoEditor, [00000281AEFA6100][00000281A69BC840 49] LinuxClient, [00000281AEFE8C00][00000281A69C09C0 49] LinuxAArch64Client, [00000281AEFA6C00][00000281A69C4B40 49] LinuxServer, [00000281AEFE9D00][00000281AD09CC80 49] LinuxAArch64Server, [00000281AEFA7700][00000281A69C8DC0 49] Android, [00000281AEFE8B00][00000281AD23AF00 49] Android_Low, [00000281AEFA5E00][00000281AD243080 49] Android_Mid, [00000281AEFEA800][00000281AD247200 49] Android_High, [00000281AEFEFE00][00000281AD24B380 49] Android_Default, [00000281AF02A100][00000281AD24F500 49] Android_Adreno4xx, [00000281AEFECD00][00000281AD253680 49] Android_Adreno5xx_Low, [00000281AF02AB00][00000281AD257800 49] Android_Adreno5xx, [00000281AEFEFC00][00000281AD25B980 49] Android_Adreno6xx, [00000281AF02A800][00000281AD25FB00 49] Android_Adreno6xx_Vulkan, [00000281AEFEDF00][00000281AD262100 49] Android_Mali_T6xx, [00000281AF02BB00][00000281AD266280 49] Android_Mali_T7xx, [00000281AEFECB00][00000281AD26A400 49] Android_Mali_T8xx, [00000281AF02BE00][00000281AD26E580 49] Android_Mali_G71, [00000281AEFED000][00000281AD272700 49] Android_Mali_G72, [00000281AF029800][00000281AD276880 49] Android_Mali_G72_Vulkan, [00000281AEFEF800][00000281AD27AA00 49] Android_Mali_G76, [00000281AF029B00][00000281AD27EB80 49] Android_Mali_G76_Vulkan, [00000281AEFEE500][00000281AD282D00 49] Android_Mali_G77, [00000281AF029000][00000281AD23EE40 49] Android_Mali_G77_Vulkan, [00000281AEFEDD00][00000281AD286F80 49] Android_Mali_G78, [00000281AF02A900][00000281AD28B0C0 49] Android_Mali_G78_Vulkan, [00000281AEFEEE00][00000281AF6E3240 49] Android_Mali_G710, [00000281AF028700][00000281AF6E73C0 49] Android_Mali_G710_Vulkan, [00000281AEFED700][00000281AF6EB540 49] Android_Vulkan_SM5, [00000281AF029600][00000281AF6EF6C0 49] Android_PowerVR_G6xxx, [00000281AEFEDB00][00000281AF6F3840 49] Android_PowerVR_GT7xxx, [00000281AF02AF00][00000281AF6F79C0 49] Android_PowerVR_GE8xxx, [00000281AEFEDA00][00000281AF6FBB40 49] Android_PowerVR_GM9xxx, [00000281AF028300][00000281AF6FE140 49] Android_PowerVR_GM9xxx_Vulkan, [00000281AEFEC400][00000281AF7022C0 49] Android_TegraK1, [00000281AF02AC00][00000281AF706440 49] Android_Unknown_Vulkan, [00000281AEFEC300][00000281AF70A5C0 49] Lumin, [00000281AEFA5900][00000281AF70E740 49] Lumin_Desktop, [00000281AEFEF400][00000281AF7128C0 49] HoloLens, 
[2022.01.30-05.12.37:904][  0]LogMeshReduction: Using QuadricMeshReduction for automatic static mesh reduction
[2022.01.30-05.12.37:904][  0]LogMeshReduction: Using SimplygonMeshReduction for automatic skeletal mesh reduction
[2022.01.30-05.12.37:904][  0]LogMeshReduction: Using ProxyLODMeshReduction for automatic mesh merging
[2022.01.30-05.12.37:904][  0]LogMeshReduction: No distributed automatic mesh merging module available
[2022.01.30-05.12.37:904][  0]LogMeshMerging: No distributed automatic mesh merging module available
[2022.01.30-05.12.37:964][  0]LogNetVersion: EndlessRunner 1.0.0, NetCL: 17155196, EngineNetVer: 17, GameNetVer: 0 (Checksum: 1331125288)
[2022.01.30-05.12.38:622][  0]LogTexture: Default maximum texture size for cubemaps generated from long-lat sources has been changed from 512 to unlimited. In order to preserve old behaiour for '/Engine/MapTemplates/Sky/DaylightAmbientCubemap.DaylightAmbientCubemap', its maximum texture size has been explicitly set to 512.
[2022.01.30-05.12.38:716][  0]LogHMD: PokeAHoleMaterial loaded successfully
[2022.01.30-05.12.38:728][  0]LogUObjectArray: 17178 objects as part of root set at end of initial load.
[2022.01.30-05.12.38:728][  0]LogUObjectAllocator: 4301856 out of 0 bytes used by permanent object pool.
[2022.01.30-05.12.38:728][  0]LogUObjectArray: CloseDisregardForGC: 0/0 objects in disregard for GC pool
[2022.01.30-05.12.39:342][  0]LogPython: Using Python 3.7.7
[2022.01.30-05.12.39:872][  0]LogNiagaraDebuggerClient: Niagara Debugger Client Initialized | Session: CF916BD448F807334302308F468946C8 | Instance: D5CD9C154E171AB3F25243A9284F2825 (LAPTOP-FC3B43LI-41812).
[2022.01.30-05.12.40:030][  0]LogImageWrapper: Warning: PNG Warning: Duplicate iCCP chunk
[2022.01.30-05.12.40:030][  0]LogImageWrapper: Warning: PNG Warning: Duplicate iCCP chunk
[2022.01.30-05.12.40:229][  0]LogTcpMessaging: Initializing TcpMessaging bridge
[2022.01.30-05.12.40:239][  0]LogUdpMessaging: Initializing bridge on interface 0.0.0.0:0 to multicast group 230.0.0.1:6666.
[2022.01.30-05.12.40:694][  0]SourceControl: Source control is disabled
[2022.01.30-05.12.40:695][  0]SourceControl: Source control is disabled
[2022.01.30-05.12.40:702][  0]SourceControl: Source control is disabled
[2022.01.30-05.12.40:709][  0]SourceControl: Source control is disabled
[2022.01.30-05.12.40:728][  0]SourceControl: Source control is disabled
[2022.01.30-05.12.40:732][  0]LogUProjectInfo: Found projects:
[2022.01.30-05.12.40:995][  0]LogOpenImageDenoise: OIDN starting up
[2022.01.30-05.12.41:132][  0]LogAndroidPermission: UAndroidPermissionCallbackProxy::GetInstance
[2022.01.30-05.12.41:161][  0]LogAudioCaptureCore: Display: No Audio Capture implementations found. Audio input will be silent.
[2022.01.30-05.12.41:162][  0]LogAudioCaptureCore: Display: No Audio Capture implementations found. Audio input will be silent.
[2022.01.30-05.12.41:396][  0]LogCollectionManager: Loaded 0 collections in 0.000882 seconds
[2022.01.30-05.12.41:446][  0]LogFileCache: Scanning file cache for directory 'D:/Unreal_c++/EndlessRun/EndlessRunner/Saved/Collections/' took 0.00s
[2022.01.30-05.12.41:446][  0]LogFileCache: Scanning file cache for directory 'D:/Unreal_c++/EndlessRun/EndlessRunner/Content/Developers/ditde/Collections/' took 0.00s
[2022.01.30-05.12.41:446][  0]LogFileCache: Scanning file cache for directory 'D:/Unreal_c++/EndlessRun/EndlessRunner/Content/Collections/' took 0.00s
[2022.01.30-05.12.41:446][  0]LogOcInput: OculusInput pre-init called
[2022.01.30-05.12.41:794][  0]LogImageWrapper: Warning: PNG Warning: Duplicate iCCP chunk
[2022.01.30-05.12.41:794][  0]LogImageWrapper: Warning: PNG Warning: Duplicate iCCP chunk
[2022.01.30-05.12.41:794][  0]LogEngine: Initializing Engine...
[2022.01.30-05.12.41:811][  0]LogHMD: Failed to enumerate extensions. Please check that you have a valid OpenXR runtime installed.
[2022.01.30-05.12.41:812][  0]LogHMD: Failed to initialize OpenVR with code 110
[2022.01.30-05.12.41:812][  0]LogMagicLeap: Warning: VR disabled because ZI is not enabled.  To enable, in the editor, Edit -> Project Settings -> Plugins -> Magic Leap Plugin -> Enable Zero Iteration
[2022.01.30-05.12.41:821][  0]LogStats: UGameplayTagsManager::InitializeManager -  0.002 s
[2022.01.30-05.12.41:959][  0]LogInit: Initializing FReadOnlyCVARCache
[2022.01.30-05.12.42:022][  0]LogAIModule: Creating AISystem for world Untitled
[2022.01.30-05.12.42:037][  0]LogAudio: Display: Initializing Audio Device Manager...
[2022.01.30-05.12.42:043][  0]LogAudio: Display: Loading Default Audio Settings Objects...
[2022.01.30-05.12.42:045][  0]LogAudio: Display: No default SoundConcurrencyObject specified (or failed to load).
[2022.01.30-05.12.42:048][  0]LogAudio: Display: Audio Device Manager Initialized
[2022.01.30-05.12.42:048][  0]LogAudio: Display: Creating Audio Device:                 Id: 1, Scope: Shared, Realtime: True
[2022.01.30-05.12.42:049][  0]LogAudioMixer: Display: Audio Mixer Platform Settings:
[2022.01.30-05.12.42:050][  0]LogAudioMixer: Display: 	Sample Rate:						  48000
[2022.01.30-05.12.42:050][  0]LogAudioMixer: Display: 	Callback Buffer Frame Size Requested: 1024
[2022.01.30-05.12.42:050][  0]LogAudioMixer: Display: 	Callback Buffer Frame Size To Use:	  1024
[2022.01.30-05.12.42:050][  0]LogAudioMixer: Display: 	Number of buffers to queue:			  2
[2022.01.30-05.12.42:050][  0]LogAudioMixer: Display: 	Max Channels (voices):				  32
[2022.01.30-05.12.42:050][  0]LogAudioMixer: Display: 	Number of Async Source Workers:		  0
[2022.01.30-05.12.42:050][  0]LogAudio: Display: AudioDevice MaxSources: 32
[2022.01.30-05.12.42:053][  0]LogAudio: Display: Audio Spatialization Plugin: None (built-in).
[2022.01.30-05.12.42:053][  0]LogAudio: Display: Audio Reverb Plugin: None (built-in).
[2022.01.30-05.12.42:053][  0]LogAudio: Display: Audio Occlusion Plugin: None (built-in).
[2022.01.30-05.12.42:053][  0]LogAudioMixer: Display: Initializing audio mixer.
[2022.01.30-05.12.42:128][  0]LogAudioMixer: Display: 0: FrontLeft
[2022.01.30-05.12.42:128][  0]LogAudioMixer: Display: 1: FrontRight
[2022.01.30-05.12.42:246][  0]LogAudioMixer: Display: Using Audio Device Headphones (SONATA USB Audio)
[2022.01.30-05.12.42:252][  0]LogAudioMixer: Display: Initializing Sound Submixes...
[2022.01.30-05.12.42:255][  0]LogAudioMixer: Display: Creating Master Submix 'MasterSubmixDefault'
[2022.01.30-05.12.42:255][  0]LogAudioMixer: Display: Creating Master Submix 'MasterReverbSubmixDefault'
[2022.01.30-05.12.42:257][  0]LogAudioMixer: Display: Creating Master Submix 'MasterEQSubmixDefault'
[2022.01.30-05.12.42:259][  0]LogAudioMixer: FMixerPlatformXAudio2::StartAudioStream() called
[2022.01.30-05.12.42:259][  0]LogAudioMixer: Display: Output buffers initialized: Frames=1024, Channels=2, Samples=2048
[2022.01.30-05.12.42:262][  0]LogAudioMixer: Display: Starting AudioMixerPlatformInterface::RunInternal()
[2022.01.30-05.12.42:262][  0]LogAudioMixer: Display: FMixerPlatformXAudio2::SubmitBuffer() called for the first time
[2022.01.30-05.12.42:262][  0]LogInit: FAudioDevice initialized.
[2022.01.30-05.12.42:264][  0]LogAudio: Display: Audio Device (ID: 1) registered with world 'Untitled'.
[2022.01.30-05.12.42:265][  0]LogNetVersion: Set ProjectVersion to 1.0.0.0. Version Checksum will be recalculated on next use.
[2022.01.30-05.12.42:313][  0]LogDerivedDataCache: Saved boot cache 0.05s 94MB C:/Users/ditde/AppData/Local/UnrealEngine/4.27/DerivedDataCache/Boot.ddc.
[2022.01.30-05.12.42:313][  0]LogInit: Texture streaming: Enabled
[2022.01.30-05.12.42:336][  0]LogAnalytics: Display: [UEEditor.Rocket.Release] APIServer = https://datarouter.ol.epicgames.com/. AppVersion = 4.27.1-17735300+++UE4+Release-4.27
[2022.01.30-05.12.42:341][  0]LogEngineSessionManager: EngineSessionManager initialized
[2022.01.30-05.12.42:342][  0]LogEditorSessionSummary: Verbose: Initializing EditorSessionSummaryWriter for editor session tracking
[2022.01.30-05.12.42:344][  0]LogEditorSessionSummary: EditorSessionSummaryWriter initialized
[2022.01.30-05.12.42:389][  0]LogInit: Transaction tracking system initialized
[2022.01.30-05.12.42:446][  0]BlueprintLog: New page: Editor Load
[2022.01.30-05.12.42:610][  0]LocalizationService: Localization service is disabled
[2022.01.30-05.12.42:678][  0]TimingProfiler: Initialize
[2022.01.30-05.12.42:680][  0]TimingProfiler: OnSessionChanged
[2022.01.30-05.12.42:680][  0]LoadingProfiler: Initialize
[2022.01.30-05.12.42:681][  0]LoadingProfiler: OnSessionChanged
[2022.01.30-05.12.42:681][  0]NetworkingProfiler: Initialize
[2022.01.30-05.12.42:682][  0]NetworkingProfiler: OnSessionChanged
[2022.01.30-05.12.42:682][  0]MemoryProfiler: Initialize
[2022.01.30-05.12.42:682][  0]MemoryProfiler: OnSessionChanged
[2022.01.30-05.12.42:915][  0]LogFileCache: Scanning file cache for directory 'D:/Unreal_c++/EndlessRun/EndlessRunner/Content/' took 0.00s
[2022.01.30-05.12.42:915][  0]LogCook: Display: CookSettings for Memory: MemoryMaxUsedVirtual 0MiB, MemoryMaxUsedPhysical 16384MiB, MemoryMinFreeVirtual 0MiB, MemoryMinFreePhysical 1024MiB
[2022.01.30-05.12.42:915][  0]LogCook: Display: Mobile HDR setting 1
[2022.01.30-05.12.43:423][  0]LogImageWrapper: Warning: PNG Warning: Duplicate iCCP chunk
[2022.01.30-05.12.43:423][  0]LogImageWrapper: Warning: PNG Warning: Duplicate iCCP chunk
[2022.01.30-05.12.43:438][  0]LogInit: Display: Engine is initialized. Leaving FEngineLoop::Init()
[2022.01.30-05.12.43:448][  0]SourceControl: Source control is disabled
[2022.01.30-05.12.43:449][  0]LogUnrealEdMisc: Loading editor; pre map load, took 11.270
[2022.01.30-05.12.43:451][  0]Cmd: MAP LOAD FILE="../../../../Unreal_c++/EndlessRun/EndlessRunner/Content/_Game/Maps/MainLevel.umap" TEMPLATE=0 SHOWPROGRESS=1 FEATURELEVEL=3
[2022.01.30-05.12.43:454][  0]LightingResults: New page: Lighting Build
[2022.01.30-05.12.43:462][  0]LogWorld: UWorld::CleanupWorld for Untitled, bSessionEnded=true, bCleanupResources=true
[2022.01.30-05.12.43:465][  0]LogSlate: InvalidateAllWidgets triggered.  All widgets were invalidated
[2022.01.30-05.12.43:469][  0]MapCheck: New page: Map Check
[2022.01.30-05.12.43:469][  0]LightingResults: New page: Lighting Build
[2022.01.30-05.12.43:492][  0]LogAudio: Display: Audio Device unregistered from world 'None'.
[2022.01.30-05.12.43:511][  0]LogUObjectHash: Compacting FUObjectHashTables data took   1.19ms
[2022.01.30-05.12.43:869][  0]LogAudio: Display: Audio Device (ID: 1) registered with world 'MainLevel'.
[2022.01.30-05.12.43:871][  0]LogAIModule: Creating AISystem for world MainLevel
[2022.01.30-05.12.43:917][  0]LogEditorServer: Finished looking for orphan Actors (0.000 secs)
[2022.01.30-05.12.43:932][  0]LogUObjectHash: Compacting FUObjectHashTables data took   0.80ms
[2022.01.30-05.12.43:936][  0]Cmd: MAP CHECKDEP NOCLEARLOG
[2022.01.30-05.12.43:937][  0]MapCheck: Map check complete: 0 Error(s), 0 Warning(s), took 0.849ms to complete.
[2022.01.30-05.12.43:937][  0]LogFileHelpers: Loading map 'MainLevel' took 0.488
[2022.01.30-05.12.43:998][  0]LogUnrealEdMisc: Total Editor Startup Time, took 11.819
[2022.01.30-05.12.44:187][  0]LogSlate: Updating window title bar state: overlay mode, drag disabled, window buttons hidden, title bar hidden
[2022.01.30-05.12.44:195][  0]LogSlate: Updating window title bar state: overlay mode, drag disabled, window buttons hidden, title bar hidden
[2022.01.30-05.12.44:202][  0]LogSlate: Updating window title bar state: overlay mode, drag disabled, window buttons hidden, title bar hidden
[2022.01.30-05.12.44:208][  0]LogSlate: Updating window title bar state: overlay mode, drag disabled, window buttons hidden, title bar hidden
[2022.01.30-05.12.44:259][  0]LogNativeClassHierarchy: Verbose: Native class hierarchy populated in 0.0098 seconds. Added 3828 classes and 930 folders.
[2022.01.30-05.12.44:280][  0]LogNativeClassHierarchy: Verbose: Native class hierarchy updated for 'WidgetCarousel' in 0.0003 seconds. Added 0 classes and 0 folders.
[2022.01.30-05.12.44:288][  0]LogPakFile: PakFile PrimaryIndexSize=187
[2022.01.30-05.12.44:288][  0]LogPakFile: PakFile PathHashIndexSize=101
[2022.01.30-05.12.44:288][  0]LogPakFile: PakFile FullDirectoryIndexSize=148
[2022.01.30-05.12.44:289][  0]LogShaderLibrary: Display: ShaderCodeLibraryPakFileMountedCallback: PakFile 'D:/UE_4.27/FeaturePacks/FP_FirstPerson.upack' (chunk index -1, root 'root:/') mounted
[2022.01.30-05.12.44:289][  0]LogShaderLibrary: Display: ShaderCodeLibraryPakFileMountedCallback: pending pak file info (ChunkID:-1 Root:root:/ File:D:/UE_4.27/FeaturePacks/FP_FirstPerson.upack)
[2022.01.30-05.12.44:289][  0]LogPakFile: OnPakFileMounted2Time == 0.001433
[2022.01.30-05.12.44:295][  0]LogPakFile: PakFile PrimaryIndexSize=189
[2022.01.30-05.12.44:295][  0]LogPakFile: PakFile PathHashIndexSize=101
[2022.01.30-05.12.44:295][  0]LogPakFile: PakFile FullDirectoryIndexSize=152
[2022.01.30-05.12.44:295][  0]LogShaderLibrary: Display: ShaderCodeLibraryPakFileMountedCallback: PakFile 'D:/UE_4.27/FeaturePacks/FP_FirstPersonBP.upack' (chunk index -1, root 'root:/') mounted
[2022.01.30-05.12.44:295][  0]LogShaderLibrary: Display: ShaderCodeLibraryPakFileMountedCallback: pending pak file info (ChunkID:-1 Root:root:/ File:D:/UE_4.27/FeaturePacks/FP_FirstPersonBP.upack)
[2022.01.30-05.12.44:295][  0]LogPakFile: OnPakFileMounted2Time == 0.000161
[2022.01.30-05.12.44:297][  0]LogPakFile: PakFile PrimaryIndexSize=191
[2022.01.30-05.12.44:297][  0]LogPakFile: PakFile PathHashIndexSize=101
[2022.01.30-05.12.44:297][  0]LogPakFile: PakFile FullDirectoryIndexSize=160
[2022.01.30-05.12.44:297][  0]LogShaderLibrary: Display: ShaderCodeLibraryPakFileMountedCallback: PakFile 'D:/UE_4.27/FeaturePacks/MobileStarterContent.upack' (chunk index -1, root 'root:/') mounted
[2022.01.30-05.12.44:297][  0]LogShaderLibrary: Display: ShaderCodeLibraryPakFileMountedCallback: pending pak file info (ChunkID:-1 Root:root:/ File:D:/UE_4.27/FeaturePacks/MobileStarterContent.upack)
[2022.01.30-05.12.44:297][  0]LogPakFile: OnPakFileMounted2Time == 0.000135
[2022.01.30-05.12.44:298][  0]LogPakFile: PakFile PrimaryIndexSize=185
[2022.01.30-05.12.44:298][  0]LogPakFile: PakFile PathHashIndexSize=101
[2022.01.30-05.12.44:299][  0]LogPakFile: PakFile FullDirectoryIndexSize=148
[2022.01.30-05.12.44:299][  0]LogShaderLibrary: Display: ShaderCodeLibraryPakFileMountedCallback: PakFile 'D:/UE_4.27/FeaturePacks/StarterContent.upack' (chunk index -1, root 'root:/') mounted
[2022.01.30-05.12.44:299][  0]LogShaderLibrary: Display: ShaderCodeLibraryPakFileMountedCallback: pending pak file info (ChunkID:-1 Root:root:/ File:D:/UE_4.27/FeaturePacks/StarterContent.upack)
[2022.01.30-05.12.44:299][  0]LogPakFile: OnPakFileMounted2Time == 0.000152
[2022.01.30-05.12.44:300][  0]LogPakFile: PakFile PrimaryIndexSize=190
[2022.01.30-05.12.44:300][  0]LogPakFile: PakFile PathHashIndexSize=101
[2022.01.30-05.12.44:300][  0]LogPakFile: PakFile FullDirectoryIndexSize=154
[2022.01.30-05.12.44:301][  0]LogShaderLibrary: Display: ShaderCodeLibraryPakFileMountedCallback: PakFile 'D:/UE_4.27/FeaturePacks/TP_2DSideScroller.upack' (chunk index -1, root 'root:/') mounted
[2022.01.30-05.12.44:301][  0]LogShaderLibrary: Display: ShaderCodeLibraryPakFileMountedCallback: pending pak file info (ChunkID:-1 Root:root:/ File:D:/UE_4.27/FeaturePacks/TP_2DSideScroller.upack)
[2022.01.30-05.12.44:301][  0]LogPakFile: OnPakFileMounted2Time == 0.000164
[2022.01.30-05.12.44:302][  0]LogPakFile: PakFile PrimaryIndexSize=192
[2022.01.30-05.12.44:303][  0]LogPakFile: PakFile PathHashIndexSize=101
[2022.01.30-05.12.44:303][  0]LogPakFile: PakFile FullDirectoryIndexSize=158
[2022.01.30-05.12.44:303][  0]LogShaderLibrary: Display: ShaderCodeLibraryPakFileMountedCallback: PakFile 'D:/UE_4.27/FeaturePacks/TP_2DSideScrollerBP.upack' (chunk index -1, root 'root:/') mounted
[2022.01.30-05.12.44:303][  0]LogShaderLibrary: Display: ShaderCodeLibraryPakFileMountedCallback: pending pak file info (ChunkID:-1 Root:root:/ File:D:/UE_4.27/FeaturePacks/TP_2DSideScrollerBP.upack)
[2022.01.30-05.12.44:303][  0]LogPakFile: OnPakFileMounted2Time == 0.000141
[2022.01.30-05.12.44:304][  0]LogPakFile: PakFile PrimaryIndexSize=182
[2022.01.30-05.12.44:304][  0]LogPakFile: PakFile PathHashIndexSize=101
[2022.01.30-05.12.44:304][  0]LogPakFile: PakFile FullDirectoryIndexSize=138
[2022.01.30-05.12.44:304][  0]LogShaderLibrary: Display: ShaderCodeLibraryPakFileMountedCallback: PakFile 'D:/UE_4.27/FeaturePacks/TP_Flying.upack' (chunk index -1, root 'root:/') mounted
[2022.01.30-05.12.44:304][  0]LogShaderLibrary: Display: ShaderCodeLibraryPakFileMountedCallback: pending pak file info (ChunkID:-1 Root:root:/ File:D:/UE_4.27/FeaturePacks/TP_Flying.upack)
[2022.01.30-05.12.44:304][  0]LogPakFile: OnPakFileMounted2Time == 0.000130
[2022.01.30-05.12.44:306][  0]LogPakFile: PakFile PrimaryIndexSize=184
[2022.01.30-05.12.44:306][  0]LogPakFile: PakFile PathHashIndexSize=101
[2022.01.30-05.12.44:306][  0]LogPakFile: PakFile FullDirectoryIndexSize=142
[2022.01.30-05.12.44:306][  0]LogShaderLibrary: Display: ShaderCodeLibraryPakFileMountedCallback: PakFile 'D:/UE_4.27/FeaturePacks/TP_FlyingBP.upack' (chunk index -1, root 'root:/') mounted
[2022.01.30-05.12.44:306][  0]LogShaderLibrary: Display: ShaderCodeLibraryPakFileMountedCallback: pending pak file info (ChunkID:-1 Root:root:/ File:D:/UE_4.27/FeaturePacks/TP_FlyingBP.upack)
[2022.01.30-05.12.44:307][  0]LogPakFile: OnPakFileMounted2Time == 0.000137
[2022.01.30-05.12.44:308][  0]LogPakFile: PakFile PrimaryIndexSize=188
[2022.01.30-05.12.44:308][  0]LogPakFile: PakFile PathHashIndexSize=101
[2022.01.30-05.12.44:308][  0]LogPakFile: PakFile FullDirectoryIndexSize=150
[2022.01.30-05.12.44:308][  0]LogShaderLibrary: Display: ShaderCodeLibraryPakFileMountedCallback: PakFile 'D:/UE_4.27/FeaturePacks/TP_HandheldARBP.upack' (chunk index -1, root 'root:/') mounted
[2022.01.30-05.12.44:309][  0]LogShaderLibrary: Display: ShaderCodeLibraryPakFileMountedCallback: pending pak file info (ChunkID:-1 Root:root:/ File:D:/UE_4.27/FeaturePacks/TP_HandheldARBP.upack)
[2022.01.30-05.12.44:309][  0]LogPakFile: OnPakFileMounted2Time == 0.000159
[2022.01.30-05.12.44:313][  0]LogPakFile: PakFile PrimaryIndexSize=182
[2022.01.30-05.12.44:313][  0]LogPakFile: PakFile PathHashIndexSize=101
[2022.01.30-05.12.44:313][  0]LogPakFile: PakFile FullDirectoryIndexSize=138
[2022.01.30-05.12.44:313][  0]LogShaderLibrary: Display: ShaderCodeLibraryPakFileMountedCallback: PakFile 'D:/UE_4.27/FeaturePacks/TP_Puzzle.upack' (chunk index -1, root 'root:/') mounted
[2022.01.30-05.12.44:313][  0]LogShaderLibrary: Display: ShaderCodeLibraryPakFileMountedCallback: pending pak file info (ChunkID:-1 Root:root:/ File:D:/UE_4.27/FeaturePacks/TP_Puzzle.upack)
[2022.01.30-05.12.44:313][  0]LogPakFile: OnPakFileMounted2Time == 0.000131
[2022.01.30-05.12.44:315][  0]LogPakFile: PakFile PrimaryIndexSize=184
[2022.01.30-05.12.44:315][  0]LogPakFile: PakFile PathHashIndexSize=101
[2022.01.30-05.12.44:315][  0]LogPakFile: PakFile FullDirectoryIndexSize=142
[2022.01.30-05.12.44:315][  0]LogShaderLibrary: Display: ShaderCodeLibraryPakFileMountedCallback: PakFile 'D:/UE_4.27/FeaturePacks/TP_PuzzleBP.upack' (chunk index -1, root 'root:/') mounted
[2022.01.30-05.12.44:315][  0]LogShaderLibrary: Display: ShaderCodeLibraryPakFileMountedCallback: pending pak file info (ChunkID:-1 Root:root:/ File:D:/UE_4.27/FeaturePacks/TP_PuzzleBP.upack)
[2022.01.30-05.12.44:315][  0]LogPakFile: OnPakFileMounted2Time == 0.000175
[2022.01.30-05.12.44:317][  0]LogPakFile: PakFile PrimaryIndexSize=183
[2022.01.30-05.12.44:317][  0]LogPakFile: PakFile PathHashIndexSize=101
[2022.01.30-05.12.44:317][  0]LogPakFile: PakFile FullDirectoryIndexSize=140
[2022.01.30-05.12.44:317][  0]LogShaderLibrary: Display: ShaderCodeLibraryPakFileMountedCallback: PakFile 'D:/UE_4.27/FeaturePacks/TP_Rolling.upack' (chunk index -1, root 'root:/') mounted
[2022.01.30-05.12.44:317][  0]LogShaderLibrary: Display: ShaderCodeLibraryPakFileMountedCallback: pending pak file info (ChunkID:-1 Root:root:/ File:D:/UE_4.27/FeaturePacks/TP_Rolling.upack)
[2022.01.30-05.12.44:317][  0]LogPakFile: OnPakFileMounted2Time == 0.000146
[2022.01.30-05.12.44:319][  0]LogPakFile: PakFile PrimaryIndexSize=185
[2022.01.30-05.12.44:319][  0]LogPakFile: PakFile PathHashIndexSize=101
[2022.01.30-05.12.44:319][  0]LogPakFile: PakFile FullDirectoryIndexSize=144
[2022.01.30-05.12.44:319][  0]LogShaderLibrary: Display: ShaderCodeLibraryPakFileMountedCallback: PakFile 'D:/UE_4.27/FeaturePacks/TP_RollingBP.upack' (chunk index -1, root 'root:/') mounted
[2022.01.30-05.12.44:319][  0]LogShaderLibrary: Display: ShaderCodeLibraryPakFileMountedCallback: pending pak file info (ChunkID:-1 Root:root:/ File:D:/UE_4.27/FeaturePacks/TP_RollingBP.upack)
[2022.01.30-05.12.44:319][  0]LogPakFile: OnPakFileMounted2Time == 0.000129
[2022.01.30-05.12.44:320][  0]LogPakFile: PakFile PrimaryIndexSize=188
[2022.01.30-05.12.44:320][  0]LogPakFile: PakFile PathHashIndexSize=101
[2022.01.30-05.12.44:320][  0]LogPakFile: PakFile FullDirectoryIndexSize=150
[2022.01.30-05.12.44:320][  0]LogShaderLibrary: Display: ShaderCodeLibraryPakFileMountedCallback: PakFile 'D:/UE_4.27/FeaturePacks/TP_SideScroller.upack' (chunk index -1, root 'root:/') mounted
[2022.01.30-05.12.44:321][  0]LogShaderLibrary: Display: ShaderCodeLibraryPakFileMountedCallback: pending pak file info (ChunkID:-1 Root:root:/ File:D:/UE_4.27/FeaturePacks/TP_SideScroller.upack)
[2022.01.30-05.12.44:321][  0]LogPakFile: OnPakFileMounted2Time == 0.000201
[2022.01.30-05.12.44:322][  0]LogPakFile: PakFile PrimaryIndexSize=190
[2022.01.30-05.12.44:322][  0]LogPakFile: PakFile PathHashIndexSize=101
[2022.01.30-05.12.44:322][  0]LogPakFile: PakFile FullDirectoryIndexSize=154
[2022.01.30-05.12.44:322][  0]LogShaderLibrary: Display: ShaderCodeLibraryPakFileMountedCallback: PakFile 'D:/UE_4.27/FeaturePacks/TP_SideScrollerBP.upack' (chunk index -1, root 'root:/') mounted
[2022.01.30-05.12.44:322][  0]LogShaderLibrary: Display: ShaderCodeLibraryPakFileMountedCallback: pending pak file info (ChunkID:-1 Root:root:/ File:D:/UE_4.27/FeaturePacks/TP_SideScrollerBP.upack)
[2022.01.30-05.12.44:322][  0]LogPakFile: OnPakFileMounted2Time == 0.000165
[2022.01.30-05.12.44:324][  0]LogPakFile: PakFile PrimaryIndexSize=187
[2022.01.30-05.12.44:324][  0]LogPakFile: PakFile PathHashIndexSize=101
[2022.01.30-05.12.44:324][  0]LogPakFile: PakFile FullDirectoryIndexSize=148
[2022.01.30-05.12.44:324][  0]LogShaderLibrary: Display: ShaderCodeLibraryPakFileMountedCallback: PakFile 'D:/UE_4.27/FeaturePacks/TP_ThirdPerson.upack' (chunk index -1, root 'root:/') mounted
[2022.01.30-05.12.44:324][  0]LogShaderLibrary: Display: ShaderCodeLibraryPakFileMountedCallback: pending pak file info (ChunkID:-1 Root:root:/ File:D:/UE_4.27/FeaturePacks/TP_ThirdPerson.upack)
[2022.01.30-05.12.44:324][  0]LogPakFile: OnPakFileMounted2Time == 0.000162
[2022.01.30-05.12.44:326][  0]LogPakFile: PakFile PrimaryIndexSize=189
[2022.01.30-05.12.44:326][  0]LogPakFile: PakFile PathHashIndexSize=101
[2022.01.30-05.12.44:326][  0]LogPakFile: PakFile FullDirectoryIndexSize=152
[2022.01.30-05.12.44:326][  0]LogShaderLibrary: Display: ShaderCodeLibraryPakFileMountedCallback: PakFile 'D:/UE_4.27/FeaturePacks/TP_ThirdPersonBP.upack' (chunk index -1, root 'root:/') mounted
[2022.01.30-05.12.44:326][  0]LogShaderLibrary: Display: ShaderCodeLibraryPakFileMountedCallback: pending pak file info (ChunkID:-1 Root:root:/ File:D:/UE_4.27/FeaturePacks/TP_ThirdPersonBP.upack)
[2022.01.30-05.12.44:326][  0]LogPakFile: OnPakFileMounted2Time == 0.000143
[2022.01.30-05.12.44:327][  0]LogPakFile: PakFile PrimaryIndexSize=183
[2022.01.30-05.12.44:328][  0]LogPakFile: PakFile PathHashIndexSize=101
[2022.01.30-05.12.44:328][  0]LogPakFile: PakFile FullDirectoryIndexSize=140
[2022.01.30-05.12.44:328][  0]LogShaderLibrary: Display: ShaderCodeLibraryPakFileMountedCallback: PakFile 'D:/UE_4.27/FeaturePacks/TP_TopDown.upack' (chunk index -1, root 'root:/') mounted
[2022.01.30-05.12.44:328][  0]LogShaderLibrary: Display: ShaderCodeLibraryPakFileMountedCallback: pending pak file info (ChunkID:-1 Root:root:/ File:D:/UE_4.27/FeaturePacks/TP_TopDown.upack)
[2022.01.30-05.12.44:328][  0]LogPakFile: OnPakFileMounted2Time == 0.000171
[2022.01.30-05.12.44:329][  0]LogPakFile: PakFile PrimaryIndexSize=185
[2022.01.30-05.12.44:329][  0]LogPakFile: PakFile PathHashIndexSize=101
[2022.01.30-05.12.44:329][  0]LogPakFile: PakFile FullDirectoryIndexSize=144
[2022.01.30-05.12.44:329][  0]LogShaderLibrary: Display: ShaderCodeLibraryPakFileMountedCallback: PakFile 'D:/UE_4.27/FeaturePacks/TP_TopDownBP.upack' (chunk index -1, root 'root:/') mounted
[2022.01.30-05.12.44:330][  0]LogShaderLibrary: Display: ShaderCodeLibraryPakFileMountedCallback: pending pak file info (ChunkID:-1 Root:root:/ File:D:/UE_4.27/FeaturePacks/TP_TopDownBP.upack)
[2022.01.30-05.12.44:330][  0]LogPakFile: OnPakFileMounted2Time == 0.000140
[2022.01.30-05.12.44:331][  0]LogPakFile: PakFile PrimaryIndexSize=185
[2022.01.30-05.12.44:331][  0]LogPakFile: PakFile PathHashIndexSize=101
[2022.01.30-05.12.44:331][  0]LogPakFile: PakFile FullDirectoryIndexSize=144
[2022.01.30-05.12.44:331][  0]LogShaderLibrary: Display: ShaderCodeLibraryPakFileMountedCallback: PakFile 'D:/UE_4.27/FeaturePacks/TP_TwinStick.upack' (chunk index -1, root 'root:/') mounted
[2022.01.30-05.12.44:331][  0]LogShaderLibrary: Display: ShaderCodeLibraryPakFileMountedCallback: pending pak file info (ChunkID:-1 Root:root:/ File:D:/UE_4.27/FeaturePacks/TP_TwinStick.upack)
[2022.01.30-05.12.44:331][  0]LogPakFile: OnPakFileMounted2Time == 0.000127
[2022.01.30-05.12.44:333][  0]LogPakFile: PakFile PrimaryIndexSize=187
[2022.01.30-05.12.44:333][  0]LogPakFile: PakFile PathHashIndexSize=101
[2022.01.30-05.12.44:333][  0]LogPakFile: PakFile FullDirectoryIndexSize=148
[2022.01.30-05.12.44:333][  0]LogShaderLibrary: Display: ShaderCodeLibraryPakFileMountedCallback: PakFile 'D:/UE_4.27/FeaturePacks/TP_TwinStickBP.upack' (chunk index -1, root 'root:/') mounted
[2022.01.30-05.12.44:333][  0]LogShaderLibrary: Display: ShaderCodeLibraryPakFileMountedCallback: pending pak file info (ChunkID:-1 Root:root:/ File:D:/UE_4.27/FeaturePacks/TP_TwinStickBP.upack)
[2022.01.30-05.12.44:333][  0]LogPakFile: OnPakFileMounted2Time == 0.000130
[2022.01.30-05.12.44:335][  0]LogPakFile: PakFile PrimaryIndexSize=183
[2022.01.30-05.12.44:335][  0]LogPakFile: PakFile PathHashIndexSize=101
[2022.01.30-05.12.44:335][  0]LogPakFile: PakFile FullDirectoryIndexSize=140
[2022.01.30-05.12.44:335][  0]LogShaderLibrary: Display: ShaderCodeLibraryPakFileMountedCallback: PakFile 'D:/UE_4.27/FeaturePacks/TP_Vehicle.upack' (chunk index -1, root 'root:/') mounted
[2022.01.30-05.12.44:335][  0]LogShaderLibrary: Display: ShaderCodeLibraryPakFileMountedCallback: pending pak file info (ChunkID:-1 Root:root:/ File:D:/UE_4.27/FeaturePacks/TP_Vehicle.upack)
[2022.01.30-05.12.44:335][  0]LogPakFile: OnPakFileMounted2Time == 0.000191
[2022.01.30-05.12.44:337][  0]LogPakFile: PakFile PrimaryIndexSize=186
[2022.01.30-05.12.44:337][  0]LogPakFile: PakFile PathHashIndexSize=101
[2022.01.30-05.12.44:337][  0]LogPakFile: PakFile FullDirectoryIndexSize=146
[2022.01.30-05.12.44:337][  0]LogShaderLibrary: Display: ShaderCodeLibraryPakFileMountedCallback: PakFile 'D:/UE_4.27/FeaturePacks/TP_VehicleAdv.upack' (chunk index -1, root 'root:/') mounted
[2022.01.30-05.12.44:337][  0]LogShaderLibrary: Display: ShaderCodeLibraryPakFileMountedCallback: pending pak file info (ChunkID:-1 Root:root:/ File:D:/UE_4.27/FeaturePacks/TP_VehicleAdv.upack)
[2022.01.30-05.12.44:337][  0]LogPakFile: OnPakFileMounted2Time == 0.000162
[2022.01.30-05.12.44:339][  0]LogPakFile: PakFile PrimaryIndexSize=188
[2022.01.30-05.12.44:339][  0]LogPakFile: PakFile PathHashIndexSize=101
[2022.01.30-05.12.44:339][  0]LogPakFile: PakFile FullDirectoryIndexSize=150
[2022.01.30-05.12.44:339][  0]LogShaderLibrary: Display: ShaderCodeLibraryPakFileMountedCallback: PakFile 'D:/UE_4.27/FeaturePacks/TP_VehicleAdvBP.upack' (chunk index -1, root 'root:/') mounted
[2022.01.30-05.12.44:339][  0]LogShaderLibrary: Display: ShaderCodeLibraryPakFileMountedCallback: pending pak file info (ChunkID:-1 Root:root:/ File:D:/UE_4.27/FeaturePacks/TP_VehicleAdvBP.upack)
[2022.01.30-05.12.44:339][  0]LogPakFile: OnPakFileMounted2Time == 0.000128
[2022.01.30-05.12.44:341][  0]LogPakFile: PakFile PrimaryIndexSize=185
[2022.01.30-05.12.44:341][  0]LogPakFile: PakFile PathHashIndexSize=101
[2022.01.30-05.12.44:341][  0]LogPakFile: PakFile FullDirectoryIndexSize=144
[2022.01.30-05.12.44:341][  0]LogShaderLibrary: Display: ShaderCodeLibraryPakFileMountedCallback: PakFile 'D:/UE_4.27/FeaturePacks/TP_VehicleBP.upack' (chunk index -1, root 'root:/') mounted
[2022.01.30-05.12.44:341][  0]LogShaderLibrary: Display: ShaderCodeLibraryPakFileMountedCallback: pending pak file info (ChunkID:-1 Root:root:/ File:D:/UE_4.27/FeaturePacks/TP_VehicleBP.upack)
[2022.01.30-05.12.44:341][  0]LogPakFile: OnPakFileMounted2Time == 0.000135
[2022.01.30-05.12.44:342][  0]LogPakFile: PakFile PrimaryIndexSize=192
[2022.01.30-05.12.44:343][  0]LogPakFile: PakFile PathHashIndexSize=101
[2022.01.30-05.12.44:343][  0]LogPakFile: PakFile FullDirectoryIndexSize=158
[2022.01.30-05.12.44:343][  0]LogShaderLibrary: Display: ShaderCodeLibraryPakFileMountedCallback: PakFile 'D:/UE_4.27/FeaturePacks/TP_VirtualRealityBP.upack' (chunk index -1, root 'root:/') mounted
[2022.01.30-05.12.44:343][  0]LogShaderLibrary: Display: ShaderCodeLibraryPakFileMountedCallback: pending pak file info (ChunkID:-1 Root:root:/ File:D:/UE_4.27/FeaturePacks/TP_VirtualRealityBP.upack)
[2022.01.30-05.12.44:343][  0]LogPakFile: OnPakFileMounted2Time == 0.000173
[2022.01.30-05.12.44:414][  0]LogNativeClassHierarchy: Verbose: Native class hierarchy updated for 'AddContentDialog' in 0.0003 seconds. Added 0 classes and 0 folders.
[2022.01.30-05.12.44:429][  0]LogNativeClassHierarchy: Verbose: Native class hierarchy updated for 'SceneOutliner' in 0.0004 seconds. Added 2 classes and 0 folders.
[2022.01.30-05.12.44:639][  0]LogSlate: Took 0.000812 seconds to synchronously load lazily loaded font '../../../Engine/Content/Slate/Fonts/Roboto-Regular.ttf' (155K)
[2022.01.30-05.12.44:643][  0]LogSlate: Took 0.000749 seconds to synchronously load lazily loaded font '../../../Engine/Content/Editor/Slate/Fonts/FontAwesome.ttf' (139K)
[2022.01.30-05.12.44:647][  0]LogSlate: Took 0.000786 seconds to synchronously load lazily loaded font '../../../Engine/Content/Slate/Fonts/Roboto-Bold.ttf' (160K)
[2022.01.30-05.12.44:657][  0]LogSlate: Took 0.000605 seconds to synchronously load lazily loaded font '../../../Engine/Content/Slate/Fonts/DroidSansMono.ttf' (77K)
[2022.01.30-05.12.44:807][  0]LogRenderer: Reallocating scene render targets to support 1208x532 Format 10 NumSamples 1 (Frame:1).
[2022.01.30-05.12.45:037][  0]LogNativeClassHierarchy: Verbose: Native class hierarchy updated for 'HierarchicalLODOutliner' in 0.0003 seconds. Added 0 classes and 0 folders.
[2022.01.30-05.12.45:037][  0]LogLoad: (Engine Initialization) Total time: 12.86 seconds
[2022.01.30-05.12.45:037][  0]LogLoad: (Engine Initialization) Total Blueprint compile time: 0.00 seconds
[2022.01.30-05.12.45:111][  0]LogAssetRegistry: Asset discovery search completed in 7.9264 seconds
[2022.01.30-05.12.45:120][  0]LogCollectionManager: Fixed up redirectors for 0 collections in 0.000232 seconds (updated 0 objects)
[2022.01.30-05.12.45:131][  0]LogContentStreaming: Texture pool size now 1000 MB
[2022.01.30-05.12.46:982][107]LogTemp: Repeating last play command: Selected Viewport
[2022.01.30-05.12.46:990][107]LogPlayLevel: PlayLevel: No blueprints needed recompiling
[2022.01.30-05.12.46:997][107]PIE: New page: PIE session: MainLevel (Jan 30, 2022, 7:12:46 PM)
[2022.01.30-05.12.47:002][107]LogOnline: OSS: Creating online subsystem instance for: NULL
[2022.01.30-05.12.47:005][107]LogOnline: OSS: TryLoadSubsystemAndSetDefault: Loaded subsystem for module [NULL]
[2022.01.30-05.12.47:006][107]LogPlayLevel: Creating play world package: /Game/_Game/Maps/UEDPIE_0_MainLevel
[2022.01.30-05.12.47:009][107]LogPlayLevel: PIE: StaticDuplicateObject took: (0.003071s)
[2022.01.30-05.12.47:011][107]LogAIModule: Creating AISystem for world MainLevel
[2022.01.30-05.12.47:012][107]LogPlayLevel: PIE: World Init took: (0.001781s)
[2022.01.30-05.12.47:012][107]LogPlayLevel: PIE: Created PIE world by copying editor world from /Game/_Game/Maps/MainLevel.MainLevel to /Game/_Game/Maps/UEDPIE_0_MainLevel.MainLevel (0.006223s)
[2022.01.30-05.12.47:017][107]LogUObjectHash: Compacting FUObjectHashTables data took   0.58ms
[2022.01.30-05.12.47:018][107]LogAudio: Display: Creating Audio Device:                 Id: 2, Scope: Unique, Realtime: True
[2022.01.30-05.12.47:019][107]LogAudioMixer: Display: Audio Mixer Platform Settings:
[2022.01.30-05.12.47:019][107]LogAudioMixer: Display: 	Sample Rate:						  48000
[2022.01.30-05.12.47:019][107]LogAudioMixer: Display: 	Callback Buffer Frame Size Requested: 1024
[2022.01.30-05.12.47:019][107]LogAudioMixer: Display: 	Callback Buffer Frame Size To Use:	  1024
[2022.01.30-05.12.47:019][107]LogAudioMixer: Display: 	Number of buffers to queue:			  2
[2022.01.30-05.12.47:019][107]LogAudioMixer: Display: 	Max Channels (voices):				  32
[2022.01.30-05.12.47:019][107]LogAudioMixer: Display: 	Number of Async Source Workers:		  0
[2022.01.30-05.12.47:019][107]LogAudio: Display: AudioDevice MaxSources: 32
[2022.01.30-05.12.47:019][107]LogAudio: Display: Audio Spatialization Plugin: None (built-in).
[2022.01.30-05.12.47:019][107]LogAudio: Display: Audio Reverb Plugin: None (built-in).
[2022.01.30-05.12.47:020][107]LogAudio: Display: Audio Occlusion Plugin: None (built-in).
[2022.01.30-05.12.47:020][107]LogAudioMixer: Display: Initializing audio mixer.
[2022.01.30-05.12.47:022][107]LogAudioMixer: Display: 0: FrontLeft
[2022.01.30-05.12.47:022][107]LogAudioMixer: Display: 1: FrontRight
[2022.01.30-05.12.47:049][107]LogAudioMixer: Display: Using Audio Device Headphones (SONATA USB Audio)
[2022.01.30-05.12.47:049][107]LogAudioMixer: Display: Initializing Sound Submixes...
[2022.01.30-05.12.47:049][107]LogAudioMixer: Display: Creating Master Submix 'MasterSubmixDefault'
[2022.01.30-05.12.47:049][107]LogAudioMixer: Display: Creating Master Submix 'MasterReverbSubmixDefault'
[2022.01.30-05.12.47:050][107]LogAudioMixer: Display: Creating Master Submix 'MasterEQSubmixDefault'
[2022.01.30-05.12.47:050][107]LogAudioMixer: FMixerPlatformXAudio2::StartAudioStream() called
[2022.01.30-05.12.47:050][107]LogAudioMixer: Display: Output buffers initialized: Frames=1024, Channels=2, Samples=2048
[2022.01.30-05.12.47:052][107]LogAudioMixer: Display: Starting AudioMixerPlatformInterface::RunInternal()
[2022.01.30-05.12.47:052][107]LogAudioMixer: Display: FMixerPlatformXAudio2::SubmitBuffer() called for the first time
[2022.01.30-05.12.47:052][107]LogInit: FAudioDevice initialized.
[2022.01.30-05.12.47:052][107]LogAudio: Display: Audio Device (ID: 2) registered with world 'MainLevel'.
[2022.01.30-05.12.47:067][107]LogLoad: Game class is 'BP_MainLevel_GM_C'
[2022.01.30-05.12.47:071][107]LogWorld: Bringing World /Game/_Game/Maps/UEDPIE_0_MainLevel.MainLevel up for play (max tick rate 60) at 2022.01.30-12.12.47
[2022.01.30-05.12.47:072][107]LogWorld: Bringing up level for play took: 0.001195
[2022.01.30-05.12.47:072][107]LogOnline: OSS: Creating online subsystem instance for: :Context_1
[2022.01.30-05.12.47:086][107]LogNativeClassHierarchy: Verbose: Native class hierarchy updated for 'MovieSceneCapture' in 0.0003 seconds. Added 20 classes and 0 folders.
[2022.01.30-05.12.47:116][107]PIE: Server logged in
[2022.01.30-05.12.47:119][107]PIE: Play in editor total start time 0.132 seconds.
[2022.01.30-05.12.49:810][267]LogTemp: Warning: Total Coin is : 1
[2022.01.30-05.12.50:094][284]LogTemp: Warning: MoveRight
[2022.01.30-05.12.50:477][307]LogTemp: Warning: Total Coin is : 2
[2022.01.30-05.12.50:760][324]LogTemp: Warning: MoveLeft
[2022.01.30-05.12.51:160][348]LogTemp: Warning: Bye!
[2022.01.30-05.12.51:162][348]LogAudio: Display: Cached duration for Sound Cue SoundCue /Game/_GameAssets/Audio/Explosion_Cue.Explosion_Cue was zero and has changed. Consider manually Re-saving the asset
[2022.01.30-05.12.51:810][387]LogTemp: Warning: Total Coin is : 3
[2022.01.30-05.12.52:161][408]Cmd: RestartLevel
[2022.01.30-05.12.52:176][409]LogNet: Browse: /Game/_Game/Maps/MainLevel?restart
[2022.01.30-05.12.52:177][409]LogLoad: LoadMap: /Game/_Game/Maps/MainLevel
[2022.01.30-05.12.52:177][409]LogWorld: BeginTearingDown for /Game/_Game/Maps/UEDPIE_0_MainLevel
[2022.01.30-05.12.52:180][409]LogWorld: UWorld::CleanupWorld for MainLevel, bSessionEnded=true, bCleanupResources=true
[2022.01.30-05.12.52:181][409]LogSlate: InvalidateAllWidgets triggered.  All widgets were invalidated
[2022.01.30-05.12.52:218][409]LogAudio: Display: Audio Device unregistered from world 'None'.
[2022.01.30-05.12.52:222][409]LogUObjectHash: Compacting FUObjectHashTables data took   0.64ms
[2022.01.30-05.12.52:223][409]LogPlayLevel: Creating play world package: /Game/_Game/Maps/UEDPIE_0_MainLevel
[2022.01.30-05.12.52:225][409]LogPlayLevel: PIE: StaticDuplicateObject took: (0.001690s)
[2022.01.30-05.12.52:226][409]LogAIModule: Creating AISystem for world MainLevel
[2022.01.30-05.12.52:227][409]LogPlayLevel: PIE: World Init took: (0.001474s)
[2022.01.30-05.12.52:227][409]LogPlayLevel: PIE: Created PIE world by copying editor world from /Game/_Game/Maps/MainLevel.MainLevel to /Game/_Game/Maps/UEDPIE_0_MainLevel.MainLevel (0.003521s)
[2022.01.30-05.12.52:227][409]LogAudio: Display: Audio Device (ID: 2) registered with world 'MainLevel'.
[2022.01.30-05.12.52:227][409]LogLoad: Game class is 'BP_MainLevel_GM_C'
[2022.01.30-05.12.52:228][409]LogWorld: Bringing World /Game/_Game/Maps/UEDPIE_0_MainLevel.MainLevel up for play (max tick rate 60) at 2022.01.30-12.12.52
[2022.01.30-05.12.52:228][409]LogWorld: Bringing up level for play took: 0.000357
[2022.01.30-05.12.52:235][409]LogLoad: Took 0.057340 seconds to LoadMap(/Game/_Game/Maps/UEDPIE_0_MainLevel)
[2022.01.30-05.12.53:424][478]LogSlate: Updating window title bar state: overlay mode, drag disabled, window buttons hidden, title bar hidden
[2022.01.30-05.12.53:425][478]LogWorld: BeginTearingDown for /Game/_Game/Maps/UEDPIE_0_MainLevel
[2022.01.30-05.12.53:425][478]LogWorld: UWorld::CleanupWorld for MainLevel, bSessionEnded=true, bCleanupResources=true
[2022.01.30-05.12.53:426][478]LogSlate: InvalidateAllWidgets triggered.  All widgets were invalidated
[2022.01.30-05.12.53:441][478]LogPlayLevel: Display: Shutting down PIE online subsystems
[2022.01.30-05.12.53:443][478]LogSlate: InvalidateAllWidgets triggered.  All widgets were invalidated
[2022.01.30-05.12.53:447][478]LogSlate: Updating window title bar state: overlay mode, drag disabled, window buttons hidden, title bar hidden
[2022.01.30-05.12.53:448][478]LogAudioMixer: FMixerPlatformXAudio2::StopAudioStream() called
[2022.01.30-05.12.53:449][478]LogAudioMixer: FMixerPlatformXAudio2::StopAudioStream() called
[2022.01.30-05.12.53:462][478]LogUObjectHash: Compacting FUObjectHashTables data took   0.61ms
[2022.01.30-05.12.53:505][480]LogPlayLevel: Display: Destroying online subsystem :Context_1
[2022.01.30-05.13.00:981][831]LogSlate: Took 0.000907 seconds to synchronously load lazily loaded font '../../../Engine/Content/Slate/Fonts/Roboto-Light.ttf' (167K)
[2022.01.30-05.13.03:633][988]LogSlate: Took 0.000131 seconds to synchronously load lazily loaded font '../../../Engine/Content/Slate/Fonts/Roboto-Light.ttf' (167K)
[2022.01.30-05.13.03:650][988]LogAssetEditorSubsystem: Opening Asset editor for Blueprint /Game/_Game/Blueprints/BP_CoinItem.BP_CoinItem
[2022.01.30-05.13.03:784][988]LogNativeClassHierarchy: Verbose: Native class hierarchy updated for 'BlueprintGraph' in 0.0005 seconds. Added 126 classes and 0 folders.
[2022.01.30-05.13.07:157][139]LogSlate: Window 'BP_CoinItem' being destroyed
[2022.01.30-05.13.07:166][139]LogWorld: UWorld::CleanupWorld for World_5, bSessionEnded=true, bCleanupResources=true
[2022.01.30-05.13.07:166][139]LogSlate: InvalidateAllWidgets triggered.  All widgets were invalidated
[2022.01.30-05.13.07:222][139]LogAssetEditorSubsystem: Opening Asset editor for Blueprint /Game/_Game/Blueprints/BP_CoinItem.BP_CoinItem
[2022.01.30-05.13.07:648][139]LogSlate: Took 0.005996 seconds to synchronously load lazily loaded font '../../../Engine/Content/Slate/Fonts/Roboto-BoldCondensed.ttf' (158K)
[2022.01.30-05.13.10:501][304]LogSlate: Took 0.000861 seconds to synchronously load lazily loaded font '../../../Engine/Content/Slate/Fonts/Roboto-Italic.ttf' (157K)
