Log file open, 01/30/22 11:14:14
LogWindows: Failed to load 'aqProf.dll' (GetLastError=126)
LogWindows: File 'aqProf.dll' does not exist
LogWindows: Failed to load 'VtuneApi.dll' (GetLastError=126)
LogWindows: File 'VtuneApi.dll' does not exist
LogWindows: Failed to load 'VtuneApi32e.dll' (GetLastError=126)
LogWindows: File 'VtuneApi32e.dll' does not exist
LogConsoleResponse: Display: Failed to find resolution value strings in scalability ini. Falling back to default.
LogConsoleResponse: Display: Failed to find resolution value strings in scalability ini. Falling back to default.
LogInit: Display: Running engine for game: EndlessRunner
LogPlatformFile: Not using cached read wrapper
LogTaskGraph: Started task graph with 5 named threads and 47 total threads with 3 sets of task threads.
LogStats: Stats thread started at 1.341947
LogICUInternationalization: ICU TimeZone Detection - Raw Offset: +7:00, Platform Override: ''
LogInit: Display: Loading text-based GConfig....
LogPluginManager: Mounting plugin MeshPainting
LogPluginManager: Mounting plugin XGEController
LogPluginManager: Mounting plugin AISupport
LogPluginManager: Mounting plugin EnvironmentQueryEditor
LogPluginManager: Mounting plugin Paper2D
LogPluginManager: Mounting plugin LightPropagationVolume
LogPluginManager: Mounting plugin LiveLink
LogPluginManager: Mounting plugin GameplayCameras
LogPluginManager: Mounting plugin OodleData
LogPluginManager: Mounting plugin CameraShakePreviewer
LogPluginManager: Mounting plugin AnimationSharing
LogPluginManager: Mounting plugin OodleNetwork
LogPluginManager: Mounting plugin CLionSourceCodeAccess
LogPluginManager: Mounting plugin NullSourceCodeAccess
LogPluginManager: Mounting plugin GitSourceControl
LogPluginManager: Mounting plugin KDevelopSourceCodeAccess
LogPluginManager: Mounting plugin PlasticSourceControl
LogPluginManager: Mounting plugin PixWinPlugin
LogPluginManager: Mounting plugin CodeLiteSourceCodeAccess
LogPluginManager: Mounting plugin PerforceSourceControl
LogPluginManager: Mounting plugin PropertyAccessNode
LogPluginManager: Mounting plugin SubversionSourceControl
LogPluginManager: Mounting plugin RiderSourceCodeAccess
LogPluginManager: Mounting plugin XCodeSourceCodeAccess
LogPluginManager: Mounting plugin TextureFormatOodle
LogPluginManager: Mounting plugin UObjectPlugin
LogPluginManager: Mounting plugin VisualStudioSourceCodeAccess
LogPluginManager: Mounting plugin VisualStudioCodeSourceCodeAccess
LogPluginManager: Mounting plugin CurveEditorTools
LogPluginManager: Mounting plugin PluginUtils
LogPluginManager: Mounting plugin CryptoKeys
LogPluginManager: Mounting plugin FacialAnimation
LogPluginManager: Mounting plugin GameplayTagsEditor
LogPluginManager: Mounting plugin MacGraphicsSwitching
LogPluginManager: Mounting plugin AssetManagerEditor
LogPluginManager: Mounting plugin MaterialAnalyzer
LogPluginManager: Mounting plugin MobileLauncherProfileWizard
LogPluginManager: Mounting plugin SpeedTreeImporter
LogPluginManager: Mounting plugin GeometryMode
LogPluginManager: Mounting plugin PluginBrowser
LogPluginManager: Mounting plugin DatasmithContent
LogPluginManager: Mounting plugin AlembicImporter
LogPluginManager: Mounting plugin VariantManagerContent
LogPluginManager: Mounting plugin DataValidation
LogPluginManager: Mounting plugin BackChannel
LogPluginManager: Mounting plugin AutomationUtils
LogPluginManager: Mounting plugin ChaosCloth
LogPluginManager: Mounting plugin ChaosSolverPlugin
LogPluginManager: Mounting plugin ChaosClothEditor
LogPluginManager: Mounting plugin ChaosEditor
LogPluginManager: Mounting plugin ChaosNiagara
LogPluginManager: Mounting plugin CharacterAI
LogPluginManager: Mounting plugin GeometryCache
LogPluginManager: Mounting plugin GeometryProcessing
LogPluginManager: Mounting plugin GeometryCollectionPlugin
LogPluginManager: Mounting plugin MotoSynth
LogPluginManager: Mounting plugin PlanarCut
LogPluginManager: Mounting plugin PlatformCrypto
LogPluginManager: Mounting plugin ProxyLODPlugin
LogPluginManager: Mounting plugin PythonScriptPlugin
LogPluginManager: Mounting plugin SkeletalReduction
LogPluginManager: Mounting plugin OpenImageDenoise
LogPluginManager: Mounting plugin Niagara
LogPluginManager: Mounting plugin LuminPlatformFeatures
LogPluginManager: Mounting plugin MagicLeap
LogPluginManager: Mounting plugin MagicLeapLightEstimation
LogPluginManager: Mounting plugin MagicLeapMedia
LogPluginManager: Mounting plugin MagicLeapPassableWorld
LogPluginManager: Mounting plugin MLSDK
LogPluginManager: Mounting plugin TcpMessaging
LogPluginManager: Mounting plugin UdpMessaging
LogPluginManager: Mounting plugin AndroidMedia
LogPluginManager: Mounting plugin AvfMedia
LogPluginManager: Mounting plugin ImgMedia
LogPluginManager: Mounting plugin MediaPlayerEditor
LogPluginManager: Mounting plugin MediaCompositing
LogPluginManager: Mounting plugin WebMMedia
LogPluginManager: Mounting plugin WmfMedia
LogPluginManager: Mounting plugin LauncherChunkInstaller
LogPluginManager: Mounting plugin ActorSequence
LogPluginManager: Mounting plugin LevelSequenceEditor
LogPluginManager: Mounting plugin MatineeToLevelSequence
LogPluginManager: Mounting plugin ActorLayerUtilities
LogPluginManager: Mounting plugin TemplateSequence
LogPluginManager: Mounting plugin AndroidMoviePlayer
LogPluginManager: Mounting plugin AndroidDeviceProfileSelector
LogPluginManager: Mounting plugin AndroidPermission
LogPluginManager: Mounting plugin AppleImageUtils
LogPluginManager: Mounting plugin AppleMoviePlayer
LogPluginManager: Mounting plugin AudioCapture
LogPluginManager: Mounting plugin AssetTags
LogPluginManager: Mounting plugin ArchVisCharacter
LogPluginManager: Mounting plugin AudioSynesthesia
LogPluginManager: Mounting plugin CableComponent
LogPluginManager: Mounting plugin ChunkDownloader
LogPluginManager: Mounting plugin CustomMeshComponent
LogPluginManager: Mounting plugin EditableMesh
LogPluginManager: Mounting plugin GoogleCloudMessaging
LogPluginManager: Mounting plugin ExampleDeviceProfileSelector
LogPluginManager: Mounting plugin GooglePAD
LogPluginManager: Mounting plugin IOSDeviceProfileSelector
LogPluginManager: Mounting plugin LinuxDeviceProfileSelector
LogPluginManager: Mounting plugin LocationServicesBPLibrary
LogPluginManager: Mounting plugin MobilePatchingUtils
LogPluginManager: Mounting plugin OpenXR
LogPluginManager: Mounting plugin OpenXRHandTracking
LogPluginManager: Mounting plugin OpenXREyeTracker
LogPluginManager: Mounting plugin PhysXVehicles
LogPluginManager: Mounting plugin PostSplashScreen
LogPluginManager: Mounting plugin OnlineSubsystem
LogPluginManager: Mounting plugin PropertyAccessEditor
LogPluginManager: Mounting plugin ProceduralMeshComponent
LogPluginManager: Mounting plugin ScreenshotTools
LogPluginManager: Mounting plugin RuntimePhysXCooking
LogPluginManager: Mounting plugin SignificanceManager
LogPluginManager: Mounting plugin OnlineSubsystemNull
LogPluginManager: Mounting plugin SoundFields
LogPluginManager: Mounting plugin OnlineSubsystemUtils
LogPluginManager: Mounting plugin Takes
LogPluginManager: Mounting plugin Synthesis
LogPluginManager: Mounting plugin WebMMoviePlayer
LogPluginManager: Mounting plugin WindowsMoviePlayer
LogPluginManager: Mounting plugin ContentBrowserClassDataSource
LogPluginManager: Mounting plugin ContentBrowserFileDataSource
LogPluginManager: Mounting plugin ContentBrowserAssetDataSource
LogPluginManager: Mounting plugin OnlineSubsystemGooglePlay
LogPluginManager: Mounting plugin OculusVR
LogPluginManager: Mounting plugin OnlineSubsystemIOS
LogPluginManager: Mounting plugin SteamVR
PixWinPlugin: PIX capture plugin failed to initialize! Check that the process is launched from PIX.
LogInit: Using libcurl 7.55.1-DEV
LogInit:  - built for x86_64-pc-win32
LogInit:  - supports SSL with OpenSSL/1.1.1
LogInit:  - supports HTTP deflate (compression) using libz 1.2.8
LogInit:  - other features:
LogInit:      CURL_VERSION_SSL
LogInit:      CURL_VERSION_LIBZ
LogInit:      CURL_VERSION_IPV6
LogInit:      CURL_VERSION_ASYNCHDNS
LogInit:      CURL_VERSION_LARGEFILE
LogInit:      CURL_VERSION_IDN
LogInit:  CurlRequestOptions (configurable via config and command line):
LogInit:  - bVerifyPeer = true  - Libcurl will verify peer certificate
LogInit:  - bUseHttpProxy = false  - Libcurl will NOT use HTTP proxy
LogInit:  - bDontReuseConnections = false  - Libcurl will reuse connections
LogInit:  - MaxHostConnections = 16  - Libcurl will limit the number of connections to a host
LogInit:  - LocalHostAddr = Default
LogInit:  - BufferSize = 65536
LogOnline: OSS: Creating online subsystem instance for: NULL
LogInit: WinSock: version 1.1 (2.2), MaxSocks=32767, MaxUdp=65467
LogOnline: OSS: TryLoadSubsystemAndSetDefault: Loaded subsystem for module [NULL]
LogOculusPluginWrapper: OculusPlugin initialized successfully
LogHMD: Failed initializing OVRPlugin 1.59.0
LogInit: Build: ++UE4+Release-4.27-CL-17735300
LogInit: Engine Version: 4.27.1-17735300+++UE4+Release-4.27
LogInit: Compatible Engine Version: 4.27.0-17155196+++UE4+Release-4.27
LogInit: Net CL: 17155196
LogInit: OS: Windows 10 (Release 2009) (), CPU: AMD Ryzen 7 5800H with Radeon Graphics         , GPU: NVIDIA GeForce RTX 3060 Laptop GPU
LogInit: Compiled (64-bit): Oct  6 2021 14:42:51
LogInit: Compiled with Visual C++: 19.24.28315.00
LogInit: Build Configuration: Development
LogInit: Branch Name: ++UE4+Release-4.27
LogInit: Command Line:  -skipcompile
LogInit: Base Directory: D:/UE_4.27/Engine/Binaries/Win64/
LogInit: Allocator: TBB
LogInit: Installed Engine Build: 1
LogDevObjectVersion: Number of dev versions registered: 29
LogDevObjectVersion:   Dev-Blueprints (B0D832E4-1F89-4F0D-ACCF-7EB736FD4AA2): 10
LogDevObjectVersion:   Dev-Build (E1C64328-A22C-4D53-A36C-8E866417BD8C): 0
LogDevObjectVersion:   Dev-Core (375EC13C-06E4-48FB-B500-84F0262A717E): 4
LogDevObjectVersion:   Dev-Editor (E4B068ED-F494-42E9-A231-DA0B2E46BB41): 40
LogDevObjectVersion:   Dev-Framework (CFFC743F-43B0-4480-9391-14DF171D2073): 37
LogDevObjectVersion:   Dev-Mobile (B02B49B5-BB20-44E9-A304-32B752E40360): 3
LogDevObjectVersion:   Dev-Networking (A4E4105C-59A1-49B5-A7C5-40C4547EDFEE): 0
LogDevObjectVersion:   Dev-Online (39C831C9-5AE6-47DC-9A44-9C173E1C8E7C): 0
LogDevObjectVersion:   Dev-Physics (78F01B33-EBEA-4F98-B9B4-84EACCB95AA2): 14
LogDevObjectVersion:   Dev-Platform (6631380F-2D4D-43E0-8009-CF276956A95A): 0
LogDevObjectVersion:   Dev-Rendering (12F88B9F-8875-4AFC-A67C-D90C383ABD29): 45
LogDevObjectVersion:   Dev-Sequencer (7B5AE74C-D270-4C10-A958-57980B212A5A): 13
LogDevObjectVersion:   Dev-VR (D7296918-1DD6-4BDD-9DE2-64A83CC13884): 3
LogDevObjectVersion:   Dev-LoadTimes (C2A15278-BFE7-4AFE-6C17-90FF531DF755): 1
LogDevObjectVersion:   Private-Geometry (6EACA3D4-40EC-4CC1-B786-8BED09428FC5): 3
LogDevObjectVersion:   Dev-AnimPhys (29E575DD-E0A3-4627-9D10-D276232CDCEA): 17
LogDevObjectVersion:   Dev-Anim (AF43A65D-7FD3-4947-9873-3E8ED9C1BB05): 15
LogDevObjectVersion:   Dev-ReflectionCapture (6B266CEC-1EC7-4B8F-A30B-E4D90942FC07): 1
LogDevObjectVersion:   Dev-Automation (0DF73D61-A23F-47EA-B727-89E90C41499A): 1
LogDevObjectVersion:   FortniteMain (601D1886-AC64-4F84-AA16-D3DE0DEAC7D6): 47
LogDevObjectVersion:   FortniteRelease (E7086368-6B23-4C58-8439-1B7016265E91): 1
LogDevObjectVersion:   Dev-Enterprise (9DFFBCD6-494F-0158-E221-12823C92A888): 10
LogDevObjectVersion:   Dev-Niagara (F2AED0AC-9AFE-416F-8664-AA7FFA26D6FC): 1
LogDevObjectVersion:   Dev-Destruction (174F1F0B-B4C6-45A5-B13F-2EE8D0FB917D): 10
LogDevObjectVersion:   Dev-Physics-Ext (35F94A83-E258-406C-A318-09F59610247C): 41
LogDevObjectVersion:   Dev-PhysicsMaterial-Chaos (B68FC16E-8B1B-42E2-B453-215C058844FE): 1
LogDevObjectVersion:   Dev-CineCamera (B2E18506-4273-CFC2-A54E-F4BB758BBA07): 1
LogDevObjectVersion:   Dev-VirtualProduction (64F58936-FD1B-42BA-BA96-7289D5D0FA4E): 1
LogDevObjectVersion:   Dev-MediaFramework (6F0ED827-A609-4895-9C91-998D90180EA4): 2
LogInit: Presizing for max 25165824 objects, including 0 objects not considered by GC, pre-allocating 0 bytes for permanent pool.
LogConfig: Applying CVar settings from Section [/Script/Engine.StreamingSettings] File [D:/Unreal_c++/EndlessRun/EndlessRunner/Saved/Config/Windows/Engine.ini]
LogConfig: Setting CVar [[s.MinBulkDataSizeForAsyncLoading:131072]]
LogConfig: Setting CVar [[s.AsyncLoadingThreadEnabled:0]]
LogConfig: Setting CVar [[s.EventDrivenLoaderEnabled:1]]
LogConfig: Setting CVar [[s.WarnIfTimeLimitExceeded:0]]
LogConfig: Setting CVar [[s.TimeLimitExceededMultiplier:1.5]]
LogConfig: Setting CVar [[s.TimeLimitExceededMinTime:0.005]]
LogConfig: Setting CVar [[s.UseBackgroundLevelStreaming:1]]
LogConfig: Setting CVar [[s.PriorityAsyncLoadingExtraTime:15.0]]
LogConfig: Setting CVar [[s.LevelStreamingActorsUpdateTimeLimit:5.0]]
LogConfig: Setting CVar [[s.PriorityLevelStreamingActorsUpdateExtraTime:5.0]]
LogConfig: Setting CVar [[s.LevelStreamingComponentsRegistrationGranularity:10]]
LogConfig: Setting CVar [[s.UnregisterComponentsTimeLimit:1.0]]
LogConfig: Setting CVar [[s.LevelStreamingComponentsUnregistrationGranularity:5]]
LogConfig: Setting CVar [[s.FlushStreamingOnExit:1]]
LogInit: Object subsystem initialized
LogConfig: Setting CVar [[con.DebugEarlyDefault:1]]
LogConfig: Setting CVar [[r.setres:1280x720]]
[2022.01.30-04.14.16:554][  0]LogConfig: Setting CVar [[r.VSync:0]]
[2022.01.30-04.14.16:554][  0]LogConfig: Setting CVar [[r.RHICmdBypass:0]]
[2022.01.30-04.14.16:555][  0]LogConfig: Applying CVar settings from Section [/Script/Engine.RendererSettings] File [D:/Unreal_c++/EndlessRun/EndlessRunner/Saved/Config/Windows/Engine.ini]
[2022.01.30-04.14.16:555][  0]LogConfig: Setting CVar [[r.GPUCrashDebugging:0]]
[2022.01.30-04.14.16:555][  0]LogConfig: Applying CVar settings from Section [/Script/Engine.RendererOverrideSettings] File [D:/Unreal_c++/EndlessRun/EndlessRunner/Saved/Config/Windows/Engine.ini]
[2022.01.30-04.14.16:555][  0]LogConfig: Applying CVar settings from Section [/Script/Engine.StreamingSettings] File [D:/Unreal_c++/EndlessRun/EndlessRunner/Saved/Config/Windows/Engine.ini]
[2022.01.30-04.14.16:555][  0]LogConfig: Setting CVar [[s.MinBulkDataSizeForAsyncLoading:131072]]
[2022.01.30-04.14.16:556][  0]LogConfig: Setting CVar [[s.AsyncLoadingThreadEnabled:0]]
[2022.01.30-04.14.16:556][  0]LogConfig: Setting CVar [[s.EventDrivenLoaderEnabled:1]]
[2022.01.30-04.14.16:556][  0]LogConfig: Setting CVar [[s.WarnIfTimeLimitExceeded:0]]
[2022.01.30-04.14.16:556][  0]LogConfig: Setting CVar [[s.TimeLimitExceededMultiplier:1.5]]
[2022.01.30-04.14.16:556][  0]LogConfig: Setting CVar [[s.TimeLimitExceededMinTime:0.005]]
[2022.01.30-04.14.16:556][  0]LogConfig: Setting CVar [[s.UseBackgroundLevelStreaming:1]]
[2022.01.30-04.14.16:556][  0]LogConfig: Setting CVar [[s.PriorityAsyncLoadingExtraTime:15.0]]
[2022.01.30-04.14.16:556][  0]LogConfig: Setting CVar [[s.LevelStreamingActorsUpdateTimeLimit:5.0]]
[2022.01.30-04.14.16:556][  0]LogConfig: Setting CVar [[s.PriorityLevelStreamingActorsUpdateExtraTime:5.0]]
[2022.01.30-04.14.16:556][  0]LogConfig: Setting CVar [[s.LevelStreamingComponentsRegistrationGranularity:10]]
[2022.01.30-04.14.16:556][  0]LogConfig: Setting CVar [[s.UnregisterComponentsTimeLimit:1.0]]
[2022.01.30-04.14.16:556][  0]LogConfig: Setting CVar [[s.LevelStreamingComponentsUnregistrationGranularity:5]]
[2022.01.30-04.14.16:556][  0]LogConfig: Setting CVar [[s.FlushStreamingOnExit:1]]
[2022.01.30-04.14.16:556][  0]LogConfig: Applying CVar settings from Section [/Script/Engine.GarbageCollectionSettings] File [D:/Unreal_c++/EndlessRun/EndlessRunner/Saved/Config/Windows/Engine.ini]
[2022.01.30-04.14.16:556][  0]LogConfig: Setting CVar [[gc.MaxObjectsNotConsideredByGC:1]]
[2022.01.30-04.14.16:557][  0]LogConfig: Setting CVar [[gc.SizeOfPermanentObjectPool:0]]
[2022.01.30-04.14.16:557][  0]LogConfig: Setting CVar [[gc.FlushStreamingOnGC:0]]
[2022.01.30-04.14.16:557][  0]LogConfig: Setting CVar [[gc.NumRetriesBeforeForcingGC:10]]
[2022.01.30-04.14.16:557][  0]LogConfig: Setting CVar [[gc.AllowParallelGC:1]]
[2022.01.30-04.14.16:557][  0]LogConfig: Setting CVar [[gc.TimeBetweenPurgingPendingKillObjects:61.1]]
[2022.01.30-04.14.16:557][  0]LogConfig: Setting CVar [[gc.MaxObjectsInEditor:25165824]]
[2022.01.30-04.14.16:557][  0]LogConfig: Setting CVar [[gc.IncrementalBeginDestroyEnabled:1]]
[2022.01.30-04.14.16:557][  0]LogConfig: Setting CVar [[gc.CreateGCClusters:1]]
[2022.01.30-04.14.16:557][  0]LogConfig: Setting CVar [[gc.MinGCClusterSize:5]]
[2022.01.30-04.14.16:557][  0]LogConfig: Setting CVar [[gc.ActorClusteringEnabled:0]]
[2022.01.30-04.14.16:557][  0]LogConfig: Setting CVar [[gc.BlueprintClusteringEnabled:0]]
[2022.01.30-04.14.16:557][  0]LogConfig: Setting CVar [[gc.UseDisregardForGCOnDedicatedServers:0]]
[2022.01.30-04.14.16:557][  0]LogConfig: Setting CVar [[gc.MultithreadedDestructionEnabled:1]]
[2022.01.30-04.14.16:557][  0]LogConfig: Applying CVar settings from Section [/Script/Engine.NetworkSettings] File [D:/Unreal_c++/EndlessRun/EndlessRunner/Saved/Config/Windows/Engine.ini]
[2022.01.30-04.14.16:558][  0]LogConfig: Applying CVar settings from Section [/Script/UnrealEd.CookerSettings] File [D:/Unreal_c++/EndlessRun/EndlessRunner/Saved/Config/Windows/Engine.ini]
[2022.01.30-04.14.16:591][  0]LogConfig: Applying CVar settings from Section [ViewDistanceQuality@3] File [D:/Unreal_c++/EndlessRun/EndlessRunner/Saved/Config/Windows/Scalability.ini]
[2022.01.30-04.14.16:591][  0]LogConfig: Setting CVar [[r.SkeletalMeshLODBias:0]]
[2022.01.30-04.14.16:591][  0]LogConfig: Setting CVar [[r.ViewDistanceScale:1.0]]
[2022.01.30-04.14.16:592][  0]LogConfig: Applying CVar settings from Section [AntiAliasingQuality@3] File [D:/Unreal_c++/EndlessRun/EndlessRunner/Saved/Config/Windows/Scalability.ini]
[2022.01.30-04.14.16:592][  0]LogConfig: Setting CVar [[r.PostProcessAAQuality:4]]
[2022.01.30-04.14.16:592][  0]LogConfig: Applying CVar settings from Section [ShadowQuality@3] File [D:/Unreal_c++/EndlessRun/EndlessRunner/Saved/Config/Windows/Scalability.ini]
[2022.01.30-04.14.16:592][  0]LogConfig: Setting CVar [[r.LightFunctionQuality:1]]
[2022.01.30-04.14.16:592][  0]LogConfig: Setting CVar [[r.ShadowQuality:5]]
[2022.01.30-04.14.16:592][  0]LogConfig: Setting CVar [[r.Shadow.CSM.MaxCascades:10]]
[2022.01.30-04.14.16:592][  0]LogConfig: Setting CVar [[r.Shadow.MaxResolution:2048]]
[2022.01.30-04.14.16:592][  0]LogConfig: Setting CVar [[r.Shadow.MaxCSMResolution:2048]]
[2022.01.30-04.14.16:592][  0]LogConfig: Setting CVar [[r.Shadow.RadiusThreshold:0.01]]
[2022.01.30-04.14.16:592][  0]LogConfig: Setting CVar [[r.Shadow.DistanceScale:1.0]]
[2022.01.30-04.14.16:592][  0]LogConfig: Setting CVar [[r.Shadow.CSM.TransitionScale:1.0]]
[2022.01.30-04.14.16:592][  0]LogConfig: Setting CVar [[r.Shadow.PreShadowResolutionFactor:1.0]]
[2022.01.30-04.14.16:592][  0]LogConfig: Setting CVar [[r.DistanceFieldShadowing:1]]
[2022.01.30-04.14.16:592][  0]LogConfig: Setting CVar [[r.DistanceFieldAO:1]]
[2022.01.30-04.14.16:592][  0]LogConfig: Setting CVar [[r.AOQuality:2]]
[2022.01.30-04.14.16:592][  0]LogConfig: Setting CVar [[r.VolumetricFog:1]]
[2022.01.30-04.14.16:592][  0]LogConfig: Setting CVar [[r.VolumetricFog.GridPixelSize:8]]
[2022.01.30-04.14.16:593][  0]LogConfig: Setting CVar [[r.VolumetricFog.GridSizeZ:128]]
[2022.01.30-04.14.16:593][  0]LogConfig: Setting CVar [[r.VolumetricFog.HistoryMissSupersampleCount:4]]
[2022.01.30-04.14.16:593][  0]LogConfig: Setting CVar [[r.LightMaxDrawDistanceScale:1]]
[2022.01.30-04.14.16:593][  0]LogConfig: Setting CVar [[r.CapsuleShadows:1]]
[2022.01.30-04.14.16:593][  0]LogConfig: Applying CVar settings from Section [PostProcessQuality@3] File [D:/Unreal_c++/EndlessRun/EndlessRunner/Saved/Config/Windows/Scalability.ini]
[2022.01.30-04.14.16:593][  0]LogConfig: Setting CVar [[r.MotionBlurQuality:4]]
[2022.01.30-04.14.16:593][  0]LogConfig: Setting CVar [[r.AmbientOcclusionMipLevelFactor:0.4]]
[2022.01.30-04.14.16:593][  0]LogConfig: Setting CVar [[r.AmbientOcclusionMaxQuality:100]]
[2022.01.30-04.14.16:593][  0]LogConfig: Setting CVar [[r.AmbientOcclusionLevels:-1]]
[2022.01.30-04.14.16:593][  0]LogConfig: Setting CVar [[r.AmbientOcclusionRadiusScale:1.0]]
[2022.01.30-04.14.16:593][  0]LogConfig: Setting CVar [[r.DepthOfFieldQuality:2]]
[2022.01.30-04.14.16:593][  0]LogConfig: Setting CVar [[r.RenderTargetPoolMin:400]]
[2022.01.30-04.14.16:593][  0]LogConfig: Setting CVar [[r.LensFlareQuality:2]]
[2022.01.30-04.14.16:593][  0]LogConfig: Setting CVar [[r.SceneColorFringeQuality:1]]
[2022.01.30-04.14.16:593][  0]LogConfig: Setting CVar [[r.EyeAdaptationQuality:2]]
[2022.01.30-04.14.16:593][  0]LogConfig: Setting CVar [[r.BloomQuality:5]]
[2022.01.30-04.14.16:593][  0]LogConfig: Setting CVar [[r.FastBlurThreshold:100]]
[2022.01.30-04.14.16:594][  0]LogConfig: Setting CVar [[r.Upscale.Quality:3]]
[2022.01.30-04.14.16:594][  0]LogConfig: Setting CVar [[r.Tonemapper.GrainQuantization:1]]
[2022.01.30-04.14.16:594][  0]LogConfig: Setting CVar [[r.LightShaftQuality:1]]
[2022.01.30-04.14.16:594][  0]LogConfig: Setting CVar [[r.Filter.SizeScale:1]]
[2022.01.30-04.14.16:594][  0]LogConfig: Setting CVar [[r.Tonemapper.Quality:5]]
[2022.01.30-04.14.16:594][  0]LogConfig: Setting CVar [[r.DOF.Gather.AccumulatorQuality:1        ; higher gathering accumulator quality]]
[2022.01.30-04.14.16:594][  0]LogConfig: Setting CVar [[r.DOF.Gather.PostfilterMethod:1          ; Median3x3 postfilering method]]
[2022.01.30-04.14.16:594][  0]LogConfig: Setting CVar [[r.DOF.Gather.EnableBokehSettings:0       ; no bokeh simulation when gathering]]
[2022.01.30-04.14.16:594][  0]LogConfig: Setting CVar [[r.DOF.Gather.RingCount:4                 ; medium number of samples when gathering]]
[2022.01.30-04.14.16:594][  0]LogConfig: Setting CVar [[r.DOF.Scatter.ForegroundCompositing:1    ; additive foreground scattering]]
[2022.01.30-04.14.16:594][  0]LogConfig: Setting CVar [[r.DOF.Scatter.BackgroundCompositing:2    ; additive background scattering]]
[2022.01.30-04.14.16:594][  0]LogConfig: Setting CVar [[r.DOF.Scatter.EnableBokehSettings:1      ; bokeh simulation when scattering]]
[2022.01.30-04.14.16:594][  0]LogConfig: Setting CVar [[r.DOF.Scatter.MaxSpriteRatio:0.1         ; only a maximum of 10% of scattered bokeh]]
[2022.01.30-04.14.16:594][  0]LogConfig: Setting CVar [[r.DOF.Recombine.Quality:1                ; cheap slight out of focus]]
[2022.01.30-04.14.16:594][  0]LogConfig: Setting CVar [[r.DOF.Recombine.EnableBokehSettings:0    ; no bokeh simulation on slight out of focus]]
[2022.01.30-04.14.16:594][  0]LogConfig: Setting CVar [[r.DOF.TemporalAAQuality:1                ; more stable temporal accumulation]]
[2022.01.30-04.14.16:594][  0]LogConfig: Setting CVar [[r.DOF.Kernel.MaxForegroundRadius:0.025]]
[2022.01.30-04.14.16:594][  0]LogConfig: Setting CVar [[r.DOF.Kernel.MaxBackgroundRadius:0.025]]
[2022.01.30-04.14.16:595][  0]LogConfig: Applying CVar settings from Section [TextureQuality@3] File [D:/Unreal_c++/EndlessRun/EndlessRunner/Saved/Config/Windows/Scalability.ini]
[2022.01.30-04.14.16:595][  0]LogConfig: Setting CVar [[r.Streaming.MipBias:0]]
[2022.01.30-04.14.16:595][  0]LogConfig: Setting CVar [[r.Streaming.AmortizeCPUToGPUCopy:0]]
[2022.01.30-04.14.16:595][  0]LogConfig: Setting CVar [[r.Streaming.MaxNumTexturesToStreamPerFrame:0]]
[2022.01.30-04.14.16:595][  0]LogConfig: Setting CVar [[r.Streaming.Boost:1]]
[2022.01.30-04.14.16:595][  0]LogConfig: Setting CVar [[r.MaxAnisotropy:8]]
[2022.01.30-04.14.16:595][  0]LogConfig: Setting CVar [[r.VT.MaxAnisotropy:8]]
[2022.01.30-04.14.16:595][  0]LogConfig: Setting CVar [[r.Streaming.LimitPoolSizeToVRAM:0]]
[2022.01.30-04.14.16:595][  0]LogConfig: Setting CVar [[r.Streaming.PoolSize:1000]]
[2022.01.30-04.14.16:595][  0]LogConfig: Setting CVar [[r.Streaming.MaxEffectiveScreenSize:0]]
[2022.01.30-04.14.16:595][  0]LogConfig: Applying CVar settings from Section [EffectsQuality@3] File [D:/Unreal_c++/EndlessRun/EndlessRunner/Saved/Config/Windows/Scalability.ini]
[2022.01.30-04.14.16:595][  0]LogConfig: Setting CVar [[r.TranslucencyLightingVolumeDim:64]]
[2022.01.30-04.14.16:595][  0]LogConfig: Setting CVar [[r.RefractionQuality:2]]
[2022.01.30-04.14.16:595][  0]LogConfig: Setting CVar [[r.SSR.Quality:3]]
[2022.01.30-04.14.16:595][  0]LogConfig: Setting CVar [[r.SSR.HalfResSceneColor:0]]
[2022.01.30-04.14.16:595][  0]LogConfig: Setting CVar [[r.SceneColorFormat:4]]
[2022.01.30-04.14.16:595][  0]LogConfig: Setting CVar [[r.DetailMode:2]]
[2022.01.30-04.14.16:595][  0]LogConfig: Setting CVar [[r.TranslucencyVolumeBlur:1]]
[2022.01.30-04.14.16:595][  0]LogConfig: Setting CVar [[r.MaterialQualityLevel:1 ; High quality]]
[2022.01.30-04.14.16:596][  0]LogConfig: Setting CVar [[r.AnisotropicMaterials:1]]
[2022.01.30-04.14.16:596][  0]LogConfig: Setting CVar [[r.SSS.Scale:1]]
[2022.01.30-04.14.16:596][  0]LogConfig: Setting CVar [[r.SSS.SampleSet:2]]
[2022.01.30-04.14.16:596][  0]LogConfig: Setting CVar [[r.SSS.Quality:1]]
[2022.01.30-04.14.16:596][  0]LogConfig: Setting CVar [[r.SSS.HalfRes:0]]
[2022.01.30-04.14.16:596][  0]LogConfig: Setting CVar [[r.SSGI.Quality:3]]
[2022.01.30-04.14.16:596][  0]LogConfig: Setting CVar [[r.EmitterSpawnRateScale:1.0]]
[2022.01.30-04.14.16:596][  0]LogConfig: Setting CVar [[r.ParticleLightQuality:2]]
[2022.01.30-04.14.16:596][  0]LogConfig: Setting CVar [[r.SkyAtmosphere.AerialPerspectiveLUT.FastApplyOnOpaque:1 ; Always have FastSkyLUT 1 in this case to avoid wrong sky]]
[2022.01.30-04.14.16:596][  0]LogConfig: Setting CVar [[r.SkyAtmosphere.AerialPerspectiveLUT.SampleCountMaxPerSlice:4]]
[2022.01.30-04.14.16:596][  0]LogConfig: Setting CVar [[r.SkyAtmosphere.AerialPerspectiveLUT.DepthResolution:16.0]]
[2022.01.30-04.14.16:596][  0]LogConfig: Setting CVar [[r.SkyAtmosphere.FastSkyLUT:1]]
[2022.01.30-04.14.16:596][  0]LogConfig: Setting CVar [[r.SkyAtmosphere.FastSkyLUT.SampleCountMin:4.0]]
[2022.01.30-04.14.16:597][  0]LogConfig: Setting CVar [[r.SkyAtmosphere.FastSkyLUT.SampleCountMax:128.0]]
[2022.01.30-04.14.16:597][  0]LogConfig: Setting CVar [[r.SkyAtmosphere.SampleCountMin:4.0]]
[2022.01.30-04.14.16:597][  0]LogConfig: Setting CVar [[r.SkyAtmosphere.SampleCountMax:128.0]]
[2022.01.30-04.14.16:597][  0]LogConfig: Setting CVar [[r.SkyAtmosphere.TransmittanceLUT.UseSmallFormat:0]]
[2022.01.30-04.14.16:597][  0]LogConfig: Setting CVar [[r.SkyAtmosphere.TransmittanceLUT.SampleCount:10.0]]
[2022.01.30-04.14.16:597][  0]LogConfig: Setting CVar [[r.SkyAtmosphere.MultiScatteringLUT.SampleCount:15.0]]
[2022.01.30-04.14.16:597][  0]LogConfig: Setting CVar [[r.SkyLight.RealTimeReflectionCapture:1]]
[2022.01.30-04.14.16:597][  0]LogConfig: Applying CVar settings from Section [FoliageQuality@3] File [D:/Unreal_c++/EndlessRun/EndlessRunner/Saved/Config/Windows/Scalability.ini]
[2022.01.30-04.14.16:597][  0]LogConfig: Setting CVar [[foliage.DensityScale:1.0]]
[2022.01.30-04.14.16:597][  0]LogConfig: Setting CVar [[grass.DensityScale:1.0]]
[2022.01.30-04.14.16:597][  0]LogConfig: Applying CVar settings from Section [ShadingQuality@3] File [D:/Unreal_c++/EndlessRun/EndlessRunner/Saved/Config/Windows/Scalability.ini]
[2022.01.30-04.14.16:597][  0]LogConfig: Setting CVar [[r.HairStrands.SkyLighting.IntegrationType:2]]
[2022.01.30-04.14.16:597][  0]LogConfig: Setting CVar [[r.HairStrands.SkyAO.SampleCount:4]]
[2022.01.30-04.14.16:597][  0]LogConfig: Setting CVar [[r.HairStrands.Visibility.MSAA.SamplePerPixel:4]]
[2022.01.30-04.14.16:599][  0]LogInit: Selected Device Profile: [Windows]
[2022.01.30-04.14.16:599][  0]LogInit: Applying CVar settings loaded from the selected device profile: [Windows]
[2022.01.30-04.14.16:600][  0]LogHAL: Display: Platform has ~ 14 GB [14894297088 / 17179869184 / 14], which maps to Larger [LargestMinGB=32, LargerMinGB=12, DefaultMinGB=8, SmallerMinGB=6, SmallestMinGB=0)
[2022.01.30-04.14.16:600][  0]LogInit: Going up to parent DeviceProfile []
[2022.01.30-04.14.16:601][  0]LogConfig: Applying CVar settings from Section [ViewDistanceQuality@3] File [D:/Unreal_c++/EndlessRun/EndlessRunner/Saved/Config/Windows/Scalability.ini]
[2022.01.30-04.14.16:601][  0]LogConfig: Setting CVar [[r.SkeletalMeshLODBias:0]]
[2022.01.30-04.14.16:601][  0]LogConfig: Setting CVar [[r.ViewDistanceScale:1.0]]
[2022.01.30-04.14.16:601][  0]LogConfig: Applying CVar settings from Section [AntiAliasingQuality@3] File [D:/Unreal_c++/EndlessRun/EndlessRunner/Saved/Config/Windows/Scalability.ini]
[2022.01.30-04.14.16:602][  0]LogConfig: Setting CVar [[r.PostProcessAAQuality:4]]
[2022.01.30-04.14.16:602][  0]LogConfig: Applying CVar settings from Section [ShadowQuality@3] File [D:/Unreal_c++/EndlessRun/EndlessRunner/Saved/Config/Windows/Scalability.ini]
[2022.01.30-04.14.16:602][  0]LogConfig: Setting CVar [[r.LightFunctionQuality:1]]
[2022.01.30-04.14.16:602][  0]LogConfig: Setting CVar [[r.ShadowQuality:5]]
[2022.01.30-04.14.16:602][  0]LogConfig: Setting CVar [[r.Shadow.CSM.MaxCascades:10]]
[2022.01.30-04.14.16:602][  0]LogConfig: Setting CVar [[r.Shadow.MaxResolution:2048]]
[2022.01.30-04.14.16:602][  0]LogConfig: Setting CVar [[r.Shadow.MaxCSMResolution:2048]]
[2022.01.30-04.14.16:602][  0]LogConfig: Setting CVar [[r.Shadow.RadiusThreshold:0.01]]
[2022.01.30-04.14.16:602][  0]LogConfig: Setting CVar [[r.Shadow.DistanceScale:1.0]]
[2022.01.30-04.14.16:602][  0]LogConfig: Setting CVar [[r.Shadow.CSM.TransitionScale:1.0]]
[2022.01.30-04.14.16:602][  0]LogConfig: Setting CVar [[r.Shadow.PreShadowResolutionFactor:1.0]]
[2022.01.30-04.14.16:602][  0]LogConfig: Setting CVar [[r.DistanceFieldShadowing:1]]
[2022.01.30-04.14.16:602][  0]LogConfig: Setting CVar [[r.DistanceFieldAO:1]]
[2022.01.30-04.14.16:602][  0]LogConfig: Setting CVar [[r.AOQuality:2]]
[2022.01.30-04.14.16:602][  0]LogConfig: Setting CVar [[r.VolumetricFog:1]]
[2022.01.30-04.14.16:602][  0]LogConfig: Setting CVar [[r.VolumetricFog.GridPixelSize:8]]
[2022.01.30-04.14.16:602][  0]LogConfig: Setting CVar [[r.VolumetricFog.GridSizeZ:128]]
[2022.01.30-04.14.16:603][  0]LogConfig: Setting CVar [[r.VolumetricFog.HistoryMissSupersampleCount:4]]
[2022.01.30-04.14.16:603][  0]LogConfig: Setting CVar [[r.LightMaxDrawDistanceScale:1]]
[2022.01.30-04.14.16:603][  0]LogConfig: Setting CVar [[r.CapsuleShadows:1]]
[2022.01.30-04.14.16:603][  0]LogConfig: Applying CVar settings from Section [PostProcessQuality@3] File [D:/Unreal_c++/EndlessRun/EndlessRunner/Saved/Config/Windows/Scalability.ini]
[2022.01.30-04.14.16:603][  0]LogConfig: Setting CVar [[r.MotionBlurQuality:4]]
[2022.01.30-04.14.16:603][  0]LogConfig: Setting CVar [[r.AmbientOcclusionMipLevelFactor:0.4]]
[2022.01.30-04.14.16:603][  0]LogConfig: Setting CVar [[r.AmbientOcclusionMaxQuality:100]]
[2022.01.30-04.14.16:603][  0]LogConfig: Setting CVar [[r.AmbientOcclusionLevels:-1]]
[2022.01.30-04.14.16:603][  0]LogConfig: Setting CVar [[r.AmbientOcclusionRadiusScale:1.0]]
[2022.01.30-04.14.16:603][  0]LogConfig: Setting CVar [[r.DepthOfFieldQuality:2]]
[2022.01.30-04.14.16:603][  0]LogConfig: Setting CVar [[r.RenderTargetPoolMin:400]]
[2022.01.30-04.14.16:603][  0]LogConfig: Setting CVar [[r.LensFlareQuality:2]]
[2022.01.30-04.14.16:603][  0]LogConfig: Setting CVar [[r.SceneColorFringeQuality:1]]
[2022.01.30-04.14.16:603][  0]LogConfig: Setting CVar [[r.EyeAdaptationQuality:2]]
[2022.01.30-04.14.16:603][  0]LogConfig: Setting CVar [[r.BloomQuality:5]]
[2022.01.30-04.14.16:603][  0]LogConfig: Setting CVar [[r.FastBlurThreshold:100]]
[2022.01.30-04.14.16:603][  0]LogConfig: Setting CVar [[r.Upscale.Quality:3]]
[2022.01.30-04.14.16:603][  0]LogConfig: Setting CVar [[r.Tonemapper.GrainQuantization:1]]
[2022.01.30-04.14.16:603][  0]LogConfig: Setting CVar [[r.LightShaftQuality:1]]
[2022.01.30-04.14.16:603][  0]LogConfig: Setting CVar [[r.Filter.SizeScale:1]]
[2022.01.30-04.14.16:604][  0]LogConfig: Setting CVar [[r.Tonemapper.Quality:5]]
[2022.01.30-04.14.16:604][  0]LogConfig: Setting CVar [[r.DOF.Gather.AccumulatorQuality:1        ; higher gathering accumulator quality]]
[2022.01.30-04.14.16:604][  0]LogConfig: Setting CVar [[r.DOF.Gather.PostfilterMethod:1          ; Median3x3 postfilering method]]
[2022.01.30-04.14.16:604][  0]LogConfig: Setting CVar [[r.DOF.Gather.EnableBokehSettings:0       ; no bokeh simulation when gathering]]
[2022.01.30-04.14.16:604][  0]LogConfig: Setting CVar [[r.DOF.Gather.RingCount:4                 ; medium number of samples when gathering]]
[2022.01.30-04.14.16:604][  0]LogConfig: Setting CVar [[r.DOF.Scatter.ForegroundCompositing:1    ; additive foreground scattering]]
[2022.01.30-04.14.16:604][  0]LogConfig: Setting CVar [[r.DOF.Scatter.BackgroundCompositing:2    ; additive background scattering]]
[2022.01.30-04.14.16:604][  0]LogConfig: Setting CVar [[r.DOF.Scatter.EnableBokehSettings:1      ; bokeh simulation when scattering]]
[2022.01.30-04.14.16:604][  0]LogConfig: Setting CVar [[r.DOF.Scatter.MaxSpriteRatio:0.1         ; only a maximum of 10% of scattered bokeh]]
[2022.01.30-04.14.16:604][  0]LogConfig: Setting CVar [[r.DOF.Recombine.Quality:1                ; cheap slight out of focus]]
[2022.01.30-04.14.16:604][  0]LogConfig: Setting CVar [[r.DOF.Recombine.EnableBokehSettings:0    ; no bokeh simulation on slight out of focus]]
[2022.01.30-04.14.16:604][  0]LogConfig: Setting CVar [[r.DOF.TemporalAAQuality:1                ; more stable temporal accumulation]]
[2022.01.30-04.14.16:604][  0]LogConfig: Setting CVar [[r.DOF.Kernel.MaxForegroundRadius:0.025]]
[2022.01.30-04.14.16:604][  0]LogConfig: Setting CVar [[r.DOF.Kernel.MaxBackgroundRadius:0.025]]
[2022.01.30-04.14.16:604][  0]LogConfig: Applying CVar settings from Section [TextureQuality@3] File [D:/Unreal_c++/EndlessRun/EndlessRunner/Saved/Config/Windows/Scalability.ini]
[2022.01.30-04.14.16:604][  0]LogConfig: Setting CVar [[r.Streaming.MipBias:0]]
[2022.01.30-04.14.16:605][  0]LogConfig: Setting CVar [[r.Streaming.AmortizeCPUToGPUCopy:0]]
[2022.01.30-04.14.16:605][  0]LogConfig: Setting CVar [[r.Streaming.MaxNumTexturesToStreamPerFrame:0]]
[2022.01.30-04.14.16:605][  0]LogConfig: Setting CVar [[r.Streaming.Boost:1]]
[2022.01.30-04.14.16:605][  0]LogConfig: Setting CVar [[r.MaxAnisotropy:8]]
[2022.01.30-04.14.16:605][  0]LogConfig: Setting CVar [[r.VT.MaxAnisotropy:8]]
[2022.01.30-04.14.16:605][  0]LogConfig: Setting CVar [[r.Streaming.LimitPoolSizeToVRAM:0]]
[2022.01.30-04.14.16:605][  0]LogConfig: Setting CVar [[r.Streaming.PoolSize:1000]]
[2022.01.30-04.14.16:605][  0]LogConfig: Setting CVar [[r.Streaming.MaxEffectiveScreenSize:0]]
[2022.01.30-04.14.16:605][  0]LogConfig: Applying CVar settings from Section [EffectsQuality@3] File [D:/Unreal_c++/EndlessRun/EndlessRunner/Saved/Config/Windows/Scalability.ini]
[2022.01.30-04.14.16:605][  0]LogConfig: Setting CVar [[r.TranslucencyLightingVolumeDim:64]]
[2022.01.30-04.14.16:605][  0]LogConfig: Setting CVar [[r.RefractionQuality:2]]
[2022.01.30-04.14.16:605][  0]LogConfig: Setting CVar [[r.SSR.Quality:3]]
[2022.01.30-04.14.16:605][  0]LogConfig: Setting CVar [[r.SSR.HalfResSceneColor:0]]
[2022.01.30-04.14.16:605][  0]LogConfig: Setting CVar [[r.SceneColorFormat:4]]
[2022.01.30-04.14.16:605][  0]LogConfig: Setting CVar [[r.DetailMode:2]]
[2022.01.30-04.14.16:605][  0]LogConfig: Setting CVar [[r.TranslucencyVolumeBlur:1]]
[2022.01.30-04.14.16:605][  0]LogConfig: Setting CVar [[r.MaterialQualityLevel:1 ; High quality]]
[2022.01.30-04.14.16:605][  0]LogConfig: Setting CVar [[r.AnisotropicMaterials:1]]
[2022.01.30-04.14.16:606][  0]LogConfig: Setting CVar [[r.SSS.Scale:1]]
[2022.01.30-04.14.16:606][  0]LogConfig: Setting CVar [[r.SSS.SampleSet:2]]
[2022.01.30-04.14.16:606][  0]LogConfig: Setting CVar [[r.SSS.Quality:1]]
[2022.01.30-04.14.16:606][  0]LogConfig: Setting CVar [[r.SSS.HalfRes:0]]
[2022.01.30-04.14.16:606][  0]LogConfig: Setting CVar [[r.SSGI.Quality:3]]
[2022.01.30-04.14.16:606][  0]LogConfig: Setting CVar [[r.EmitterSpawnRateScale:1.0]]
[2022.01.30-04.14.16:606][  0]LogConfig: Setting CVar [[r.ParticleLightQuality:2]]
[2022.01.30-04.14.16:606][  0]LogConfig: Setting CVar [[r.SkyAtmosphere.AerialPerspectiveLUT.FastApplyOnOpaque:1 ; Always have FastSkyLUT 1 in this case to avoid wrong sky]]
[2022.01.30-04.14.16:606][  0]LogConfig: Setting CVar [[r.SkyAtmosphere.AerialPerspectiveLUT.SampleCountMaxPerSlice:4]]
[2022.01.30-04.14.16:606][  0]LogConfig: Setting CVar [[r.SkyAtmosphere.AerialPerspectiveLUT.DepthResolution:16.0]]
[2022.01.30-04.14.16:606][  0]LogConfig: Setting CVar [[r.SkyAtmosphere.FastSkyLUT:1]]
[2022.01.30-04.14.16:606][  0]LogConfig: Setting CVar [[r.SkyAtmosphere.FastSkyLUT.SampleCountMin:4.0]]
[2022.01.30-04.14.16:606][  0]LogConfig: Setting CVar [[r.SkyAtmosphere.FastSkyLUT.SampleCountMax:128.0]]
[2022.01.30-04.14.16:606][  0]LogConfig: Setting CVar [[r.SkyAtmosphere.SampleCountMin:4.0]]
[2022.01.30-04.14.16:606][  0]LogConfig: Setting CVar [[r.SkyAtmosphere.SampleCountMax:128.0]]
[2022.01.30-04.14.16:606][  0]LogConfig: Setting CVar [[r.SkyAtmosphere.TransmittanceLUT.UseSmallFormat:0]]
[2022.01.30-04.14.16:606][  0]LogConfig: Setting CVar [[r.SkyAtmosphere.TransmittanceLUT.SampleCount:10.0]]
[2022.01.30-04.14.16:607][  0]LogConfig: Setting CVar [[r.SkyAtmosphere.MultiScatteringLUT.SampleCount:15.0]]
[2022.01.30-04.14.16:607][  0]LogConfig: Setting CVar [[r.SkyLight.RealTimeReflectionCapture:1]]
[2022.01.30-04.14.16:607][  0]LogConfig: Applying CVar settings from Section [FoliageQuality@3] File [D:/Unreal_c++/EndlessRun/EndlessRunner/Saved/Config/Windows/Scalability.ini]
[2022.01.30-04.14.16:607][  0]LogConfig: Setting CVar [[foliage.DensityScale:1.0]]
[2022.01.30-04.14.16:607][  0]LogConfig: Setting CVar [[grass.DensityScale:1.0]]
[2022.01.30-04.14.16:607][  0]LogConfig: Applying CVar settings from Section [ShadingQuality@3] File [D:/Unreal_c++/EndlessRun/EndlessRunner/Saved/Config/Windows/Scalability.ini]
[2022.01.30-04.14.16:607][  0]LogConfig: Setting CVar [[r.HairStrands.SkyLighting.IntegrationType:2]]
[2022.01.30-04.14.16:607][  0]LogConfig: Setting CVar [[r.HairStrands.SkyAO.SampleCount:4]]
[2022.01.30-04.14.16:607][  0]LogConfig: Setting CVar [[r.HairStrands.Visibility.MSAA.SamplePerPixel:4]]
[2022.01.30-04.14.16:607][  0]LogConfig: Applying CVar settings from Section [Startup] File [../../../Engine/Config/ConsoleVariables.ini]
[2022.01.30-04.14.16:613][  0]LogConfig: Setting CVar [[net.UseAdaptiveNetUpdateFrequency:0]]
[2022.01.30-04.14.16:613][  0]LogConfig: Setting CVar [[p.chaos.AllowCreatePhysxBodies:1]]
[2022.01.30-04.14.16:614][  0]LogConfig: Setting CVar [[fx.SkipVectorVMBackendOptimizations:1]]
[2022.01.30-04.14.16:614][  0]LogConfig: Applying CVar settings from Section [ConsoleVariables] File [D:/Unreal_c++/EndlessRun/EndlessRunner/Saved/Config/Windows/Engine.ini]
[2022.01.30-04.14.16:614][  0]LogConfig: Applying CVar settings from Section [ConsoleVariables] File [D:/Unreal_c++/EndlessRun/EndlessRunner/Saved/Config/Windows/Editor.ini]
[2022.01.30-04.14.16:617][  0]LogInit: Computer: LAPTOP-FC3B43LI
[2022.01.30-04.14.16:617][  0]LogInit: User: ditde
[2022.01.30-04.14.16:618][  0]LogInit: CPU Page size=4096, Cores=8
[2022.01.30-04.14.16:618][  0]LogInit: High frequency timer resolution =10.000000 MHz
[2022.01.30-04.14.16:618][  0]LogMemory: Memory total: Physical=13.9GB (14GB approx)
[2022.01.30-04.14.16:619][  0]LogMemory: Platform Memory Stats for Windows
[2022.01.30-04.14.16:619][  0]LogMemory: Process Physical Memory: 147.99 MB used, 148.00 MB peak
[2022.01.30-04.14.16:619][  0]LogMemory: Process Virtual Memory: 129.12 MB used, 129.12 MB peak
[2022.01.30-04.14.16:619][  0]LogMemory: Physical Memory: 10337.80 MB used,  3866.50 MB free, 14204.31 MB total
[2022.01.30-04.14.16:619][  0]LogMemory: Virtual Memory: 134207616.00 MB used,  10111.48 MB free, 134217728.00 MB total
[2022.01.30-04.14.16:677][  0]LogWindows: WindowsPlatformFeatures enabled
[2022.01.30-04.14.17:190][  0]LogInit: Physics initialised using underlying interface: PhysX
[2022.01.30-04.14.17:193][  0]LogInit: Using OS detected language (en-US).
[2022.01.30-04.14.17:193][  0]LogInit: Using OS detected locale (en-US).
[2022.01.30-04.14.17:205][  0]LogTextLocalizationManager: No specific localization for 'en-US' exists, so the 'en' localization will be used.
[2022.01.30-04.14.17:730][  0]LogInit: Setting process to per monitor DPI aware
[2022.01.30-04.14.17:788][  0]LogWindowsTextInputMethodSystem: Display: IME system deactivated.
[2022.01.30-04.14.17:884][  0]LogSlate: New Slate User Created.  User Index 0, Is Virtual User: 0
[2022.01.30-04.14.17:884][  0]LogSlate: Slate User Registered.  User Index 0, Is Virtual User: 0
[2022.01.30-04.14.21:117][  0]LogD3D11RHI: Loaded GFSDK_Aftermath_Lib.x64.dll
[2022.01.30-04.14.21:125][  0]LogHMD: Failed to initialize OpenVR with code 110
[2022.01.30-04.14.21:125][  0]LogD3D11RHI: D3D11 min allowed feature level: 11_0
[2022.01.30-04.14.21:125][  0]LogD3D11RHI: D3D11 max allowed feature level: 11_0
[2022.01.30-04.14.21:125][  0]LogD3D11RHI: D3D11 adapters:
[2022.01.30-04.14.21:250][  0]LogD3D11RHI:    0. 'NVIDIA GeForce RTX 3060 Laptop GPU' (Feature Level 11_0)
[2022.01.30-04.14.21:250][  0]LogD3D11RHI:       6023/0/7102 MB DedicatedVideo/DedicatedSystem/SharedSystem, Outputs:2, VendorId:0x10de
[2022.01.30-04.14.21:310][  0]LogD3D11RHI:    1. 'AMD Radeon(TM) Graphics' (Feature Level 11_0)
[2022.01.30-04.14.21:310][  0]LogD3D11RHI:       2032/0/7102 MB DedicatedVideo/DedicatedSystem/SharedSystem, Outputs:0, VendorId:0x1002
[2022.01.30-04.14.21:318][  0]LogD3D11RHI:    2. 'Microsoft Basic Render Driver' (Feature Level 11_0)
[2022.01.30-04.14.21:318][  0]LogD3D11RHI:       0/0/7102 MB DedicatedVideo/DedicatedSystem/SharedSystem, Outputs:0, VendorId:0x1414
[2022.01.30-04.14.21:318][  0]LogD3D11RHI: Chosen D3D11 Adapter:
[2022.01.30-04.14.21:318][  0]LogD3D11RHI:     Description : NVIDIA GeForce RTX 3060 Laptop GPU
[2022.01.30-04.14.21:318][  0]LogD3D11RHI:     VendorId    : 10de
[2022.01.30-04.14.21:318][  0]LogD3D11RHI:     DeviceId    : 2560
[2022.01.30-04.14.21:318][  0]LogD3D11RHI:     SubSysId    : 3a8017aa
[2022.01.30-04.14.21:318][  0]LogD3D11RHI:     Revision    : 00a1
[2022.01.30-04.14.21:318][  0]LogD3D11RHI:     DedicatedVideoMemory : 6315573248 bytes
[2022.01.30-04.14.21:318][  0]LogD3D11RHI:     DedicatedSystemMemory : 0 bytes
[2022.01.30-04.14.21:318][  0]LogD3D11RHI:     SharedSystemMemory : 7447148544 bytes
[2022.01.30-04.14.21:318][  0]LogD3D11RHI:     AdapterLuid : 0 68801
[2022.01.30-04.14.21:333][  0]LogD3D11RHI: Creating new Direct3DDevice
[2022.01.30-04.14.21:333][  0]LogD3D11RHI:     GPU DeviceId: 0x2560 (for the marketing name, search the web for "GPU Device Id")
[2022.01.30-04.14.21:333][  0]LogWindows: EnumDisplayDevices:
[2022.01.30-04.14.21:333][  0]LogWindows:    0. 'AMD Radeon(TM) Graphics' (P:0 D:0)
[2022.01.30-04.14.21:334][  0]LogWindows:    1. 'AMD Radeon(TM) Graphics' (P:0 D:0)
[2022.01.30-04.14.21:334][  0]LogWindows:    2. 'AMD Radeon(TM) Graphics' (P:0 D:0)
[2022.01.30-04.14.21:334][  0]LogWindows:    3. 'NVIDIA GeForce RTX 3060 Laptop GPU' (P:1 D:1)
[2022.01.30-04.14.21:335][  0]LogWindows:    4. 'NVIDIA GeForce RTX 3060 Laptop GPU' (P:0 D:1)
[2022.01.30-04.14.21:335][  0]LogWindows:    5. 'NVIDIA GeForce RTX 3060 Laptop GPU' (P:0 D:0)
[2022.01.30-04.14.21:335][  0]LogWindows:    6. 'NVIDIA GeForce RTX 3060 Laptop GPU' (P:0 D:0)
[2022.01.30-04.14.21:335][  0]LogWindows: DebugString: PrimaryIsNotTheChoosenAdapter PrimaryIsNotTheChoosenAdapter PrimaryIsNotTheChoosenAdapter FoundDriverCount:4 
[2022.01.30-04.14.21:335][  0]LogD3D11RHI:     Adapter Name: NVIDIA GeForce RTX 3060 Laptop GPU
[2022.01.30-04.14.21:336][  0]LogD3D11RHI:   Driver Version: 472.56 (internal:30.0.14.7256, unified:472.56)
[2022.01.30-04.14.21:336][  0]LogD3D11RHI:      Driver Date: 11-3-2021
[2022.01.30-04.14.21:336][  0]LogRHI: Texture pool is 4216 MB (70% of 6023 MB)
[2022.01.30-04.14.21:336][  0]LogD3D11RHI: Creating D3DDevice using adapter:
[2022.01.30-04.14.21:336][  0]LogD3D11RHI:     Description : NVIDIA GeForce RTX 3060 Laptop GPU
[2022.01.30-04.14.21:336][  0]LogD3D11RHI:     VendorId    : 10de
[2022.01.30-04.14.21:336][  0]LogD3D11RHI:     DeviceId    : 2560
[2022.01.30-04.14.21:337][  0]LogD3D11RHI:     SubSysId    : 3a8017aa
[2022.01.30-04.14.21:337][  0]LogD3D11RHI:     Revision    : 00a1
[2022.01.30-04.14.21:337][  0]LogD3D11RHI:     DedicatedVideoMemory : 6315573248 bytes
[2022.01.30-04.14.21:337][  0]LogD3D11RHI:     DedicatedSystemMemory : 0 bytes
[2022.01.30-04.14.21:337][  0]LogD3D11RHI:     SharedSystemMemory : 7447148544 bytes
[2022.01.30-04.14.21:337][  0]LogD3D11RHI:     AdapterLuid : 0 68801
[2022.01.30-04.14.21:424][  0]LogD3D11RHI: RHI has support for 64 bit atomics
[2022.01.30-04.14.21:425][  0]LogD3D11RHI: Async texture creation enabled
[2022.01.30-04.14.21:425][  0]LogD3D11RHI: Array index from any shader is supported
[2022.01.30-04.14.21:520][  0]LogD3D11RHI: GPU Timing Frequency: 1000.000000 (Debug: 2 1)
[2022.01.30-04.14.21:613][  0]LogRHI: GeForceNow SDK initialized: 1
[2022.01.30-04.14.21:893][  0]LogTargetPlatformManager: Display: Loaded TargetPlatform 'AllDesktop'
[2022.01.30-04.14.21:938][  0]LogTargetPlatformManager: Display: Loaded TargetPlatform 'Android'
[2022.01.30-04.14.21:938][  0]LogTargetPlatformManager: Display: Loaded TargetPlatform 'Android_ASTC'
[2022.01.30-04.14.21:938][  0]LogTargetPlatformManager: Display: Loaded TargetPlatform 'Android_DXT'
[2022.01.30-04.14.21:938][  0]LogTargetPlatformManager: Display: Loaded TargetPlatform 'Android_ETC2'
[2022.01.30-04.14.21:938][  0]LogTargetPlatformManager: Display: Loaded TargetPlatform 'AndroidClient'
[2022.01.30-04.14.21:938][  0]LogTargetPlatformManager: Display: Loaded TargetPlatform 'Android_ASTCClient'
[2022.01.30-04.14.21:938][  0]LogTargetPlatformManager: Display: Loaded TargetPlatform 'Android_DXTClient'
[2022.01.30-04.14.21:938][  0]LogTargetPlatformManager: Display: Loaded TargetPlatform 'Android_ETC2Client'
[2022.01.30-04.14.21:938][  0]LogTargetPlatformManager: Display: Loaded TargetPlatform 'Android_Multi'
[2022.01.30-04.14.21:938][  0]LogTargetPlatformManager: Display: Loaded TargetPlatform 'Android_MultiClient'
[2022.01.30-04.14.22:025][  0]LogTargetPlatformManager: Display: Loaded TargetPlatform 'IOSClient'
[2022.01.30-04.14.22:026][  0]LogTargetPlatformManager: Display: Loaded TargetPlatform 'IOS'
[2022.01.30-04.14.22:068][  0]LogTargetPlatformManager: Display: Loaded TargetPlatform 'Linux'
[2022.01.30-04.14.22:091][  0]LogTargetPlatformManager: Display: Loaded TargetPlatform 'LinuxNoEditor'
[2022.01.30-04.14.22:115][  0]LogTargetPlatformManager: Display: Loaded TargetPlatform 'LinuxClient'
[2022.01.30-04.14.22:140][  0]LogTargetPlatformManager: Display: Loaded TargetPlatform 'LinuxServer'
[2022.01.30-04.14.22:176][  0]LogTargetPlatformManager: Display: Loaded TargetPlatform 'LinuxAArch64NoEditor'
[2022.01.30-04.14.22:199][  0]LogTargetPlatformManager: Display: Loaded TargetPlatform 'LinuxAArch64Client'
[2022.01.30-04.14.22:224][  0]LogTargetPlatformManager: Display: Loaded TargetPlatform 'LinuxAArch64Server'
[2022.01.30-04.14.22:271][  0]LogTargetPlatformManager: Display: Loaded TargetPlatform 'Lumin'
[2022.01.30-04.14.22:271][  0]LogTargetPlatformManager: Display: Loaded TargetPlatform 'LuminClient'
[2022.01.30-04.14.22:310][  0]LogTargetPlatformManager: Display: Loaded TargetPlatform 'MacNoEditor'
[2022.01.30-04.14.22:333][  0]LogTargetPlatformManager: Display: Loaded TargetPlatform 'Mac'
[2022.01.30-04.14.22:359][  0]LogTargetPlatformManager: Display: Loaded TargetPlatform 'MacClient'
[2022.01.30-04.14.22:384][  0]LogTargetPlatformManager: Display: Loaded TargetPlatform 'MacServer'
[2022.01.30-04.14.22:412][  0]LogTargetPlatformManager: Display: Loaded TargetPlatform 'TVOSClient'
[2022.01.30-04.14.22:412][  0]LogTargetPlatformManager: Display: Loaded TargetPlatform 'TVOS'
[2022.01.30-04.14.22:441][  0]LogTargetPlatformManager: Display: Loaded TargetPlatform 'WindowsNoEditor'
[2022.01.30-04.14.22:466][  0]LogTargetPlatformManager: Display: Loaded TargetPlatform 'Windows'
[2022.01.30-04.14.22:491][  0]LogTargetPlatformManager: Display: Loaded TargetPlatform 'WindowsClient'
[2022.01.30-04.14.22:517][  0]LogTargetPlatformManager: Display: Loaded TargetPlatform 'WindowsServer'
[2022.01.30-04.14.22:517][  0]LogTargetPlatformManager: Display: Building Assets For Windows
[2022.01.30-04.14.22:620][  0]LogAudioDebug: Display: Lib vorbis DLL was dynamically loaded.
[2022.01.30-04.14.22:881][  0]LogTextureFormatOodle: Display: Oodle Texture 2.9.0 init RDO Off
[2022.01.30-04.14.23:264][  0]LogRendererCore: Ray tracing is disabled. Reason: r.RayTracing=0.
[2022.01.30-04.14.23:267][  0]LogShaderCompilers: Guid format shader working directory is -2 characters bigger than the processId version (../../../../Unreal_c++/EndlessRun/EndlessRunner/Intermediate/Shaders/WorkingDirectory/30592/).
[2022.01.30-04.14.23:267][  0]LogShaderCompilers: Cleaned the shader compiler working directory 'C:/Users/ditde/AppData/Local/Temp/UnrealShaderWorkingDir/90306D8F45C18AE88F040DBF6BAAC024/'.
[2022.01.30-04.14.23:269][  0]LogXGEController: Cannot use XGE Controller as Incredibuild is not installed on this machine.
[2022.01.30-04.14.23:270][  0]LogShaderCompilers: Cannot use XGE Shader Compiler as Incredibuild is not installed on this machine.
[2022.01.30-04.14.23:270][  0]LogShaderCompilers: Display: Using Local Shader Compiler.
[2022.01.30-04.14.26:677][  0]LogDerivedDataCache: Display: Max Cache Size: 512 MB
[2022.01.30-04.14.26:765][  0]LogDerivedDataCache: Loaded boot cache 0.09s 94MB C:/Users/ditde/AppData/Local/UnrealEngine/4.27/DerivedDataCache/Boot.ddc.
[2022.01.30-04.14.26:765][  0]LogDerivedDataCache: Display: Loaded Boot cache: C:/Users/ditde/AppData/Local/UnrealEngine/4.27/DerivedDataCache/Boot.ddc
[2022.01.30-04.14.26:766][  0]LogDerivedDataCache: FDerivedDataBackendGraph:  Pak pak cache file ../../../../Unreal_c++/EndlessRun/EndlessRunner/DerivedDataCache/DDC.ddp not found, will not use a pak cache.
[2022.01.30-04.14.26:766][  0]LogDerivedDataCache: Unable to find inner node Pak for hierarchical cache Hierarchy.
[2022.01.30-04.14.26:766][  0]LogDerivedDataCache: FDerivedDataBackendGraph:  CompressedPak pak cache file ../../../../Unreal_c++/EndlessRun/EndlessRunner/DerivedDataCache/Compressed.ddp not found, will not use a pak cache.
[2022.01.30-04.14.26:766][  0]LogDerivedDataCache: Unable to find inner node CompressedPak for hierarchical cache Hierarchy.
[2022.01.30-04.14.26:796][  0]LogDerivedDataCache: Display: Pak cache opened for reading ../../../Engine/DerivedDataCache/Compressed.ddp.
[2022.01.30-04.14.26:796][  0]LogDerivedDataCache: FDerivedDataBackendGraph:  EnterprisePak pak cache file ../../../Enterprise/DerivedDataCache/Compressed.ddp not found, will not use a pak cache.
[2022.01.30-04.14.26:796][  0]LogDerivedDataCache: Unable to find inner node EnterprisePak for hierarchical cache Hierarchy.
[2022.01.30-04.14.26:846][  0]LogDerivedDataCache: Speed tests for C:/Users/ditde/AppData/Local/UnrealEngine/Common/DerivedDataCache took 0.05 seconds
[2022.01.30-04.14.26:846][  0]LogDerivedDataCache: Display: Performance to C:/Users/ditde/AppData/Local/UnrealEngine/Common/DerivedDataCache: Latency=0.26ms. RandomReadSpeed=22.54MBs, RandomWriteSpeed=190.02MBs. Assigned SpeedClass 'Local'
[2022.01.30-04.14.26:849][  0]LogDerivedDataCache: Using Local data cache path C:/Users/ditde/AppData/Local/UnrealEngine/Common/DerivedDataCache: Writable
[2022.01.30-04.14.26:849][  0]LogDerivedDataCache: Shared data cache path not found in *engine.ini, will not use an Shared cache.
[2022.01.30-04.14.26:850][  0]LogDerivedDataCache: Unable to find inner node Shared for hierarchical cache Hierarchy.
[2022.01.30-04.14.26:898][  0]LogSlate: Using FreeType 2.10.0
[2022.01.30-04.14.26:916][  0]LogSlate: SlateFontServices - WITH_FREETYPE: 1, WITH_HARFBUZZ: 1
[2022.01.30-04.14.27:090][  0]LogAssetRegistry: FAssetRegistry took 0.0099 seconds to start up
[2022.01.30-04.14.27:687][  0]LogInit: Selected Device Profile: [Windows]
[2022.01.30-04.14.27:688][  0]LogInit: Active device profile: [0000022D04CA4A00][0000022D7F6B61C0 49] Windows
[2022.01.30-04.14.27:688][  0]LogInit: Profiles: [0000022D04CA4A00][0000022D7F6B61C0 49] Windows, [0000022D04C7A000][0000022D7F644340 49] WindowsNoEditor, [0000022D04CA7500][0000022D7F6484C0 49] WindowsServer, [0000022D04C78E00][0000022D7F640600 49] WindowsClient, [0000022D04CA7300][0000022D7F64C740 49] IOS, [0000022D04C78C00][0000022D7F650880 49] iPadAir, [0000022D04CA6000][0000022D7F6549C0 49] iPadAir2, [0000022D05C28C00][0000022D7F660C80 49] IPadPro, [0000022D05C28D00][0000022D7F65CCC0 49] iPadAir3, [0000022D04C7B900][0000022D02626E40 49] iPadAir4, [0000022D05C2B200][0000022D0262AFC0 49] iPadMini2, [0000022D04C7B000][0000022D0262F140 49] iPadMini3, [0000022D05C29700][0000022D026332C0 49] iPadMini4, [0000022D04C7A900][0000022D02637440 49] iPadMini5, [0000022D04C64500][0000022D0263F700 49] iPhone6, [0000022D04C64600][0000022D0263B740 49] iPodTouch6, [0000022D05C2B800][0000022D02647A00 49] iPhone7, [0000022D05C29C00][0000022D02643A40 49] iPodTouch7, [0000022D04C64400][0000022D0264BBC0 49] iPhone5S, [0000022D04C7A700][0000022D0264E1C0 49] iPhone6Plus, [0000022D04C66F00][0000022D02652340 49] iPhone6S, [0000022D05C28A00][0000022D026564C0 49] iPhone6SPlus, [0000022D04C66300][0000022D0265A640 49] iPhone7Plus, [0000022D05C28100][0000022D7F658780 49] iPhoneSE, [0000022D04C64800][0000022D7F57A8C0 49] iPhone8, [0000022D05C29F00][0000022D7F57EA00 49] iPhone8Plus, [0000022D04C64700][0000022D7F582B40 49] iPhoneX, [0000022D05C2A200][0000022D7F58ACC0 49] iPhoneXS, [0000022D04C67800][0000022D7F58EE40 49] iPhoneXSMax, [0000022D05C28900][0000022D7F592FC0 49] iPhoneXR, [0000022D04C65900][0000022D7F597140 49] iPhone11, [0000022D05C2A800][0000022D7F59B2C0 49] iPhone11Pro, [0000022D04C65000][0000022D7F59F440 49] iPhone11ProMax, [0000022D05C29500][0000022D7F5A35C0 49] iPhoneSE2, [0000022D04C67500][0000022D7F5A7740 49] iPhone12Mini, [0000022D05C2BD00][0000022D7F5AB8C0 49] iPhone12, [0000022D04C65F00][0000022D7F5AFA40 49] iPhone12Pro, [0000022D05C2B000][0000022D7F5B3BC0 49] iPhone12ProMax, [0000022D04C65400][0000022D038241C0 49] iPadPro105, [0000022D05C2A700][0000022D03828340 49] iPadPro129, [0000022D04C67400][0000022D0382C4C0 49] iPadPro97, [0000022D05C2A600][0000022D03830640 49] iPadPro2_129, [0000022D04C65E00][0000022D038347C0 49] iPad5, [0000022D05C28200][0000022D03838940 49] iPad6, [0000022D04C67B00][0000022D7F586A80 49] iPad7, [0000022D05C2BB00][0000022D0383CBC0 49] iPad8, [0000022D04C66400][0000022D03840D00 49] iPadPro11, [0000022D05C2AD00][0000022D03848E80 49] iPadPro2_11, [0000022D04C65C00][0000022D0384D000 49] iPadPro3_129, [0000022D05C2AF00][0000022D03851180 49] iPadPro4_129, [0000022D04C64100][0000022D03855300 49] AppleTV, [0000022D05C2A400][0000022D03859480 49] AppleTV4K, [0000022D04C67D00][0000022D0385D600 49] TVOS, [0000022D05C28400][0000022D03BE1780 49] Mac, [0000022D04C64300][0000022D03BE5900 49] MacClient, [0000022D05C2B100][0000022D03BE9A80 49] MacNoEditor, [0000022D04C65700][0000022D03BEDC00 49] MacServer, [0000022D05C28600][0000022D03BF0200 49] Linux, [0000022D04C67000][0000022D03BF4380 49] LinuxAArch64, [0000022D05C2A900][0000022D03BF8500 49] LinuxNoEditor, [0000022D04C66E00][0000022D03BFC680 49] LinuxAArch64NoEditor, [0000022D05C2A100][0000022D03C00800 49] LinuxClient, [0000022D04C64C00][0000022D03C04980 49] LinuxAArch64Client, [0000022D05C2AC00][0000022D03C08B00 49] LinuxServer, [0000022D04C65D00][0000022D03844C40 49] LinuxAArch64Server, [0000022D05C2B700][0000022D03C0CD80 49] Android, [0000022D04C64B00][0000022D03C10EC0 49] Android_Low, [0000022D05C29E00][0000022D03C19040 49] Android_Mid, [0000022D04C66800][0000022D03C1D1C0 49] Android_High, [0000022D04C7BE00][0000022D7D051340 49] Android_Default, [0000022D04CA6100][0000022D7D0554C0 49] Android_Adreno4xx, [0000022D04C78D00][0000022D7D059640 49] Android_Adreno5xx_Low, [0000022D04CA6B00][0000022D7D05D7C0 49] Android_Adreno5xx, [0000022D04C7BC00][0000022D7D061940 49] Android_Adreno6xx, [0000022D04CA6800][0000022D7D065AC0 49] Android_Adreno6xx_Vulkan, [0000022D04C79F00][0000022D7D0680C0 49] Android_Mali_T6xx, [0000022D04CA7B00][0000022D7D06C240 49] Android_Mali_T7xx, [0000022D04C78B00][0000022D7D0703C0 49] Android_Mali_T8xx, [0000022D04CA7E00][0000022D7D074540 49] Android_Mali_G71, [0000022D04C79000][0000022D7D0786C0 49] Android_Mali_G72, [0000022D04CA5800][0000022D7D07C840 49] Android_Mali_G72_Vulkan, [0000022D04C7B800][0000022D7D0809C0 49] Android_Mali_G76, [0000022D04CA5B00][0000022D7D084B40 49] Android_Mali_G76_Vulkan, [0000022D04C7A500][0000022D7D088CC0 49] Android_Mali_G77, [0000022D04CA5000][0000022D03C14E00 49] Android_Mali_G77_Vulkan, [0000022D04C79D00][0000022D7D08CF40 49] Android_Mali_G78, [0000022D04CA6900][0000022D7D091080 49] Android_Mali_G78_Vulkan, [0000022D04C7AE00][0000022D7D0951C0 49] Android_Mali_G710, [0000022D04CA4700][0000022D03A39340 49] Android_Mali_G710_Vulkan, [0000022D04C79700][0000022D03A3D4C0 49] Android_Vulkan_SM5, [0000022D04CA5600][0000022D03A41640 49] Android_PowerVR_G6xxx, [0000022D04C79B00][0000022D03A457C0 49] Android_PowerVR_GT7xxx, [0000022D04CA6F00][0000022D03A49940 49] Android_PowerVR_GE8xxx, [0000022D04C79A00][0000022D03A4DAC0 49] Android_PowerVR_GM9xxx, [0000022D04CA4300][0000022D03A500C0 49] Android_PowerVR_GM9xxx_Vulkan, [0000022D04C78400][0000022D03A54240 49] Android_TegraK1, [0000022D04CA6C00][0000022D03A583C0 49] Android_Unknown_Vulkan, [0000022D04C78300][0000022D03A5C540 49] Lumin, [0000022D05C29900][0000022D03A606C0 49] Lumin_Desktop, [0000022D04C7B400][0000022D03A64840 49] HoloLens, 
[2022.01.30-04.14.28:258][  0]LogMeshReduction: Using QuadricMeshReduction for automatic static mesh reduction
[2022.01.30-04.14.28:258][  0]LogMeshReduction: Using SimplygonMeshReduction for automatic skeletal mesh reduction
[2022.01.30-04.14.28:258][  0]LogMeshReduction: Using ProxyLODMeshReduction for automatic mesh merging
[2022.01.30-04.14.28:258][  0]LogMeshReduction: No distributed automatic mesh merging module available
[2022.01.30-04.14.28:258][  0]LogMeshMerging: No distributed automatic mesh merging module available
[2022.01.30-04.14.28:379][  0]LogNetVersion: EndlessRunner 1.0.0, NetCL: 17155196, EngineNetVer: 17, GameNetVer: 0 (Checksum: 1331125288)
[2022.01.30-04.14.30:876][  0]LogTexture: Default maximum texture size for cubemaps generated from long-lat sources has been changed from 512 to unlimited. In order to preserve old behaiour for '/Engine/MapTemplates/Sky/DaylightAmbientCubemap.DaylightAmbientCubemap', its maximum texture size has been explicitly set to 512.
[2022.01.30-04.14.31:060][  0]LogHMD: PokeAHoleMaterial loaded successfully
[2022.01.30-04.14.31:074][  0]LogUObjectArray: 17178 objects as part of root set at end of initial load.
[2022.01.30-04.14.31:074][  0]LogUObjectAllocator: 4301856 out of 0 bytes used by permanent object pool.
[2022.01.30-04.14.31:074][  0]LogUObjectArray: CloseDisregardForGC: 0/0 objects in disregard for GC pool
[2022.01.30-04.14.32:851][  0]LogPython: Using Python 3.7.7
[2022.01.30-04.14.33:588][  0]LogNiagaraDebuggerClient: Niagara Debugger Client Initialized | Session: CC6995BC46D5F2C9A6FF5A9D2D3B894B | Instance: 0B6E6A6A44DFF17EDDCA02B3376FAD8B (LAPTOP-FC3B43LI-30592).
[2022.01.30-04.14.34:291][  0]LogImageWrapper: Warning: PNG Warning: Duplicate iCCP chunk
[2022.01.30-04.14.34:291][  0]LogImageWrapper: Warning: PNG Warning: Duplicate iCCP chunk
[2022.01.30-04.14.34:291][  0]LogTcpMessaging: Initializing TcpMessaging bridge
[2022.01.30-04.14.34:322][  0]LogUdpMessaging: Initializing bridge on interface 0.0.0.0:0 to multicast group 230.0.0.1:6666.
[2022.01.30-04.14.35:344][  0]SourceControl: Source control is disabled
[2022.01.30-04.14.35:344][  0]SourceControl: Source control is disabled
[2022.01.30-04.14.35:370][  0]SourceControl: Source control is disabled
[2022.01.30-04.14.35:406][  0]SourceControl: Source control is disabled
[2022.01.30-04.14.35:432][  0]SourceControl: Source control is disabled
[2022.01.30-04.14.35:505][  0]LogUProjectInfo: Found projects:
[2022.01.30-04.14.36:775][  0]LogOpenImageDenoise: OIDN starting up
[2022.01.30-04.14.37:084][  0]LogAndroidPermission: UAndroidPermissionCallbackProxy::GetInstance
[2022.01.30-04.14.37:168][  0]LogAudioCaptureCore: Display: No Audio Capture implementations found. Audio input will be silent.
[2022.01.30-04.14.37:168][  0]LogAudioCaptureCore: Display: No Audio Capture implementations found. Audio input will be silent.
[2022.01.30-04.14.37:897][  0]LogCollectionManager: Loaded 0 collections in 0.001154 seconds
[2022.01.30-04.14.38:020][  0]LogFileCache: Scanning file cache for directory 'D:/Unreal_c++/EndlessRun/EndlessRunner/Saved/Collections/' took 0.00s
[2022.01.30-04.14.38:020][  0]LogFileCache: Scanning file cache for directory 'D:/Unreal_c++/EndlessRun/EndlessRunner/Content/Developers/ditde/Collections/' took 0.00s
[2022.01.30-04.14.38:020][  0]LogFileCache: Scanning file cache for directory 'D:/Unreal_c++/EndlessRun/EndlessRunner/Content/Collections/' took 0.00s
[2022.01.30-04.14.38:021][  0]LogOcInput: OculusInput pre-init called
[2022.01.30-04.14.38:559][  0]LogImageWrapper: Warning: PNG Warning: Duplicate iCCP chunk
[2022.01.30-04.14.38:559][  0]LogImageWrapper: Warning: PNG Warning: Duplicate iCCP chunk
[2022.01.30-04.14.38:559][  0]LogEngine: Initializing Engine...
[2022.01.30-04.14.38:603][  0]LogHMD: Failed to enumerate extensions. Please check that you have a valid OpenXR runtime installed.
[2022.01.30-04.14.38:604][  0]LogHMD: Failed to initialize OpenVR with code 110
[2022.01.30-04.14.38:604][  0]LogMagicLeap: Warning: VR disabled because ZI is not enabled.  To enable, in the editor, Edit -> Project Settings -> Plugins -> Magic Leap Plugin -> Enable Zero Iteration
[2022.01.30-04.14.38:610][  0]LogStats: UGameplayTagsManager::InitializeManager -  0.002 s
[2022.01.30-04.14.38:907][  0]LogInit: Initializing FReadOnlyCVARCache
[2022.01.30-04.14.38:992][  0]LogAIModule: Creating AISystem for world Untitled
[2022.01.30-04.14.39:008][  0]LogAudio: Display: Initializing Audio Device Manager...
[2022.01.30-04.14.39:033][  0]LogAudio: Display: Loading Default Audio Settings Objects...
[2022.01.30-04.14.39:053][  0]LogAudio: Display: No default SoundConcurrencyObject specified (or failed to load).
[2022.01.30-04.14.39:056][  0]LogAudio: Display: Audio Device Manager Initialized
[2022.01.30-04.14.39:056][  0]LogAudio: Display: Creating Audio Device:                 Id: 1, Scope: Shared, Realtime: True
[2022.01.30-04.14.39:058][  0]LogAudioMixer: Display: Audio Mixer Platform Settings:
[2022.01.30-04.14.39:058][  0]LogAudioMixer: Display: 	Sample Rate:						  48000
[2022.01.30-04.14.39:058][  0]LogAudioMixer: Display: 	Callback Buffer Frame Size Requested: 1024
[2022.01.30-04.14.39:058][  0]LogAudioMixer: Display: 	Callback Buffer Frame Size To Use:	  1024
[2022.01.30-04.14.39:058][  0]LogAudioMixer: Display: 	Number of buffers to queue:			  2
[2022.01.30-04.14.39:058][  0]LogAudioMixer: Display: 	Max Channels (voices):				  32
[2022.01.30-04.14.39:058][  0]LogAudioMixer: Display: 	Number of Async Source Workers:		  0
[2022.01.30-04.14.39:058][  0]LogAudio: Display: AudioDevice MaxSources: 32
[2022.01.30-04.14.39:062][  0]LogAudio: Display: Audio Spatialization Plugin: None (built-in).
[2022.01.30-04.14.39:062][  0]LogAudio: Display: Audio Reverb Plugin: None (built-in).
[2022.01.30-04.14.39:062][  0]LogAudio: Display: Audio Occlusion Plugin: None (built-in).
[2022.01.30-04.14.39:062][  0]LogAudioMixer: Display: Initializing audio mixer.
[2022.01.30-04.14.39:165][  0]LogAudioMixer: Display: 0: FrontLeft
[2022.01.30-04.14.39:165][  0]LogAudioMixer: Display: 1: FrontRight
[2022.01.30-04.14.39:287][  0]LogAudioMixer: Display: Using Audio Device Headphones (SONATA USB Audio)
[2022.01.30-04.14.39:291][  0]LogAudioMixer: Display: Initializing Sound Submixes...
[2022.01.30-04.14.39:315][  0]LogAudioMixer: Display: Creating Master Submix 'MasterSubmixDefault'
[2022.01.30-04.14.39:315][  0]LogAudioMixer: Display: Creating Master Submix 'MasterReverbSubmixDefault'
[2022.01.30-04.14.39:318][  0]LogAudioMixer: Display: Creating Master Submix 'MasterEQSubmixDefault'
[2022.01.30-04.14.39:318][  0]LogAudioMixer: FMixerPlatformXAudio2::StartAudioStream() called
[2022.01.30-04.14.39:319][  0]LogAudioMixer: Display: Output buffers initialized: Frames=1024, Channels=2, Samples=2048
[2022.01.30-04.14.39:322][  0]LogAudioMixer: Display: Starting AudioMixerPlatformInterface::RunInternal()
[2022.01.30-04.14.39:322][  0]LogAudioMixer: Display: FMixerPlatformXAudio2::SubmitBuffer() called for the first time
[2022.01.30-04.14.39:322][  0]LogInit: FAudioDevice initialized.
[2022.01.30-04.14.39:323][  0]LogAudio: Display: Audio Device (ID: 1) registered with world 'Untitled'.
[2022.01.30-04.14.39:324][  0]LogNetVersion: Set ProjectVersion to 1.0.0.0. Version Checksum will be recalculated on next use.
[2022.01.30-04.14.39:366][  0]LogDerivedDataCache: Saved boot cache 0.04s 94MB C:/Users/ditde/AppData/Local/UnrealEngine/4.27/DerivedDataCache/Boot.ddc.
[2022.01.30-04.14.39:367][  0]LogInit: Texture streaming: Enabled
[2022.01.30-04.14.39:438][  0]LogAnalytics: Display: [UEEditor.Rocket.Release] APIServer = https://datarouter.ol.epicgames.com/. AppVersion = 4.27.1-17735300+++UE4+Release-4.27
[2022.01.30-04.14.39:459][  0]LogEngineSessionManager: EngineSessionManager initialized
[2022.01.30-04.14.39:459][  0]LogEngineSessionManager: EngineSessionManager sent abnormal shutdown report. Type=Debugger, SessionId={BE283BB2-4157-B8C6-274D-C6B11B094955}
[2022.01.30-04.14.39:459][  0]LogEngineSessionManager: EngineSessionManager sent abnormal shutdown report. Type=Debugger, SessionId={B38AA930-4CB7-36CC-48CB-559AA1C7EDBE}
[2022.01.30-04.14.39:460][  0]LogEditorSessionSummary: Verbose: Initializing EditorSessionSummaryWriter for editor session tracking
[2022.01.30-04.14.39:462][  0]LogEditorSessionSummary: EditorSessionSummaryWriter initialized
[2022.01.30-04.14.39:539][  0]LogInit: Transaction tracking system initialized
[2022.01.30-04.14.39:688][  0]BlueprintLog: New page: Editor Load
[2022.01.30-04.14.40:110][  0]LocalizationService: Localization service is disabled
[2022.01.30-04.14.40:293][  0]TimingProfiler: Initialize
[2022.01.30-04.14.40:295][  0]TimingProfiler: OnSessionChanged
[2022.01.30-04.14.40:295][  0]LoadingProfiler: Initialize
[2022.01.30-04.14.40:296][  0]LoadingProfiler: OnSessionChanged
[2022.01.30-04.14.40:296][  0]NetworkingProfiler: Initialize
[2022.01.30-04.14.40:297][  0]NetworkingProfiler: OnSessionChanged
[2022.01.30-04.14.40:297][  0]MemoryProfiler: Initialize
[2022.01.30-04.14.40:297][  0]MemoryProfiler: OnSessionChanged
[2022.01.30-04.14.40:946][  0]LogFileCache: Scanning file cache for directory 'D:/Unreal_c++/EndlessRun/EndlessRunner/Content/' took 0.01s
[2022.01.30-04.14.40:946][  0]LogCook: Display: CookSettings for Memory: MemoryMaxUsedVirtual 0MiB, MemoryMaxUsedPhysical 16384MiB, MemoryMinFreeVirtual 0MiB, MemoryMinFreePhysical 1024MiB
[2022.01.30-04.14.40:946][  0]LogCook: Display: Mobile HDR setting 1
[2022.01.30-04.14.42:198][  0]LogImageWrapper: Warning: PNG Warning: Duplicate iCCP chunk
[2022.01.30-04.14.42:198][  0]LogImageWrapper: Warning: PNG Warning: Duplicate iCCP chunk
[2022.01.30-04.14.42:198][  0]LogInit: Display: Engine is initialized. Leaving FEngineLoop::Init()
[2022.01.30-04.14.42:209][  0]SourceControl: Source control is disabled
[2022.01.30-04.14.42:209][  0]LogUnrealEdMisc: Loading editor; pre map load, took 30.270
[2022.01.30-04.14.42:212][  0]Cmd: MAP LOAD FILE="../../../../Unreal_c++/EndlessRun/EndlessRunner/Content/_Game/Maps/MainLevel.umap" TEMPLATE=0 SHOWPROGRESS=1 FEATURELEVEL=3
[2022.01.30-04.14.42:221][  0]LightingResults: New page: Lighting Build
[2022.01.30-04.14.42:234][  0]LogWorld: UWorld::CleanupWorld for Untitled, bSessionEnded=true, bCleanupResources=true
[2022.01.30-04.14.42:238][  0]LogSlate: InvalidateAllWidgets triggered.  All widgets were invalidated
[2022.01.30-04.14.42:244][  0]MapCheck: New page: Map Check
[2022.01.30-04.14.42:244][  0]LightingResults: New page: Lighting Build
[2022.01.30-04.14.42:264][  0]LogAudio: Display: Audio Device unregistered from world 'None'.
[2022.01.30-04.14.42:290][  0]LogUObjectHash: Compacting FUObjectHashTables data took   1.11ms
[2022.01.30-04.14.43:086][  0]LogAudio: Display: Audio Device (ID: 1) registered with world 'MainLevel'.
[2022.01.30-04.14.43:088][  0]LogAIModule: Creating AISystem for world MainLevel
[2022.01.30-04.14.43:138][  0]LogEditorServer: Finished looking for orphan Actors (0.000 secs)
[2022.01.30-04.14.43:160][  0]LogUObjectHash: Compacting FUObjectHashTables data took   0.81ms
[2022.01.30-04.14.43:162][  0]Cmd: MAP CHECKDEP NOCLEARLOG
[2022.01.30-04.14.43:163][  0]MapCheck: Map check complete: 0 Error(s), 0 Warning(s), took 0.635ms to complete.
[2022.01.30-04.14.43:163][  0]LogFileHelpers: Loading map 'MainLevel' took 0.954
[2022.01.30-04.14.43:224][  0]LogUnrealEdMisc: Total Editor Startup Time, took 31.286
[2022.01.30-04.14.43:427][  0]LogSlate: Updating window title bar state: overlay mode, drag disabled, window buttons hidden, title bar hidden
[2022.01.30-04.14.43:434][  0]LogSlate: Updating window title bar state: overlay mode, drag disabled, window buttons hidden, title bar hidden
[2022.01.30-04.14.43:439][  0]LogSlate: Updating window title bar state: overlay mode, drag disabled, window buttons hidden, title bar hidden
[2022.01.30-04.14.43:444][  0]LogSlate: Updating window title bar state: overlay mode, drag disabled, window buttons hidden, title bar hidden
[2022.01.30-04.14.43:521][  0]LogNativeClassHierarchy: Verbose: Native class hierarchy populated in 0.0095 seconds. Added 3827 classes and 930 folders.
[2022.01.30-04.14.43:548][  0]LogNativeClassHierarchy: Verbose: Native class hierarchy updated for 'WidgetCarousel' in 0.0003 seconds. Added 0 classes and 0 folders.
[2022.01.30-04.14.43:571][  0]LogPakFile: PakFile PrimaryIndexSize=187
[2022.01.30-04.14.43:571][  0]LogPakFile: PakFile PathHashIndexSize=101
[2022.01.30-04.14.43:571][  0]LogPakFile: PakFile FullDirectoryIndexSize=148
[2022.01.30-04.14.43:572][  0]LogShaderLibrary: Display: ShaderCodeLibraryPakFileMountedCallback: PakFile 'D:/UE_4.27/FeaturePacks/FP_FirstPerson.upack' (chunk index -1, root 'root:/') mounted
[2022.01.30-04.14.43:573][  0]LogShaderLibrary: Display: ShaderCodeLibraryPakFileMountedCallback: pending pak file info (ChunkID:-1 Root:root:/ File:D:/UE_4.27/FeaturePacks/FP_FirstPerson.upack)
[2022.01.30-04.14.43:573][  0]LogPakFile: OnPakFileMounted2Time == 0.001890
[2022.01.30-04.14.43:589][  0]LogPakFile: PakFile PrimaryIndexSize=189
[2022.01.30-04.14.43:589][  0]LogPakFile: PakFile PathHashIndexSize=101
[2022.01.30-04.14.43:589][  0]LogPakFile: PakFile FullDirectoryIndexSize=152
[2022.01.30-04.14.43:589][  0]LogShaderLibrary: Display: ShaderCodeLibraryPakFileMountedCallback: PakFile 'D:/UE_4.27/FeaturePacks/FP_FirstPersonBP.upack' (chunk index -1, root 'root:/') mounted
[2022.01.30-04.14.43:589][  0]LogShaderLibrary: Display: ShaderCodeLibraryPakFileMountedCallback: pending pak file info (ChunkID:-1 Root:root:/ File:D:/UE_4.27/FeaturePacks/FP_FirstPersonBP.upack)
[2022.01.30-04.14.43:589][  0]LogPakFile: OnPakFileMounted2Time == 0.000175
[2022.01.30-04.14.43:596][  0]LogPakFile: PakFile PrimaryIndexSize=191
[2022.01.30-04.14.43:596][  0]LogPakFile: PakFile PathHashIndexSize=101
[2022.01.30-04.14.43:596][  0]LogPakFile: PakFile FullDirectoryIndexSize=160
[2022.01.30-04.14.43:596][  0]LogShaderLibrary: Display: ShaderCodeLibraryPakFileMountedCallback: PakFile 'D:/UE_4.27/FeaturePacks/MobileStarterContent.upack' (chunk index -1, root 'root:/') mounted
[2022.01.30-04.14.43:596][  0]LogShaderLibrary: Display: ShaderCodeLibraryPakFileMountedCallback: pending pak file info (ChunkID:-1 Root:root:/ File:D:/UE_4.27/FeaturePacks/MobileStarterContent.upack)
[2022.01.30-04.14.43:596][  0]LogPakFile: OnPakFileMounted2Time == 0.000141
[2022.01.30-04.14.43:603][  0]LogPakFile: PakFile PrimaryIndexSize=185
[2022.01.30-04.14.43:603][  0]LogPakFile: PakFile PathHashIndexSize=101
[2022.01.30-04.14.43:604][  0]LogPakFile: PakFile FullDirectoryIndexSize=148
[2022.01.30-04.14.43:604][  0]LogShaderLibrary: Display: ShaderCodeLibraryPakFileMountedCallback: PakFile 'D:/UE_4.27/FeaturePacks/StarterContent.upack' (chunk index -1, root 'root:/') mounted
[2022.01.30-04.14.43:604][  0]LogShaderLibrary: Display: ShaderCodeLibraryPakFileMountedCallback: pending pak file info (ChunkID:-1 Root:root:/ File:D:/UE_4.27/FeaturePacks/StarterContent.upack)
[2022.01.30-04.14.43:604][  0]LogPakFile: OnPakFileMounted2Time == 0.000171
[2022.01.30-04.14.43:610][  0]LogPakFile: PakFile PrimaryIndexSize=190
[2022.01.30-04.14.43:610][  0]LogPakFile: PakFile PathHashIndexSize=101
[2022.01.30-04.14.43:610][  0]LogPakFile: PakFile FullDirectoryIndexSize=154
[2022.01.30-04.14.43:610][  0]LogShaderLibrary: Display: ShaderCodeLibraryPakFileMountedCallback: PakFile 'D:/UE_4.27/FeaturePacks/TP_2DSideScroller.upack' (chunk index -1, root 'root:/') mounted
[2022.01.30-04.14.43:610][  0]LogShaderLibrary: Display: ShaderCodeLibraryPakFileMountedCallback: pending pak file info (ChunkID:-1 Root:root:/ File:D:/UE_4.27/FeaturePacks/TP_2DSideScroller.upack)
[2022.01.30-04.14.43:610][  0]LogPakFile: OnPakFileMounted2Time == 0.000170
[2022.01.30-04.14.43:616][  0]LogPakFile: PakFile PrimaryIndexSize=192
[2022.01.30-04.14.43:617][  0]LogPakFile: PakFile PathHashIndexSize=101
[2022.01.30-04.14.43:617][  0]LogPakFile: PakFile FullDirectoryIndexSize=158
[2022.01.30-04.14.43:617][  0]LogShaderLibrary: Display: ShaderCodeLibraryPakFileMountedCallback: PakFile 'D:/UE_4.27/FeaturePacks/TP_2DSideScrollerBP.upack' (chunk index -1, root 'root:/') mounted
[2022.01.30-04.14.43:617][  0]LogShaderLibrary: Display: ShaderCodeLibraryPakFileMountedCallback: pending pak file info (ChunkID:-1 Root:root:/ File:D:/UE_4.27/FeaturePacks/TP_2DSideScrollerBP.upack)
[2022.01.30-04.14.43:617][  0]LogPakFile: OnPakFileMounted2Time == 0.000206
[2022.01.30-04.14.43:623][  0]LogPakFile: PakFile PrimaryIndexSize=182
[2022.01.30-04.14.43:623][  0]LogPakFile: PakFile PathHashIndexSize=101
[2022.01.30-04.14.43:623][  0]LogPakFile: PakFile FullDirectoryIndexSize=138
[2022.01.30-04.14.43:623][  0]LogShaderLibrary: Display: ShaderCodeLibraryPakFileMountedCallback: PakFile 'D:/UE_4.27/FeaturePacks/TP_Flying.upack' (chunk index -1, root 'root:/') mounted
[2022.01.30-04.14.43:623][  0]LogShaderLibrary: Display: ShaderCodeLibraryPakFileMountedCallback: pending pak file info (ChunkID:-1 Root:root:/ File:D:/UE_4.27/FeaturePacks/TP_Flying.upack)
[2022.01.30-04.14.43:623][  0]LogPakFile: OnPakFileMounted2Time == 0.000165
[2022.01.30-04.14.43:631][  0]LogPakFile: PakFile PrimaryIndexSize=184
[2022.01.30-04.14.43:631][  0]LogPakFile: PakFile PathHashIndexSize=101
[2022.01.30-04.14.43:631][  0]LogPakFile: PakFile FullDirectoryIndexSize=142
[2022.01.30-04.14.43:632][  0]LogShaderLibrary: Display: ShaderCodeLibraryPakFileMountedCallback: PakFile 'D:/UE_4.27/FeaturePacks/TP_FlyingBP.upack' (chunk index -1, root 'root:/') mounted
[2022.01.30-04.14.43:632][  0]LogShaderLibrary: Display: ShaderCodeLibraryPakFileMountedCallback: pending pak file info (ChunkID:-1 Root:root:/ File:D:/UE_4.27/FeaturePacks/TP_FlyingBP.upack)
[2022.01.30-04.14.43:632][  0]LogPakFile: OnPakFileMounted2Time == 0.000173
[2022.01.30-04.14.43:639][  0]LogPakFile: PakFile PrimaryIndexSize=188
[2022.01.30-04.14.43:639][  0]LogPakFile: PakFile PathHashIndexSize=101
[2022.01.30-04.14.43:639][  0]LogPakFile: PakFile FullDirectoryIndexSize=150
[2022.01.30-04.14.43:639][  0]LogShaderLibrary: Display: ShaderCodeLibraryPakFileMountedCallback: PakFile 'D:/UE_4.27/FeaturePacks/TP_HandheldARBP.upack' (chunk index -1, root 'root:/') mounted
[2022.01.30-04.14.43:639][  0]LogShaderLibrary: Display: ShaderCodeLibraryPakFileMountedCallback: pending pak file info (ChunkID:-1 Root:root:/ File:D:/UE_4.27/FeaturePacks/TP_HandheldARBP.upack)
[2022.01.30-04.14.43:639][  0]LogPakFile: OnPakFileMounted2Time == 0.000140
[2022.01.30-04.14.43:649][  0]LogPakFile: PakFile PrimaryIndexSize=182
[2022.01.30-04.14.43:649][  0]LogPakFile: PakFile PathHashIndexSize=101
[2022.01.30-04.14.43:649][  0]LogPakFile: PakFile FullDirectoryIndexSize=138
[2022.01.30-04.14.43:649][  0]LogShaderLibrary: Display: ShaderCodeLibraryPakFileMountedCallback: PakFile 'D:/UE_4.27/FeaturePacks/TP_Puzzle.upack' (chunk index -1, root 'root:/') mounted
[2022.01.30-04.14.43:649][  0]LogShaderLibrary: Display: ShaderCodeLibraryPakFileMountedCallback: pending pak file info (ChunkID:-1 Root:root:/ File:D:/UE_4.27/FeaturePacks/TP_Puzzle.upack)
[2022.01.30-04.14.43:649][  0]LogPakFile: OnPakFileMounted2Time == 0.000162
[2022.01.30-04.14.43:655][  0]LogPakFile: PakFile PrimaryIndexSize=184
[2022.01.30-04.14.43:655][  0]LogPakFile: PakFile PathHashIndexSize=101
[2022.01.30-04.14.43:655][  0]LogPakFile: PakFile FullDirectoryIndexSize=142
[2022.01.30-04.14.43:655][  0]LogShaderLibrary: Display: ShaderCodeLibraryPakFileMountedCallback: PakFile 'D:/UE_4.27/FeaturePacks/TP_PuzzleBP.upack' (chunk index -1, root 'root:/') mounted
[2022.01.30-04.14.43:655][  0]LogShaderLibrary: Display: ShaderCodeLibraryPakFileMountedCallback: pending pak file info (ChunkID:-1 Root:root:/ File:D:/UE_4.27/FeaturePacks/TP_PuzzleBP.upack)
[2022.01.30-04.14.43:655][  0]LogPakFile: OnPakFileMounted2Time == 0.000132
[2022.01.30-04.14.43:662][  0]LogPakFile: PakFile PrimaryIndexSize=183
[2022.01.30-04.14.43:662][  0]LogPakFile: PakFile PathHashIndexSize=101
[2022.01.30-04.14.43:662][  0]LogPakFile: PakFile FullDirectoryIndexSize=140
[2022.01.30-04.14.43:662][  0]LogShaderLibrary: Display: ShaderCodeLibraryPakFileMountedCallback: PakFile 'D:/UE_4.27/FeaturePacks/TP_Rolling.upack' (chunk index -1, root 'root:/') mounted
[2022.01.30-04.14.43:662][  0]LogShaderLibrary: Display: ShaderCodeLibraryPakFileMountedCallback: pending pak file info (ChunkID:-1 Root:root:/ File:D:/UE_4.27/FeaturePacks/TP_Rolling.upack)
[2022.01.30-04.14.43:663][  0]LogPakFile: OnPakFileMounted2Time == 0.000174
[2022.01.30-04.14.43:669][  0]LogPakFile: PakFile PrimaryIndexSize=185
[2022.01.30-04.14.43:669][  0]LogPakFile: PakFile PathHashIndexSize=101
[2022.01.30-04.14.43:669][  0]LogPakFile: PakFile FullDirectoryIndexSize=144
[2022.01.30-04.14.43:669][  0]LogShaderLibrary: Display: ShaderCodeLibraryPakFileMountedCallback: PakFile 'D:/UE_4.27/FeaturePacks/TP_RollingBP.upack' (chunk index -1, root 'root:/') mounted
[2022.01.30-04.14.43:669][  0]LogShaderLibrary: Display: ShaderCodeLibraryPakFileMountedCallback: pending pak file info (ChunkID:-1 Root:root:/ File:D:/UE_4.27/FeaturePacks/TP_RollingBP.upack)
[2022.01.30-04.14.43:669][  0]LogPakFile: OnPakFileMounted2Time == 0.000166
[2022.01.30-04.14.43:676][  0]LogPakFile: PakFile PrimaryIndexSize=188
[2022.01.30-04.14.43:676][  0]LogPakFile: PakFile PathHashIndexSize=101
[2022.01.30-04.14.43:676][  0]LogPakFile: PakFile FullDirectoryIndexSize=150
[2022.01.30-04.14.43:676][  0]LogShaderLibrary: Display: ShaderCodeLibraryPakFileMountedCallback: PakFile 'D:/UE_4.27/FeaturePacks/TP_SideScroller.upack' (chunk index -1, root 'root:/') mounted
[2022.01.30-04.14.43:676][  0]LogShaderLibrary: Display: ShaderCodeLibraryPakFileMountedCallback: pending pak file info (ChunkID:-1 Root:root:/ File:D:/UE_4.27/FeaturePacks/TP_SideScroller.upack)
[2022.01.30-04.14.43:676][  0]LogPakFile: OnPakFileMounted2Time == 0.000156
[2022.01.30-04.14.43:682][  0]LogPakFile: PakFile PrimaryIndexSize=190
[2022.01.30-04.14.43:682][  0]LogPakFile: PakFile PathHashIndexSize=101
[2022.01.30-04.14.43:682][  0]LogPakFile: PakFile FullDirectoryIndexSize=154
[2022.01.30-04.14.43:683][  0]LogShaderLibrary: Display: ShaderCodeLibraryPakFileMountedCallback: PakFile 'D:/UE_4.27/FeaturePacks/TP_SideScrollerBP.upack' (chunk index -1, root 'root:/') mounted
[2022.01.30-04.14.43:683][  0]LogShaderLibrary: Display: ShaderCodeLibraryPakFileMountedCallback: pending pak file info (ChunkID:-1 Root:root:/ File:D:/UE_4.27/FeaturePacks/TP_SideScrollerBP.upack)
[2022.01.30-04.14.43:683][  0]LogPakFile: OnPakFileMounted2Time == 0.000160
[2022.01.30-04.14.43:689][  0]LogPakFile: PakFile PrimaryIndexSize=187
[2022.01.30-04.14.43:689][  0]LogPakFile: PakFile PathHashIndexSize=101
[2022.01.30-04.14.43:689][  0]LogPakFile: PakFile FullDirectoryIndexSize=148
[2022.01.30-04.14.43:690][  0]LogShaderLibrary: Display: ShaderCodeLibraryPakFileMountedCallback: PakFile 'D:/UE_4.27/FeaturePacks/TP_ThirdPerson.upack' (chunk index -1, root 'root:/') mounted
[2022.01.30-04.14.43:690][  0]LogShaderLibrary: Display: ShaderCodeLibraryPakFileMountedCallback: pending pak file info (ChunkID:-1 Root:root:/ File:D:/UE_4.27/FeaturePacks/TP_ThirdPerson.upack)
[2022.01.30-04.14.43:690][  0]LogPakFile: OnPakFileMounted2Time == 0.000232
[2022.01.30-04.14.43:696][  0]LogPakFile: PakFile PrimaryIndexSize=189
[2022.01.30-04.14.43:696][  0]LogPakFile: PakFile PathHashIndexSize=101
[2022.01.30-04.14.43:696][  0]LogPakFile: PakFile FullDirectoryIndexSize=152
[2022.01.30-04.14.43:696][  0]LogShaderLibrary: Display: ShaderCodeLibraryPakFileMountedCallback: PakFile 'D:/UE_4.27/FeaturePacks/TP_ThirdPersonBP.upack' (chunk index -1, root 'root:/') mounted
[2022.01.30-04.14.43:696][  0]LogShaderLibrary: Display: ShaderCodeLibraryPakFileMountedCallback: pending pak file info (ChunkID:-1 Root:root:/ File:D:/UE_4.27/FeaturePacks/TP_ThirdPersonBP.upack)
[2022.01.30-04.14.43:696][  0]LogPakFile: OnPakFileMounted2Time == 0.000141
[2022.01.30-04.14.43:703][  0]LogPakFile: PakFile PrimaryIndexSize=183
[2022.01.30-04.14.43:703][  0]LogPakFile: PakFile PathHashIndexSize=101
[2022.01.30-04.14.43:703][  0]LogPakFile: PakFile FullDirectoryIndexSize=140
[2022.01.30-04.14.43:703][  0]LogShaderLibrary: Display: ShaderCodeLibraryPakFileMountedCallback: PakFile 'D:/UE_4.27/FeaturePacks/TP_TopDown.upack' (chunk index -1, root 'root:/') mounted
[2022.01.30-04.14.43:703][  0]LogShaderLibrary: Display: ShaderCodeLibraryPakFileMountedCallback: pending pak file info (ChunkID:-1 Root:root:/ File:D:/UE_4.27/FeaturePacks/TP_TopDown.upack)
[2022.01.30-04.14.43:703][  0]LogPakFile: OnPakFileMounted2Time == 0.000185
[2022.01.30-04.14.43:711][  0]LogPakFile: PakFile PrimaryIndexSize=185
[2022.01.30-04.14.43:711][  0]LogPakFile: PakFile PathHashIndexSize=101
[2022.01.30-04.14.43:712][  0]LogPakFile: PakFile FullDirectoryIndexSize=144
[2022.01.30-04.14.43:712][  0]LogShaderLibrary: Display: ShaderCodeLibraryPakFileMountedCallback: PakFile 'D:/UE_4.27/FeaturePacks/TP_TopDownBP.upack' (chunk index -1, root 'root:/') mounted
[2022.01.30-04.14.43:712][  0]LogShaderLibrary: Display: ShaderCodeLibraryPakFileMountedCallback: pending pak file info (ChunkID:-1 Root:root:/ File:D:/UE_4.27/FeaturePacks/TP_TopDownBP.upack)
[2022.01.30-04.14.43:712][  0]LogPakFile: OnPakFileMounted2Time == 0.000168
[2022.01.30-04.14.43:721][  0]LogPakFile: PakFile PrimaryIndexSize=185
[2022.01.30-04.14.43:721][  0]LogPakFile: PakFile PathHashIndexSize=101
[2022.01.30-04.14.43:721][  0]LogPakFile: PakFile FullDirectoryIndexSize=144
[2022.01.30-04.14.43:722][  0]LogShaderLibrary: Display: ShaderCodeLibraryPakFileMountedCallback: PakFile 'D:/UE_4.27/FeaturePacks/TP_TwinStick.upack' (chunk index -1, root 'root:/') mounted
[2022.01.30-04.14.43:722][  0]LogShaderLibrary: Display: ShaderCodeLibraryPakFileMountedCallback: pending pak file info (ChunkID:-1 Root:root:/ File:D:/UE_4.27/FeaturePacks/TP_TwinStick.upack)
[2022.01.30-04.14.43:722][  0]LogPakFile: OnPakFileMounted2Time == 0.000209
[2022.01.30-04.14.43:729][  0]LogPakFile: PakFile PrimaryIndexSize=187
[2022.01.30-04.14.43:729][  0]LogPakFile: PakFile PathHashIndexSize=101
[2022.01.30-04.14.43:729][  0]LogPakFile: PakFile FullDirectoryIndexSize=148
[2022.01.30-04.14.43:729][  0]LogShaderLibrary: Display: ShaderCodeLibraryPakFileMountedCallback: PakFile 'D:/UE_4.27/FeaturePacks/TP_TwinStickBP.upack' (chunk index -1, root 'root:/') mounted
[2022.01.30-04.14.43:729][  0]LogShaderLibrary: Display: ShaderCodeLibraryPakFileMountedCallback: pending pak file info (ChunkID:-1 Root:root:/ File:D:/UE_4.27/FeaturePacks/TP_TwinStickBP.upack)
[2022.01.30-04.14.43:729][  0]LogPakFile: OnPakFileMounted2Time == 0.000254
[2022.01.30-04.14.43:736][  0]LogPakFile: PakFile PrimaryIndexSize=183
[2022.01.30-04.14.43:737][  0]LogPakFile: PakFile PathHashIndexSize=101
[2022.01.30-04.14.43:737][  0]LogPakFile: PakFile FullDirectoryIndexSize=140
[2022.01.30-04.14.43:737][  0]LogShaderLibrary: Display: ShaderCodeLibraryPakFileMountedCallback: PakFile 'D:/UE_4.27/FeaturePacks/TP_Vehicle.upack' (chunk index -1, root 'root:/') mounted
[2022.01.30-04.14.43:737][  0]LogShaderLibrary: Display: ShaderCodeLibraryPakFileMountedCallback: pending pak file info (ChunkID:-1 Root:root:/ File:D:/UE_4.27/FeaturePacks/TP_Vehicle.upack)
[2022.01.30-04.14.43:737][  0]LogPakFile: OnPakFileMounted2Time == 0.000165
[2022.01.30-04.14.43:743][  0]LogPakFile: PakFile PrimaryIndexSize=186
[2022.01.30-04.14.43:743][  0]LogPakFile: PakFile PathHashIndexSize=101
[2022.01.30-04.14.43:743][  0]LogPakFile: PakFile FullDirectoryIndexSize=146
[2022.01.30-04.14.43:743][  0]LogShaderLibrary: Display: ShaderCodeLibraryPakFileMountedCallback: PakFile 'D:/UE_4.27/FeaturePacks/TP_VehicleAdv.upack' (chunk index -1, root 'root:/') mounted
[2022.01.30-04.14.43:743][  0]LogShaderLibrary: Display: ShaderCodeLibraryPakFileMountedCallback: pending pak file info (ChunkID:-1 Root:root:/ File:D:/UE_4.27/FeaturePacks/TP_VehicleAdv.upack)
[2022.01.30-04.14.43:744][  0]LogPakFile: OnPakFileMounted2Time == 0.000157
[2022.01.30-04.14.43:751][  0]LogPakFile: PakFile PrimaryIndexSize=188
[2022.01.30-04.14.43:751][  0]LogPakFile: PakFile PathHashIndexSize=101
[2022.01.30-04.14.43:751][  0]LogPakFile: PakFile FullDirectoryIndexSize=150
[2022.01.30-04.14.43:751][  0]LogShaderLibrary: Display: ShaderCodeLibraryPakFileMountedCallback: PakFile 'D:/UE_4.27/FeaturePacks/TP_VehicleAdvBP.upack' (chunk index -1, root 'root:/') mounted
[2022.01.30-04.14.43:751][  0]LogShaderLibrary: Display: ShaderCodeLibraryPakFileMountedCallback: pending pak file info (ChunkID:-1 Root:root:/ File:D:/UE_4.27/FeaturePacks/TP_VehicleAdvBP.upack)
[2022.01.30-04.14.43:751][  0]LogPakFile: OnPakFileMounted2Time == 0.000169
[2022.01.30-04.14.43:758][  0]LogPakFile: PakFile PrimaryIndexSize=185
[2022.01.30-04.14.43:758][  0]LogPakFile: PakFile PathHashIndexSize=101
[2022.01.30-04.14.43:758][  0]LogPakFile: PakFile FullDirectoryIndexSize=144
[2022.01.30-04.14.43:759][  0]LogShaderLibrary: Display: ShaderCodeLibraryPakFileMountedCallback: PakFile 'D:/UE_4.27/FeaturePacks/TP_VehicleBP.upack' (chunk index -1, root 'root:/') mounted
[2022.01.30-04.14.43:759][  0]LogShaderLibrary: Display: ShaderCodeLibraryPakFileMountedCallback: pending pak file info (ChunkID:-1 Root:root:/ File:D:/UE_4.27/FeaturePacks/TP_VehicleBP.upack)
[2022.01.30-04.14.43:759][  0]LogPakFile: OnPakFileMounted2Time == 0.000169
[2022.01.30-04.14.43:765][  0]LogPakFile: PakFile PrimaryIndexSize=192
[2022.01.30-04.14.43:766][  0]LogPakFile: PakFile PathHashIndexSize=101
[2022.01.30-04.14.43:766][  0]LogPakFile: PakFile FullDirectoryIndexSize=158
[2022.01.30-04.14.43:766][  0]LogShaderLibrary: Display: ShaderCodeLibraryPakFileMountedCallback: PakFile 'D:/UE_4.27/FeaturePacks/TP_VirtualRealityBP.upack' (chunk index -1, root 'root:/') mounted
[2022.01.30-04.14.43:766][  0]LogShaderLibrary: Display: ShaderCodeLibraryPakFileMountedCallback: pending pak file info (ChunkID:-1 Root:root:/ File:D:/UE_4.27/FeaturePacks/TP_VirtualRealityBP.upack)
[2022.01.30-04.14.43:766][  0]LogPakFile: OnPakFileMounted2Time == 0.000167
[2022.01.30-04.14.44:071][  0]LogNativeClassHierarchy: Verbose: Native class hierarchy updated for 'AddContentDialog' in 0.0003 seconds. Added 0 classes and 0 folders.
[2022.01.30-04.14.44:086][  0]LogNativeClassHierarchy: Verbose: Native class hierarchy updated for 'SceneOutliner' in 0.0003 seconds. Added 2 classes and 0 folders.
[2022.01.30-04.14.44:339][  0]LogSlate: Took 0.005740 seconds to synchronously load lazily loaded font '../../../Engine/Content/Slate/Fonts/Roboto-Regular.ttf' (155K)
[2022.01.30-04.14.44:346][  0]LogSlate: Took 0.005237 seconds to synchronously load lazily loaded font '../../../Engine/Content/Editor/Slate/Fonts/FontAwesome.ttf' (139K)
[2022.01.30-04.14.44:354][  0]LogSlate: Took 0.005401 seconds to synchronously load lazily loaded font '../../../Engine/Content/Slate/Fonts/Roboto-Bold.ttf' (160K)
[2022.01.30-04.14.44:530][  0]LogRenderer: Reallocating scene render targets to support 1208x532 Format 10 NumSamples 1 (Frame:1).
[2022.01.30-04.14.44:674][  0]LogSlate: Took 0.006910 seconds to synchronously load lazily loaded font '../../../Engine/Content/Slate/Fonts/Roboto-Light.ttf' (167K)
[2022.01.30-04.14.44:788][  0]LogNativeClassHierarchy: Verbose: Native class hierarchy updated for 'HierarchicalLODOutliner' in 0.0004 seconds. Added 0 classes and 0 folders.
[2022.01.30-04.14.44:788][  0]LogLoad: (Engine Initialization) Total time: 32.85 seconds
[2022.01.30-04.14.44:788][  0]LogLoad: (Engine Initialization) Total Blueprint compile time: 0.00 seconds
[2022.01.30-04.14.44:855][  0]LogAssetRegistry: Asset discovery search completed in 17.7685 seconds
[2022.01.30-04.14.44:886][  0]LogCollectionManager: Fixed up redirectors for 0 collections in 0.000242 seconds (updated 0 objects)
[2022.01.30-04.14.44:900][  0]LogContentStreaming: Texture pool size now 1000 MB
[2022.01.30-04.17.48:308][ 95]LogSlate: Took 0.000120 seconds to synchronously load lazily loaded font '../../../Engine/Content/Slate/Fonts/Roboto-Light.ttf' (167K)
[2022.01.30-04.17.48:340][ 95]LogEditorClassViewer: Warning: Class /Engine/Tutorial/InWorldBlueprintEditing/TutorialAssets/IWBE_Blutility.IWBE_Blutility_C has parent /Script/Blutility.PlacedEditorUtilityBase, but this parent is not found. The Class will not be shown in ClassViewer.
[2022.01.30-04.17.48:399][ 95]LogSlate: Took 0.006804 seconds to synchronously load lazily loaded font '../../../Engine/Content/Slate/Fonts/Roboto-BoldCondensed.ttf' (158K)
[2022.01.30-04.17.57:242][620]Running D:/UE_4.27/Engine/Binaries/DotNET/UnrealBuildTool.exe  -projectfiles -project="D:/Unreal_c++/EndlessRun/EndlessRunner/EndlessRunner.uproject" -game -rocket -progress
[2022.01.30-04.17.57:546][620]Discovering modules, targets and source code for project...
[2022.01.30-04.17.59:254][620]Binding IntelliSense data...
[2022.01.30-04.18.06:022][620]Binding IntelliSense data... 100%
[2022.01.30-04.18.06:022][620]Writing project files...
[2022.01.30-04.18.08:248][620]Writing project files... 100%
[2022.01.30-04.18.08:405][620]Candidate modules for hot reload:
[2022.01.30-04.18.08:405][620]  EndlessRunner
[2022.01.30-04.18.08:405][620]Launching UnrealBuildTool... [D:/UE_4.27/Engine/Binaries/DotNET/UnrealBuildTool.exe  -ModuleWithSuffix=EndlessRunner,8795 EndlessRunnerEditor Win64 Development -Project="D:/Unreal_c++/EndlessRun/EndlessRunner/EndlessRunner.uproject" "D:/Unreal_c++/EndlessRun/EndlessRunner/EndlessRunner.uproject"  -IgnoreJunk]
